#
# There is insufficient memory for the Java Runtime Environment to continue.
# Native memory allocation (malloc) failed to allocate 1058896 bytes for Chunk::new
# Possible reasons:
#   The system is out of physical RAM or swap space
#   The process is running with CompressedOops enabled, and the Java Heap may be blocking the growth of the native heap
# Possible solutions:
#   Reduce memory load on the system
#   Increase physical memory or swap space
#   Check if swap backing store is full
#   Decrease Java heap size (-Xmx/-Xms)
#   Decrease number of Java threads
#   Decrease Java thread stack sizes (-Xss)
#   Set larger code cache with -XX:ReservedCodeCacheSize=
#   JVM is running with Unscaled Compressed Oops mode in which the Java heap is
#     placed in the first 4GB address space. The Java Heap base address is the
#     maximum limit for the native heap growth. Please use -XX:HeapBaseMinAddress
#     to set the Java Heap base and to place the Java Heap above 4GB virtual address.
# This output file may be truncated or incomplete.
#
#  Out of Memory Error (allocation.cpp:389), pid=10036, tid=0x0000000000003668
#
# JRE version: OpenJDK Runtime Environment (8.0_242-b01) (build 1.8.0_242-release-1644-b01)
# Java VM: OpenJDK 64-Bit Server VM (25.242-b01 mixed mode windows-amd64 compressed oops)
# Failed to write core dump. Minidumps are not enabled by default on client versions of Windows
#

---------------  T H R E A D  ---------------

Current thread (0x000000001767a800):  JavaThread "C2 CompilerThread1" daemon [_thread_in_native, id=13928, stack(0x0000000018dd0000,0x0000000018ed0000)]

Stack: [0x0000000018dd0000,0x0000000018ed0000]
[error occurred during error reporting (printing stack bounds), id 0xc0000005]

Native frames: (J=compiled Java code, j=interpreted, Vv=VM code, C=native code)


Current CompileTask:
C2:   4325 1604   !   4       java.net.URLClassLoader$1::run (63 bytes)


---------------  P R O C E S S  ---------------

Java Threads: ( => current thread )
  0x000000001b5eb000 JavaThread "Cache worker for journal cache (C:\Users\Joshua\.gradle\caches\journal-1)" [_thread_blocked, id=12632, stack(0x000000001e5c0000,0x000000001e6c0000)]
  0x000000001b5f1800 JavaThread "File lock request listener" [_thread_in_native, id=8064, stack(0x000000001d2f0000,0x000000001d3f0000)]
  0x000000001b5ee000 JavaThread "Cache worker for file hash cache (C:\Users\Joshua\.gradle\caches\7.0\fileHashes)" [_thread_blocked, id=9772, stack(0x000000001d1f0000,0x000000001d2f0000)]
  0x000000001ae7a000 JavaThread "Daemon client event forwarder" [_thread_blocked, id=2172, stack(0x000000001cef0000,0x000000001cff0000)]
  0x000000001ae7c800 JavaThread "Stdin handler" [_thread_blocked, id=8800, stack(0x000000001cdf0000,0x000000001cef0000)]
  0x000000001ae78800 JavaThread "Asynchronous log dispatcher for DefaultDaemonConnection: socket connection from /127.0.0.1:56544 to /127.0.0.1:56545" [_thread_blocked, id=11248, stack(0x000000001ccf0000,0x000000001cdf0000)]
  0x000000001ae79800 JavaThread "Daemon worker" [_thread_in_vm, id=15108, stack(0x000000001cbf0000,0x000000001ccf0000)]
  0x000000001ae7e800 JavaThread "Cancel handler" [_thread_blocked, id=2392, stack(0x000000001caf0000,0x000000001cbf0000)]
  0x000000001ae78000 JavaThread "Handler for socket connection from /127.0.0.1:56544 to /127.0.0.1:56545" [_thread_in_native, id=15540, stack(0x000000001c9f0000,0x000000001caf0000)]
  0x000000001ae7b800 JavaThread "Daemon" [_thread_blocked, id=12668, stack(0x000000001c8f0000,0x000000001c9f0000)]
  0x000000001ae7b000 JavaThread "Daemon periodic checks" [_thread_blocked, id=16208, stack(0x000000001c5f0000,0x000000001c6f0000)]
  0x000000001ae7e000 JavaThread "Incoming local TCP Connector on port 56544" [_thread_in_native, id=15052, stack(0x000000001c3b0000,0x000000001c4b0000)]
  0x000000001ae7d000 JavaThread "Daemon health stats" [_thread_blocked, id=15072, stack(0x000000001bf70000,0x000000001c070000)]
  0x0000000018ff0800 JavaThread "Service Thread" daemon [_thread_blocked, id=13092, stack(0x00000000193d0000,0x00000000194d0000)]
  0x0000000017684800 JavaThread "C1 CompilerThread2" daemon [_thread_in_native, id=3540, stack(0x0000000018ed0000,0x0000000018fd0000)]
=>0x000000001767a800 JavaThread "C2 CompilerThread1" daemon [_thread_in_native, id=13928, stack(0x0000000018dd0000,0x0000000018ed0000)]
  0x0000000017677000 JavaThread "C2 CompilerThread0" daemon [_thread_in_native, id=9816, stack(0x0000000018cd0000,0x0000000018dd0000)]
  0x0000000017674800 JavaThread "Attach Listener" daemon [_thread_blocked, id=15608, stack(0x0000000018bd0000,0x0000000018cd0000)]
  0x0000000017671800 JavaThread "Signal Dispatcher" daemon [_thread_blocked, id=11172, stack(0x0000000018ad0000,0x0000000018bd0000)]
  0x0000000002a4b800 JavaThread "Finalizer" daemon [_thread_blocked, id=14864, stack(0x00000000188d0000,0x00000000189d0000)]
  0x0000000017659000 JavaThread "Reference Handler" daemon [_thread_blocked, id=8520, stack(0x00000000187d0000,0x00000000188d0000)]
  0x000000000294e800 JavaThread "main" [_thread_blocked, id=7216, stack(0x0000000002770000,0x0000000002870000)]

Other Threads:
  0x0000000017637000 VMThread [stack: 0x00000000186d0000,0x00000000187d0000] [id=11556]
  0x00000000176ce000 WatcherThread [stack: 0x00000000194d0000,0x00000000195d0000] [id=2232]

VM state:not at safepoint (normal execution)

VM Mutex/Monitor currently owned by a thread: None

heap address: 0x0000000080000000, size: 2048 MB, Compressed Oops mode: 32-bit
Narrow klass base: 0x0000000000000000, Narrow klass shift: 3
Compressed class space size: 1073741824 Address: 0x0000000100000000

Heap:
 PSYoungGen      total 35328K, used 12907K [0x00000000d5580000, 0x00000000d7a80000, 0x0000000100000000)
  eden space 32768K, 31% used [0x00000000d5580000,0x00000000d5f9d280,0x00000000d7580000)
  from space 2560K, 99% used [0x00000000d7580000,0x00000000d77fdc50,0x00000000d7800000)
  to   space 2560K, 0% used [0x00000000d7800000,0x00000000d7800000,0x00000000d7a80000)
 ParOldGen       total 44032K, used 11892K [0x0000000080000000, 0x0000000082b00000, 0x00000000d5580000)
  object space 44032K, 27% used [0x0000000080000000,0x0000000080b9d310,0x0000000082b00000)
 Metaspace       used 17018K, capacity 17656K, committed 18048K, reserved 1064960K
  class space    used 2397K, capacity 2578K, committed 2688K, reserved 1048576K

Card table byte_map: [0x0000000011e10000,0x0000000012220000] byte_map_base: 0x0000000011a10000

Marking Bits: (ParMarkBitMap*) 0x00000000593bf030
 Begin Bits: [0x00000000128d0000, 0x00000000148d0000)
 End Bits:   [0x00000000148d0000, 0x00000000168d0000)

Polling page: 0x00000000010c0000

CodeCache: size=245760Kb used=5754Kb max_used=5754Kb free=240005Kb
 bounds [0x0000000002a50000, 0x0000000003000000, 0x0000000011a50000]
 total_blobs=2045 nmethods=1630 adapters=328
 compilation: enabled

Compilation events (10 events):
Event: 4.251 Thread 0x0000000017684800 1628       3       jdk.internal.org.objectweb.asm.MethodWriter::visitFrame (233 bytes)
Event: 4.253 Thread 0x0000000017684800 nmethod 1628 0x0000000002fe73d0 code [0x0000000002fe75a0, 0x0000000002fe7d98]
Event: 4.274 Thread 0x0000000017684800 1629       3       java.lang.Package::<init> (56 bytes)
Event: 4.274 Thread 0x0000000017684800 nmethod 1629 0x0000000002fe82d0 code [0x0000000002fe8420, 0x0000000002fe8690]
Event: 4.281 Thread 0x0000000017684800 1630   !   3       org.gradle.internal.classloader.TransformingClassLoader::findClass (203 bytes)
Event: 4.284 Thread 0x0000000017684800 nmethod 1630 0x0000000002fe8750 code [0x0000000002fe8c00, 0x0000000002feb9b8]
Event: 4.284 Thread 0x0000000017684800 1631       3       org.gradle.initialization.MixInLegacyTypesClassLoader::shouldTransform (42 bytes)
Event: 4.285 Thread 0x0000000017684800 nmethod 1631 0x0000000002fed610 code [0x0000000002fed7a0, 0x0000000002fedbf8]
Event: 4.321 Thread 0x0000000017684800 1632       3       java.util.LinkedList::unlink (91 bytes)
Event: 4.322 Thread 0x0000000017684800 nmethod 1632 0x0000000002fee090 code [0x0000000002fee200, 0x0000000002fee4d0]

GC Heap History (10 events):
Event: 1.744 GC heap before
{Heap before GC invocations=3 (full 0):
 PSYoungGen      total 18944K, used 18928K [0x00000000d5580000, 0x00000000d7a80000, 0x0000000100000000)
  eden space 16384K, 100% used [0x00000000d5580000,0x00000000d6580000,0x00000000d6580000)
  from space 2560K, 99% used [0x00000000d6800000,0x00000000d6a7c030,0x00000000d6a80000)
  to   space 2560K, 0% used [0x00000000d6580000,0x00000000d6580000,0x00000000d6800000)
 ParOldGen       total 44032K, used 1171K [0x0000000080000000, 0x0000000082b00000, 0x00000000d5580000)
  object space 44032K, 2% used [0x0000000080000000,0x0000000080124df8,0x0000000082b00000)
 Metaspace       used 7740K, capacity 7996K, committed 8320K, reserved 1056768K
  class space    used 949K, capacity 1052K, committed 1152K, reserved 1048576K
Event: 1.748 GC heap after
Heap after GC invocations=3 (full 0):
 PSYoungGen      total 18944K, used 2551K [0x00000000d5580000, 0x00000000d7a80000, 0x0000000100000000)
  eden space 16384K, 0% used [0x00000000d5580000,0x00000000d5580000,0x00000000d6580000)
  from space 2560K, 99% used [0x00000000d6580000,0x00000000d67fdc50,0x00000000d6800000)
  to   space 2560K, 0% used [0x00000000d7800000,0x00000000d7800000,0x00000000d7a80000)
 ParOldGen       total 44032K, used 1890K [0x0000000080000000, 0x0000000082b00000, 0x00000000d5580000)
  object space 44032K, 4% used [0x0000000080000000,0x00000000801d8970,0x0000000082b00000)
 Metaspace       used 7740K, capacity 7996K, committed 8320K, reserved 1056768K
  class space    used 949K, capacity 1052K, committed 1152K, reserved 1048576K
}
Event: 1.986 GC heap before
{Heap before GC invocations=4 (full 0):
 PSYoungGen      total 18944K, used 18935K [0x00000000d5580000, 0x00000000d7a80000, 0x0000000100000000)
  eden space 16384K, 100% used [0x00000000d5580000,0x00000000d6580000,0x00000000d6580000)
  from space 2560K, 99% used [0x00000000d6580000,0x00000000d67fdc50,0x00000000d6800000)
  to   space 2560K, 0% used [0x00000000d7800000,0x00000000d7800000,0x00000000d7a80000)
 ParOldGen       total 44032K, used 1890K [0x0000000080000000, 0x0000000082b00000, 0x00000000d5580000)
  object space 44032K, 4% used [0x0000000080000000,0x00000000801d8970,0x0000000082b00000)
 Metaspace       used 7819K, capacity 8124K, committed 8320K, reserved 1056768K
  class space    used 957K, capacity 1052K, committed 1152K, reserved 1048576K
Event: 1.993 GC heap after
Heap after GC invocations=4 (full 0):
 PSYoungGen      total 35328K, used 2532K [0x00000000d5580000, 0x00000000d7a80000, 0x0000000100000000)
  eden space 32768K, 0% used [0x00000000d5580000,0x00000000d5580000,0x00000000d7580000)
  from space 2560K, 98% used [0x00000000d7800000,0x00000000d7a79310,0x00000000d7a80000)
  to   space 2560K, 0% used [0x00000000d7580000,0x00000000d7580000,0x00000000d7800000)
 ParOldGen       total 44032K, used 2457K [0x0000000080000000, 0x0000000082b00000, 0x00000000d5580000)
  object space 44032K, 5% used [0x0000000080000000,0x00000000802666d0,0x0000000082b00000)
 Metaspace       used 7819K, capacity 8124K, committed 8320K, reserved 1056768K
  class space    used 957K, capacity 1052K, committed 1152K, reserved 1048576K
}
Event: 2.410 GC heap before
{Heap before GC invocations=5 (full 0):
 PSYoungGen      total 35328K, used 35300K [0x00000000d5580000, 0x00000000d7a80000, 0x0000000100000000)
  eden space 32768K, 100% used [0x00000000d5580000,0x00000000d7580000,0x00000000d7580000)
  from space 2560K, 98% used [0x00000000d7800000,0x00000000d7a79310,0x00000000d7a80000)
  to   space 2560K, 0% used [0x00000000d7580000,0x00000000d7580000,0x00000000d7800000)
 ParOldGen       total 44032K, used 2457K [0x0000000080000000, 0x0000000082b00000, 0x00000000d5580000)
  object space 44032K, 5% used [0x0000000080000000,0x00000000802666d0,0x0000000082b00000)
 Metaspace       used 9920K, capacity 10260K, committed 10496K, reserved 1058816K
  class space    used 1309K, capacity 1420K, committed 1536K, reserved 1048576K
Event: 2.418 GC heap after
Heap after GC invocations=5 (full 0):
 PSYoungGen      total 35328K, used 2535K [0x00000000d5580000, 0x00000000d7a80000, 0x0000000100000000)
  eden space 32768K, 0% used [0x00000000d5580000,0x00000000d5580000,0x00000000d7580000)
  from space 2560K, 99% used [0x00000000d7580000,0x00000000d77f9c40,0x00000000d7800000)
  to   space 2560K, 0% used [0x00000000d7800000,0x00000000d7800000,0x00000000d7a80000)
 ParOldGen       total 44032K, used 5133K [0x0000000080000000, 0x0000000082b00000, 0x00000000d5580000)
  object space 44032K, 11% used [0x0000000080000000,0x00000000805035f8,0x0000000082b00000)
 Metaspace       used 9920K, capacity 10260K, committed 10496K, reserved 1058816K
  class space    used 1309K, capacity 1420K, committed 1536K, reserved 1048576K
}
Event: 3.790 GC heap before
{Heap before GC invocations=6 (full 0):
 PSYoungGen      total 35328K, used 35303K [0x00000000d5580000, 0x00000000d7a80000, 0x0000000100000000)
  eden space 32768K, 100% used [0x00000000d5580000,0x00000000d7580000,0x00000000d7580000)
  from space 2560K, 99% used [0x00000000d7580000,0x00000000d77f9c40,0x00000000d7800000)
  to   space 2560K, 0% used [0x00000000d7800000,0x00000000d7800000,0x00000000d7a80000)
 ParOldGen       total 44032K, used 5133K [0x0000000080000000, 0x0000000082b00000, 0x00000000d5580000)
  object space 44032K, 11% used [0x0000000080000000,0x00000000805035f8,0x0000000082b00000)
 Metaspace       used 14069K, capacity 14628K, committed 14976K, reserved 1062912K
  class space    used 1915K, capacity 2070K, committed 2176K, reserved 1048576K
Event: 3.797 GC heap after
Heap after GC invocations=6 (full 0):
 PSYoungGen      total 35328K, used 2532K [0x00000000d5580000, 0x00000000d7a80000, 0x0000000100000000)
  eden space 32768K, 0% used [0x00000000d5580000,0x00000000d5580000,0x00000000d7580000)
  from space 2560K, 98% used [0x00000000d7800000,0x00000000d7a79310,0x00000000d7a80000)
  to   space 2560K, 0% used [0x00000000d7580000,0x00000000d7580000,0x00000000d7800000)
 ParOldGen       total 44032K, used 8788K [0x0000000080000000, 0x0000000082b00000, 0x00000000d5580000)
  object space 44032K, 19% used [0x0000000080000000,0x0000000080895020,0x0000000082b00000)
 Metaspace       used 14069K, capacity 14628K, committed 14976K, reserved 1062912K
  class space    used 1915K, capacity 2070K, committed 2176K, reserved 1048576K
}
Event: 4.232 GC heap before
{Heap before GC invocations=7 (full 0):
 PSYoungGen      total 35328K, used 35300K [0x00000000d5580000, 0x00000000d7a80000, 0x0000000100000000)
  eden space 32768K, 100% used [0x00000000d5580000,0x00000000d7580000,0x00000000d7580000)
  from space 2560K, 98% used [0x00000000d7800000,0x00000000d7a79310,0x00000000d7a80000)
  to   space 2560K, 0% used [0x00000000d7580000,0x00000000d7580000,0x00000000d7800000)
 ParOldGen       total 44032K, used 8788K [0x0000000080000000, 0x0000000082b00000, 0x00000000d5580000)
  object space 44032K, 19% used [0x0000000080000000,0x0000000080895020,0x0000000082b00000)
 Metaspace       used 16749K, capacity 17430K, committed 17664K, reserved 1064960K
  class space    used 2342K, capacity 2545K, committed 2560K, reserved 1048576K
Event: 4.246 GC heap after
Heap after GC invocations=7 (full 0):
 PSYoungGen      total 35328K, used 2551K [0x00000000d5580000, 0x00000000d7a80000, 0x0000000100000000)
  eden space 32768K, 0% used [0x00000000d5580000,0x00000000d5580000,0x00000000d7580000)
  from space 2560K, 99% used [0x00000000d7580000,0x00000000d77fdc50,0x00000000d7800000)
  to   space 2560K, 0% used [0x00000000d7800000,0x00000000d7800000,0x00000000d7a80000)
 ParOldGen       total 44032K, used 11892K [0x0000000080000000, 0x0000000082b00000, 0x00000000d5580000)
  object space 44032K, 27% used [0x0000000080000000,0x0000000080b9d310,0x0000000082b00000)
 Metaspace       used 16749K, capacity 17430K, committed 17664K, reserved 1064960K
  class space    used 2342K, capacity 2545K, committed 2560K, reserved 1048576K
}

Deoptimization events (10 events):
Event: 3.481 Thread 0x000000001ae79800 Uncommon trap: reason=bimorphic action=maybe_recompile pc=0x0000000002caf0a8 method=java.util.HashMap.putVal(ILjava/lang/Object;Ljava/lang/Object;ZZ)Ljava/lang/Object; @ 253
Event: 3.869 Thread 0x000000001ae79800 Uncommon trap: reason=class_check action=maybe_recompile pc=0x0000000002dfbfc4 method=java.util.regex.Matcher.match(II)Z @ 86
Event: 3.894 Thread 0x000000001ae79800 Uncommon trap: reason=class_check action=maybe_recompile pc=0x0000000002dfbfc4 method=java.util.regex.Matcher.match(II)Z @ 86
Event: 3.895 Thread 0x000000001ae79800 Uncommon trap: reason=class_check action=maybe_recompile pc=0x0000000002dfbfc4 method=java.util.regex.Matcher.match(II)Z @ 86
Event: 3.895 Thread 0x000000001ae79800 Uncommon trap: reason=class_check action=maybe_recompile pc=0x0000000002c171a0 method=java.util.regex.Matcher.match(II)Z @ 86
Event: 3.997 Thread 0x000000001ae79800 Uncommon trap: reason=unstable_if action=reinterpret pc=0x0000000002c1e344 method=java.io.WinNTFileSystem.resolve(Ljava/lang/String;Ljava/lang/String;)Ljava/lang/String; @ 19
Event: 3.998 Thread 0x000000001ae79800 Uncommon trap: reason=unstable_if action=reinterpret pc=0x0000000002df6c5c method=java.io.File.getName()Ljava/lang/String; @ 16
Event: 4.137 Thread 0x000000001ae79800 Uncommon trap: reason=unstable_if action=reinterpret pc=0x0000000002cea034 method=java.util.HashMap.getNode(ILjava/lang/Object;)Ljava/util/HashMap$Node; @ 129
Event: 4.137 Thread 0x000000001ae79800 Uncommon trap: reason=bimorphic action=maybe_recompile pc=0x0000000002f4e094 method=java.util.HashMap.putVal(ILjava/lang/Object;Ljava/lang/Object;ZZ)Ljava/lang/Object; @ 203
Event: 4.137 Thread 0x000000001ae79800 Uncommon trap: reason=unstable_if action=reinterpret pc=0x0000000002cb4e04 method=java.util.HashMap.getNode(ILjava/lang/Object;)Ljava/util/HashMap$Node; @ 129

Classes redefined (0 events):
No events

Internal exceptions (10 events):
Event: 3.386 Thread 0x000000001ae78000 Exception <a 'java/lang/NoSuchMethodError': <clinit>> (0x00000000d5bdd268) thrown at [C:\src\AOSP-openjdk-git\hotspot\src\share\vm\prims\jni.cpp, line 1615]
Event: 3.411 Thread 0x000000001ae78000 Exception <a 'java/lang/NoSuchMethodError': <clinit>> (0x00000000d5c62f10) thrown at [C:\src\AOSP-openjdk-git\hotspot\src\share\vm\prims\jni.cpp, line 1615]
Event: 3.417 Thread 0x000000001ae78000 Exception <a 'java/lang/NoSuchMethodError': <clinit>> (0x00000000d5c94740) thrown at [C:\src\AOSP-openjdk-git\hotspot\src\share\vm\prims\jni.cpp, line 1615]
Event: 3.426 Thread 0x000000001ae78000 Exception <a 'java/lang/NoSuchMethodError': <clinit>> (0x00000000d5cc2e20) thrown at [C:\src\AOSP-openjdk-git\hotspot\src\share\vm\prims\jni.cpp, line 1615]
Event: 3.760 Thread 0x000000001ae79800 Exception <a 'java/lang/NoSuchMethodError': java.lang.Object.lambda$static$0(Lorg/gradle/internal/state/ModelObject;)Ljava/lang/String;> (0x00000000d72149a0) thrown at [C:\src\AOSP-openjdk-git\hotspot\src\share\vm\interpreter\linkResolver.cpp, line 620]
Event: 3.853 Thread 0x000000001ae79800 Exception <a 'java/lang/IncompatibleClassChangeError': Found class java.lang.Object, but interface was expected> (0x00000000d5f76398) thrown at [C:\src\AOSP-openjdk-git\hotspot\src\share\vm\interpreter\linkResolver.cpp, line 653]
Event: 4.060 Thread 0x000000001ae79800 Exception <a 'java/lang/NoSuchMethodError': java.lang.Object.lambda$and$0(Ljava/util/function/Predicate;Ljava/lang/Object;)Z> (0x00000000d6a92f10) thrown at [C:\src\AOSP-openjdk-git\hotspot\src\share\vm\interpreter\linkResolver.cpp, line 620]
Event: 4.065 Thread 0x000000001ae79800 Exception <a 'java/lang/IncompatibleClassChangeError': Found class java.lang.Object, but interface was expected> (0x00000000d6aa32a0) thrown at [C:\src\AOSP-openjdk-git\hotspot\src\share\vm\interpreter\linkResolver.cpp, line 653]
Event: 4.068 Thread 0x000000001ae79800 Exception <a 'java/lang/NoSuchMethodError': java.lang.Object.lambda$or$2(Ljava/util/function/Predicate;Ljava/lang/Object;)Z> (0x00000000d6aa7fb0) thrown at [C:\src\AOSP-openjdk-git\hotspot\src\share\vm\interpreter\linkResolver.cpp, line 620]
Event: 4.124 Thread 0x000000001ae79800 Exception <a 'java/lang/NoSuchMethodError': java.lang.Object.lambda$comparing$77a9974f$1(Ljava/util/function/Function;Ljava/lang/Object;Ljava/lang/Object;)I> (0x00000000d6f708f0) thrown at [C:\src\AOSP-openjdk-git\hotspot\src\share\vm\interpreter\linkReso

Events (10 events):
Event: 4.318 loading class org/gradle/internal/resolve/caching/ComponentMetadataRuleExecutor
Event: 4.318 loading class org/gradle/internal/resolve/caching/ComponentMetadataRuleExecutor done
Event: 4.319 loading class org/gradle/internal/verifier/HttpRedirectVerifier
Event: 4.319 loading class org/gradle/internal/verifier/HttpRedirectVerifier done
Event: 4.320 loading class org/gradle/api/internal/filestore/DefaultArtifactIdentifierFileStore
Event: 4.320 loading class org/gradle/api/internal/filestore/DefaultArtifactIdentifierFileStore done
Event: 4.321 loading class org/gradle/internal/resource/local/GroupedAndNamedUniqueFileStore
Event: 4.321 loading class org/gradle/internal/resource/local/GroupedAndNamedUniqueFileStore done
Event: 4.323 loading class org/gradle/internal/component/external/model/ModuleComponentArtifactMetadata
Event: 4.323 loading class org/gradle/internal/component/external/model/ModuleComponentArtifactMetadata done


Dynamic libraries:
0x00007ff75af90000 - 0x00007ff75afc1000 	C:\Program Files\Android\Android Studio1\jre\bin\java.exe
0x00007ff9bdae0000 - 0x00007ff9bdcd0000 	C:\WINDOWS\SYSTEM32\ntdll.dll
0x00007ff9bd6f0000 - 0x00007ff9bd7a2000 	C:\WINDOWS\System32\KERNEL32.DLL
0x00007ff9bb1d0000 - 0x00007ff9bb475000 	C:\WINDOWS\System32\KERNELBASE.dll
0x00007ff9bcf80000 - 0x00007ff9bd023000 	C:\WINDOWS\System32\ADVAPI32.dll
0x00007ff9bc4a0000 - 0x00007ff9bc53e000 	C:\WINDOWS\System32\msvcrt.dll
0x00007ff9bda00000 - 0x00007ff9bda97000 	C:\WINDOWS\System32\sechost.dll
0x00007ff9bbda0000 - 0x00007ff9bbebf000 	C:\WINDOWS\System32\RPCRT4.dll
0x00007ff9bd7b0000 - 0x00007ff9bd944000 	C:\WINDOWS\System32\USER32.dll
0x00007ff9bb720000 - 0x00007ff9bb741000 	C:\WINDOWS\System32\win32u.dll
0x00007ff9bbc30000 - 0x00007ff9bbc56000 	C:\WINDOWS\System32\GDI32.dll
0x00007ff9bb9f0000 - 0x00007ff9bbb88000 	C:\WINDOWS\System32\gdi32full.dll
0x00007ff9bb7a0000 - 0x00007ff9bb83e000 	C:\WINDOWS\System32\msvcp_win.dll
0x00007ff9bb840000 - 0x00007ff9bb93a000 	C:\WINDOWS\System32\ucrtbase.dll
0x00007ff99f7c0000 - 0x00007ff99fa44000 	C:\WINDOWS\WinSxS\amd64_microsoft.windows.common-controls_6595b64144ccf1df_6.0.18362.1440_none_9e7dbfb9e45e8e67\COMCTL32.dll
0x00007ff9bd060000 - 0x00007ff9bd396000 	C:\WINDOWS\System32\combase.dll
0x00007ff9bb480000 - 0x00007ff9bb501000 	C:\WINDOWS\System32\bcryptPrimitives.dll
0x00007ff9bd030000 - 0x00007ff9bd05e000 	C:\WINDOWS\System32\IMM32.DLL
0x0000000058180000 - 0x0000000058252000 	C:\Program Files\Android\Android Studio1\jre\jre\bin\msvcr100.dll
0x0000000058bf0000 - 0x000000005943b000 	C:\Program Files\Android\Android Studio1\jre\jre\bin\server\jvm.dll
0x00007ff9bbd90000 - 0x00007ff9bbd98000 	C:\WINDOWS\System32\PSAPI.DLL
0x00007ff99ba50000 - 0x00007ff99ba59000 	C:\WINDOWS\SYSTEM32\WSOCK32.dll
0x00007ff9b53d0000 - 0x00007ff9b53f4000 	C:\WINDOWS\SYSTEM32\WINMM.dll
0x00007ff9b2640000 - 0x00007ff9b264a000 	C:\WINDOWS\SYSTEM32\VERSION.dll
0x00007ff9bc3b0000 - 0x00007ff9bc41f000 	C:\WINDOWS\System32\WS2_32.dll
0x00007ff9b53a0000 - 0x00007ff9b53cd000 	C:\WINDOWS\SYSTEM32\WINMMBASE.dll
0x00007ff9bb750000 - 0x00007ff9bb79a000 	C:\WINDOWS\System32\cfgmgr32.dll
0x00007ff9b2c90000 - 0x00007ff9b2c9f000 	C:\Program Files\Android\Android Studio1\jre\jre\bin\verify.dll
0x00007ff9a7e20000 - 0x00007ff9a7e49000 	C:\Program Files\Android\Android Studio1\jre\jre\bin\java.dll
0x00007ff9a8030000 - 0x00007ff9a8046000 	C:\Program Files\Android\Android Studio1\jre\jre\bin\zip.dll
0x00007ff9bc5a0000 - 0x00007ff9bcc88000 	C:\WINDOWS\System32\SHELL32.dll
0x00007ff9bd4e0000 - 0x00007ff9bd587000 	C:\WINDOWS\System32\shcore.dll
0x00007ff9baa50000 - 0x00007ff9bb1cb000 	C:\WINDOWS\System32\windows.storage.dll
0x00007ff9ba9e0000 - 0x00007ff9ba9fe000 	C:\WINDOWS\System32\profapi.dll
0x00007ff9baa00000 - 0x00007ff9baa4a000 	C:\WINDOWS\System32\powrprof.dll
0x00007ff9ba990000 - 0x00007ff9ba9a0000 	C:\WINDOWS\System32\UMPDC.dll
0x00007ff9bc540000 - 0x00007ff9bc592000 	C:\WINDOWS\System32\shlwapi.dll
0x00007ff9ba9a0000 - 0x00007ff9ba9b1000 	C:\WINDOWS\System32\kernel.appcore.dll
0x00007ff9bb700000 - 0x00007ff9bb717000 	C:\WINDOWS\System32\cryptsp.dll
0x00007ff9a7fb0000 - 0x00007ff9a7fca000 	C:\Program Files\Android\Android Studio1\jre\jre\bin\net.dll
0x00007ff9ba170000 - 0x00007ff9ba1d7000 	C:\WINDOWS\system32\mswsock.dll
0x00007ff9a7e80000 - 0x00007ff9a7e93000 	C:\Program Files\Android\Android Studio1\jre\jre\bin\nio.dll
0x00007ff99da70000 - 0x00007ff99da97000 	C:\Users\Joshua\.gradle\native\49d0259a56938c7f99b2704e745ce422c4f750a7a20b539a32ccef96729676b1\windows-amd64\native-platform.dll
0x00007ff985820000 - 0x00007ff9859b6000 	C:\Users\Joshua\.gradle\native\12488b8bf47d2d4c9fbf2f6322a914ad602e24e48041cd04a747c6da556b65c4\windows-amd64\native-platform-file-events.dll
0x00007ff9b1860000 - 0x00007ff9b186d000 	C:\Program Files\Android\Android Studio1\jre\jre\bin\management.dll
0x00007ff9b9cf0000 - 0x00007ff9b9d23000 	C:\WINDOWS\system32\rsaenh.dll
0x00007ff9bb670000 - 0x00007ff9bb696000 	C:\WINDOWS\System32\bcrypt.dll
0x00007ff9ba870000 - 0x00007ff9ba895000 	C:\WINDOWS\SYSTEM32\USERENV.dll
0x00007ff9ba340000 - 0x00007ff9ba34c000 	C:\WINDOWS\SYSTEM32\CRYPTBASE.dll
0x00007ff9b9e80000 - 0x00007ff9b9eba000 	C:\WINDOWS\SYSTEM32\IPHLPAPI.DLL
0x00007ff9bbc20000 - 0x00007ff9bbc28000 	C:\WINDOWS\System32\NSI.dll
0x00007ff9aee00000 - 0x00007ff9aee16000 	C:\WINDOWS\SYSTEM32\dhcpcsvc6.DLL
0x00007ff9aeed0000 - 0x00007ff9aeeec000 	C:\WINDOWS\SYSTEM32\dhcpcsvc.DLL
0x00007ff9b9ec0000 - 0x00007ff9b9f8b000 	C:\WINDOWS\SYSTEM32\DNSAPI.dll

VM Arguments:
jvm_args: -Xmx2048m -Dfile.encoding=UTF-8 -Duser.country=GB -Duser.language=en -Duser.variant 
java_command: org.gradle.launcher.daemon.bootstrap.GradleDaemon 7.0
java_class_path (initial): C:\Users\Joshua\.gradle\wrapper\dists\gradle-7.0-bin\2p9ebqfz6ilrfozi676ogco7n\gradle-7.0\lib\gradle-launcher-7.0.jar
Launcher Type: SUN_STANDARD

Environment Variables:
PATH=C:\Program Files (x86)\Intel\iCLS Client\;C:\Program Files\Intel\iCLS Client\;C:\WINDOWS\system32;C:\WINDOWS;C:\WINDOWS\System32\Wbem;C:\WINDOWS\System32\WindowsPowerShell\v1.0\;c:\Program Files\Intel\WiFi\bin\;c:\Program Files\Common Files\Intel\WirelessCommon\;C:\Program Files (x86)\Intel\Intel(R) Management Engine Components\DAL;C:\Program Files\Intel\Intel(R) Management Engine Components\DAL;C:\Program Files (x86)\Intel\Intel(R) Management Engine Components\IPT;C:\Program Files\Intel\Intel(R) Management Engine Components\IPT;C:\WINDOWS\System32\OpenSSH\;C:\Program Files\Java\jdk-14\bin;C:\Program Files\PuTTY\;C:\Program Files\nodejs\;C:\Program Files\Git\cmd;C:\Program Files\MongoDB\Server\4.4\bin;C:\Program Files\MySQL\MySQL Shell 8.0\bin\;C:\Users\Joshua\AppData\Local\Microsoft\WindowsApps;C:\Users\Joshua\AppData\Local\Programs\Microsoft VS Code\bin;C:\Users\Joshua\AppData\Local\GitHubDesktop\bin;C:\Users\Joshua\AppData\Roaming\npm;C:\Users\Joshua\AppData\Local\nvs\;C:\Program Files\MongoDB\Server\4.4\bin;
USERNAME=Joshua
OS=Windows_NT
PROCESSOR_IDENTIFIER=Intel64 Family 6 Model 78 Stepping 3, GenuineIntel



---------------  S Y S T E M  ---------------

OS: Windows 10.0 , 64 bit Build 18362 (10.0.18362.1350)

CPU:total 4 (initial active 4) (2 cores per cpu, 2 threads per core) family 6 model 78 stepping 3, cmov, cx8, fxsr, mmx, sse, sse2, sse3, ssse3, sse4.1, sse4.2, popcnt, avx, avx2, aes, clmul, erms, 3dnowpref, lzcnt, ht, tsc, tscinvbit, bmi1, bmi2, adx

Memory: 4k page, physical 4088416k(509788k free), swap 8282720k(5144k free)

vm_info: OpenJDK 64-Bit Server VM (25.242-b01) for windows-amd64 JRE (1.8.0_242-release-1644-b01), built by "builder" with MS VC++ 10.0 (VS2010)

time: Sat May 29 14:10:32 2021
timezone: W. Central Africa Standard Time
elapsed time: 4 seconds (0d 0h 0m 4s)

