#
# There is insufficient memory for the Java Runtime Environment to continue.
# Native memory allocation (malloc) failed to allocate 32744 bytes for ChunkPool::allocate
# Possible reasons:
#   The system is out of physical RAM or swap space
#   The process is running with CompressedOops enabled, and the Java Heap may be blocking the growth of the native heap
# Possible solutions:
#   Reduce memory load on the system
#   Increase physical memory or swap space
#   Check if swap backing store is full
#   Decrease Java heap size (-Xmx/-Xms)
#   Decrease number of Java threads
#   Decrease Java thread stack sizes (-Xss)
#   Set larger code cache with -XX:ReservedCodeCacheSize=
#   JVM is running with Unscaled Compressed Oops mode in which the Java heap is
#     placed in the first 4GB address space. The Java Heap base address is the
#     maximum limit for the native heap growth. Please use -XX:HeapBaseMinAddress
#     to set the Java Heap base and to place the Java Heap above 4GB virtual address.
# This output file may be truncated or incomplete.
#
#  Out of Memory Error (allocation.cpp:272), pid=11868, tid=0x0000000000002948
#
# JRE version: OpenJDK Runtime Environment (8.0_242-b01) (build 1.8.0_242-release-1644-b01)
# Java VM: OpenJDK 64-Bit Server VM (25.242-b01 mixed mode windows-amd64 compressed oops)
# Failed to write core dump. Minidumps are not enabled by default on client versions of Windows
#

---------------  T H R E A D  ---------------

Current thread (0x000000001a268800):  JavaThread "Daemon worker" [_thread_in_vm, id=10568, stack(0x000000001d400000,0x000000001d500000)]

Stack: [0x000000001d400000,0x000000001d500000]
[error occurred during error reporting (printing stack bounds), id 0xc0000005]

Native frames: (J=compiled Java code, j=interpreted, Vv=VM code, C=native code)

Java frames: (J=compiled Java code, j=interpreted, Vv=VM code)
J 530  java.lang.Throwable.fillInStackTrace(I)Ljava/lang/Throwable; (0 bytes) @ 0x0000000003272c3b [0x0000000003272c00+0x3b]
J 1774 C2 java.lang.ReflectiveOperationException.<init>(Ljava/lang/String;Ljava/lang/Throwable;)V (7 bytes) @ 0x00000000031d99e0 [0x00000000031d9920+0xc0]
J 1450 C2 java.net.URLClassLoader.findClass(Ljava/lang/String;)Ljava/lang/Class; (47 bytes) @ 0x000000000353b2ec [0x000000000353b1e0+0x10c]
J 2992 C2 java.lang.ClassLoader.loadClass(Ljava/lang/String;Z)Ljava/lang/Class; (122 bytes) @ 0x0000000003a7d100 [0x0000000003a7cd00+0x400]
J 2912 C1 org.gradle.internal.classloader.FilteringClassLoader.loadClass(Ljava/lang/String;Z)Ljava/lang/Class; (62 bytes) @ 0x0000000003a56624 [0x0000000003a56440+0x1e4]
J 2992 C2 java.lang.ClassLoader.loadClass(Ljava/lang/String;Z)Ljava/lang/Class; (122 bytes) @ 0x0000000003a7cff8 [0x0000000003a7cd00+0x2f8]
J 2931 C1 org.gradle.internal.classloader.CachingClassLoader.loadClass(Ljava/lang/String;Z)Ljava/lang/Class; (85 bytes) @ 0x000000000319c154 [0x000000000319bea0+0x2b4]
J 2992 C2 java.lang.ClassLoader.loadClass(Ljava/lang/String;Z)Ljava/lang/Class; (122 bytes) @ 0x0000000003a7cff8 [0x0000000003a7cd00+0x2f8]
J 2295 C2 java.lang.ClassLoader.loadClass(Ljava/lang/String;)Ljava/lang/Class; (7 bytes) @ 0x0000000003221a40 [0x0000000003221a00+0x40]
v  ~StubRoutines::call_stub
j  com.android.build.gradle.internal.dependency.ConstraintHandler$execute$1$1.execute(Ljava/lang/Object;)V+2
j  org.gradle.api.internal.artifacts.dsl.dependencies.DefaultDependencyConstraintHandler.doCreate(Ljava/lang/Object;Lorg/gradle/api/Action;)Lorg/gradle/api/artifacts/DependencyConstraint;+17
j  org.gradle.api.internal.artifacts.dsl.dependencies.DefaultDependencyConstraintHandler.doAdd(Lorg/gradle/api/artifacts/Configuration;Ljava/lang/Object;Lorg/gradle/api/Action;)Lorg/gradle/api/artifacts/DependencyConstraint;+3
j  org.gradle.api.internal.artifacts.dsl.dependencies.DefaultDependencyConstraintHandler.add(Ljava/lang/String;Ljava/lang/Object;Lorg/gradle/api/Action;)Lorg/gradle/api/artifacts/DependencyConstraint;+13
j  com.android.build.gradle.internal.dependency.ConstraintHandler$execute$1.execute(Lorg/gradle/api/artifacts/result/DependencyResult;)V+226
j  com.android.build.gradle.internal.dependency.ConstraintHandler$execute$1.execute(Ljava/lang/Object;)V+5
j  org.gradle.api.internal.artifacts.result.DefaultResolutionResult.eachElement(Lorg/gradle/api/artifacts/result/ResolvedComponentResult;Lorg/gradle/api/Action;Lorg/gradle/api/Action;Ljava/util/Set;)V+57
j  org.gradle.api.internal.artifacts.result.DefaultResolutionResult.allDependencies(Lorg/gradle/api/Action;)V+16
j  org.gradle.api.internal.artifacts.ivyservice.ErrorHandlingConfigurationResolver$ErrorHandlingResolutionResult.allDependencies(Lorg/gradle/api/Action;)V+5
j  org.gradle.api.internal.artifacts.configurations.DefaultConfiguration$ConfigurationResolvableDependencies$LenientResolutionResult.allDependencies(Lorg/gradle/api/Action;)V+9
j  com.android.build.gradle.internal.dependency.ConstraintHandler.execute(Lorg/gradle/api/artifacts/ResolvableDependencies;)V+72
j  com.android.build.gradle.internal.dependency.ConstraintHandler.execute(Ljava/lang/Object;)V+5
j  org.gradle.configuration.internal.DefaultUserCodeApplicationContext$2.execute(Ljava/lang/Object;)V+29
j  org.gradle.internal.event.BroadcastDispatch$ActionInvocationHandler.dispatch(Lorg/gradle/internal/dispatch/MethodInvocation;)V+27
j  org.gradle.internal.event.BroadcastDispatch$ActionInvocationHandler.dispatch(Ljava/lang/Object;)V+5
J 3004 C1 org.gradle.internal.event.AbstractBroadcastDispatch.dispatch(Lorg/gradle/internal/dispatch/MethodInvocation;Lorg/gradle/internal/dispatch/Dispatch;)V (53 bytes) @ 0x0000000003a807fc [0x0000000003a806e0+0x11c]
J 1328 C1 org.gradle.internal.event.BroadcastDispatch$SingletonDispatch.dispatch(Ljava/lang/Object;)V (9 bytes) @ 0x00000000034f73b4 [0x00000000034f7180+0x234]
J 4361 C1 org.gradle.internal.event.AbstractBroadcastDispatch.dispatch(Lorg/gradle/internal/dispatch/MethodInvocation;Ljava/util/Iterator;)V (191 bytes) @ 0x0000000003de1324 [0x0000000003de0f60+0x3c4]
j  org.gradle.internal.event.BroadcastDispatch$CompositeDispatch.dispatch(Lorg/gradle/internal/dispatch/MethodInvocation;)V+11
j  org.gradle.internal.event.BroadcastDispatch$CompositeDispatch.dispatch(Ljava/lang/Object;)V+5
J 6047 C1 org.gradle.internal.event.ListenerBroadcast.dispatch(Ljava/lang/Object;)V (9 bytes) @ 0x00000000034af22c [0x00000000034aef80+0x2ac]
J 4716 C1 org.gradle.internal.dispatch.ProxyDispatchAdapter$DispatchingInvocationHandler.invoke(Ljava/lang/Object;Ljava/lang/reflect/Method;[Ljava/lang/Object;)Ljava/lang/Object; (184 bytes) @ 0x0000000003eac6d4 [0x0000000003eab3c0+0x1314]
j  com.sun.proxy.$Proxy31.beforeResolve(Lorg/gradle/api/artifacts/ResolvableDependencies;)V+16
j  org.gradle.api.internal.artifacts.configurations.DefaultConfiguration.performPreResolveActions(Lorg/gradle/api/artifacts/ResolvableDependencies;)V+18
j  org.gradle.api.internal.artifacts.configurations.DefaultConfiguration.access$400(Lorg/gradle/api/internal/artifacts/configurations/DefaultConfiguration;Lorg/gradle/api/artifacts/ResolvableDependencies;)V+2
j  org.gradle.api.internal.artifacts.configurations.DefaultConfiguration$1.run(Lorg/gradle/internal/operations/BuildOperationContext;)V+30
J 4856 C1 org.gradle.internal.operations.DefaultBuildOperationExecutor$RunnableBuildOperationWorker.execute(Lorg/gradle/internal/operations/BuildOperation;Lorg/gradle/internal/operations/BuildOperationContext;)V (10 bytes) @ 0x0000000003f49624 [0x0000000003f493c0+0x264]
J 5700 C1 org.gradle.internal.operations.DefaultBuildOperationExecutor$1.execute(Lorg/gradle/internal/operations/BuildOperationDescriptor;Lorg/gradle/internal/operations/DefaultBuildOperationExecutor$DefaultBuildOperationContext;Lorg/gradle/internal/operations/DefaultBuildOperationExecutor$BuildOperationExecutionListener;)Lorg/gradle/internal/operations/BuildOperation; (82 bytes) @ 0x00000000039f4b34 [0x00000000039f49c0+0x174]
J 5623 C1 org.gradle.internal.operations.DefaultBuildOperationExecutor.execute(Lorg/gradle/internal/operations/BuildOperationDescriptor$Builder;Lorg/gradle/internal/operations/DefaultBuildOperationExecutor$BuildOperationState;Lorg/gradle/internal/operations/DefaultBuildOperationExecutor$BuildOperationExecution;)Lorg/gradle/internal/operations/BuildOperation; (111 bytes) @ 0x0000000003479cec [0x0000000003478d80+0xf6c]
J 5496 C1 org.gradle.internal.operations.DefaultBuildOperationExecutor.run(Lorg/gradle/internal/operations/RunnableBuildOperation;)V (28 bytes) @ 0x000000000419817c [0x0000000004197b80+0x5fc]
J 6714 C1 org.gradle.internal.operations.DelegatingBuildOperationExecutor.run(Lorg/gradle/internal/operations/RunnableBuildOperation;)V (11 bytes) @ 0x000000000440c9c4 [0x000000000440c8c0+0x104]
j  org.gradle.api.internal.artifacts.configurations.DefaultConfiguration.resolveGraphIfRequired(Lorg/gradle/api/internal/artifacts/configurations/ConfigurationInternal$InternalState;)V+65
j  org.gradle.api.internal.artifacts.configurations.DefaultConfiguration.lambda$resolveExclusively$4(Lorg/gradle/api/internal/artifacts/configurations/ConfigurationInternal$InternalState;)V+16
j  org.gradle.api.internal.artifacts.configurations.DefaultConfiguration$$Lambda$143.run()V+8
j  org.gradle.api.internal.project.DefaultProjectStateRegistry$SafeExclusiveLockImpl.withLock(Ljava/lang/Runnable;)V+11
j  org.gradle.api.internal.artifacts.configurations.DefaultConfiguration.resolveExclusively(Lorg/gradle/api/internal/artifacts/configurations/ConfigurationInternal$InternalState;)V+11
j  org.gradle.api.internal.artifacts.configurations.DefaultConfiguration.resolveToStateOrLater(Lorg/gradle/api/internal/artifacts/configurations/ConfigurationInternal$InternalState;)V+141
j  org.gradle.api.internal.artifacts.configurations.DefaultConfiguration.access$1900(Lorg/gradle/api/internal/artifacts/configurations/DefaultConfiguration;Lorg/gradle/api/internal/artifacts/configurations/ConfigurationInternal$InternalState;)V+2
j  org.gradle.api.internal.artifacts.configurations.DefaultConfiguration$ConfigurationFileCollection.getSelectedArtifacts()Lorg/gradle/api/internal/artifacts/ivyservice/resolveengine/artifact/SelectedArtifactSet;+14
j  org.gradle.api.internal.artifacts.configurations.DefaultConfiguration$ConfigurationFileCollection.access$3200(Lorg/gradle/api/internal/artifacts/configurations/DefaultConfiguration$ConfigurationFileCollection;)Lorg/gradle/api/internal/artifacts/ivyservice/resolveengine/artifact/SelectedArtifactSet;+1
j  org.gradle.api.internal.artifacts.configurations.DefaultConfiguration$ConfigurationArtifactCollection.ensureResolved()V+20
j  org.gradle.api.internal.artifacts.configurations.DefaultConfiguration$ConfigurationArtifactCollection.getArtifacts()Ljava/util/Set;+1
j  com.android.build.gradle.internal.ide.dependencies.ArtifactUtils.asMultiMap(Lorg/gradle/api/artifacts/ArtifactCollection;)Lcom/google/common/collect/ImmutableMultimap;+22
j  com.android.build.gradle.internal.ide.dependencies.ArtifactUtils.getAllArtifacts(Lcom/android/build/api/component/impl/ComponentPropertiesImpl;Lcom/android/build/gradle/internal/publishing/AndroidArtifacts$ConsumedConfigType;Lcom/android/build/gradle/internal/ide/DependencyFailureHandler;Lcom/google/common/collect/ImmutableMap;)Ljava/util/Set;+41
j  com.android.build.gradle.internal.ide.dependencies.ArtifactDependencyGraph.createDependencies(Lcom/android/build/api/component/impl/ComponentPropertiesImpl;Lcom/google/common/collect/ImmutableMap;Lcom/android/builder/errors/IssueReporter;)Lcom/android/build/gradle/internal/ide/DependenciesImpl;+30
j  com.android.build.gradle.internal.ide.ModelBuilder.getDependencies(Lcom/android/build/api/component/impl/ComponentPropertiesImpl;Lcom/google/common/collect/ImmutableMap;IZ)Lcom/android/utils/Pair;+71
j  com.android.build.gradle.internal.ide.ModelBuilder.createAndroidArtifact(Ljava/lang/String;Lcom/android/build/api/component/impl/ComponentPropertiesImpl;)Lcom/android/builder/model/AndroidArtifact;+83
j  com.android.build.gradle.internal.ide.ModelBuilder.createVariant(Lcom/android/build/api/component/impl/ComponentPropertiesImpl;)Lcom/android/build/gradle/internal/ide/VariantImpl;+5
j  com.android.build.gradle.internal.ide.ModelBuilder.buildVariant(Lorg/gradle/api/Project;Ljava/lang/String;Z)Lcom/android/build/gradle/internal/ide/VariantImpl;+67
j  com.android.build.gradle.internal.ide.ModelBuilder.buildAll(Ljava/lang/String;Lcom/android/builder/model/ModelBuilderParameter;Lorg/gradle/api/Project;)Ljava/lang/Object;+64
j  com.android.build.gradle.internal.ide.ModelBuilder.buildAll(Ljava/lang/String;Ljava/lang/Object;Lorg/gradle/api/Project;)Ljava/lang/Object;+7
j  org.gradle.tooling.provider.model.internal.DefaultToolingModelBuilderRegistry$ParameterizedBuildOperationWrappingToolingModelBuilder$1$1.create()Ljava/lang/Object;+31
j  org.gradle.api.internal.project.DefaultProjectStateRegistry.withLenientState(Lorg/gradle/internal/Factory;)Ljava/lang/Object;+21
j  org.gradle.tooling.provider.model.internal.DefaultToolingModelBuilderRegistry$ParameterizedBuildOperationWrappingToolingModelBuilder$1.call(Lorg/gradle/internal/operations/BuildOperationContext;)Ljava/lang/Object;+18
J 5861 C1 org.gradle.internal.operations.DefaultBuildOperationExecutor$CallableBuildOperationWorker.execute(Lorg/gradle/internal/operations/BuildOperation;Lorg/gradle/internal/operations/BuildOperationContext;)V (10 bytes) @ 0x0000000004297a6c [0x0000000004297800+0x26c]
J 5700 C1 org.gradle.internal.operations.DefaultBuildOperationExecutor$1.execute(Lorg/gradle/internal/operations/BuildOperationDescriptor;Lorg/gradle/internal/operations/DefaultBuildOperationExecutor$DefaultBuildOperationContext;Lorg/gradle/internal/operations/DefaultBuildOperationExecutor$BuildOperationExecutionListener;)Lorg/gradle/internal/operations/BuildOperation; (82 bytes) @ 0x00000000039f4b34 [0x00000000039f49c0+0x174]
J 5623 C1 org.gradle.internal.operations.DefaultBuildOperationExecutor.execute(Lorg/gradle/internal/operations/BuildOperationDescriptor$Builder;Lorg/gradle/internal/operations/DefaultBuildOperationExecutor$BuildOperationState;Lorg/gradle/internal/operations/DefaultBuildOperationExecutor$BuildOperationExecution;)Lorg/gradle/internal/operations/BuildOperation; (111 bytes) @ 0x0000000003479cec [0x0000000003478d80+0xf6c]
J 5860 C1 org.gradle.internal.operations.DefaultBuildOperationExecutor.call(Lorg/gradle/internal/operations/CallableBuildOperation;)Ljava/lang/Object; (38 bytes) @ 0x0000000004296d2c [0x0000000004296620+0x70c]
J 5859 C1 org.gradle.internal.operations.DelegatingBuildOperationExecutor.call(Lorg/gradle/internal/operations/CallableBuildOperation;)Ljava/lang/Object; (11 bytes) @ 0x0000000004295084 [0x0000000004294f80+0x104]
j  org.gradle.tooling.provider.model.internal.DefaultToolingModelBuilderRegistry$ParameterizedBuildOperationWrappingToolingModelBuilder.buildAll(Ljava/lang/String;Ljava/lang/Object;Lorg/gradle/api/Project;)Ljava/lang/Object;+18
j  org.gradle.tooling.internal.provider.runner.DefaultBuildController.getParameterizedModel(Lorg/gradle/api/internal/project/ProjectInternal;Ljava/lang/String;Lorg/gradle/tooling/provider/model/ParameterizedToolingModelBuilder;Ljava/lang/Object;)Ljava/lang/Object;+38
j  org.gradle.tooling.internal.provider.runner.DefaultBuildController.getModel(Ljava/lang/Object;Lorg/gradle/tooling/internal/protocol/ModelIdentifier;Ljava/lang/Object;)Lorg/gradle/tooling/internal/protocol/BuildResult;+120
j  org.gradle.tooling.internal.consumer.connection.InternalBuildActionAdapter$2.getModel(Ljava/lang/Object;Lorg/gradle/tooling/internal/protocol/ModelIdentifier;Ljava/lang/Object;)Lorg/gradle/tooling/internal/protocol/BuildResult;+7
j  org.gradle.tooling.internal.consumer.connection.BuildControllerAdapter.getModel(Lorg/gradle/tooling/model/Model;Ljava/lang/Class;Ljava/lang/Class;Lorg/gradle/api/Action;)Ljava/lang/Object;+47
j  org.gradle.tooling.internal.consumer.connection.AbstractBuildController.findModel(Lorg/gradle/tooling/model/Model;Ljava/lang/Class;Ljava/lang/Class;Lorg/gradle/api/Action;)Ljava/lang/Object;+6
j  org.jetbrains.plugins.gradle.model.ProjectImportAction$MyBuildController.findModel(Lorg/gradle/tooling/model/Model;Ljava/lang/Class;Ljava/lang/Class;Lorg/gradle/api/Action;)Ljava/lang/Object;+26
j  com.android.tools.idea.gradle.project.sync.idea.svs.SelectedVariantChooserKt.syncAndAddVariant(Lorg/gradle/tooling/BuildController;Lcom/android/tools/idea/gradle/project/sync/idea/svs/AndroidModule;Ljava/lang/String;)Lcom/android/builder/model/Variant;+24
j  com.android.tools.idea.gradle.project.sync.idea.svs.SelectedVariantChooserKt.selectVariantForAppOrLeaf(Lorg/gradle/tooling/BuildController;Lcom/android/tools/idea/gradle/project/sync/idea/svs/AndroidModule;Lcom/android/tools/idea/gradle/project/sync/SelectedVariants;Ljava/lang/String;)Lcom/android/builder/model/Variant;+113
j  com.android.tools.idea.gradle.project.sync.idea.svs.SelectedVariantChooserKt.chooseSelectedVariants(Lorg/gradle/tooling/BuildController;Ljava/util/List;Lcom/android/tools/idea/gradle/project/sync/SyncActionOptions;)V+393
j  com.android.tools.idea.gradle.project.sync.idea.svs.AndroidExtraModelProvider.populateAndroidModels(Lorg/gradle/tooling/BuildController;Lorg/gradle/tooling/model/gradle/GradleBuild;Lorg/jetbrains/plugins/gradle/model/ProjectImportModelProvider$BuildModelConsumer;)V+218
j  com.android.tools.idea.gradle.project.sync.idea.svs.AndroidExtraModelProvider.populateBuildModels(Lorg/gradle/tooling/BuildController;Lorg/gradle/tooling/model/gradle/GradleBuild;Lorg/jetbrains/plugins/gradle/model/ProjectImportModelProvider$BuildModelConsumer;)V+4
j  org.jetbrains.plugins.gradle.model.ProjectImportAction.addBuildModels(Lorg/jetbrains/plugins/gradle/model/ProjectImportAction$ToolingSerializerAdapter;Lorg/gradle/tooling/BuildController;Lorg/jetbrains/plugins/gradle/model/ProjectImportAction$AllModels;Lorg/gradle/tooling/model/gradle/GradleBuild;Z)V+74
j  org.jetbrains.plugins.gradle.model.ProjectImportAction.execute(Lorg/gradle/tooling/BuildController;)Lorg/jetbrains/plugins/gradle/model/ProjectImportAction$AllModels;+269
j  org.jetbrains.plugins.gradle.model.ProjectImportAction.execute(Lorg/gradle/tooling/BuildController;)Ljava/lang/Object;+2
j  org.gradle.tooling.internal.consumer.connection.InternalBuildActionAdapter.execute(Lorg/gradle/tooling/internal/protocol/InternalBuildControllerVersion2;)Ljava/lang/Object;+49
j  org.gradle.tooling.internal.provider.runner.ClientProvidedPhasedActionRunner$ActionRunningListener.runAction(Lorg/gradle/tooling/internal/protocol/InternalBuildActionVersion2;Lorg/gradle/api/internal/GradleInternal;)Lorg/gradle/tooling/internal/provider/serialization/SerializedPayload;+11
j  org.gradle.tooling.internal.provider.runner.ClientProvidedPhasedActionRunner$ActionRunningListener.run(Lorg/gradle/tooling/internal/protocol/InternalBuildActionVersion2;Lorg/gradle/tooling/internal/protocol/PhasedActionResult$Phase;)V+10
j  org.gradle.tooling.internal.provider.runner.ClientProvidedPhasedActionRunner$ActionRunningListener.buildFinished(Lorg/gradle/BuildResult;)V+20
v  ~StubRoutines::call_stub
J 1660  sun.reflect.NativeMethodAccessorImpl.invoke0(Ljava/lang/reflect/Method;Ljava/lang/Object;[Ljava/lang/Object;)Ljava/lang/Object; (0 bytes) @ 0x00000000036064ff [0x0000000003606480+0x7f]
J 1659 C1 sun.reflect.NativeMethodAccessorImpl.invoke(Ljava/lang/Object;[Ljava/lang/Object;)Ljava/lang/Object; (104 bytes) @ 0x0000000003605764 [0x00000000036045c0+0x11a4]
J 1213 C1 sun.reflect.DelegatingMethodAccessorImpl.invoke(Ljava/lang/Object;[Ljava/lang/Object;)Ljava/lang/Object; (10 bytes) @ 0x00000000034c2204 [0x00000000034c2100+0x104]
J 1212 C1 java.lang.reflect.Method.invoke(Ljava/lang/Object;[Ljava/lang/Object;)Ljava/lang/Object; (62 bytes) @ 0x00000000034c29ac [0x00000000034c25c0+0x3ec]
J 2861 C1 org.gradle.internal.dispatch.ReflectionDispatch.dispatch(Lorg/gradle/internal/dispatch/MethodInvocation;)V (42 bytes) @ 0x000000000360af84 [0x000000000360abe0+0x3a4]
J 2860 C1 org.gradle.internal.dispatch.ReflectionDispatch.dispatch(Ljava/lang/Object;)V (9 bytes) @ 0x00000000036126ac [0x0000000003612540+0x16c]
j  org.gradle.internal.event.DefaultListenerManager$ListenerDetails.dispatch(Lorg/gradle/internal/dispatch/MethodInvocation;)V+15
j  org.gradle.internal.event.DefaultListenerManager$ListenerDetails.dispatch(Ljava/lang/Object;)V+5
J 4361 C1 org.gradle.internal.event.AbstractBroadcastDispatch.dispatch(Lorg/gradle/internal/dispatch/MethodInvocation;Ljava/util/Iterator;)V (191 bytes) @ 0x0000000003de1324 [0x0000000003de0f60+0x3c4]
J 4359 C1 org.gradle.internal.event.DefaultListenerManager$EventBroadcast$ListenerDispatch.dispatch(Lorg/gradle/internal/dispatch/MethodInvocation;)V (55 bytes) @ 0x0000000003de052c [0x0000000003de0140+0x3ec]
j  org.gradle.internal.event.DefaultListenerManager$EventBroadcast$ListenerDispatch.dispatch(Ljava/lang/Object;)V+5
J 3004 C1 org.gradle.internal.event.AbstractBroadcastDispatch.dispatch(Lorg/gradle/internal/dispatch/MethodInvocation;Lorg/gradle/internal/dispatch/Dispatch;)V (53 bytes) @ 0x0000000003a807fc [0x0000000003a806e0+0x11c]
J 1328 C1 org.gradle.internal.event.BroadcastDispatch$SingletonDispatch.dispatch(Ljava/lang/Object;)V (9 bytes) @ 0x00000000034f73b4 [0x00000000034f7180+0x234]
J 4361 C1 org.gradle.internal.event.AbstractBroadcastDispatch.dispatch(Lorg/gradle/internal/dispatch/MethodInvocation;Ljava/util/Iterator;)V (191 bytes) @ 0x0000000003de1324 [0x0000000003de0f60+0x3c4]
j  org.gradle.internal.event.BroadcastDispatch$CompositeDispatch.dispatch(Lorg/gradle/internal/dispatch/MethodInvocation;)V+11
j  org.gradle.internal.event.BroadcastDispatch$CompositeDispatch.dispatch(Ljava/lang/Object;)V+5
j  org.gradle.internal.event.ListenerBroadcast.dispatch(Lorg/gradle/internal/dispatch/MethodInvocation;)V+5
j  org.gradle.internal.event.ListenerBroadcast.dispatch(Ljava/lang/Object;)V+5
J 4716 C1 org.gradle.internal.dispatch.ProxyDispatchAdapter$DispatchingInvocationHandler.invoke(Ljava/lang/Object;Ljava/lang/reflect/Method;[Ljava/lang/Object;)Ljava/lang/Object; (184 bytes) @ 0x0000000003eac6d4 [0x0000000003eab3c0+0x1314]
j  com.sun.proxy.$Proxy18.buildFinished(Lorg/gradle/BuildResult;)V+16
j  org.gradle.initialization.DefaultGradleLauncher.finishBuild(Ljava/lang/String;Ljava/lang/Throwable;)V+71
j  org.gradle.initialization.DefaultGradleLauncher.finishBuild()V+16
j  org.gradle.internal.invocation.GradleBuildController$1.create()Lorg/gradle/api/internal/GradleInternal;+37
j  org.gradle.internal.invocation.GradleBuildController$1.create()Ljava/lang/Object;+1
j  org.gradle.internal.work.DefaultWorkerLeaseService.withLocks(Ljava/lang/Iterable;Lorg/gradle/internal/Factory;)Ljava/lang/Object;+26
j  org.gradle.internal.work.StopShieldingWorkerLeaseService.withLocks(Ljava/lang/Iterable;Lorg/gradle/internal/Factory;)Ljava/lang/Object;+6
j  org.gradle.internal.invocation.GradleBuildController.doBuild(Lorg/gradle/api/internal/GradleInternal$BuildType;Lorg/gradle/api/Action;)Lorg/gradle/api/internal/GradleInternal;+26
j  org.gradle.internal.invocation.GradleBuildController.run()Lorg/gradle/api/internal/GradleInternal;+9
j  org.gradle.tooling.internal.provider.runner.ClientProvidedPhasedActionRunner.run(Lorg/gradle/internal/invocation/BuildAction;Lorg/gradle/internal/invocation/BuildController;)Lorg/gradle/internal/invocation/BuildActionRunner$Result;+92
j  org.gradle.launcher.exec.ChainingBuildActionRunner.run(Lorg/gradle/internal/invocation/BuildAction;Lorg/gradle/internal/invocation/BuildController;)Lorg/gradle/internal/invocation/BuildActionRunner$Result;+34
j  org.gradle.launcher.exec.ChainingBuildActionRunner.run(Lorg/gradle/internal/invocation/BuildAction;Lorg/gradle/internal/invocation/BuildController;)Lorg/gradle/internal/invocation/BuildActionRunner$Result;+34
j  org.gradle.launcher.exec.BuildOutcomeReportingBuildActionRunner.run(Lorg/gradle/internal/invocation/BuildAction;Lorg/gradle/internal/invocation/BuildController;)Lorg/gradle/internal/invocation/BuildActionRunner$Result;+143
j  org.gradle.tooling.internal.provider.ValidatingBuildActionRunner.run(Lorg/gradle/internal/invocation/BuildAction;Lorg/gradle/internal/invocation/BuildController;)Lorg/gradle/internal/invocation/BuildActionRunner$Result;+6
j  org.gradle.launcher.exec.BuildCompletionNotifyingBuildActionRunner.run(Lorg/gradle/internal/invocation/BuildAction;Lorg/gradle/internal/invocation/BuildController;)Lorg/gradle/internal/invocation/BuildActionRunner$Result;+28
j  org.gradle.launcher.exec.RunAsBuildOperationBuildActionRunner$3.call(Lorg/gradle/internal/operations/BuildOperationContext;)Lorg/gradle/internal/invocation/BuildActionRunner$Result;+95
j  org.gradle.launcher.exec.RunAsBuildOperationBuildActionRunner$3.call(Lorg/gradle/internal/operations/BuildOperationContext;)Ljava/lang/Object;+2
j  org.gradle.internal.operations.DefaultBuildOperationExecutor$CallableBuildOperationWorker.execute(Lorg/gradle/internal/operations/CallableBuildOperation;Lorg/gradle/internal/operations/BuildOperationContext;)V+3
j  org.gradle.internal.operations.DefaultBuildOperationExecutor$CallableBuildOperationWorker.execute(Lorg/gradle/internal/operations/BuildOperation;Lorg/gradle/internal/operations/BuildOperationContext;)V+6
j  org.gradle.internal.operations.DefaultBuildOperationExecutor$1.execute(Lorg/gradle/internal/operations/BuildOperationDescriptor;Lorg/gradle/internal/operations/DefaultBuildOperationExecutor$DefaultBuildOperationContext;Lorg/gradle/internal/operations/DefaultBuildOperationExecutor$BuildOperationExecutionListener;)Lorg/gradle/internal/operations/BuildOperation;+18
j  org.gradle.internal.operations.DefaultBuildOperationExecutor.execute(Lorg/gradle/internal/operations/BuildOperationDescriptor$Builder;Lorg/gradle/internal/operations/DefaultBuildOperationExecutor$BuildOperationState;Lorg/gradle/internal/operations/DefaultBuildOperationExecutor$BuildOperationExecution;)Lorg/gradle/internal/operations/BuildOperation;+105
j  org.gradle.internal.operations.DefaultBuildOperationExecutor.execute(Lorg/gradle/internal/operations/BuildOperation;Lorg/gradle/internal/operations/BuildOperationWorker;Lorg/gradle/internal/operations/DefaultBuildOperationExecutor$BuildOperationState;)V+22
j  org.gradle.internal.operations.DefaultBuildOperationExecutor.call(Lorg/gradle/internal/operations/CallableBuildOperation;)Ljava/lang/Object;+16
j  org.gradle.internal.operations.DelegatingBuildOperationExecutor.call(Lorg/gradle/internal/operations/CallableBuildOperation;)Ljava/lang/Object;+5
j  org.gradle.launcher.exec.RunAsBuildOperationBuildActionRunner.run(Lorg/gradle/internal/invocation/BuildAction;Lorg/gradle/internal/invocation/BuildController;)Lorg/gradle/internal/invocation/BuildActionRunner$Result;+33
j  org.gradle.launcher.exec.InProcessBuildActionExecuter$1.transform(Lorg/gradle/internal/invocation/BuildController;)Lorg/gradle/launcher/exec/BuildActionResult;+12
j  org.gradle.launcher.exec.InProcessBuildActionExecuter$1.transform(Ljava/lang/Object;)Ljava/lang/Object;+5
j  org.gradle.composite.internal.DefaultRootBuildState.run(Lorg/gradle/api/Transformer;)Ljava/lang/Object;+43
j  org.gradle.launcher.exec.InProcessBuildActionExecuter.execute(Lorg/gradle/internal/invocation/BuildAction;Lorg/gradle/initialization/BuildRequestContext;Lorg/gradle/launcher/exec/BuildActionParameters;Lorg/gradle/internal/service/ServiceRegistry;)Lorg/gradle/launcher/exec/BuildActionResult;+82
j  org.gradle.launcher.exec.InProcessBuildActionExecuter.execute(Lorg/gradle/internal/invocation/BuildAction;Lorg/gradle/initialization/BuildRequestContext;Ljava/lang/Object;Lorg/gradle/internal/service/ServiceRegistry;)Lorg/gradle/launcher/exec/BuildActionResult;+9
j  org.gradle.launcher.exec.BuildTreeScopeBuildActionExecuter.execute(Lorg/gradle/internal/invocation/BuildAction;Lorg/gradle/initialization/BuildRequestContext;Lorg/gradle/launcher/exec/BuildActionParameters;Lorg/gradle/internal/service/ServiceRegistry;)Lorg/gradle/launcher/exec/BuildActionResult;+38
j  org.gradle.launcher.exec.BuildTreeScopeBuildActionExecuter.execute(Lorg/gradle/internal/invocation/BuildAction;Lorg/gradle/initialization/BuildRequestContext;Ljava/lang/Object;Lorg/gradle/internal/service/ServiceRegistry;)Lorg/gradle/launcher/exec/BuildActionResult;+9
j  org.gradle.tooling.internal.provider.ContinuousBuildActionExecuter.execute(Lorg/gradle/internal/invocation/BuildAction;Lorg/gradle/initialization/BuildRequestContext;Lorg/gradle/launcher/exec/BuildActionParameters;Lorg/gradle/internal/service/ServiceRegistry;)Lorg/gradle/launcher/exec/BuildActionResult;+58
j  org.gradle.tooling.internal.provider.ContinuousBuildActionExecuter.execute(Lorg/gradle/internal/invocation/BuildAction;Lorg/gradle/initialization/BuildRequestContext;Ljava/lang/Object;Lorg/gradle/internal/service/ServiceRegistry;)Lorg/gradle/launcher/exec/BuildActionResult;+9
j  org.gradle.tooling.internal.provider.SubscribableBuildActionExecuter.execute(Lorg/gradle/internal/invocation/BuildAction;Lorg/gradle/initialization/BuildRequestContext;Lorg/gradle/launcher/exec/BuildActionParameters;Lorg/gradle/internal/service/ServiceRegistry;)Lorg/gradle/launcher/exec/BuildActionResult;+41
j  org.gradle.tooling.internal.provider.SubscribableBuildActionExecuter.execute(Lorg/gradle/internal/invocation/BuildAction;Lorg/gradle/initialization/BuildRequestContext;Ljava/lang/Object;Lorg/gradle/internal/service/ServiceRegistry;)Lorg/gradle/launcher/exec/BuildActionResult;+9
j  org.gradle.tooling.internal.provider.SessionScopeBuildActionExecuter.execute(Lorg/gradle/internal/invocation/BuildAction;Lorg/gradle/initialization/BuildRequestContext;Lorg/gradle/launcher/exec/BuildActionParameters;Lorg/gradle/internal/service/ServiceRegistry;)Lorg/gradle/launcher/exec/BuildActionResult;+117
j  org.gradle.tooling.internal.provider.SessionScopeBuildActionExecuter.execute(Lorg/gradle/internal/invocation/BuildAction;Lorg/gradle/initialization/BuildRequestContext;Ljava/lang/Object;Lorg/gradle/internal/service/ServiceRegistry;)Lorg/gradle/launcher/exec/BuildActionResult;+9
j  org.gradle.tooling.internal.provider.GradleThreadBuildActionExecuter.execute(Lorg/gradle/internal/invocation/BuildAction;Lorg/gradle/initialization/BuildRequestContext;Lorg/gradle/launcher/exec/BuildActionParameters;Lorg/gradle/internal/service/ServiceRegistry;)Lorg/gradle/launcher/exec/BuildActionResult;+12
j  org.gradle.tooling.internal.provider.GradleThreadBuildActionExecuter.execute(Lorg/gradle/internal/invocation/BuildAction;Lorg/gradle/initialization/BuildRequestContext;Ljava/lang/Object;Lorg/gradle/internal/service/ServiceRegistry;)Lorg/gradle/launcher/exec/BuildActionResult;+9
j  org.gradle.tooling.internal.provider.StartParamsValidatingActionExecuter.execute(Lorg/gradle/internal/invocation/BuildAction;Lorg/gradle/initialization/BuildRequestContext;Lorg/gradle/launcher/exec/BuildActionParameters;Lorg/gradle/internal/service/ServiceRegistry;)Lorg/gradle/launcher/exec/BuildActionResult;+177
j  org.gradle.tooling.internal.provider.StartParamsValidatingActionExecuter.execute(Lorg/gradle/internal/invocation/BuildAction;Lorg/gradle/initialization/BuildRequestContext;Ljava/lang/Object;Lorg/gradle/internal/service/ServiceRegistry;)Lorg/gradle/launcher/exec/BuildActionResult;+9
j  org.gradle.tooling.internal.provider.SessionFailureReportingActionExecuter.execute(Lorg/gradle/internal/invocation/BuildAction;Lorg/gradle/initialization/BuildRequestContext;Lorg/gradle/launcher/exec/BuildActionParameters;Lorg/gradle/internal/service/ServiceRegistry;)Lorg/gradle/launcher/exec/BuildActionResult;+9
j  org.gradle.tooling.internal.provider.SessionFailureReportingActionExecuter.execute(Lorg/gradle/internal/invocation/BuildAction;Lorg/gradle/initialization/BuildRequestContext;Ljava/lang/Object;Lorg/gradle/internal/service/ServiceRegistry;)Lorg/gradle/launcher/exec/BuildActionResult;+9
j  org.gradle.tooling.internal.provider.SetupLoggingActionExecuter.execute(Lorg/gradle/internal/invocation/BuildAction;Lorg/gradle/initialization/BuildRequestContext;Lorg/gradle/launcher/exec/BuildActionParameters;Lorg/gradle/internal/service/ServiceRegistry;)Lorg/gradle/launcher/exec/BuildActionResult;+52
j  org.gradle.tooling.internal.provider.SetupLoggingActionExecuter.execute(Lorg/gradle/internal/invocation/BuildAction;Lorg/gradle/initialization/BuildRequestContext;Ljava/lang/Object;Lorg/gradle/internal/service/ServiceRegistry;)Lorg/gradle/launcher/exec/BuildActionResult;+9
j  org.gradle.launcher.daemon.server.exec.ExecuteBuild.doBuild(Lorg/gradle/launcher/daemon/server/api/DaemonCommandExecution;Lorg/gradle/launcher/daemon/protocol/Build;)V+118
j  org.gradle.launcher.daemon.server.exec.BuildCommandOnly.execute(Lorg/gradle/launcher/daemon/server/api/DaemonCommandExecution;)V+49
j  org.gradle.launcher.daemon.server.api.DaemonCommandExecution.proceed()Z+23
j  org.gradle.launcher.daemon.server.exec.WatchForDisconnection.execute(Lorg/gradle/launcher/daemon/server/api/DaemonCommandExecution;)V+19
j  org.gradle.launcher.daemon.server.api.DaemonCommandExecution.proceed()Z+23
j  org.gradle.launcher.daemon.server.exec.ResetDeprecationLogger.execute(Lorg/gradle/launcher/daemon/server/api/DaemonCommandExecution;)V+7
j  org.gradle.launcher.daemon.server.api.DaemonCommandExecution.proceed()Z+23
j  org.gradle.launcher.daemon.server.exec.RequestStopIfSingleUsedDaemon.execute(Lorg/gradle/launcher/daemon/server/api/DaemonCommandExecution;)V+33
j  org.gradle.launcher.daemon.server.api.DaemonCommandExecution.proceed()Z+23
j  org.gradle.launcher.daemon.server.exec.ForwardClientInput$2.create()Ljava/lang/Void;+4
j  org.gradle.launcher.daemon.server.exec.ForwardClientInput$2.create()Ljava/lang/Object;+1
j  org.gradle.util.Swapper.swap(Ljava/lang/Object;Lorg/gradle/internal/Factory;)Ljava/lang/Object;+21
j  org.gradle.launcher.daemon.server.exec.ForwardClientInput.execute(Lorg/gradle/launcher/daemon/server/api/DaemonCommandExecution;)V+63
j  org.gradle.launcher.daemon.server.api.DaemonCommandExecution.proceed()Z+23
j  org.gradle.launcher.daemon.server.exec.LogAndCheckHealth.execute(Lorg/gradle/launcher/daemon/server/api/DaemonCommandExecution;)V+28
j  org.gradle.launcher.daemon.server.api.DaemonCommandExecution.proceed()Z+23
j  org.gradle.launcher.daemon.server.exec.LogToClient.doBuild(Lorg/gradle/launcher/daemon/server/api/DaemonCommandExecution;Lorg/gradle/launcher/daemon/protocol/Build;)V+87
j  org.gradle.launcher.daemon.server.exec.BuildCommandOnly.execute(Lorg/gradle/launcher/daemon/server/api/DaemonCommandExecution;)V+49
j  org.gradle.launcher.daemon.server.api.DaemonCommandExecution.proceed()Z+23
j  org.gradle.launcher.daemon.server.exec.EstablishBuildEnvironment.doBuild(Lorg/gradle/launcher/daemon/server/api/DaemonCommandExecution;Lorg/gradle/launcher/daemon/protocol/Build;)V+351
j  org.gradle.launcher.daemon.server.exec.BuildCommandOnly.execute(Lorg/gradle/launcher/daemon/server/api/DaemonCommandExecution;)V+49
j  org.gradle.launcher.daemon.server.api.DaemonCommandExecution.proceed()Z+23
j  org.gradle.launcher.daemon.server.exec.StartBuildOrRespondWithBusy$1.run()V+44
j  org.gradle.launcher.daemon.server.DaemonStateCoordinator$1.run()V+4
j  org.gradle.internal.concurrent.ExecutorPolicy$CatchAndRecordFailures.onExecute(Ljava/lang/Runnable;)V+1
j  org.gradle.internal.concurrent.ManagedExecutorImpl$1.run()V+25
j  java.util.concurrent.ThreadPoolExecutor.runWorker(Ljava/util/concurrent/ThreadPoolExecutor$Worker;)V+95
j  java.util.concurrent.ThreadPoolExecutor$Worker.run()V+5
j  org.gradle.internal.concurrent.ThreadFactoryImpl$ManagedThreadRunnable.run()V+7
j  java.lang.Thread.run()V+11
v  ~StubRoutines::call_stub

---------------  P R O C E S S  ---------------

Java Threads: ( => current thread )
  0x000000001bd05800 JavaThread "Memory manager" [_thread_blocked, id=3896, stack(0x000000001d600000,0x000000001d700000)]
  0x000000001bd03000 JavaThread "Cache worker for execution history cache (C:\Users\Joshua\AndroidStudioProjects\SchoolProject\.gradle\6.5\executionHistory)" [_thread_blocked, id=8808, stack(0x000000002b0f0000,0x000000002b1f0000)]
  0x000000001bc83800 JavaThread "jar transforms Thread 94" [_thread_blocked, id=5788, stack(0x0000000028900000,0x0000000028a00000)]
  0x000000001bc88000 JavaThread "jar transforms Thread 93" [_thread_blocked, id=3488, stack(0x0000000028800000,0x0000000028900000)]
  0x000000001bc87800 JavaThread "jar transforms Thread 92" [_thread_blocked, id=9604, stack(0x0000000028700000,0x0000000028800000)]
  0x000000001bc86000 JavaThread "jar transforms Thread 91" [_thread_blocked, id=11816, stack(0x0000000028600000,0x0000000028700000)]
  0x000000001bc86800 JavaThread "jar transforms Thread 90" [_thread_blocked, id=2488, stack(0x0000000028500000,0x0000000028600000)]
  0x000000001bc85000 JavaThread "jar transforms Thread 89" [_thread_blocked, id=11880, stack(0x0000000028400000,0x0000000028500000)]
  0x000000001bc84800 JavaThread "jar transforms Thread 88" [_thread_blocked, id=2780, stack(0x0000000028300000,0x0000000028400000)]
  0x000000001bc83000 JavaThread "jar transforms Thread 87" [_thread_blocked, id=4592, stack(0x0000000028200000,0x0000000028300000)]
  0x000000001bc89000 JavaThread "jar transforms Thread 86" [_thread_blocked, id=10548, stack(0x0000000028100000,0x0000000028200000)]
  0x000000001bc7b800 JavaThread "jar transforms Thread 85" [_thread_blocked, id=9720, stack(0x0000000028000000,0x0000000028100000)]
  0x000000001bc82000 JavaThread "jar transforms Thread 84" [_thread_blocked, id=11320, stack(0x0000000027f00000,0x0000000028000000)]
  0x000000001bc81800 JavaThread "jar transforms Thread 83" [_thread_blocked, id=6868, stack(0x0000000027e00000,0x0000000027f00000)]
  0x000000001bc7a000 JavaThread "jar transforms Thread 82" [_thread_blocked, id=11704, stack(0x0000000027d00000,0x0000000027e00000)]
  0x000000001bc80800 JavaThread "jar transforms Thread 81" [_thread_blocked, id=8052, stack(0x0000000027c00000,0x0000000027d00000)]
  0x000000001bc7f000 JavaThread "jar transforms Thread 80" [_thread_blocked, id=3508, stack(0x0000000027b00000,0x0000000027c00000)]
  0x000000001bc7e800 JavaThread "jar transforms Thread 79" [_thread_blocked, id=9112, stack(0x0000000027a00000,0x0000000027b00000)]
  0x000000001bc80000 JavaThread "jar transforms Thread 78" [_thread_blocked, id=2616, stack(0x0000000027900000,0x0000000027a00000)]
  0x000000001bc7a800 JavaThread "jar transforms Thread 77" [_thread_blocked, id=6988, stack(0x0000000027800000,0x0000000027900000)]
  0x000000001bc7d800 JavaThread "jar transforms Thread 76" [_thread_blocked, id=12192, stack(0x0000000027700000,0x0000000027800000)]
  0x000000001bc7d000 JavaThread "jar transforms Thread 75" [_thread_blocked, id=5472, stack(0x0000000027600000,0x0000000027700000)]
  0x000000001bc7c000 JavaThread "jar transforms Thread 74" [_thread_blocked, id=9108, stack(0x0000000027500000,0x0000000027600000)]
  0x000000001ac18000 JavaThread "jar transforms Thread 73" [_thread_blocked, id=920, stack(0x0000000027400000,0x0000000027500000)]
  0x000000001ac17000 JavaThread "jar transforms Thread 72" [_thread_blocked, id=5728, stack(0x0000000027300000,0x0000000027400000)]
  0x000000001ac15000 JavaThread "jar transforms Thread 71" [_thread_blocked, id=12228, stack(0x0000000027200000,0x0000000027300000)]
  0x000000001ac15800 JavaThread "jar transforms Thread 70" [_thread_blocked, id=2076, stack(0x0000000027100000,0x0000000027200000)]
  0x000000001ac16800 JavaThread "jar transforms Thread 69" [_thread_blocked, id=7604, stack(0x0000000027000000,0x0000000027100000)]
  0x000000001ac14000 JavaThread "jar transforms Thread 68" [_thread_blocked, id=9904, stack(0x0000000026f00000,0x0000000027000000)]
  0x000000001ac1a000 JavaThread "jar transforms Thread 67" [_thread_blocked, id=3592, stack(0x0000000026e00000,0x0000000026f00000)]
  0x000000001ac12800 JavaThread "jar transforms Thread 66" [_thread_blocked, id=7720, stack(0x0000000026d00000,0x0000000026e00000)]
  0x000000001ac19800 JavaThread "jar transforms Thread 65" [_thread_blocked, id=8680, stack(0x0000000026c00000,0x0000000026d00000)]
  0x000000001ac13800 JavaThread "jar transforms Thread 64" [_thread_blocked, id=12856, stack(0x0000000026b00000,0x0000000026c00000)]
  0x000000001ac18800 JavaThread "jar transforms Thread 63" [_thread_blocked, id=908, stack(0x0000000026a00000,0x0000000026b00000)]
  0x000000001ac0b000 JavaThread "jar transforms Thread 62" [_thread_blocked, id=13220, stack(0x0000000026900000,0x0000000026a00000)]
  0x000000001ac0c800 JavaThread "jar transforms Thread 61" [_thread_blocked, id=11608, stack(0x0000000026800000,0x0000000026900000)]
  0x000000001ac10800 JavaThread "jar transforms Thread 60" [_thread_blocked, id=12816, stack(0x0000000026700000,0x0000000026800000)]
  0x000000001ac0f000 JavaThread "jar transforms Thread 59" [_thread_blocked, id=13076, stack(0x0000000026600000,0x0000000026700000)]
  0x000000001ac0f800 JavaThread "jar transforms Thread 58" [_thread_blocked, id=3564, stack(0x0000000026500000,0x0000000026600000)]
  0x000000001ac11000 JavaThread "jar transforms Thread 57" [_thread_blocked, id=12544, stack(0x0000000026400000,0x0000000026500000)]
  0x000000001ac0e000 JavaThread "jar transforms Thread 56" [_thread_blocked, id=6548, stack(0x0000000026300000,0x0000000026400000)]
  0x000000001ac12000 JavaThread "jar transforms Thread 55" [_thread_blocked, id=12784, stack(0x0000000026200000,0x0000000026300000)]
  0x000000001ac0c000 JavaThread "jar transforms Thread 54" [_thread_blocked, id=1872, stack(0x0000000026100000,0x0000000026200000)]
  0x000000001ac0d800 JavaThread "jar transforms Thread 53" [_thread_blocked, id=11760, stack(0x0000000026000000,0x0000000026100000)]
  0x0000000020fb7800 JavaThread "jar transforms Thread 52" [_thread_blocked, id=192, stack(0x0000000025f00000,0x0000000026000000)]
  0x0000000020fb6800 JavaThread "jar transforms Thread 51" [_thread_blocked, id=13272, stack(0x0000000025e00000,0x0000000025f00000)]
  0x0000000020fb5000 JavaThread "jar transforms Thread 50" [_thread_blocked, id=12400, stack(0x0000000025d00000,0x0000000025e00000)]
  0x0000000020fb4800 JavaThread "jar transforms Thread 49" [_thread_blocked, id=3852, stack(0x0000000025c00000,0x0000000025d00000)]
  0x0000000020fb6000 JavaThread "jar transforms Thread 48" [_thread_blocked, id=6056, stack(0x0000000025b00000,0x0000000025c00000)]
  0x0000000020fb1800 JavaThread "jar transforms Thread 47" [_thread_blocked, id=3288, stack(0x0000000025a00000,0x0000000025b00000)]
  0x0000000020fb0800 JavaThread "jar transforms Thread 46" [_thread_blocked, id=9064, stack(0x0000000025900000,0x0000000025a00000)]
  0x0000000020fb3800 JavaThread "jar transforms Thread 45" [_thread_blocked, id=6060, stack(0x0000000025800000,0x0000000025900000)]
  0x0000000020fb2000 JavaThread "jar transforms Thread 44" [_thread_blocked, id=13116, stack(0x0000000025700000,0x0000000025800000)]
  0x0000000020fb3000 JavaThread "jar transforms Thread 43" [_thread_blocked, id=8664, stack(0x0000000025600000,0x0000000025700000)]
  0x0000000020fa9000 JavaThread "jar transforms Thread 42" [_thread_blocked, id=11756, stack(0x0000000025500000,0x0000000025600000)]
  0x0000000020fae800 JavaThread "jar transforms Thread 41" [_thread_blocked, id=10432, stack(0x0000000025400000,0x0000000025500000)]
  0x0000000020fad800 JavaThread "jar transforms Thread 40" [_thread_blocked, id=6748, stack(0x0000000025300000,0x0000000025400000)]
  0x0000000020fb0000 JavaThread "jar transforms Thread 39" [_thread_blocked, id=4204, stack(0x0000000025200000,0x0000000025300000)]
  0x0000000020faa800 JavaThread "jar transforms Thread 38" [_thread_blocked, id=1292, stack(0x0000000025100000,0x0000000025200000)]
  0x0000000020faa000 JavaThread "jar transforms Thread 37" [_thread_blocked, id=10664, stack(0x0000000025000000,0x0000000025100000)]
  0x0000000020fac000 JavaThread "jar transforms Thread 36" [_thread_blocked, id=2608, stack(0x0000000024f00000,0x0000000025000000)]
  0x0000000020fa8800 JavaThread "jar transforms Thread 35" [_thread_blocked, id=9880, stack(0x0000000024e00000,0x0000000024f00000)]
  0x0000000020fab800 JavaThread "jar transforms Thread 34" [_thread_blocked, id=11792, stack(0x0000000024d00000,0x0000000024e00000)]
  0x0000000020fad000 JavaThread "jar transforms Thread 33" [_thread_blocked, id=12772, stack(0x0000000024c00000,0x0000000024d00000)]
  0x0000000020faf000 JavaThread "jar transforms Thread 32" [_thread_blocked, id=12516, stack(0x0000000024b00000,0x0000000024c00000)]
  0x0000000019bd4000 JavaThread "jar transforms Thread 31" [_thread_blocked, id=5320, stack(0x0000000024a00000,0x0000000024b00000)]
  0x0000000019bd2800 JavaThread "jar transforms Thread 30" [_thread_blocked, id=4080, stack(0x0000000024900000,0x0000000024a00000)]
  0x0000000019bd1000 JavaThread "jar transforms Thread 29" [_thread_blocked, id=12892, stack(0x0000000024800000,0x0000000024900000)]
  0x0000000019bd5800 JavaThread "jar transforms Thread 28" [_thread_blocked, id=13304, stack(0x0000000024700000,0x0000000024800000)]
  0x0000000019bd4800 JavaThread "jar transforms Thread 27" [_thread_blocked, id=13052, stack(0x0000000024600000,0x0000000024700000)]
  0x0000000019bd3000 JavaThread "jar transforms Thread 26" [_thread_blocked, id=10560, stack(0x0000000024500000,0x0000000024600000)]
  0x0000000019bd1800 JavaThread "jar transforms Thread 25" [_thread_blocked, id=5612, stack(0x0000000024400000,0x0000000024500000)]
  0x0000000019bd0000 JavaThread "jar transforms Thread 24" [_thread_blocked, id=11164, stack(0x0000000024300000,0x0000000024400000)]
  0x0000000019bd6800 JavaThread "jar transforms Thread 23" [_thread_blocked, id=10252, stack(0x0000000001450000,0x0000000001550000)]
  0x0000000019bc8800 JavaThread "jar transforms Thread 22" [_thread_blocked, id=4956, stack(0x0000000001350000,0x0000000001450000)]
  0x0000000019bcf800 JavaThread "jar transforms Thread 21" [_thread_blocked, id=10880, stack(0x0000000001250000,0x0000000001350000)]
  0x0000000019bc8000 JavaThread "Build operations Thread 4" [_thread_blocked, id=9500, stack(0x0000000024000000,0x0000000024100000)]
  0x0000000019bce800 JavaThread "Build operations Thread 3" [_thread_blocked, id=3604, stack(0x0000000023f00000,0x0000000024000000)]
  0x0000000019bce000 JavaThread "Build operations Thread 2" [_thread_blocked, id=9104, stack(0x0000000023e00000,0x0000000023f00000)]
  0x0000000019bcd000 JavaThread "Build operations" [_thread_blocked, id=10496, stack(0x0000000023d00000,0x0000000023e00000)]
  0x0000000019bc7000 JavaThread "Cache worker for Build Output Cleanup Cache (C:\Users\Joshua\AndroidStudioProjects\SchoolProject\.gradle\buildOutputCleanup)" [_thread_blocked, id=2932, stack(0x00000000233f0000,0x00000000234f0000)]
  0x000000001affb000 JavaThread "Cache worker for file content cache (C:\Users\Joshua\.gradle\caches\6.5\fileContent)" [_thread_blocked, id=7652, stack(0x00000000232f0000,0x00000000233f0000)]
  0x000000001affe000 JavaThread "Cache worker for execution history cache (C:\Users\Joshua\.gradle\caches\6.5\executionHistory)" [_thread_blocked, id=1504, stack(0x0000000022df0000,0x0000000022ef0000)]
  0x000000001affd000 JavaThread "Cache worker for cache directory md-rule (C:\Users\Joshua\.gradle\caches\6.5\md-rule)" [_thread_blocked, id=10424, stack(0x0000000022af0000,0x0000000022bf0000)]
  0x000000001affc800 JavaThread "Cache worker for cache directory md-supplier (C:\Users\Joshua\.gradle\caches\6.5\md-supplier)" [_thread_blocked, id=1200, stack(0x00000000229f0000,0x0000000022af0000)]
  0x000000001affa000 JavaThread "Cache worker for checksums cache (C:\Users\Joshua\AndroidStudioProjects\SchoolProject\.gradle\checksums)" [_thread_blocked, id=12376, stack(0x00000000228f0000,0x00000000229f0000)]
  0x000000001aff2800 JavaThread "jar transforms Thread 20" [_thread_blocked, id=10396, stack(0x00000000225f0000,0x00000000226f0000)]
  0x000000001aff9800 JavaThread "jar transforms Thread 19" [_thread_blocked, id=12704, stack(0x00000000224f0000,0x00000000225f0000)]
  0x000000001aff3800 JavaThread "jar transforms Thread 18" [_thread_blocked, id=11476, stack(0x00000000223f0000,0x00000000224f0000)]
  0x000000001aff5000 JavaThread "jar transforms Thread 17" [_thread_blocked, id=12824, stack(0x00000000222f0000,0x00000000223f0000)]
  0x000000001aff8800 JavaThread "jar transforms Thread 16" [_thread_blocked, id=12220, stack(0x00000000221f0000,0x00000000222f0000)]
  0x000000001aff2000 JavaThread "jar transforms Thread 15" [_thread_blocked, id=4556, stack(0x00000000220f0000,0x00000000221f0000)]
  0x000000001aff7000 JavaThread "jar transforms Thread 14" [_thread_blocked, id=8488, stack(0x0000000021ff0000,0x00000000220f0000)]
  0x000000001aff1000 JavaThread "jar transforms Thread 13" [_thread_blocked, id=2324, stack(0x0000000021ef0000,0x0000000021ff0000)]
  0x000000001aff4000 JavaThread "jar transforms Thread 12" [_thread_blocked, id=13040, stack(0x0000000021df0000,0x0000000021ef0000)]
  0x000000001aff6800 JavaThread "jar transforms Thread 11" [_thread_blocked, id=4648, stack(0x0000000021cf0000,0x0000000021df0000)]
  0x000000001aff5800 JavaThread "jar transforms Thread 10" [_thread_blocked, id=6052, stack(0x0000000021bf0000,0x0000000021cf0000)]
  0x000000001aff8000 JavaThread "jar transforms Thread 9" [_thread_blocked, id=6860, stack(0x0000000021af0000,0x0000000021bf0000)]
  0x000000001aff0800 JavaThread "jar transforms Thread 8" [_thread_blocked, id=10500, stack(0x00000000219f0000,0x0000000021af0000)]
  0x000000001a848000 JavaThread "jar transforms Thread 7" [_thread_blocked, id=6484, stack(0x00000000218f0000,0x00000000219f0000)]
  0x000000001a84a000 JavaThread "jar transforms Thread 6" [_thread_blocked, id=1236, stack(0x00000000217f0000,0x00000000218f0000)]
  0x000000001a847000 JavaThread "jar transforms Thread 5" [_thread_blocked, id=11944, stack(0x00000000216f0000,0x00000000217f0000)]
  0x000000001a845800 JavaThread "jar transforms Thread 4" [_thread_blocked, id=8684, stack(0x00000000215f0000,0x00000000216f0000)]
  0x000000001a84b800 JavaThread "jar transforms Thread 3" [_thread_blocked, id=12676, stack(0x00000000214f0000,0x00000000215f0000)]
  0x000000001a846800 JavaThread "jar transforms Thread 2" [_thread_blocked, id=7060, stack(0x00000000213f0000,0x00000000214f0000)]
  0x000000001a84b000 JavaThread "jar transforms" [_thread_blocked, id=7564, stack(0x00000000202a0000,0x00000000203a0000)]
  0x000000001a849800 JavaThread "Cache worker for file hash cache (C:\Users\Joshua\AndroidStudioProjects\SchoolProject\.gradle\6.5\fileHashes)" [_thread_blocked, id=4708, stack(0x00000000201a0000,0x00000000202a0000)]
  0x000000001a84c800 JavaThread "Cache worker for file hash cache (C:\Users\Joshua\.gradle\caches\6.5\fileHashes)" [_thread_blocked, id=7328, stack(0x000000001dd00000,0x000000001de00000)]
  0x000000001a848800 JavaThread "File lock request listener" [_thread_in_native, id=11596, stack(0x000000001dc00000,0x000000001dd00000)]
  0x000000001abd6800 JavaThread "Cache worker for journal cache (C:\Users\Joshua\.gradle\caches\journal-1)" [_thread_blocked, id=8368, stack(0x000000001da00000,0x000000001db00000)]
  0x0000000019b09000 JavaThread "Thread-9" [_thread_blocked, id=400, stack(0x000000001d700000,0x000000001d800000)]
  0x000000001a2bc800 JavaThread "Asynchronous log dispatcher for DefaultDaemonConnection: socket connection from /127.0.0.1:53050 to /127.0.0.1:53051" [_thread_blocked, id=4932, stack(0x000000001d500000,0x000000001d600000)]
=>0x000000001a268800 JavaThread "Daemon worker" [_thread_in_vm, id=10568, stack(0x000000001d400000,0x000000001d500000)]
  0x000000001a272800 JavaThread "Cancel handler" [_thread_blocked, id=6204, stack(0x000000001d300000,0x000000001d400000)]
  0x000000001a4b6000 JavaThread "Handler for socket connection from /127.0.0.1:53050 to /127.0.0.1:53051" [_thread_in_native, id=10844, stack(0x000000001d200000,0x000000001d300000)]
  0x000000001a4b5800 JavaThread "Daemon" [_thread_blocked, id=8764, stack(0x000000001d100000,0x000000001d200000)]
  0x000000001ae60800 JavaThread "Daemon periodic checks" [_thread_blocked, id=12876, stack(0x000000001ce00000,0x000000001cf00000)]
  0x000000001a3ed000 JavaThread "Incoming local TCP Connector on port 53050" [_thread_in_native, id=10692, stack(0x000000001cbc0000,0x000000001ccc0000)]
  0x000000001b69f000 JavaThread "Daemon health stats" [_thread_blocked, id=7000, stack(0x000000001c580000,0x000000001c680000)]
  0x0000000017cc0800 JavaThread "Service Thread" daemon [_thread_blocked, id=5848, stack(0x00000000195e0000,0x00000000196e0000)]
  0x0000000017c89800 JavaThread "C1 CompilerThread2" daemon [_thread_in_vm, id=9784, stack(0x00000000194e0000,0x00000000195e0000)]
  0x0000000017c7c000 JavaThread "C2 CompilerThread1" daemon [_thread_blocked, id=5552, stack(0x00000000193e0000,0x00000000194e0000)]
  0x0000000017c78000 JavaThread "C2 CompilerThread0" daemon [_thread_in_native, id=1956, stack(0x00000000192e0000,0x00000000193e0000)]
  0x0000000017c75800 JavaThread "Attach Listener" daemon [_thread_blocked, id=4540, stack(0x00000000191e0000,0x00000000192e0000)]
  0x0000000017c72800 JavaThread "Signal Dispatcher" daemon [_thread_blocked, id=5944, stack(0x00000000190e0000,0x00000000191e0000)]
  0x0000000002f6c800 JavaThread "Finalizer" daemon [_thread_blocked, id=12836, stack(0x0000000018ee0000,0x0000000018fe0000)]
  0x0000000002f61000 JavaThread "Reference Handler" daemon [_thread_blocked, id=8752, stack(0x0000000018de0000,0x0000000018ee0000)]
  0x000000000304e800 JavaThread "main" [_thread_blocked, id=5680, stack(0x00000000015a0000,0x00000000016a0000)]

Other Threads:
  0x0000000017c37000 VMThread [stack: 0x0000000018ce0000,0x0000000018de0000] [id=12792]
  0x0000000017cc1800 WatcherThread [stack: 0x00000000196e0000,0x00000000197e0000] [id=8584]

VM state:not at safepoint (normal execution)

VM Mutex/Monitor currently owned by a thread: None

heap address: 0x0000000080000000, size: 2048 MB, Compressed Oops mode: 32-bit
Narrow klass base: 0x0000000000000000, Narrow klass shift: 3
Compressed class space size: 1073741824 Address: 0x0000000100000000

Heap:
 PSYoungGen      total 171008K, used 164493K [0x00000000d5580000, 0x00000000e4680000, 0x0000000100000000)
  eden space 152576K, 98% used [0x00000000d5580000,0x00000000de841728,0x00000000dea80000)
  from space 18432K, 77% used [0x00000000dea80000,0x00000000df861e78,0x00000000dfc80000)
  to   space 19968K, 0% used [0x00000000e3300000,0x00000000e3300000,0x00000000e4680000)
 ParOldGen       total 86528K, used 36581K [0x0000000080000000, 0x0000000085480000, 0x00000000d5580000)
  object space 86528K, 42% used [0x0000000080000000,0x00000000823b97e8,0x0000000085480000)
 Metaspace       used 74335K, capacity 77430K, committed 77656K, reserved 1118208K
  class space    used 10159K, capacity 10823K, committed 10880K, reserved 1048576K

Card table byte_map: [0x0000000012410000,0x0000000012820000] byte_map_base: 0x0000000012010000

Marking Bits: (ParMarkBitMap*) 0x00000000769cf030
 Begin Bits: [0x0000000012ed0000, 0x0000000014ed0000)
 End Bits:   [0x0000000014ed0000, 0x0000000016ed0000)

Polling page: 0x00000000016a0000

CodeCache: size=245760Kb used=22446Kb max_used=22890Kb free=223313Kb
 bounds [0x0000000003050000, 0x00000000046c0000, 0x0000000012050000]
 total_blobs=7364 nmethods=6544 adapters=730
 compilation: enabled

Compilation events (10 events):
Event: 115.428 Thread 0x0000000017c89800 7561       3       com.google.common.collect.AbstractMapBasedMultimap::createCollection (5 bytes)
Event: 115.429 Thread 0x0000000017c89800 nmethod 7561 0x000000000406b310 code [0x000000000406b480, 0x000000000406b688]
Event: 115.430 Thread 0x0000000017c89800 7562       1       org.gradle.api.internal.artifacts.ivyservice.resolveengine.result.DetachedResolvedGraphDependency::getFromVariant (5 bytes)
Event: 115.431 Thread 0x0000000017c89800 nmethod 7562 0x000000000329e7d0 code [0x000000000329e920, 0x000000000329ea30]
Event: 115.433 Thread 0x0000000017c89800 7563       1       org.gradle.api.internal.artifacts.ivyservice.resolveengine.result.DetachedResolvedGraphDependency::getFailure (5 bytes)
Event: 115.434 Thread 0x0000000017c89800 nmethod 7563 0x00000000032b8610 code [0x00000000032b8760, 0x00000000032b8870]
Event: 115.436 Thread 0x0000000017c89800 7564       1       org.gradle.api.internal.artifacts.ivyservice.resolveengine.result.DetachedResolvedGraphDependency::getSelected (5 bytes)
Event: 115.436 Thread 0x0000000017c89800 nmethod 7564 0x0000000003645a10 code [0x0000000003645b60, 0x0000000003645c70]
Event: 115.438 Thread 0x0000000017c7c000 7569       4       java.lang.Class::privateGetDeclaredConstructors (85 bytes)
Event: 115.467 Thread 0x0000000017c89800 7565       1       org.gradle.api.internal.artifacts.ivyservice.resolveengine.result.DetachedResolvedGraphDependency::getRequested (5 bytes)

GC Heap History (10 events):
Event: 72.020 GC heap before
{Heap before GC invocations=16 (full 2):
 PSYoungGen      total 109568K, used 109272K [0x00000000d5580000, 0x00000000de380000, 0x0000000100000000)
  eden space 99840K, 100% used [0x00000000d5580000,0x00000000db700000,0x00000000db700000)
  from space 9728K, 96% used [0x00000000db700000,0x00000000dc036378,0x00000000dc080000)
  to   space 10752K, 0% used [0x00000000dd900000,0x00000000dd900000,0x00000000de380000)
 ParOldGen       total 56832K, used 14420K [0x0000000080000000, 0x0000000083780000, 0x00000000d5580000)
  object space 56832K, 25% used [0x0000000080000000,0x0000000080e150d8,0x0000000083780000)
 Metaspace       used 47877K, capacity 49930K, committed 50136K, reserved 1093632K
  class space    used 6393K, capacity 6831K, committed 6912K, reserved 1048576K
Event: 72.076 GC heap after
Heap after GC invocations=16 (full 2):
 PSYoungGen      total 131072K, used 10748K [0x00000000d5580000, 0x00000000de900000, 0x0000000100000000)
  eden space 120320K, 0% used [0x00000000d5580000,0x00000000d5580000,0x00000000dcb00000)
  from space 10752K, 99% used [0x00000000dd900000,0x00000000de37f058,0x00000000de380000)
  to   space 14336K, 0% used [0x00000000dcb00000,0x00000000dcb00000,0x00000000dd900000)
 ParOldGen       total 56832K, used 19864K [0x0000000080000000, 0x0000000083780000, 0x00000000d5580000)
  object space 56832K, 34% used [0x0000000080000000,0x00000000813660b8,0x0000000083780000)
 Metaspace       used 47877K, capacity 49930K, committed 50136K, reserved 1093632K
  class space    used 6393K, capacity 6831K, committed 6912K, reserved 1048576K
}
Event: 79.551 GC heap before
{Heap before GC invocations=17 (full 2):
 PSYoungGen      total 131072K, used 131068K [0x00000000d5580000, 0x00000000de900000, 0x0000000100000000)
  eden space 120320K, 100% used [0x00000000d5580000,0x00000000dcb00000,0x00000000dcb00000)
  from space 10752K, 99% used [0x00000000dd900000,0x00000000de37f058,0x00000000de380000)
  to   space 14336K, 0% used [0x00000000dcb00000,0x00000000dcb00000,0x00000000dd900000)
 ParOldGen       total 56832K, used 19864K [0x0000000080000000, 0x0000000083780000, 0x00000000d5580000)
  object space 56832K, 34% used [0x0000000080000000,0x00000000813660b8,0x0000000083780000)
 Metaspace       used 56176K, capacity 58628K, committed 58840K, reserved 1099776K
  class space    used 7419K, capacity 7918K, committed 7936K, reserved 1048576K
Event: 79.656 GC heap after
Heap after GC invocations=17 (full 2):
 PSYoungGen      total 134656K, used 14328K [0x00000000d5580000, 0x00000000e0f80000, 0x0000000100000000)
  eden space 120320K, 0% used [0x00000000d5580000,0x00000000d5580000,0x00000000dcb00000)
  from space 14336K, 99% used [0x00000000dcb00000,0x00000000dd8fe3c0,0x00000000dd900000)
  to   space 19456K, 0% used [0x00000000dfc80000,0x00000000dfc80000,0x00000000e0f80000)
 ParOldGen       total 56832K, used 28428K [0x0000000080000000, 0x0000000083780000, 0x00000000d5580000)
  object space 56832K, 50% used [0x0000000080000000,0x0000000081bc3350,0x0000000083780000)
 Metaspace       used 56176K, capacity 58628K, committed 58840K, reserved 1099776K
  class space    used 7419K, capacity 7918K, committed 7936K, reserved 1048576K
}
Event: 79.741 GC heap before
{Heap before GC invocations=18 (full 2):
 PSYoungGen      total 134656K, used 18766K [0x00000000d5580000, 0x00000000e0f80000, 0x0000000100000000)
  eden space 120320K, 3% used [0x00000000d5580000,0x00000000d59d5550,0x00000000dcb00000)
  from space 14336K, 99% used [0x00000000dcb00000,0x00000000dd8fe3c0,0x00000000dd900000)
  to   space 19456K, 0% used [0x00000000dfc80000,0x00000000dfc80000,0x00000000e0f80000)
 ParOldGen       total 56832K, used 28428K [0x0000000080000000, 0x0000000083780000, 0x00000000d5580000)
  object space 56832K, 50% used [0x0000000080000000,0x0000000081bc3350,0x0000000083780000)
 Metaspace       used 56384K, capacity 58794K, committed 58968K, reserved 1099776K
  class space    used 7450K, capacity 7951K, committed 8064K, reserved 1048576K
Event: 79.798 GC heap after
Heap after GC invocations=18 (full 2):
 PSYoungGen      total 172032K, used 7748K [0x00000000d5580000, 0x00000000e2f00000, 0x0000000100000000)
  eden space 152576K, 0% used [0x00000000d5580000,0x00000000d5580000,0x00000000dea80000)
  from space 19456K, 39% used [0x00000000dfc80000,0x00000000e0411300,0x00000000e0f80000)
  to   space 18432K, 0% used [0x00000000dea80000,0x00000000dea80000,0x00000000dfc80000)
 ParOldGen       total 56832K, used 35478K [0x0000000080000000, 0x0000000083780000, 0x00000000d5580000)
  object space 56832K, 62% used [0x0000000080000000,0x00000000822a5b90,0x0000000083780000)
 Metaspace       used 56384K, capacity 58794K, committed 58968K, reserved 1099776K
  class space    used 7450K, capacity 7951K, committed 8064K, reserved 1048576K
}
Event: 79.798 GC heap before
{Heap before GC invocations=19 (full 3):
 PSYoungGen      total 172032K, used 7748K [0x00000000d5580000, 0x00000000e2f00000, 0x0000000100000000)
  eden space 152576K, 0% used [0x00000000d5580000,0x00000000d5580000,0x00000000dea80000)
  from space 19456K, 39% used [0x00000000dfc80000,0x00000000e0411300,0x00000000e0f80000)
  to   space 18432K, 0% used [0x00000000dea80000,0x00000000dea80000,0x00000000dfc80000)
 ParOldGen       total 56832K, used 35478K [0x0000000080000000, 0x0000000083780000, 0x00000000d5580000)
  object space 56832K, 62% used [0x0000000080000000,0x00000000822a5b90,0x0000000083780000)
 Metaspace       used 56384K, capacity 58794K, committed 58968K, reserved 1099776K
  class space    used 7450K, capacity 7951K, committed 8064K, reserved 1048576K
Event: 80.138 GC heap after
Heap after GC invocations=19 (full 3):
 PSYoungGen      total 172032K, used 0K [0x00000000d5580000, 0x00000000e2f00000, 0x0000000100000000)
  eden space 152576K, 0% used [0x00000000d5580000,0x00000000d5580000,0x00000000dea80000)
  from space 19456K, 0% used [0x00000000dfc80000,0x00000000dfc80000,0x00000000e0f80000)
  to   space 18432K, 0% used [0x00000000dea80000,0x00000000dea80000,0x00000000dfc80000)
 ParOldGen       total 86528K, used 36573K [0x0000000080000000, 0x0000000085480000, 0x00000000d5580000)
  object space 86528K, 42% used [0x0000000080000000,0x00000000823b77e8,0x0000000085480000)
 Metaspace       used 56334K, capacity 58646K, committed 58968K, reserved 1099776K
  class space    used 7435K, capacity 7931K, committed 8064K, reserved 1048576K
}
Event: 96.843 GC heap before
{Heap before GC invocations=20 (full 3):
 PSYoungGen      total 172032K, used 152576K [0x00000000d5580000, 0x00000000e2f00000, 0x0000000100000000)
  eden space 152576K, 100% used [0x00000000d5580000,0x00000000dea80000,0x00000000dea80000)
  from space 19456K, 0% used [0x00000000dfc80000,0x00000000dfc80000,0x00000000e0f80000)
  to   space 18432K, 0% used [0x00000000dea80000,0x00000000dea80000,0x00000000dfc80000)
 ParOldGen       total 86528K, used 36573K [0x0000000080000000, 0x0000000085480000, 0x00000000d5580000)
  object space 86528K, 42% used [0x0000000080000000,0x00000000823b77e8,0x0000000085480000)
 Metaspace       used 64892K, capacity 67644K, committed 67800K, reserved 1107968K
  class space    used 8806K, capacity 9356K, committed 9472K, reserved 1048576K
Event: 96.909 GC heap after
Heap after GC invocations=20 (full 3):
 PSYoungGen      total 171008K, used 14215K [0x00000000d5580000, 0x00000000e4680000, 0x0000000100000000)
  eden space 152576K, 0% used [0x00000000d5580000,0x00000000d5580000,0x00000000dea80000)
  from space 18432K, 77% used [0x00000000dea80000,0x00000000df861e78,0x00000000dfc80000)
  to   space 19968K, 0% used [0x00000000e3300000,0x00000000e3300000,0x00000000e4680000)
 ParOldGen       total 86528K, used 36581K [0x0000000080000000, 0x0000000085480000, 0x00000000d5580000)
  object space 86528K, 42% used [0x0000000080000000,0x00000000823b97e8,0x0000000085480000)
 Metaspace       used 64892K, capacity 67644K, committed 67800K, reserved 1107968K
  class space    used 8806K, capacity 9356K, committed 9472K, reserved 1048576K
}

Deoptimization events (10 events):
Event: 108.852 Thread 0x000000001a268800 Uncommon trap: reason=unstable_if action=reinterpret pc=0x0000000003717728 method=java.lang.CharacterDataLatin1.digit(II)I @ 31
Event: 110.074 Thread 0x000000001a268800 Uncommon trap: reason=predicate action=maybe_recompile pc=0x000000000460f778 method=java.util.AbstractCollection.toArray([Ljava/lang/Object;)[Ljava/lang/Object; @ 49
Event: 110.831 Thread 0x000000001a268800 Uncommon trap: reason=class_check action=maybe_recompile pc=0x0000000003380720 method=java.util.HashMap.putVal(ILjava/lang/Object;Ljava/lang/Object;ZZ)Ljava/lang/Object; @ 203
Event: 110.832 Thread 0x000000001a268800 Uncommon trap: reason=class_check action=maybe_recompile pc=0x0000000003380720 method=java.util.HashMap.putVal(ILjava/lang/Object;Ljava/lang/Object;ZZ)Ljava/lang/Object; @ 203
Event: 115.016 Thread 0x0000000019bcd000 Uncommon trap: reason=class_check action=maybe_recompile pc=0x0000000003e62cfc method=java.util.concurrent.ConcurrentHashMap.putVal(Ljava/lang/Object;Ljava/lang/Object;Z)Ljava/lang/Object; @ 192
Event: 115.021 Thread 0x0000000019bce000 Uncommon trap: reason=class_check action=maybe_recompile pc=0x0000000003e62cfc method=java.util.concurrent.ConcurrentHashMap.putVal(Ljava/lang/Object;Ljava/lang/Object;Z)Ljava/lang/Object; @ 192
Event: 115.041 Thread 0x0000000019bce000 Uncommon trap: reason=class_check action=maybe_recompile pc=0x0000000003e62cfc method=java.util.concurrent.ConcurrentHashMap.putVal(Ljava/lang/Object;Ljava/lang/Object;Z)Ljava/lang/Object; @ 192
Event: 115.042 Thread 0x0000000019bc8000 Uncommon trap: reason=class_check action=maybe_recompile pc=0x0000000003e62cfc method=java.util.concurrent.ConcurrentHashMap.putVal(Ljava/lang/Object;Ljava/lang/Object;Z)Ljava/lang/Object; @ 192
Event: 115.272 Thread 0x000000001a268800 Uncommon trap: reason=class_check action=maybe_recompile pc=0x00000000033808bc method=java.util.HashMap.putVal(ILjava/lang/Object;Ljava/lang/Object;ZZ)Ljava/lang/Object; @ 203
Event: 115.379 Thread 0x000000001a268800 Uncommon trap: reason=unstable_if action=reinterpret pc=0x0000000003bb0ef8 method=com.esotericsoftware.kryo.io.Input.require(I)I @ 65

Classes redefined (0 events):
No events

Internal exceptions (10 events):
Event: 104.269 Thread 0x000000001a268800 Exception <a 'java/lang/ClassNotFoundException': org/gradle/api/plugins/JavaPluginConventionCustomizer> (0x00000000da83cec0) thrown at [C:\src\AOSP-openjdk-git\hotspot\src\share\vm\classfile\systemDictionary.cpp, line 210]
Event: 104.271 Thread 0x000000001a268800 Exception <a 'java/lang/ClassNotFoundException': org/gradle/api/plugins/internal/DefaultJavaPluginConventionCustomizer> (0x00000000da88cac0) thrown at [C:\src\AOSP-openjdk-git\hotspot\src\share\vm\classfile\systemDictionary.cpp, line 210]
Event: 104.274 Thread 0x000000001a268800 Exception <a 'java/lang/ClassNotFoundException': org/gradle/api/plugins/internal/DefaultBasePluginConventionBeanInfo> (0x00000000da927b00) thrown at [C:\src\AOSP-openjdk-git\hotspot\src\share\vm\classfile\systemDictionary.cpp, line 210]
Event: 104.275 Thread 0x000000001a268800 Exception <a 'java/lang/ClassNotFoundException': org/gradle/api/plugins/BasePluginConventionBeanInfo> (0x00000000da951420) thrown at [C:\src\AOSP-openjdk-git\hotspot\src\share\vm\classfile\systemDictionary.cpp, line 210]
Event: 104.275 Thread 0x000000001a268800 Exception <a 'java/lang/ClassNotFoundException': org/gradle/api/plugins/BasePluginConventionCustomizer> (0x00000000da97b4a0) thrown at [C:\src\AOSP-openjdk-git\hotspot\src\share\vm\classfile\systemDictionary.cpp, line 210]
Event: 104.276 Thread 0x000000001a268800 Exception <a 'java/lang/ClassNotFoundException': org/gradle/api/plugins/internal/DefaultBasePluginConventionCustomizer> (0x00000000da9c2610) thrown at [C:\src\AOSP-openjdk-git\hotspot\src\share\vm\classfile\systemDictionary.cpp, line 210]
Event: 106.247 Thread 0x000000001a268800 Exception <a 'sun/nio/fs/WindowsException'> (0x00000000db827228) thrown at [C:\src\AOSP-openjdk-git\hotspot\src\share\vm\prims\jni.cpp, line 710]
Event: 106.607 Thread 0x000000001a268800 Exception <a 'java/lang/ClassNotFoundException': com/sun/org/glassfish/hk2/osgiresourcelocator/ServiceLoader> (0x00000000dbbd9458) thrown at [C:\src\AOSP-openjdk-git\hotspot\src\share\vm\classfile\systemDictionary.cpp, line 210]
Event: 107.248 Thread 0x000000001a268800 Exception <a 'java/lang/NullPointerException'> (0x00000000dc059758) thrown at [C:\src\AOSP-openjdk-git\hotspot\src\share\vm\interpreter\linkResolver.cpp, line 1287]
Event: 109.729 Thread 0x000000001a268800 Exception <a 'java/lang/reflect/InvocationTargetException'> (0x00000000dd7776a0) thrown at [C:\src\AOSP-openjdk-git\hotspot\src\share\vm\runtime\reflection.cpp, line 1092]

Events (10 events):
Event: 115.438 Thread 0x0000000017c89800 flushing nmethod 0x0000000003807810
Event: 115.438 Thread 0x0000000017c89800 flushing nmethod 0x0000000003808c10
Event: 115.439 Thread 0x0000000017c89800 flushing nmethod 0x000000000380e9d0
Event: 115.439 loading class org/gradle/api/artifacts/DependencyConstraint
Event: 115.439 Thread 0x0000000017c89800 flushing nmethod 0x0000000003929b50
Event: 115.439 loading class org/gradle/api/artifacts/DependencyConstraint done
Event: 115.439 Thread 0x0000000017c89800 flushing nmethod 0x000000000392a390
Event: 115.439 Thread 0x0000000017c89800 flushing nmethod 0x000000000392d7d0
Event: 115.439 Thread 0x0000000017c89800 flushing nmethod 0x00000000039342d0
Event: 115.439 Thread 0x0000000017c89800 flushing nmethod 0x0000000003936590


Dynamic libraries:
0x00007ff766450000 - 0x00007ff766481000 	C:\Program Files\Android\Android Studio1\jre\bin\java.exe
0x00007ffee30e0000 - 0x00007ffee32d0000 	C:\WINDOWS\SYSTEM32\ntdll.dll
0x00007ffee2710000 - 0x00007ffee27c2000 	C:\WINDOWS\System32\KERNEL32.DLL
0x00007ffee0200000 - 0x00007ffee04a5000 	C:\WINDOWS\System32\KERNELBASE.dll
0x00007ffee2ff0000 - 0x00007ffee3093000 	C:\WINDOWS\System32\ADVAPI32.dll
0x00007ffee2240000 - 0x00007ffee22de000 	C:\WINDOWS\System32\msvcrt.dll
0x00007ffee22e0000 - 0x00007ffee2377000 	C:\WINDOWS\System32\sechost.dll
0x00007ffee1a70000 - 0x00007ffee1b8f000 	C:\WINDOWS\System32\RPCRT4.dll
0x00007ffee1fd0000 - 0x00007ffee2164000 	C:\WINDOWS\System32\USER32.dll
0x00007ffee0c60000 - 0x00007ffee0c81000 	C:\WINDOWS\System32\win32u.dll
0x00007ffee2380000 - 0x00007ffee23a6000 	C:\WINDOWS\System32\GDI32.dll
0x00007ffee0dc0000 - 0x00007ffee0f58000 	C:\WINDOWS\System32\gdi32full.dll
0x00007ffee0d20000 - 0x00007ffee0dbe000 	C:\WINDOWS\System32\msvcp_win.dll
0x00007ffee0f80000 - 0x00007ffee107a000 	C:\WINDOWS\System32\ucrtbase.dll
0x00007ffec4dc0000 - 0x00007ffec5044000 	C:\WINDOWS\WinSxS\amd64_microsoft.windows.common-controls_6595b64144ccf1df_6.0.18362.1440_none_9e7dbfb9e45e8e67\COMCTL32.dll
0x00007ffee1190000 - 0x00007ffee14c6000 	C:\WINDOWS\System32\combase.dll
0x00007ffee0c90000 - 0x00007ffee0d11000 	C:\WINDOWS\System32\bcryptPrimitives.dll
0x00007ffee2530000 - 0x00007ffee255e000 	C:\WINDOWS\System32\IMM32.DLL
0x0000000075790000 - 0x0000000075862000 	C:\Program Files\Android\Android Studio1\jre\jre\bin\msvcr100.dll
0x0000000076200000 - 0x0000000076a4b000 	C:\Program Files\Android\Android Studio1\jre\jre\bin\server\jvm.dll
0x00007ffed8dc0000 - 0x00007ffed8dca000 	C:\WINDOWS\SYSTEM32\VERSION.dll
0x00007ffeda5c0000 - 0x00007ffeda5e4000 	C:\WINDOWS\SYSTEM32\WINMM.dll
0x00007ffeda590000 - 0x00007ffeda5bd000 	C:\WINDOWS\SYSTEM32\winmmbase.dll
0x00007ffee0050000 - 0x00007ffee009a000 	C:\WINDOWS\System32\cfgmgr32.dll
0x00007ffee2510000 - 0x00007ffee2518000 	C:\WINDOWS\System32\PSAPI.DLL
0x00007ffec5c50000 - 0x00007ffec5c59000 	C:\WINDOWS\SYSTEM32\WSOCK32.dll
0x00007ffee2170000 - 0x00007ffee21df000 	C:\WINDOWS\System32\ws2_32.DLL
0x00007ffed8c30000 - 0x00007ffed8c3f000 	C:\Program Files\Android\Android Studio1\jre\jre\bin\verify.dll
0x00007ffe9a010000 - 0x00007ffe9a039000 	C:\Program Files\Android\Android Studio1\jre\jre\bin\java.dll
0x00007ffea7720000 - 0x00007ffea7736000 	C:\Program Files\Android\Android Studio1\jre\jre\bin\zip.dll
0x00007ffee2850000 - 0x00007ffee2f38000 	C:\WINDOWS\System32\SHELL32.dll
0x00007ffee2f40000 - 0x00007ffee2fe7000 	C:\WINDOWS\System32\shcore.dll
0x00007ffee04b0000 - 0x00007ffee0c2b000 	C:\WINDOWS\System32\windows.storage.dll
0x00007ffee0030000 - 0x00007ffee004e000 	C:\WINDOWS\System32\profapi.dll
0x00007ffedffa0000 - 0x00007ffedffea000 	C:\WINDOWS\System32\powrprof.dll
0x00007ffedff90000 - 0x00007ffedffa0000 	C:\WINDOWS\System32\UMPDC.dll
0x00007ffee1a10000 - 0x00007ffee1a62000 	C:\WINDOWS\System32\shlwapi.dll
0x00007ffedfff0000 - 0x00007ffee0001000 	C:\WINDOWS\System32\kernel.appcore.dll
0x00007ffee0f60000 - 0x00007ffee0f77000 	C:\WINDOWS\System32\cryptsp.dll
0x00007ffe9ee40000 - 0x00007ffe9ee5a000 	C:\Program Files\Android\Android Studio1\jre\jre\bin\net.dll
0x00007ffedf770000 - 0x00007ffedf7d7000 	C:\WINDOWS\system32\mswsock.dll
0x00007ffe99ff0000 - 0x00007ffe9a003000 	C:\Program Files\Android\Android Studio1\jre\jre\bin\nio.dll
0x00007ffed7560000 - 0x00007ffed7587000 	C:\Users\Joshua\.gradle\native\f6784746aeab05261644944871eae4fe03e0ef1612fff0a4a95f87b438bc6780\windows-amd64\native-platform.dll
0x00007ffed7460000 - 0x00007ffed746d000 	C:\Program Files\Android\Android Studio1\jre\jre\bin\management.dll
0x00007ffedf2f0000 - 0x00007ffedf323000 	C:\WINDOWS\system32\rsaenh.dll
0x00007ffee0c30000 - 0x00007ffee0c56000 	C:\WINDOWS\System32\bcrypt.dll
0x00007ffedfe70000 - 0x00007ffedfe95000 	C:\WINDOWS\SYSTEM32\USERENV.dll
0x00007ffedf940000 - 0x00007ffedf94c000 	C:\WINDOWS\SYSTEM32\CRYPTBASE.dll
0x00007ffedf480000 - 0x00007ffedf4ba000 	C:\WINDOWS\SYSTEM32\IPHLPAPI.DLL
0x00007ffee2520000 - 0x00007ffee2528000 	C:\WINDOWS\System32\NSI.dll
0x00007ffed5770000 - 0x00007ffed5786000 	C:\WINDOWS\SYSTEM32\dhcpcsvc6.DLL
0x00007ffed5c90000 - 0x00007ffed5cac000 	C:\WINDOWS\SYSTEM32\dhcpcsvc.DLL
0x00007ffedf4c0000 - 0x00007ffedf58b000 	C:\WINDOWS\SYSTEM32\DNSAPI.dll
0x00007ffed6d40000 - 0x00007ffed6d4b000 	C:\WINDOWS\SYSTEM32\WINNSI.DLL

VM Arguments:
jvm_args: -Xmx2048m -Dfile.encoding=UTF-8 -Duser.country=GB -Duser.language=en -Duser.variant 
java_command: org.gradle.launcher.daemon.bootstrap.GradleDaemon 6.5
java_class_path (initial): C:\Users\Joshua\.gradle\wrapper\dists\gradle-6.5-bin\6nifqtx7604sqp1q6g8wikw7p\gradle-6.5\lib\gradle-launcher-6.5.jar
Launcher Type: SUN_STANDARD

Environment Variables:
PATH=C:\Program Files (x86)\Intel\iCLS Client\;C:\Program Files\Intel\iCLS Client\;C:\WINDOWS\system32;C:\WINDOWS;C:\WINDOWS\System32\Wbem;C:\WINDOWS\System32\WindowsPowerShell\v1.0\;c:\Program Files\Intel\WiFi\bin\;c:\Program Files\Common Files\Intel\WirelessCommon\;C:\Program Files (x86)\Intel\Intel(R) Management Engine Components\DAL;C:\Program Files\Intel\Intel(R) Management Engine Components\DAL;C:\Program Files (x86)\Intel\Intel(R) Management Engine Components\IPT;C:\Program Files\Intel\Intel(R) Management Engine Components\IPT;C:\WINDOWS\System32\OpenSSH\;C:\Program Files\Java\jdk-14\bin;C:\Program Files\PuTTY\;C:\Program Files\nodejs\;C:\Program Files\Git\cmd;C:\Program Files\MongoDB\Server\4.4\bin;C:\Program Files\MySQL\MySQL Shell 8.0\bin\;C:\Users\Joshua\AppData\Local\Microsoft\WindowsApps;C:\Users\Joshua\AppData\Local\Programs\Microsoft VS Code\bin;C:\Users\Joshua\AppData\Local\GitHubDesktop\bin;C:\Users\Joshua\AppData\Roaming\npm;C:\Users\Joshua\AppData\Local\nvs\
USERNAME=Joshua
OS=Windows_NT
PROCESSOR_IDENTIFIER=Intel64 Family 6 Model 78 Stepping 3, GenuineIntel



---------------  S Y S T E M  ---------------

OS: Windows 10.0 , 64 bit Build 18362 (10.0.18362.1350)

CPU:total 4 (initial active 4) (2 cores per cpu, 2 threads per core) family 6 model 78 stepping 3, cmov, cx8, fxsr, mmx, sse, sse2, sse3, ssse3, sse4.1, sse4.2, popcnt, avx, avx2, aes, clmul, erms, 3dnowpref, lzcnt, ht, tsc, tscinvbit, bmi1, bmi2, adx

Memory: 4k page, physical 4088416k(257016k free), swap 8282720k(0k free)

vm_info: OpenJDK 64-Bit Server VM (25.242-b01) for windows-amd64 JRE (1.8.0_242-release-1644-b01), built by "builder" with MS VC++ 10.0 (VS2010)

time: Tue May 04 17:12:02 2021
timezone: W. Central Africa Standard Time
elapsed time: 115 seconds (0d 0h 1m 55s)

