#
# There is insufficient memory for the Java Runtime Environment to continue.
# Native memory allocation (mmap) failed to map 183500800 bytes for Failed to commit area from 0x0000000092000000 to 0x000000009cf00000 of length 183500800.
# Possible reasons:
#   The system is out of physical RAM or swap space
#   The process is running with CompressedOops enabled, and the Java Heap may be blocking the growth of the native heap
# Possible solutions:
#   Reduce memory load on the system
#   Increase physical memory or swap space
#   Check if swap backing store is full
#   Decrease Java heap size (-Xmx/-Xms)
#   Decrease number of Java threads
#   Decrease Java thread stack sizes (-Xss)
#   Set larger code cache with -XX:ReservedCodeCacheSize=
#   JVM is running with Unscaled Compressed Oops mode in which the Java heap is
#     placed in the first 4GB address space. The Java Heap base address is the
#     maximum limit for the native heap growth. Please use -XX:HeapBaseMinAddress
#     to set the Java Heap base and to place the Java Heap above 4GB virtual address.
# This output file may be truncated or incomplete.
#
#  Out of Memory Error (./src/hotspot/os/windows/os_windows.cpp:3303), pid=3796, tid=2012
#
# JRE version: OpenJDK Runtime Environment (11.0.8+10) (build 11.0.8+10-b944.6842174)
# Java VM: OpenJDK 64-Bit Server VM (11.0.8+10-b944.6842174, mixed mode, tiered, compressed oops, g1 gc, windows-amd64)
# No core dump will be written. Minidumps are not enabled by default on client versions of Windows
#

---------------  S U M M A R Y ------------

Command Line: --add-opens=java.base/java.util=ALL-UNNAMED --add-opens=java.base/java.lang=ALL-UNNAMED --add-opens=java.base/java.lang.invoke=ALL-UNNAMED --add-opens=java.base/java.util=ALL-UNNAMED --add-opens=java.prefs/java.util.prefs=ALL-UNNAMED --add-opens=java.prefs/java.util.prefs=ALL-UNNAMED --add-opens=java.base/java.nio.charset=ALL-UNNAMED --add-opens=java.base/java.net=ALL-UNNAMED --add-opens=java.base/java.util.concurrent.atomic=ALL-UNNAMED -Xmx2048m -Dfile.encoding=UTF-8 -Duser.country=GB -Duser.language=en -Duser.variant org.gradle.launcher.daemon.bootstrap.GradleDaemon 7.0

Host: Intel(R) Core(TM) i5-6200U CPU @ 2.30GHz, 4 cores, 3G,  Windows 10 , 64 bit Build 18362 (10.0.18362.1350)
Time: Tue Aug 31 11:41:26 2021 W. Central Africa Standard Time elapsed time: 144 seconds (0d 0h 2m 24s)

---------------  T H R E A D  ---------------

Current thread (0x000001e484e7e000):  VMThread "VM Thread" [stack: 0x000000a73e700000,0x000000a73e800000] [id=2012]

Stack: [0x000000a73e700000,0x000000a73e800000]
[error occurred during error reporting (printing stack bounds), id 0xc0000005, EXCEPTION_ACCESS_VIOLATION (0xc0000005) at pc=0x000001e488720dad]

Native frames: (J=compiled Java code, j=interpreted, Vv=VM code, C=native code)
V  [jvm.dll+0x5de50a]
V  [jvm.dll+0x7122f5]
V  [jvm.dll+0x71384d]
V  [jvm.dll+0x713e65]
V  [jvm.dll+0x713e1b]
V  [jvm.dll+0x5dd958]
V  [jvm.dll+0x5de0f8]
C  [ntdll.dll+0xa1eef]
C  [ntdll.dll+0x6aad9]
C  [ntdll.dll+0xa0b5e]
C  0x000001e488720dad

VM_Operation (0x000000a7410f8860): G1CollectForAllocation, mode: safepoint, requested by thread 0x000001e4a29c2000


---------------  P R O C E S S  ---------------

Threads class SMR info:
_java_thread_list=0x000001e4a7bdf5e0, length=51, elements={
0x000001e484db0000, 0x000001e49e7ec000, 0x000001e49e7ef000, 0x000001e49f164800,
0x000001e49f165800, 0x000001e49f166800, 0x000001e49e858800, 0x000001e49f1b5000,
0x000001e49f2c8800, 0x000001e49f2e5800, 0x000001e4a0d2e800, 0x000001e4a1ae0800,
0x000001e4a1093800, 0x000001e4a061c000, 0x000001e4a074e800, 0x000001e4a074f800,
0x000001e4a07c0800, 0x000001e4a07c1000, 0x000001e4a0765800, 0x000001e49f71a000,
0x000001e49f716000, 0x000001e49f719800, 0x000001e49f718800, 0x000001e49f71b000,
0x000001e49f71b800, 0x000001e49f717800, 0x000001e49f71c800, 0x000001e49f717000,
0x000001e4a29be000, 0x000001e4a29bf800, 0x000001e4a29bd000, 0x000001e4a29c0800,
0x000001e4a29c3800, 0x000001e4a29c6000, 0x000001e4a29c7000, 0x000001e4a29c7800,
0x000001e4a29c2000, 0x000001e4a29c5800, 0x000001e4a29c8800, 0x000001e4a29c4800,
0x000001e4a29c3000, 0x000001e4a29ca000, 0x000001e4a29cb000, 0x000001e4a4de7800,
0x000001e4a4de8800, 0x000001e4a4de5800, 0x000001e4a4deb000, 0x000001e4a4de6000,
0x000001e4a4de9800, 0x000001e4a4dec000, 0x000001e4a4dec800
}

Java Threads: ( => current thread )
  0x000001e484db0000 JavaThread "main" [_thread_blocked, id=1292, stack(0x000000a73e100000,0x000000a73e200000)]
  0x000001e49e7ec000 JavaThread "Reference Handler" daemon [_thread_blocked, id=4756, stack(0x000000a73e800000,0x000000a73e900000)]
  0x000001e49e7ef000 JavaThread "Finalizer" daemon [_thread_blocked, id=13076, stack(0x000000a73e900000,0x000000a73ea00000)]
  0x000001e49f164800 JavaThread "Signal Dispatcher" daemon [_thread_blocked, id=10728, stack(0x000000a73ea00000,0x000000a73eb00000)]
  0x000001e49f165800 JavaThread "Attach Listener" daemon [_thread_blocked, id=1388, stack(0x000000a73eb00000,0x000000a73ec00000)]
  0x000001e49f166800 JavaThread "C2 CompilerThread0" daemon [_thread_blocked, id=2036, stack(0x000000a73ec00000,0x000000a73ed00000)]
  0x000001e49e858800 JavaThread "C1 CompilerThread0" daemon [_thread_blocked, id=8900, stack(0x000000a73ed00000,0x000000a73ee00000)]
  0x000001e49f1b5000 JavaThread "Sweeper thread" daemon [_thread_blocked, id=9480, stack(0x000000a73ee00000,0x000000a73ef00000)]
  0x000001e49f2c8800 JavaThread "Common-Cleaner" daemon [_thread_blocked, id=3300, stack(0x000000a73ef00000,0x000000a73f000000)]
  0x000001e49f2e5800 JavaThread "Service Thread" daemon [_thread_blocked, id=5232, stack(0x000000a73f000000,0x000000a73f100000)]
  0x000001e4a0d2e800 JavaThread "Daemon health stats" [_thread_blocked, id=14548, stack(0x000000a73f400000,0x000000a73f500000)]
  0x000001e4a1ae0800 JavaThread "Incoming local TCP Connector on port 55760" [_thread_in_native, id=12220, stack(0x000000a73f200000,0x000000a73f300000)]
  0x000001e4a1093800 JavaThread "Daemon periodic checks" [_thread_blocked, id=1252, stack(0x000000a73f700000,0x000000a73f800000)]
  0x000001e4a061c000 JavaThread "Daemon" [_thread_blocked, id=8204, stack(0x000000a73f800000,0x000000a73f900000)]
  0x000001e4a074e800 JavaThread "Handler for socket connection from /127.0.0.1:55760 to /127.0.0.1:55761" [_thread_in_native, id=10100, stack(0x000000a73f900000,0x000000a73fa00000)]
  0x000001e4a074f800 JavaThread "Cancel handler" [_thread_blocked, id=12880, stack(0x000000a73fa00000,0x000000a73fb00000)]
  0x000001e4a07c0800 JavaThread "Daemon worker" [_thread_blocked, id=7964, stack(0x000000a73fb00000,0x000000a73fc00000)]
  0x000001e4a07c1000 JavaThread "Asynchronous log dispatcher for DefaultDaemonConnection: socket connection from /127.0.0.1:55760 to /127.0.0.1:55761" [_thread_blocked, id=12980, stack(0x000000a73fc00000,0x000000a73fd00000)]
  0x000001e4a0765800 JavaThread "Daemon client event forwarder" [_thread_blocked, id=10492, stack(0x000000a73fe00000,0x000000a73ff00000)]
  0x000001e49f71a000 JavaThread "Cache worker for file hash cache (C:\Users\Joshua\.gradle\caches\7.0\fileHashes)" [_thread_blocked, id=2928, stack(0x000000a73ff00000,0x000000a740000000)]
  0x000001e49f716000 JavaThread "File lock request listener" [_thread_in_native, id=13460, stack(0x000000a740000000,0x000000a740100000)]
  0x000001e49f719800 JavaThread "Cache worker for journal cache (C:\Users\Joshua\.gradle\caches\journal-1)" [_thread_blocked, id=12024, stack(0x000000a740100000,0x000000a740200000)]
  0x000001e49f718800 JavaThread "Cache worker for file hash cache (C:\Users\Joshua\AndroidStudioProjects\SchoolProject\.gradle\7.0\fileHashes)" [_thread_blocked, id=1604, stack(0x000000a740200000,0x000000a740300000)]
  0x000001e49f71b000 JavaThread "File watcher server" daemon [_thread_blocked, id=10432, stack(0x000000a740300000,0x000000a740400000)]
  0x000001e49f71b800 JavaThread "File watcher consumer" daemon [_thread_blocked, id=8252, stack(0x000000a740400000,0x000000a740500000)]
  0x000001e49f717800 JavaThread "Cache worker for checksums cache (C:\Users\Joshua\AndroidStudioProjects\SchoolProject\.gradle\checksums)" [_thread_blocked, id=13752, stack(0x000000a740500000,0x000000a740600000)]
  0x000001e49f71c800 JavaThread "Cache worker for cache directory md-supplier (C:\Users\Joshua\.gradle\caches\7.0\md-supplier)" [_thread_blocked, id=11756, stack(0x000000a740600000,0x000000a740700000)]
  0x000001e49f717000 JavaThread "Cache worker for cache directory md-rule (C:\Users\Joshua\.gradle\caches\7.0\md-rule)" [_thread_blocked, id=1376, stack(0x000000a740800000,0x000000a740900000)]
  0x000001e4a29be000 JavaThread "Cache worker for execution history cache (C:\Users\Joshua\.gradle\caches\7.0\executionHistory)" [_thread_blocked, id=14664, stack(0x000000a740700000,0x000000a740800000)]
  0x000001e4a29bf800 JavaThread "jar transforms" [_thread_blocked, id=6248, stack(0x000000a740a00000,0x000000a740b00000)]
  0x000001e4a29bd000 JavaThread "jar transforms Thread 2" [_thread_blocked, id=13400, stack(0x000000a740b00000,0x000000a740c00000)]
  0x000001e4a29c0800 JavaThread "Cache worker for file content cache (C:\Users\Joshua\.gradle\caches\7.0\fileContent)" [_thread_blocked, id=2888, stack(0x000000a740900000,0x000000a740a00000)]
  0x000001e4a29c3800 JavaThread "Cache worker for dependencies-accessors (C:\Users\Joshua\AndroidStudioProjects\SchoolProject\.gradle\7.0\dependencies-accessors)" [_thread_blocked, id=2180, stack(0x000000a740c00000,0x000000a740d00000)]
  0x000001e4a29c6000 JavaThread "jar transforms Thread 3" [_thread_blocked, id=9936, stack(0x000000a740d00000,0x000000a740e00000)]
  0x000001e4a29c7000 JavaThread "Cache worker for Build Output Cleanup Cache (C:\Users\Joshua\AndroidStudioProjects\SchoolProject\.gradle\buildOutputCleanup)" [_thread_blocked, id=13644, stack(0x000000a740e00000,0x000000a740f00000)]
  0x000001e4a29c7800 JavaThread "Build operations" [_thread_blocked, id=7840, stack(0x000000a740f00000,0x000000a741000000)]
  0x000001e4a29c2000 JavaThread "Build operations Thread 2" [_thread_blocked, id=8236, stack(0x000000a741000000,0x000000a741100000)]
  0x000001e4a29c5800 JavaThread "Build operations Thread 3" [_thread_blocked, id=13480, stack(0x000000a741100000,0x000000a741200000)]
  0x000001e4a29c8800 JavaThread "Build operations Thread 4" [_thread_blocked, id=9444, stack(0x000000a741200000,0x000000a741300000)]
  0x000001e4a29c4800 JavaThread "jar transforms Thread 4" [_thread_blocked, id=12544, stack(0x000000a741500000,0x000000a741600000)]
  0x000001e4a29c3000 JavaThread "Memory manager" [_thread_blocked, id=14636, stack(0x000000a741600000,0x000000a741700000)]
  0x000001e4a29ca000 JavaThread "build event listener" [_thread_blocked, id=1516, stack(0x000000a73de00000,0x000000a73df00000)]
  0x000001e4a29cb000 JavaThread "build event listener" [_thread_blocked, id=12796, stack(0x000000a73df00000,0x000000a73e000000)]
  0x000001e4a4de7800 JavaThread "Execution worker for ':'" [_thread_blocked, id=1500, stack(0x000000a73e000000,0x000000a73e100000)]
  0x000001e4a4de8800 JavaThread "Execution worker for ':' Thread 2" [_thread_blocked, id=13760, stack(0x000000a73fd00000,0x000000a73fe00000)]
  0x000001e4a4de5800 JavaThread "Execution worker for ':' Thread 3" [_thread_blocked, id=1664, stack(0x000000a741700000,0x000000a741800000)]
  0x000001e4a4deb000 JavaThread "Cache worker for execution history cache (C:\Users\Joshua\AndroidStudioProjects\SchoolProject\.gradle\7.0\executionHistory)" [_thread_blocked, id=13224, stack(0x000000a741800000,0x000000a741900000)]
  0x000001e4a4de6000 JavaThread "WorkerExecutor Queue" [_thread_blocked, id=5240, stack(0x000000a741a00000,0x000000a741b00000)]
  0x000001e4a4de9800 JavaThread "WorkerExecutor Queue Thread 2" [_thread_blocked, id=5904, stack(0x000000a741b00000,0x000000a741c00000)]
  0x000001e4a4dec000 JavaThread "WorkerExecutor Queue Thread 3" [_thread_blocked, id=9548, stack(0x000000a741c00000,0x000000a741d00000)]
  0x000001e4a4dec800 JavaThread "WorkerExecutor Queue Thread 4" [_thread_blocked, id=13764, stack(0x000000a741d00000,0x000000a741e00000)]

Other Threads:
=>0x000001e484e7e000 VMThread "VM Thread" [stack: 0x000000a73e700000,0x000000a73e800000] [id=2012]
  0x000001e49f2da800 WatcherThread [stack: 0x000000a73f100000,0x000000a73f200000] [id=14496]
  0x000001e484dc9000 GCTaskThread "GC Thread#0" [stack: 0x000000a73e200000,0x000000a73e300000] [id=6160]
  0x000001e49f79c800 GCTaskThread "GC Thread#1" [stack: 0x000000a73f300000,0x000000a73f400000] [id=10068]
  0x000001e4a0883800 GCTaskThread "GC Thread#2" [stack: 0x000000a73f500000,0x000000a73f600000] [id=10808]
  0x000001e4a1e95000 GCTaskThread "GC Thread#3" [stack: 0x000000a73f600000,0x000000a73f700000] [id=9336]
  0x000001e484dfa800 ConcurrentGCThread "G1 Main Marker" [stack: 0x000000a73e300000,0x000000a73e400000] [id=7680]
  0x000001e484dfc000 ConcurrentGCThread "G1 Conc#0" [stack: 0x000000a73e400000,0x000000a73e500000] [id=12164]
  0x000001e484e58800 ConcurrentGCThread "G1 Refine#0" [stack: 0x000000a73e500000,0x000000a73e600000] [id=6168]
  0x000001e484e59800 ConcurrentGCThread "G1 Young RemSet Sampling" [stack: 0x000000a73e600000,0x000000a73e700000] [id=12236]

Threads with active compile tasks:
C2 CompilerThread0 145213 17665       4       com.android.tools.r8.v.b.Z0::a (455 bytes)

VM state:at safepoint (normal execution)

VM Mutex/Monitor currently owned by a thread:  ([mutex/lock_event])
[0x000001e484dac430] Threads_lock - owner thread: 0x000001e484e7e000
[0x000001e484dabaa0] Heap_lock - owner thread: 0x000001e4a29c2000

Heap address: 0x0000000080000000, size: 2048 MB, Compressed Oops mode: 32-bit
Narrow klass base: 0x0000000000000000, Narrow klass shift: 3
Compressed class space size: 1073741824 Address: 0x0000000100000000

Heap:
 garbage-first heap   total 474112K, used 138107K [0x0000000080000000, 0x0000000100000000)
  region size 1024K, 11 young (11264K), 11 survivors (11264K)
 Metaspace       used 103867K, capacity 106364K, committed 106624K, reserved 1142784K
  class space    used 12886K, capacity 13793K, committed 13952K, reserved 1048576K
Heap Regions: E=young(eden), S=young(survivor), O=old, HS=humongous(starts), HC=humongous(continues), CS=collection set, F=free, A=archive, TAMS=top-at-mark-start (previous, next)
|   0|0x0000000080000000, 0x0000000080100000, 0x0000000080100000|100%| O|  |TAMS 0x0000000080100000, 0x0000000080000000| Untracked 
|   1|0x0000000080100000, 0x0000000080200000, 0x0000000080200000|100%| O|  |TAMS 0x0000000080200000, 0x0000000080100000| Untracked 
|   2|0x0000000080200000, 0x0000000080300000, 0x0000000080300000|100%| O|  |TAMS 0x0000000080300000, 0x0000000080200000| Untracked 
|   3|0x0000000080300000, 0x0000000080400000, 0x0000000080400000|100%|HS|  |TAMS 0x0000000080400000, 0x0000000080300000| Complete 
|   4|0x0000000080400000, 0x0000000080500000, 0x0000000080500000|100%|HC|  |TAMS 0x0000000080500000, 0x0000000080400000| Complete 
|   5|0x0000000080500000, 0x0000000080600000, 0x0000000080600000|100%|HC|  |TAMS 0x0000000080600000, 0x0000000080500000| Complete 
|   6|0x0000000080600000, 0x0000000080700000, 0x0000000080700000|100%| O|  |TAMS 0x0000000080700000, 0x0000000080600000| Untracked 
|   7|0x0000000080700000, 0x0000000080800000, 0x0000000080800000|100%| O|  |TAMS 0x0000000080800000, 0x0000000080700000| Untracked 
|   8|0x0000000080800000, 0x0000000080900000, 0x0000000080900000|100%| O|  |TAMS 0x0000000080900000, 0x0000000080800000| Untracked 
|   9|0x0000000080900000, 0x0000000080a00000, 0x0000000080a00000|100%| O|  |TAMS 0x0000000080a00000, 0x0000000080900000| Untracked 
|  10|0x0000000080a00000, 0x0000000080b00000, 0x0000000080b00000|100%| O|  |TAMS 0x0000000080b00000, 0x0000000080a00000| Untracked 
|  11|0x0000000080b00000, 0x0000000080c00000, 0x0000000080c00000|100%| O|  |TAMS 0x0000000080c00000, 0x0000000080b00000| Untracked 
|  12|0x0000000080c00000, 0x0000000080d00000, 0x0000000080d00000|100%| O|  |TAMS 0x0000000080d00000, 0x0000000080c00000| Untracked 
|  13|0x0000000080d00000, 0x0000000080e00000, 0x0000000080e00000|100%| O|  |TAMS 0x0000000080e00000, 0x0000000080d00000| Untracked 
|  14|0x0000000080e00000, 0x0000000080f00000, 0x0000000080f00000|100%| O|  |TAMS 0x0000000080f00000, 0x0000000080e00000| Untracked 
|  15|0x0000000080f00000, 0x0000000081000000, 0x0000000081000000|100%| O|  |TAMS 0x0000000081000000, 0x0000000080f00000| Untracked 
|  16|0x0000000081000000, 0x0000000081100000, 0x0000000081100000|100%| O|  |TAMS 0x0000000081100000, 0x0000000081000000| Untracked 
|  17|0x0000000081100000, 0x0000000081200000, 0x0000000081200000|100%| O|  |TAMS 0x0000000081200000, 0x0000000081100000| Untracked 
|  18|0x0000000081200000, 0x0000000081300000, 0x0000000081300000|100%| O|  |TAMS 0x0000000081300000, 0x0000000081200000| Untracked 
|  19|0x0000000081300000, 0x0000000081400000, 0x0000000081400000|100%| O|  |TAMS 0x0000000081400000, 0x0000000081300000| Untracked 
|  20|0x0000000081400000, 0x0000000081500000, 0x0000000081500000|100%| O|  |TAMS 0x0000000081500000, 0x0000000081400000| Untracked 
|  21|0x0000000081500000, 0x0000000081600000, 0x0000000081600000|100%| O|  |TAMS 0x0000000081600000, 0x0000000081500000| Untracked 
|  22|0x0000000081600000, 0x0000000081700000, 0x0000000081700000|100%| O|  |TAMS 0x0000000081700000, 0x0000000081600000| Untracked 
|  23|0x0000000081700000, 0x0000000081800000, 0x0000000081800000|100%| O|  |TAMS 0x0000000081800000, 0x0000000081700000| Untracked 
|  24|0x0000000081800000, 0x0000000081900000, 0x0000000081900000|100%| O|  |TAMS 0x0000000081900000, 0x0000000081800000| Untracked 
|  25|0x0000000081900000, 0x0000000081a00000, 0x0000000081a00000|100%| O|  |TAMS 0x0000000081a00000, 0x0000000081900000| Untracked 
|  26|0x0000000081a00000, 0x0000000081b00000, 0x0000000081b00000|100%| O|  |TAMS 0x0000000081b00000, 0x0000000081a00000| Untracked 
|  27|0x0000000081b00000, 0x0000000081c00000, 0x0000000081c00000|100%| O|  |TAMS 0x0000000081c00000, 0x0000000081b00000| Untracked 
|  28|0x0000000081c00000, 0x0000000081d00000, 0x0000000081d00000|100%|HS|  |TAMS 0x0000000081d00000, 0x0000000081c00000| Complete 
|  29|0x0000000081d00000, 0x0000000081e00000, 0x0000000081e00000|100%|HS|  |TAMS 0x0000000081e00000, 0x0000000081d00000| Complete 
|  30|0x0000000081e00000, 0x0000000081f00000, 0x0000000081f00000|100%|HC|  |TAMS 0x0000000081f00000, 0x0000000081e00000| Complete 
|  31|0x0000000081f00000, 0x0000000082000000, 0x0000000082000000|100%| O|  |TAMS 0x0000000082000000, 0x0000000081f00000| Untracked 
|  32|0x0000000082000000, 0x0000000082100000, 0x0000000082100000|100%| O|  |TAMS 0x0000000082100000, 0x0000000082000000| Untracked 
|  33|0x0000000082100000, 0x0000000082200000, 0x0000000082200000|100%| O|  |TAMS 0x0000000082200000, 0x0000000082100000| Untracked 
|  34|0x0000000082200000, 0x0000000082300000, 0x0000000082300000|100%| O|  |TAMS 0x0000000082300000, 0x0000000082200000| Untracked 
|  35|0x0000000082300000, 0x0000000082400000, 0x0000000082400000|100%| O|  |TAMS 0x0000000082400000, 0x0000000082300000| Untracked 
|  36|0x0000000082400000, 0x0000000082500000, 0x0000000082500000|100%| O|  |TAMS 0x0000000082500000, 0x0000000082400000| Untracked 
|  37|0x0000000082500000, 0x0000000082600000, 0x0000000082600000|100%| O|  |TAMS 0x0000000082600000, 0x0000000082500000| Untracked 
|  38|0x0000000082600000, 0x0000000082700000, 0x0000000082700000|100%| O|  |TAMS 0x0000000082700000, 0x0000000082600000| Untracked 
|  39|0x0000000082700000, 0x0000000082800000, 0x0000000082800000|100%| O|  |TAMS 0x0000000082800000, 0x0000000082700000| Untracked 
|  40|0x0000000082800000, 0x0000000082900000, 0x0000000082900000|100%| O|  |TAMS 0x0000000082900000, 0x0000000082800000| Untracked 
|  41|0x0000000082900000, 0x0000000082a00000, 0x0000000082a00000|100%| O|  |TAMS 0x0000000082a00000, 0x0000000082900000| Untracked 
|  42|0x0000000082a00000, 0x0000000082b00000, 0x0000000082b00000|100%| O|  |TAMS 0x0000000082b00000, 0x0000000082a00000| Untracked 
|  43|0x0000000082b00000, 0x0000000082c00000, 0x0000000082c00000|100%| O|  |TAMS 0x0000000082c00000, 0x0000000082b00000| Untracked 
|  44|0x0000000082c00000, 0x0000000082d00000, 0x0000000082d00000|100%| O|  |TAMS 0x0000000082d00000, 0x0000000082c00000| Untracked 
|  45|0x0000000082d00000, 0x0000000082e00000, 0x0000000082e00000|100%| O|  |TAMS 0x0000000082e00000, 0x0000000082d00000| Untracked 
|  46|0x0000000082e00000, 0x0000000082f00000, 0x0000000082f00000|100%| O|  |TAMS 0x0000000082f00000, 0x0000000082e00000| Untracked 
|  47|0x0000000082f00000, 0x0000000083000000, 0x0000000083000000|100%| O|  |TAMS 0x0000000083000000, 0x0000000082f00000| Untracked 
|  48|0x0000000083000000, 0x0000000083100000, 0x0000000083100000|100%| O|  |TAMS 0x0000000083100000, 0x0000000083000000| Untracked 
|  49|0x0000000083100000, 0x0000000083200000, 0x0000000083200000|100%| O|  |TAMS 0x0000000083200000, 0x0000000083100000| Untracked 
|  50|0x0000000083200000, 0x0000000083300000, 0x0000000083300000|100%| O|  |TAMS 0x0000000083300000, 0x0000000083200000| Untracked 
|  51|0x0000000083300000, 0x0000000083400000, 0x0000000083400000|100%| O|  |TAMS 0x0000000083400000, 0x0000000083300000| Untracked 
|  52|0x0000000083400000, 0x0000000083500000, 0x0000000083500000|100%| O|  |TAMS 0x0000000083500000, 0x0000000083400000| Untracked 
|  53|0x0000000083500000, 0x0000000083600000, 0x0000000083600000|100%| O|  |TAMS 0x0000000083600000, 0x0000000083500000| Untracked 
|  54|0x0000000083600000, 0x0000000083700000, 0x0000000083700000|100%| O|  |TAMS 0x0000000083700000, 0x0000000083600000| Untracked 
|  55|0x0000000083700000, 0x0000000083800000, 0x0000000083800000|100%| O|  |TAMS 0x0000000083800000, 0x0000000083700000| Untracked 
|  56|0x0000000083800000, 0x0000000083900000, 0x0000000083900000|100%| O|  |TAMS 0x0000000083900000, 0x0000000083800000| Untracked 
|  57|0x0000000083900000, 0x0000000083a00000, 0x0000000083a00000|100%| O|  |TAMS 0x0000000083a00000, 0x0000000083900000| Untracked 
|  58|0x0000000083a00000, 0x0000000083b00000, 0x0000000083b00000|100%| O|  |TAMS 0x0000000083b00000, 0x0000000083a00000| Untracked 
|  59|0x0000000083b00000, 0x0000000083c00000, 0x0000000083c00000|100%| O|  |TAMS 0x0000000083c00000, 0x0000000083b00000| Untracked 
|  60|0x0000000083c00000, 0x0000000083d00000, 0x0000000083d00000|100%| O|  |TAMS 0x0000000083d00000, 0x0000000083c00000| Untracked 
|  61|0x0000000083d00000, 0x0000000083e00000, 0x0000000083e00000|100%| O|  |TAMS 0x0000000083e00000, 0x0000000083d00000| Untracked 
|  62|0x0000000083e00000, 0x0000000083f00000, 0x0000000083f00000|100%| O|  |TAMS 0x0000000083f00000, 0x0000000083e00000| Untracked 
|  63|0x0000000083f00000, 0x0000000084000000, 0x0000000084000000|100%| O|  |TAMS 0x0000000084000000, 0x0000000083f00000| Untracked 
|  64|0x0000000084000000, 0x0000000084100000, 0x0000000084100000|100%| O|  |TAMS 0x0000000084100000, 0x0000000084000000| Untracked 
|  65|0x0000000084100000, 0x0000000084200000, 0x0000000084200000|100%| O|  |TAMS 0x0000000084100000, 0x0000000084100000| Untracked 
|  66|0x0000000084200000, 0x0000000084300000, 0x0000000084300000|100%| O|  |TAMS 0x0000000084300000, 0x0000000084200000| Untracked 
|  67|0x0000000084300000, 0x0000000084400000, 0x0000000084400000|100%| O|  |TAMS 0x0000000084400000, 0x0000000084300000| Untracked 
|  68|0x0000000084400000, 0x0000000084500000, 0x0000000084500000|100%| O|  |TAMS 0x0000000084500000, 0x0000000084400000| Untracked 
|  69|0x0000000084500000, 0x0000000084600000, 0x0000000084600000|100%| O|  |TAMS 0x0000000084600000, 0x0000000084500000| Untracked 
|  70|0x0000000084600000, 0x0000000084700000, 0x0000000084700000|100%| O|  |TAMS 0x0000000084700000, 0x0000000084600000| Untracked 
|  71|0x0000000084700000, 0x0000000084800000, 0x0000000084800000|100%| O|  |TAMS 0x0000000084800000, 0x0000000084700000| Untracked 
|  72|0x0000000084800000, 0x0000000084800000, 0x0000000084900000|  0%| F|  |TAMS 0x0000000084800000, 0x0000000084800000| Untracked 
|  73|0x0000000084900000, 0x0000000084a00000, 0x0000000084a00000|100%| O|  |TAMS 0x0000000084a00000, 0x0000000084900000| Untracked 
|  74|0x0000000084a00000, 0x0000000084b00000, 0x0000000084b00000|100%| O|  |TAMS 0x0000000084b00000, 0x0000000084a00000| Untracked 
|  75|0x0000000084b00000, 0x0000000084b00000, 0x0000000084c00000|  0%| F|  |TAMS 0x0000000084b00000, 0x0000000084b00000| Untracked 
|  76|0x0000000084c00000, 0x0000000084d00000, 0x0000000084d00000|100%| O|  |TAMS 0x0000000084d00000, 0x0000000084c00000| Untracked 
|  77|0x0000000084d00000, 0x0000000084e00000, 0x0000000084e00000|100%| O|  |TAMS 0x0000000084e00000, 0x0000000084d00000| Untracked 
|  78|0x0000000084e00000, 0x0000000084f00000, 0x0000000084f00000|100%| O|  |TAMS 0x0000000084f00000, 0x0000000084e00000| Untracked 
|  79|0x0000000084f00000, 0x0000000085000000, 0x0000000085000000|100%| O|  |TAMS 0x0000000085000000, 0x0000000084f00000| Untracked 
|  80|0x0000000085000000, 0x0000000085100000, 0x0000000085100000|100%| O|  |TAMS 0x0000000085100000, 0x0000000085000000| Untracked 
|  81|0x0000000085100000, 0x0000000085200000, 0x0000000085200000|100%| O|  |TAMS 0x0000000085200000, 0x0000000085100000| Untracked 
|  82|0x0000000085200000, 0x0000000085300000, 0x0000000085300000|100%| O|  |TAMS 0x0000000085300000, 0x0000000085200000| Untracked 
|  83|0x0000000085300000, 0x0000000085400000, 0x0000000085400000|100%| O|  |TAMS 0x0000000085400000, 0x0000000085300000| Untracked 
|  84|0x0000000085400000, 0x0000000085500000, 0x0000000085500000|100%| O|  |TAMS 0x0000000085500000, 0x0000000085400000| Untracked 
|  85|0x0000000085500000, 0x0000000085600000, 0x0000000085600000|100%| O|  |TAMS 0x0000000085600000, 0x0000000085500000| Untracked 
|  86|0x0000000085600000, 0x0000000085700000, 0x0000000085700000|100%| O|  |TAMS 0x0000000085700000, 0x0000000085600000| Untracked 
|  87|0x0000000085700000, 0x0000000085800000, 0x0000000085800000|100%| O|  |TAMS 0x0000000085800000, 0x0000000085700000| Untracked 
|  88|0x0000000085800000, 0x0000000085900000, 0x0000000085900000|100%| O|  |TAMS 0x0000000085900000, 0x0000000085800000| Untracked 
|  89|0x0000000085900000, 0x0000000085a00000, 0x0000000085a00000|100%| O|  |TAMS 0x0000000085a00000, 0x0000000085900000| Untracked 
|  90|0x0000000085a00000, 0x0000000085b00000, 0x0000000085b00000|100%| O|  |TAMS 0x0000000085b00000, 0x0000000085a00000| Untracked 
|  91|0x0000000085b00000, 0x0000000085c00000, 0x0000000085c00000|100%| O|  |TAMS 0x0000000085c00000, 0x0000000085b00000| Untracked 
|  92|0x0000000085c00000, 0x0000000085c85a00, 0x0000000085d00000| 52%| O|  |TAMS 0x0000000085c00000, 0x0000000085c00000| Untracked 
|  93|0x0000000085d00000, 0x0000000085d00000, 0x0000000085e00000|  0%| F|  |TAMS 0x0000000085d00000, 0x0000000085d00000| Untracked 
|  94|0x0000000085e00000, 0x0000000085e00000, 0x0000000085f00000|  0%| F|  |TAMS 0x0000000085e00000, 0x0000000085e00000| Untracked 
|  95|0x0000000085f00000, 0x0000000086000000, 0x0000000086000000|100%| O|  |TAMS 0x0000000086000000, 0x0000000085f00000| Untracked 
|  96|0x0000000086000000, 0x0000000086100000, 0x0000000086100000|100%| O|  |TAMS 0x0000000086100000, 0x0000000086000000| Untracked 
|  97|0x0000000086100000, 0x0000000086200000, 0x0000000086200000|100%| O|  |TAMS 0x0000000086200000, 0x0000000086100000| Untracked 
|  98|0x0000000086200000, 0x0000000086300000, 0x0000000086300000|100%| O|  |TAMS 0x0000000086300000, 0x0000000086200000| Untracked 
|  99|0x0000000086300000, 0x0000000086400000, 0x0000000086400000|100%| O|  |TAMS 0x0000000086400000, 0x0000000086300000| Untracked 
| 100|0x0000000086400000, 0x0000000086500000, 0x0000000086500000|100%| O|  |TAMS 0x0000000086500000, 0x0000000086400000| Untracked 
| 101|0x0000000086500000, 0x0000000086600000, 0x0000000086600000|100%| O|  |TAMS 0x0000000086600000, 0x0000000086500000| Untracked 
| 102|0x0000000086600000, 0x0000000086700000, 0x0000000086700000|100%| O|  |TAMS 0x0000000086700000, 0x0000000086600000| Untracked 
| 103|0x0000000086700000, 0x0000000086800000, 0x0000000086800000|100%| O|  |TAMS 0x0000000086800000, 0x0000000086700000| Untracked 
| 104|0x0000000086800000, 0x0000000086900000, 0x0000000086900000|100%| O|  |TAMS 0x0000000086900000, 0x0000000086800000| Untracked 
| 105|0x0000000086900000, 0x0000000086900000, 0x0000000086a00000|  0%| F|  |TAMS 0x0000000086900000, 0x0000000086900000| Untracked 
| 106|0x0000000086a00000, 0x0000000086b00000, 0x0000000086b00000|100%| O|  |TAMS 0x0000000086b00000, 0x0000000086a00000| Untracked 
| 107|0x0000000086b00000, 0x0000000086c00000, 0x0000000086c00000|100%| O|  |TAMS 0x0000000086c00000, 0x0000000086b00000| Untracked 
| 108|0x0000000086c00000, 0x0000000086d00000, 0x0000000086d00000|100%| O|  |TAMS 0x0000000086d00000, 0x0000000086c00000| Untracked 
| 109|0x0000000086d00000, 0x0000000086e00000, 0x0000000086e00000|100%| O|  |TAMS 0x0000000086e00000, 0x0000000086d00000| Untracked 
| 110|0x0000000086e00000, 0x0000000086f00000, 0x0000000086f00000|100%| O|  |TAMS 0x0000000086f00000, 0x0000000086e00000| Untracked 
| 111|0x0000000086f00000, 0x0000000087000000, 0x0000000087000000|100%| O|  |TAMS 0x0000000087000000, 0x0000000086f00000| Untracked 
| 112|0x0000000087000000, 0x0000000087100000, 0x0000000087100000|100%| O|  |TAMS 0x0000000087100000, 0x0000000087000000| Untracked 
| 113|0x0000000087100000, 0x0000000087200000, 0x0000000087200000|100%| O|  |TAMS 0x0000000087200000, 0x0000000087100000| Untracked 
| 114|0x0000000087200000, 0x0000000087300000, 0x0000000087300000|100%| O|  |TAMS 0x0000000087300000, 0x0000000087200000| Untracked 
| 115|0x0000000087300000, 0x0000000087400000, 0x0000000087400000|100%| O|  |TAMS 0x0000000087400000, 0x0000000087300000| Untracked 
| 116|0x0000000087400000, 0x0000000087500000, 0x0000000087500000|100%| O|  |TAMS 0x0000000087500000, 0x0000000087400000| Untracked 
| 117|0x0000000087500000, 0x0000000087600000, 0x0000000087600000|100%| O|  |TAMS 0x0000000087600000, 0x0000000087500000| Untracked 
| 118|0x0000000087600000, 0x0000000087700000, 0x0000000087700000|100%| O|  |TAMS 0x0000000087700000, 0x0000000087600000| Untracked 
| 119|0x0000000087700000, 0x0000000087800000, 0x0000000087800000|100%| O|  |TAMS 0x0000000087800000, 0x0000000087700000| Untracked 
| 120|0x0000000087800000, 0x0000000087900000, 0x0000000087900000|100%| O|  |TAMS 0x0000000087900000, 0x0000000087800000| Untracked 
| 121|0x0000000087900000, 0x0000000087a00000, 0x0000000087a00000|100%| O|  |TAMS 0x0000000087a00000, 0x0000000087900000| Untracked 
| 122|0x0000000087a00000, 0x0000000087b00000, 0x0000000087b00000|100%| O|  |TAMS 0x0000000087b00000, 0x0000000087a00000| Untracked 
| 123|0x0000000087b00000, 0x0000000087c00000, 0x0000000087c00000|100%| O|  |TAMS 0x0000000087c00000, 0x0000000087b00000| Untracked 
| 124|0x0000000087c00000, 0x0000000087d00000, 0x0000000087d00000|100%| O|  |TAMS 0x0000000087d00000, 0x0000000087c00000| Untracked 
| 125|0x0000000087d00000, 0x0000000087e00000, 0x0000000087e00000|100%| O|  |TAMS 0x0000000087e00000, 0x0000000087d00000| Untracked 
| 126|0x0000000087e00000, 0x0000000087f00000, 0x0000000087f00000|100%| O|  |TAMS 0x0000000087f00000, 0x0000000087e00000| Untracked 
| 127|0x0000000087f00000, 0x0000000088000000, 0x0000000088000000|100%| O|  |TAMS 0x0000000088000000, 0x0000000087f00000| Untracked 
| 128|0x0000000088000000, 0x0000000088100000, 0x0000000088100000|100%| O|  |TAMS 0x0000000088100000, 0x0000000088000000| Untracked 
| 129|0x0000000088100000, 0x0000000088200000, 0x0000000088200000|100%| O|  |TAMS 0x00000000881bce00, 0x0000000088100000| Untracked 
| 130|0x0000000088200000, 0x0000000088200000, 0x0000000088300000|  0%| F|  |TAMS 0x0000000088200000, 0x0000000088200000| Untracked 
| 131|0x0000000088300000, 0x0000000088300000, 0x0000000088400000|  0%| F|  |TAMS 0x0000000088300000, 0x0000000088300000| Untracked 
| 132|0x0000000088400000, 0x0000000088400000, 0x0000000088500000|  0%| F|  |TAMS 0x0000000088400000, 0x0000000088400000| Untracked 
| 133|0x0000000088500000, 0x0000000088500000, 0x0000000088600000|  0%| F|  |TAMS 0x0000000088500000, 0x0000000088500000| Untracked 
| 134|0x0000000088600000, 0x0000000088600000, 0x0000000088700000|  0%| F|  |TAMS 0x0000000088600000, 0x0000000088600000| Untracked 
| 135|0x0000000088700000, 0x0000000088700000, 0x0000000088800000|  0%| F|  |TAMS 0x0000000088700000, 0x0000000088700000| Untracked 
| 136|0x0000000088800000, 0x0000000088800000, 0x0000000088900000|  0%| F|  |TAMS 0x0000000088800000, 0x0000000088800000| Untracked 
| 137|0x0000000088900000, 0x0000000088900000, 0x0000000088a00000|  0%| F|  |TAMS 0x0000000088900000, 0x0000000088900000| Untracked 
| 138|0x0000000088a00000, 0x0000000088a00000, 0x0000000088b00000|  0%| F|  |TAMS 0x0000000088a00000, 0x0000000088a00000| Untracked 
| 139|0x0000000088b00000, 0x0000000088b00000, 0x0000000088c00000|  0%| F|  |TAMS 0x0000000088b00000, 0x0000000088b00000| Untracked 
| 140|0x0000000088c00000, 0x0000000088c00000, 0x0000000088d00000|  0%| F|  |TAMS 0x0000000088c00000, 0x0000000088c00000| Untracked 
| 141|0x0000000088d00000, 0x0000000088d00000, 0x0000000088e00000|  0%| F|  |TAMS 0x0000000088d00000, 0x0000000088d00000| Untracked 
| 142|0x0000000088e00000, 0x0000000088e00000, 0x0000000088f00000|  0%| F|  |TAMS 0x0000000088e00000, 0x0000000088e00000| Untracked 
| 143|0x0000000088f00000, 0x0000000088f00000, 0x0000000089000000|  0%| F|  |TAMS 0x0000000088f00000, 0x0000000088f00000| Untracked 
| 144|0x0000000089000000, 0x0000000089000000, 0x0000000089100000|  0%| F|  |TAMS 0x0000000089000000, 0x0000000089000000| Untracked 
| 145|0x0000000089100000, 0x0000000089100000, 0x0000000089200000|  0%| F|  |TAMS 0x0000000089100000, 0x0000000089100000| Untracked 
| 146|0x0000000089200000, 0x0000000089200000, 0x0000000089300000|  0%| F|  |TAMS 0x0000000089200000, 0x0000000089200000| Untracked 
| 147|0x0000000089300000, 0x0000000089300000, 0x0000000089400000|  0%| F|  |TAMS 0x0000000089300000, 0x0000000089300000| Untracked 
| 148|0x0000000089400000, 0x0000000089400000, 0x0000000089500000|  0%| F|  |TAMS 0x0000000089400000, 0x0000000089400000| Untracked 
| 149|0x0000000089500000, 0x0000000089500000, 0x0000000089600000|  0%| F|  |TAMS 0x0000000089500000, 0x0000000089500000| Untracked 
| 150|0x0000000089600000, 0x0000000089600000, 0x0000000089700000|  0%| F|  |TAMS 0x0000000089600000, 0x0000000089600000| Untracked 
| 151|0x0000000089700000, 0x0000000089700000, 0x0000000089800000|  0%| F|  |TAMS 0x0000000089700000, 0x0000000089700000| Untracked 
| 152|0x0000000089800000, 0x0000000089800000, 0x0000000089900000|  0%| F|  |TAMS 0x0000000089800000, 0x0000000089800000| Untracked 
| 153|0x0000000089900000, 0x0000000089900000, 0x0000000089a00000|  0%| F|  |TAMS 0x0000000089900000, 0x0000000089900000| Untracked 
| 154|0x0000000089a00000, 0x0000000089a00000, 0x0000000089b00000|  0%| F|  |TAMS 0x0000000089a00000, 0x0000000089a00000| Untracked 
| 155|0x0000000089b00000, 0x0000000089b00000, 0x0000000089c00000|  0%| F|  |TAMS 0x0000000089b00000, 0x0000000089b00000| Untracked 
| 156|0x0000000089c00000, 0x0000000089c00000, 0x0000000089d00000|  0%| F|  |TAMS 0x0000000089c00000, 0x0000000089c00000| Untracked 
| 157|0x0000000089d00000, 0x0000000089d00000, 0x0000000089e00000|  0%| F|  |TAMS 0x0000000089d00000, 0x0000000089d00000| Untracked 
| 158|0x0000000089e00000, 0x0000000089e00000, 0x0000000089f00000|  0%| F|  |TAMS 0x0000000089e00000, 0x0000000089e00000| Untracked 
| 159|0x0000000089f00000, 0x0000000089f00000, 0x000000008a000000|  0%| F|  |TAMS 0x0000000089f00000, 0x0000000089f00000| Untracked 
| 160|0x000000008a000000, 0x000000008a000000, 0x000000008a100000|  0%| F|  |TAMS 0x000000008a000000, 0x000000008a000000| Untracked 
| 161|0x000000008a100000, 0x000000008a100000, 0x000000008a200000|  0%| F|  |TAMS 0x000000008a100000, 0x000000008a100000| Untracked 
| 162|0x000000008a200000, 0x000000008a200000, 0x000000008a300000|  0%| F|  |TAMS 0x000000008a200000, 0x000000008a200000| Untracked 
| 163|0x000000008a300000, 0x000000008a300000, 0x000000008a400000|  0%| F|  |TAMS 0x000000008a300000, 0x000000008a300000| Untracked 
| 164|0x000000008a400000, 0x000000008a459200, 0x000000008a500000| 34%| S|CS|TAMS 0x000000008a400000, 0x000000008a400000| Complete 
| 165|0x000000008a500000, 0x000000008a600000, 0x000000008a600000|100%| S|CS|TAMS 0x000000008a500000, 0x000000008a500000| Complete 
| 166|0x000000008a600000, 0x000000008a700000, 0x000000008a700000|100%| S|CS|TAMS 0x000000008a600000, 0x000000008a600000| Complete 
| 167|0x000000008a700000, 0x000000008a800000, 0x000000008a800000|100%| S|CS|TAMS 0x000000008a700000, 0x000000008a700000| Complete 
| 168|0x000000008a800000, 0x000000008a900000, 0x000000008a900000|100%| S|CS|TAMS 0x000000008a800000, 0x000000008a800000| Complete 
| 169|0x000000008a900000, 0x000000008aa00000, 0x000000008aa00000|100%| S|CS|TAMS 0x000000008a900000, 0x000000008a900000| Complete 
| 170|0x000000008aa00000, 0x000000008ab00000, 0x000000008ab00000|100%| S|CS|TAMS 0x000000008aa00000, 0x000000008aa00000| Complete 
| 171|0x000000008ab00000, 0x000000008ac00000, 0x000000008ac00000|100%| S|CS|TAMS 0x000000008ab00000, 0x000000008ab00000| Complete 
| 172|0x000000008ac00000, 0x000000008ac00000, 0x000000008ad00000|  0%| F|  |TAMS 0x000000008ac00000, 0x000000008ac00000| Untracked 
| 173|0x000000008ad00000, 0x000000008ad00000, 0x000000008ae00000|  0%| F|  |TAMS 0x000000008ad00000, 0x000000008ad00000| Untracked 
| 174|0x000000008ae00000, 0x000000008ae00000, 0x000000008af00000|  0%| F|  |TAMS 0x000000008ae00000, 0x000000008ae00000| Untracked 
| 175|0x000000008af00000, 0x000000008af00000, 0x000000008b000000|  0%| F|  |TAMS 0x000000008af00000, 0x000000008af00000| Untracked 
| 176|0x000000008b000000, 0x000000008b000000, 0x000000008b100000|  0%| F|  |TAMS 0x000000008b000000, 0x000000008b000000| Untracked 
| 177|0x000000008b100000, 0x000000008b100000, 0x000000008b200000|  0%| F|  |TAMS 0x000000008b100000, 0x000000008b100000| Untracked 
| 178|0x000000008b200000, 0x000000008b200000, 0x000000008b300000|  0%| F|  |TAMS 0x000000008b200000, 0x000000008b200000| Untracked 
| 179|0x000000008b300000, 0x000000008b400000, 0x000000008b400000|100%| S|CS|TAMS 0x000000008b300000, 0x000000008b300000| Complete 
| 180|0x000000008b400000, 0x000000008b500000, 0x000000008b500000|100%| S|CS|TAMS 0x000000008b400000, 0x000000008b400000| Complete 
| 181|0x000000008b500000, 0x000000008b600000, 0x000000008b600000|100%| S|CS|TAMS 0x000000008b500000, 0x000000008b500000| Complete 
| 182|0x000000008b600000, 0x000000008b600000, 0x000000008b700000|  0%| F|  |TAMS 0x000000008b600000, 0x000000008b600000| Untracked 
| 183|0x000000008b700000, 0x000000008b700000, 0x000000008b800000|  0%| F|  |TAMS 0x000000008b700000, 0x000000008b700000| Untracked 
| 184|0x000000008b800000, 0x000000008b800000, 0x000000008b900000|  0%| F|  |TAMS 0x000000008b800000, 0x000000008b800000| Untracked 
| 185|0x000000008b900000, 0x000000008b900000, 0x000000008ba00000|  0%| F|  |TAMS 0x000000008b900000, 0x000000008b900000| Untracked 
| 186|0x000000008ba00000, 0x000000008ba00000, 0x000000008bb00000|  0%| F|  |TAMS 0x000000008ba00000, 0x000000008ba00000| Untracked 
| 187|0x000000008bb00000, 0x000000008bb00000, 0x000000008bc00000|  0%| F|  |TAMS 0x000000008bb00000, 0x000000008bb00000| Untracked 
| 188|0x000000008bc00000, 0x000000008bc00000, 0x000000008bd00000|  0%| F|  |TAMS 0x000000008bc00000, 0x000000008bc00000| Untracked 
| 189|0x000000008bd00000, 0x000000008bd00000, 0x000000008be00000|  0%| F|  |TAMS 0x000000008bd00000, 0x000000008bd00000| Untracked 
| 190|0x000000008be00000, 0x000000008be00000, 0x000000008bf00000|  0%| F|  |TAMS 0x000000008be00000, 0x000000008be00000| Untracked 
| 191|0x000000008bf00000, 0x000000008bf00000, 0x000000008c000000|  0%| F|  |TAMS 0x000000008bf00000, 0x000000008bf00000| Untracked 
| 192|0x000000008c000000, 0x000000008c000000, 0x000000008c100000|  0%| F|  |TAMS 0x000000008c000000, 0x000000008c000000| Untracked 
| 193|0x000000008c100000, 0x000000008c100000, 0x000000008c200000|  0%| F|  |TAMS 0x000000008c100000, 0x000000008c100000| Untracked 
| 194|0x000000008c200000, 0x000000008c200000, 0x000000008c300000|  0%| F|  |TAMS 0x000000008c200000, 0x000000008c200000| Untracked 
| 195|0x000000008c300000, 0x000000008c300000, 0x000000008c400000|  0%| F|  |TAMS 0x000000008c300000, 0x000000008c300000| Untracked 
| 196|0x000000008c400000, 0x000000008c400000, 0x000000008c500000|  0%| F|  |TAMS 0x000000008c400000, 0x000000008c400000| Untracked 
| 197|0x000000008c500000, 0x000000008c500000, 0x000000008c600000|  0%| F|  |TAMS 0x000000008c500000, 0x000000008c500000| Untracked 
| 198|0x000000008c600000, 0x000000008c600000, 0x000000008c700000|  0%| F|  |TAMS 0x000000008c600000, 0x000000008c600000| Untracked 
| 199|0x000000008c700000, 0x000000008c700000, 0x000000008c800000|  0%| F|  |TAMS 0x000000008c700000, 0x000000008c700000| Untracked 
| 200|0x000000008c800000, 0x000000008c800000, 0x000000008c900000|  0%| F|  |TAMS 0x000000008c800000, 0x000000008c800000| Untracked 
| 201|0x000000008c900000, 0x000000008c900000, 0x000000008ca00000|  0%| F|  |TAMS 0x000000008c900000, 0x000000008c900000| Untracked 
| 202|0x000000008ca00000, 0x000000008ca00000, 0x000000008cb00000|  0%| F|  |TAMS 0x000000008ca00000, 0x000000008ca00000| Untracked 
| 203|0x000000008cb00000, 0x000000008cb00000, 0x000000008cc00000|  0%| F|  |TAMS 0x000000008cb00000, 0x000000008cb00000| Untracked 
| 204|0x000000008cc00000, 0x000000008cc00000, 0x000000008cd00000|  0%| F|  |TAMS 0x000000008cc00000, 0x000000008cc00000| Untracked 
| 205|0x000000008cd00000, 0x000000008cd00000, 0x000000008ce00000|  0%| F|  |TAMS 0x000000008cd00000, 0x000000008cd00000| Untracked 
| 206|0x000000008ce00000, 0x000000008ce00000, 0x000000008cf00000|  0%| F|  |TAMS 0x000000008ce00000, 0x000000008ce00000| Untracked 
| 207|0x000000008cf00000, 0x000000008cf00000, 0x000000008d000000|  0%| F|  |TAMS 0x000000008cf00000, 0x000000008cf00000| Untracked 
| 208|0x000000008d000000, 0x000000008d000000, 0x000000008d100000|  0%| F|  |TAMS 0x000000008d000000, 0x000000008d000000| Untracked 
| 209|0x000000008d100000, 0x000000008d100000, 0x000000008d200000|  0%| F|  |TAMS 0x000000008d100000, 0x000000008d100000| Untracked 
| 210|0x000000008d200000, 0x000000008d200000, 0x000000008d300000|  0%| F|  |TAMS 0x000000008d200000, 0x000000008d200000| Untracked 
| 211|0x000000008d300000, 0x000000008d300000, 0x000000008d400000|  0%| F|  |TAMS 0x000000008d300000, 0x000000008d300000| Untracked 
| 212|0x000000008d400000, 0x000000008d400000, 0x000000008d500000|  0%| F|  |TAMS 0x000000008d400000, 0x000000008d400000| Untracked 
| 213|0x000000008d500000, 0x000000008d500000, 0x000000008d600000|  0%| F|  |TAMS 0x000000008d500000, 0x000000008d500000| Untracked 
| 214|0x000000008d600000, 0x000000008d600000, 0x000000008d700000|  0%| F|  |TAMS 0x000000008d600000, 0x000000008d600000| Untracked 
| 215|0x000000008d700000, 0x000000008d700000, 0x000000008d800000|  0%| F|  |TAMS 0x000000008d700000, 0x000000008d700000| Untracked 
| 216|0x000000008d800000, 0x000000008d800000, 0x000000008d900000|  0%| F|  |TAMS 0x000000008d800000, 0x000000008d800000| Untracked 
| 217|0x000000008d900000, 0x000000008d900000, 0x000000008da00000|  0%| F|  |TAMS 0x000000008d900000, 0x000000008d900000| Untracked 
| 218|0x000000008da00000, 0x000000008da00000, 0x000000008db00000|  0%| F|  |TAMS 0x000000008da00000, 0x000000008da00000| Untracked 
| 219|0x000000008db00000, 0x000000008db00000, 0x000000008dc00000|  0%| F|  |TAMS 0x000000008db00000, 0x000000008db00000| Untracked 
| 220|0x000000008dc00000, 0x000000008dc00000, 0x000000008dd00000|  0%| F|  |TAMS 0x000000008dc00000, 0x000000008dc00000| Untracked 
| 221|0x000000008dd00000, 0x000000008dd00000, 0x000000008de00000|  0%| F|  |TAMS 0x000000008dd00000, 0x000000008dd00000| Untracked 
| 222|0x000000008de00000, 0x000000008de00000, 0x000000008df00000|  0%| F|  |TAMS 0x000000008de00000, 0x000000008de00000| Untracked 
| 223|0x000000008df00000, 0x000000008df00000, 0x000000008e000000|  0%| F|  |TAMS 0x000000008df00000, 0x000000008df00000| Untracked 
| 224|0x000000008e000000, 0x000000008e000000, 0x000000008e100000|  0%| F|  |TAMS 0x000000008e000000, 0x000000008e000000| Untracked 
| 225|0x000000008e100000, 0x000000008e100000, 0x000000008e200000|  0%| F|  |TAMS 0x000000008e100000, 0x000000008e100000| Untracked 
| 226|0x000000008e200000, 0x000000008e200000, 0x000000008e300000|  0%| F|  |TAMS 0x000000008e200000, 0x000000008e200000| Untracked 
| 227|0x000000008e300000, 0x000000008e300000, 0x000000008e400000|  0%| F|  |TAMS 0x000000008e300000, 0x000000008e300000| Untracked 
| 228|0x000000008e400000, 0x000000008e400000, 0x000000008e500000|  0%| F|  |TAMS 0x000000008e400000, 0x000000008e400000| Untracked 
| 229|0x000000008e500000, 0x000000008e500000, 0x000000008e600000|  0%| F|  |TAMS 0x000000008e500000, 0x000000008e500000| Untracked 
| 230|0x000000008e600000, 0x000000008e600000, 0x000000008e700000|  0%| F|  |TAMS 0x000000008e600000, 0x000000008e600000| Untracked 
| 231|0x000000008e700000, 0x000000008e700000, 0x000000008e800000|  0%| F|  |TAMS 0x000000008e700000, 0x000000008e700000| Untracked 
| 232|0x000000008e800000, 0x000000008e800000, 0x000000008e900000|  0%| F|  |TAMS 0x000000008e800000, 0x000000008e800000| Untracked 
| 233|0x000000008e900000, 0x000000008e900000, 0x000000008ea00000|  0%| F|  |TAMS 0x000000008e900000, 0x000000008e900000| Untracked 
| 234|0x000000008ea00000, 0x000000008ea00000, 0x000000008eb00000|  0%| F|  |TAMS 0x000000008ea00000, 0x000000008ea00000| Untracked 
| 235|0x000000008eb00000, 0x000000008eb00000, 0x000000008ec00000|  0%| F|  |TAMS 0x000000008eb00000, 0x000000008eb00000| Untracked 
| 236|0x000000008ec00000, 0x000000008ec00000, 0x000000008ed00000|  0%| F|  |TAMS 0x000000008ec00000, 0x000000008ec00000| Untracked 
| 237|0x000000008ed00000, 0x000000008ed00000, 0x000000008ee00000|  0%| F|  |TAMS 0x000000008ed00000, 0x000000008ed00000| Untracked 
| 238|0x000000008ee00000, 0x000000008ee00000, 0x000000008ef00000|  0%| F|  |TAMS 0x000000008ee00000, 0x000000008ee00000| Untracked 
| 239|0x000000008ef00000, 0x000000008ef00000, 0x000000008f000000|  0%| F|  |TAMS 0x000000008ef00000, 0x000000008ef00000| Untracked 
| 240|0x000000008f000000, 0x000000008f000000, 0x000000008f100000|  0%| F|  |TAMS 0x000000008f000000, 0x000000008f000000| Untracked 
| 241|0x000000008f100000, 0x000000008f100000, 0x000000008f200000|  0%| F|  |TAMS 0x000000008f100000, 0x000000008f100000| Untracked 
| 242|0x000000008f200000, 0x000000008f200000, 0x000000008f300000|  0%| F|  |TAMS 0x000000008f200000, 0x000000008f200000| Untracked 
| 243|0x000000008f300000, 0x000000008f300000, 0x000000008f400000|  0%| F|  |TAMS 0x000000008f300000, 0x000000008f300000| Untracked 
| 244|0x000000008f400000, 0x000000008f400000, 0x000000008f500000|  0%| F|  |TAMS 0x000000008f400000, 0x000000008f400000| Untracked 
| 245|0x000000008f500000, 0x000000008f500000, 0x000000008f600000|  0%| F|  |TAMS 0x000000008f500000, 0x000000008f500000| Untracked 
| 246|0x000000008f600000, 0x000000008f600000, 0x000000008f700000|  0%| F|  |TAMS 0x000000008f600000, 0x000000008f600000| Untracked 
| 247|0x000000008f700000, 0x000000008f700000, 0x000000008f800000|  0%| F|  |TAMS 0x000000008f700000, 0x000000008f700000| Untracked 
| 248|0x000000008f800000, 0x000000008f800000, 0x000000008f900000|  0%| F|  |TAMS 0x000000008f800000, 0x000000008f800000| Untracked 
| 249|0x000000008f900000, 0x000000008f900000, 0x000000008fa00000|  0%| F|  |TAMS 0x000000008f900000, 0x000000008f900000| Untracked 
| 250|0x000000008fa00000, 0x000000008fa00000, 0x000000008fb00000|  0%| F|  |TAMS 0x000000008fa00000, 0x000000008fa00000| Untracked 
| 251|0x000000008fb00000, 0x000000008fb00000, 0x000000008fc00000|  0%| F|  |TAMS 0x000000008fb00000, 0x000000008fb00000| Untracked 
| 252|0x000000008fc00000, 0x000000008fc00000, 0x000000008fd00000|  0%| F|  |TAMS 0x000000008fc00000, 0x000000008fc00000| Untracked 
| 253|0x000000008fd00000, 0x000000008fd00000, 0x000000008fe00000|  0%| F|  |TAMS 0x000000008fd00000, 0x000000008fd00000| Untracked 
| 254|0x000000008fe00000, 0x000000008fe00000, 0x000000008ff00000|  0%| F|  |TAMS 0x000000008fe00000, 0x000000008fe00000| Untracked 
| 255|0x000000008ff00000, 0x000000008ff00000, 0x0000000090000000|  0%| F|  |TAMS 0x000000008ff00000, 0x000000008ff00000| Untracked 
| 256|0x0000000090000000, 0x0000000090000000, 0x0000000090100000|  0%| F|  |TAMS 0x0000000090000000, 0x0000000090000000| Untracked 
| 257|0x0000000090100000, 0x0000000090100000, 0x0000000090200000|  0%| F|  |TAMS 0x0000000090100000, 0x0000000090100000| Untracked 
| 258|0x0000000090200000, 0x0000000090200000, 0x0000000090300000|  0%| F|  |TAMS 0x0000000090200000, 0x0000000090200000| Untracked 
| 259|0x0000000090300000, 0x0000000090300000, 0x0000000090400000|  0%| F|  |TAMS 0x0000000090300000, 0x0000000090300000| Untracked 
| 260|0x0000000090400000, 0x0000000090400000, 0x0000000090500000|  0%| F|  |TAMS 0x0000000090400000, 0x0000000090400000| Untracked 
| 261|0x0000000090500000, 0x0000000090500000, 0x0000000090600000|  0%| F|  |TAMS 0x0000000090500000, 0x0000000090500000| Untracked 
| 262|0x0000000090600000, 0x0000000090600000, 0x0000000090700000|  0%| F|  |TAMS 0x0000000090600000, 0x0000000090600000| Untracked 
| 263|0x0000000090700000, 0x0000000090700000, 0x0000000090800000|  0%| F|  |TAMS 0x0000000090700000, 0x0000000090700000| Untracked 
| 264|0x0000000090800000, 0x0000000090800000, 0x0000000090900000|  0%| F|  |TAMS 0x0000000090800000, 0x0000000090800000| Untracked 
| 265|0x0000000090900000, 0x0000000090900000, 0x0000000090a00000|  0%| F|  |TAMS 0x0000000090900000, 0x0000000090900000| Untracked 
| 266|0x0000000090a00000, 0x0000000090a00000, 0x0000000090b00000|  0%| F|  |TAMS 0x0000000090a00000, 0x0000000090a00000| Untracked 
| 267|0x0000000090b00000, 0x0000000090b00000, 0x0000000090c00000|  0%| F|  |TAMS 0x0000000090b00000, 0x0000000090b00000| Untracked 
| 268|0x0000000090c00000, 0x0000000090c00000, 0x0000000090d00000|  0%| F|  |TAMS 0x0000000090c00000, 0x0000000090c00000| Untracked 
| 269|0x0000000090d00000, 0x0000000090d00000, 0x0000000090e00000|  0%| F|  |TAMS 0x0000000090d00000, 0x0000000090d00000| Untracked 
| 270|0x0000000090e00000, 0x0000000090e00000, 0x0000000090f00000|  0%| F|  |TAMS 0x0000000090e00000, 0x0000000090e00000| Untracked 
| 271|0x0000000090f00000, 0x0000000090f00000, 0x0000000091000000|  0%| F|  |TAMS 0x0000000090f00000, 0x0000000090f00000| Untracked 
| 272|0x0000000091000000, 0x0000000091000000, 0x0000000091100000|  0%| F|  |TAMS 0x0000000091000000, 0x0000000091000000| Untracked 
| 273|0x0000000091100000, 0x0000000091100000, 0x0000000091200000|  0%| F|  |TAMS 0x0000000091100000, 0x0000000091100000| Untracked 
| 274|0x0000000091200000, 0x0000000091200000, 0x0000000091300000|  0%| F|  |TAMS 0x0000000091200000, 0x0000000091200000| Untracked 
| 275|0x0000000091300000, 0x0000000091300000, 0x0000000091400000|  0%| F|  |TAMS 0x0000000091300000, 0x0000000091300000| Untracked 
| 276|0x0000000091400000, 0x0000000091400000, 0x0000000091500000|  0%| F|  |TAMS 0x0000000091400000, 0x0000000091400000| Untracked 
| 277|0x0000000091500000, 0x0000000091500000, 0x0000000091600000|  0%| F|  |TAMS 0x0000000091500000, 0x0000000091500000| Untracked 
| 278|0x0000000091600000, 0x0000000091600000, 0x0000000091700000|  0%| F|  |TAMS 0x0000000091600000, 0x0000000091600000| Untracked 
| 279|0x0000000091700000, 0x0000000091700000, 0x0000000091800000|  0%| F|  |TAMS 0x0000000091700000, 0x0000000091700000| Untracked 
| 280|0x0000000091800000, 0x0000000091800000, 0x0000000091900000|  0%| F|  |TAMS 0x0000000091800000, 0x0000000091800000| Untracked 
| 281|0x0000000091900000, 0x0000000091900000, 0x0000000091a00000|  0%| F|  |TAMS 0x0000000091900000, 0x0000000091900000| Untracked 
| 282|0x0000000091a00000, 0x0000000091a00000, 0x0000000091b00000|  0%| F|  |TAMS 0x0000000091a00000, 0x0000000091a00000| Untracked 
| 283|0x0000000091b00000, 0x0000000091b00000, 0x0000000091c00000|  0%| F|  |TAMS 0x0000000091b00000, 0x0000000091b00000| Untracked 
| 284|0x0000000091c00000, 0x0000000091c00000, 0x0000000091d00000|  0%| F|  |TAMS 0x0000000091c00000, 0x0000000091c00000| Untracked 
| 285|0x0000000091d00000, 0x0000000091d00000, 0x0000000091e00000|  0%| F|  |TAMS 0x0000000091d00000, 0x0000000091d00000| Untracked 
| 286|0x0000000091e00000, 0x0000000091e00000, 0x0000000091f00000|  0%| F|  |TAMS 0x0000000091e00000, 0x0000000091e00000| Untracked 
| 287|0x0000000091f00000, 0x0000000091f00000, 0x0000000092000000|  0%| F|  |TAMS 0x0000000091f00000, 0x0000000091f00000| Untracked 

Card table byte_map: [0x000001e497b20000,0x000001e497f20000] _byte_map_base: 0x000001e497720000

Marking Bits (Prev, Next): (CMBitMap*) 0x000001e484df1930, (CMBitMap*) 0x000001e484df18f8
 Prev Bits: [0x000001e49a320000, 0x000001e49c320000)
 Next Bits: [0x000001e498320000, 0x000001e49a320000)

Polling page: 0x000001e482ce0000

Metaspace:

Usage:
  Non-class:     90.40 MB capacity,    88.85 MB ( 98%) used,     1.26 MB (  1%) free+waste,   294.94 KB ( <1%) overhead. 
      Class:     13.47 MB capacity,    12.58 MB ( 93%) used,   777.46 KB (  6%) free+waste,   128.94 KB ( <1%) overhead. 
       Both:    103.87 MB capacity,   101.43 MB ( 98%) used,     2.02 MB (  2%) free+waste,   423.88 KB ( <1%) overhead. 

Virtual space:
  Non-class space:       92.00 MB reserved,      90.50 MB ( 98%) committed 
      Class space:        1.00 GB reserved,      13.63 MB (  1%) committed 
             Both:        1.09 GB reserved,     104.13 MB (  9%) committed 

Chunk freelists:
   Non-Class:  101.00 KB
       Class:  95.00 KB
        Both:  196.00 KB

MaxMetaspaceSize: 17179869184.00 GB
CompressedClassSpaceSize: 1.00 GB

CodeHeap 'non-profiled nmethods': size=120064Kb used=8638Kb max_used=8638Kb free=111425Kb
 bounds [0x000001e4901e0000, 0x000001e490a60000, 0x000001e497720000]
CodeHeap 'profiled nmethods': size=120000Kb used=38607Kb max_used=38607Kb free=81393Kb
 bounds [0x000001e488cb0000, 0x000001e48b280000, 0x000001e4901e0000]
CodeHeap 'non-nmethods': size=5696Kb used=2301Kb max_used=2346Kb free=3394Kb
 bounds [0x000001e488720000, 0x000001e488990000, 0x000001e488cb0000]
 total_blobs=16819 nmethods=15907 adapters=821
 compilation: enabled
              stopped_count=0, restarted_count=0
 full_count=0

Compilation events (20 events):
Event: 144.728 Thread 0x000001e49e858800 17770       2       com.android.tools.r8.references.ArrayReference::<init> (41 bytes)
Event: 144.729 Thread 0x000001e49e858800 nmethod 17770 0x000001e48b272f10 code [0x000001e48b2730c0, 0x000001e48b273258]
Event: 144.742 Thread 0x000001e49e858800 17773       2       com.android.tools.r8.graph.J::m0 (49 bytes)
Event: 144.743 Thread 0x000001e49e858800 nmethod 17773 0x000001e48b273310 code [0x000001e48b2734e0, 0x000001e48b273748]
Event: 144.743 Thread 0x000001e49e858800 17774       2       com.android.tools.r8.graph.J::b (68 bytes)
Event: 144.744 Thread 0x000001e49e858800 nmethod 17774 0x000001e48b273890 code [0x000001e48b273aa0, 0x000001e48b273e38]
Event: 144.778 Thread 0x000001e49e858800 17776       2       com.android.tools.r8.v.b.O::a (34 bytes)
Event: 144.779 Thread 0x000001e49e858800 nmethod 17776 0x000001e48b274110 code [0x000001e48b2742c0, 0x000001e48b2743f8]
Event: 144.779 Thread 0x000001e49e858800 17778       2       com.android.tools.r8.s.a.a.b.f$i$a::l (30 bytes)
Event: 144.779 Thread 0x000001e49e858800 nmethod 17778 0x000001e48b274510 code [0x000001e48b2746e0, 0x000001e48b2748d8]
Event: 144.779 Thread 0x000001e49e858800 17779       2       com.android.tools.r8.s.a.a.b.f$i$a::hasNext (14 bytes)
Event: 144.779 Thread 0x000001e49e858800 nmethod 17779 0x000001e48b274a10 code [0x000001e48b274be0, 0x000001e48b274e08]
Event: 144.779 Thread 0x000001e49e858800 17781       2       com.android.tools.r8.v.b.O::a (107 bytes)
Event: 144.780 Thread 0x000001e49e858800 nmethod 17781 0x000001e48b274f90 code [0x000001e48b275140, 0x000001e48b275358]
Event: 144.780 Thread 0x000001e49e858800 17780       2       com.android.tools.r8.s.a.a.b.f$i$a::next (14 bytes)
Event: 144.780 Thread 0x000001e49e858800 nmethod 17780 0x000001e48b275510 code [0x000001e48b2756e0, 0x000001e48b275908]
Event: 144.782 Thread 0x000001e49e858800 17782       2       com.android.tools.r8.v.b.B::a (26 bytes)
Event: 144.783 Thread 0x000001e49e858800 nmethod 17782 0x000001e48b275a90 code [0x000001e48b275c40, 0x000001e48b275d78]
Event: 144.783 Thread 0x000001e49e858800 17783 %     3       com.android.tools.r8.v.b.o::d @ 15 (52 bytes)
Event: 144.783 Thread 0x000001e49e858800 nmethod 17783% 0x000001e48b275e10 code [0x000001e48b276020, 0x000001e48b276558]

GC Heap History (20 events):
Event: 142.204 GC heap after
{Heap after GC invocations=121 (full 0):
 garbage-first heap   total 204800K, used 130114K [0x0000000080000000, 0x0000000100000000)
  region size 1024K, 3 young (3072K), 3 survivors (3072K)
 Metaspace       used 103427K, capacity 105938K, committed 106368K, reserved 1142784K
  class space    used 12874K, capacity 13789K, committed 13952K, reserved 1048576K
}
Event: 142.233 GC heap before
{Heap before GC invocations=121 (full 0):
 garbage-first heap   total 204800K, used 136258K [0x0000000080000000, 0x0000000100000000)
  region size 1024K, 10 young (10240K), 3 survivors (3072K)
 Metaspace       used 103427K, capacity 105938K, committed 106368K, reserved 1142784K
  class space    used 12874K, capacity 13789K, committed 13952K, reserved 1048576K
}
Event: 142.242 GC heap after
{Heap after GC invocations=122 (full 0):
 garbage-first heap   total 204800K, used 128319K [0x0000000080000000, 0x0000000100000000)
  region size 1024K, 1 young (1024K), 1 survivors (1024K)
 Metaspace       used 103427K, capacity 105938K, committed 106368K, reserved 1142784K
  class space    used 12874K, capacity 13789K, committed 13952K, reserved 1048576K
}
Event: 142.425 GC heap before
{Heap before GC invocations=122 (full 0):
 garbage-first heap   total 204800K, used 174399K [0x0000000080000000, 0x0000000100000000)
  region size 1024K, 46 young (47104K), 1 survivors (1024K)
 Metaspace       used 103496K, capacity 106004K, committed 106368K, reserved 1142784K
  class space    used 12877K, capacity 13789K, committed 13952K, reserved 1048576K
}
Event: 142.434 GC heap after
{Heap after GC invocations=123 (full 0):
 garbage-first heap   total 245760K, used 129179K [0x0000000080000000, 0x0000000100000000)
  region size 1024K, 2 young (2048K), 2 survivors (2048K)
 Metaspace       used 103496K, capacity 106004K, committed 106368K, reserved 1142784K
  class space    used 12877K, capacity 13789K, committed 13952K, reserved 1048576K
}
Event: 142.694 GC heap before
{Heap before GC invocations=123 (full 0):
 garbage-first heap   total 245760K, used 192667K [0x0000000080000000, 0x0000000100000000)
  region size 1024K, 64 young (65536K), 2 survivors (2048K)
 Metaspace       used 103581K, capacity 106077K, committed 106368K, reserved 1142784K
  class space    used 12878K, capacity 13791K, committed 13952K, reserved 1048576K
}
Event: 142.700 GC heap after
{Heap after GC invocations=124 (full 0):
 garbage-first heap   total 245760K, used 129910K [0x0000000080000000, 0x0000000100000000)
  region size 1024K, 3 young (3072K), 3 survivors (3072K)
 Metaspace       used 103581K, capacity 106077K, committed 106368K, reserved 1142784K
  class space    used 12878K, capacity 13791K, committed 13952K, reserved 1048576K
}
Event: 142.923 GC heap before
{Heap before GC invocations=124 (full 0):
 garbage-first heap   total 245760K, used 195446K [0x0000000080000000, 0x0000000100000000)
  region size 1024K, 67 young (68608K), 3 survivors (3072K)
 Metaspace       used 103667K, capacity 106150K, committed 106624K, reserved 1142784K
  class space    used 12878K, capacity 13791K, committed 13952K, reserved 1048576K
}
Event: 142.931 GC heap after
{Heap after GC invocations=125 (full 0):
 garbage-first heap   total 245760K, used 130582K [0x0000000080000000, 0x0000000100000000)
  region size 1024K, 3 young (3072K), 3 survivors (3072K)
 Metaspace       used 103667K, capacity 106150K, committed 106624K, reserved 1142784K
  class space    used 12878K, capacity 13791K, committed 13952K, reserved 1048576K
}
Event: 143.129 GC heap before
{Heap before GC invocations=125 (full 0):
 garbage-first heap   total 245760K, used 198166K [0x0000000080000000, 0x0000000100000000)
  region size 1024K, 69 young (70656K), 3 survivors (3072K)
 Metaspace       used 103718K, capacity 106218K, committed 106624K, reserved 1142784K
  class space    used 12882K, capacity 13791K, committed 13952K, reserved 1048576K
}
Event: 143.140 GC heap after
{Heap after GC invocations=126 (full 0):
 garbage-first heap   total 245760K, used 131388K [0x0000000080000000, 0x0000000100000000)
  region size 1024K, 4 young (4096K), 4 survivors (4096K)
 Metaspace       used 103718K, capacity 106218K, committed 106624K, reserved 1142784K
  class space    used 12882K, capacity 13791K, committed 13952K, reserved 1048576K
}
Event: 143.440 GC heap before
{Heap before GC invocations=126 (full 0):
 garbage-first heap   total 245760K, used 201020K [0x0000000080000000, 0x0000000100000000)
  region size 1024K, 72 young (73728K), 4 survivors (4096K)
 Metaspace       used 103738K, capacity 106220K, committed 106624K, reserved 1142784K
  class space    used 12882K, capacity 13791K, committed 13952K, reserved 1048576K
}
Event: 143.455 GC heap after
{Heap after GC invocations=127 (full 0):
 garbage-first heap   total 294912K, used 132625K [0x0000000080000000, 0x0000000100000000)
  region size 1024K, 5 young (5120K), 5 survivors (5120K)
 Metaspace       used 103738K, capacity 106220K, committed 106624K, reserved 1142784K
  class space    used 12882K, capacity 13791K, committed 13952K, reserved 1048576K
}
Event: 143.725 GC heap before
{Heap before GC invocations=127 (full 0):
 garbage-first heap   total 294912K, used 222737K [0x0000000080000000, 0x0000000100000000)
  region size 1024K, 93 young (95232K), 5 survivors (5120K)
 Metaspace       used 103809K, capacity 106297K, committed 106624K, reserved 1142784K
  class space    used 12885K, capacity 13793K, committed 13952K, reserved 1048576K
}
Event: 143.739 GC heap after
{Heap after GC invocations=128 (full 0):
 garbage-first heap   total 294912K, used 133524K [0x0000000080000000, 0x0000000100000000)
  region size 1024K, 6 young (6144K), 6 survivors (6144K)
 Metaspace       used 103809K, capacity 106297K, committed 106624K, reserved 1142784K
  class space    used 12885K, capacity 13793K, committed 13952K, reserved 1048576K
}
Event: 144.000 GC heap before
{Heap before GC invocations=128 (full 0):
 garbage-first heap   total 294912K, used 231828K [0x0000000080000000, 0x0000000100000000)
  region size 1024K, 102 young (104448K), 6 survivors (6144K)
 Metaspace       used 103824K, capacity 106298K, committed 106624K, reserved 1142784K
  class space    used 12885K, capacity 13793K, committed 13952K, reserved 1048576K
}
Event: 144.020 GC heap after
{Heap after GC invocations=129 (full 0):
 garbage-first heap   total 294912K, used 134448K [0x0000000080000000, 0x0000000100000000)
  region size 1024K, 7 young (7168K), 7 survivors (7168K)
 Metaspace       used 103824K, capacity 106298K, committed 106624K, reserved 1142784K
  class space    used 12885K, capacity 13793K, committed 13952K, reserved 1048576K
}
Event: 144.326 GC heap before
{Heap before GC invocations=129 (full 0):
 garbage-first heap   total 294912K, used 237872K [0x0000000080000000, 0x0000000100000000)
  region size 1024K, 108 young (110592K), 7 survivors (7168K)
 Metaspace       used 103843K, capacity 106299K, committed 106624K, reserved 1142784K
  class space    used 12885K, capacity 13793K, committed 13952K, reserved 1048576K
}
Event: 144.350 GC heap after
{Heap after GC invocations=130 (full 0):
 garbage-first heap   total 294912K, used 135292K [0x0000000080000000, 0x0000000100000000)
  region size 1024K, 8 young (8192K), 8 survivors (8192K)
 Metaspace       used 103843K, capacity 106299K, committed 106624K, reserved 1142784K
  class space    used 12885K, capacity 13793K, committed 13952K, reserved 1048576K
}
Event: 144.784 GC heap before
{Heap before GC invocations=130 (full 0):
 garbage-first heap   total 294912K, used 242812K [0x0000000080000000, 0x0000000100000000)
  region size 1024K, 113 young (115712K), 8 survivors (8192K)
 Metaspace       used 103867K, capacity 106364K, committed 106624K, reserved 1142784K
  class space    used 12886K, capacity 13793K, committed 13952K, reserved 1048576K
}

Deoptimization events (20 events):
Event: 143.754 Thread 0x000001e4a29c8800 DEOPT PACKING pc=0x000001e489832ac0 sp=0x000000a7412f93e0
Event: 143.754 Thread 0x000001e4a29c8800 DEOPT UNPACKING pc=0x000001e4887472ce sp=0x000000a7412f8888 mode 0
Event: 143.864 Thread 0x000001e4a29c2000 Uncommon trap: trap_request=0xffffff7e fr.pc=0x000001e490a3ff2c relative=0x000000000000458c
Event: 143.864 Thread 0x000001e4a29c2000 Uncommon trap: reason=predicate action=maybe_recompile pc=0x000001e490a3ff2c method=com.android.tools.r8.v.b.Z0.a(Lcom/android/tools/r8/ir/conversion/S;Ljava/util/Set;)Z @ 337 c2
Event: 143.864 Thread 0x000001e4a29c2000 DEOPT PACKING pc=0x000001e490a3ff2c sp=0x000000a7410f8b30
Event: 143.864 Thread 0x000001e4a29c2000 DEOPT UNPACKING pc=0x000001e4887474af sp=0x000000a7410f8b78 mode 2
Event: 143.944 Thread 0x000001e4a29c2000 DEOPT PACKING pc=0x000001e48adda86a sp=0x000000a7410f8f10
Event: 143.944 Thread 0x000001e4a29c2000 DEOPT UNPACKING pc=0x000001e4887472ce sp=0x000000a7410f8410 mode 0
Event: 143.998 Thread 0x000001e4a29c8800 DEOPT PACKING pc=0x000001e48acde217 sp=0x000000a7412f8dc0
Event: 143.998 Thread 0x000001e4a29c8800 DEOPT UNPACKING pc=0x000001e4887472ce sp=0x000000a7412f8260 mode 0
Event: 144.022 Thread 0x000001e4a29c5800 DEOPT PACKING pc=0x000001e48ad147da sp=0x000000a7411f93f0
Event: 144.022 Thread 0x000001e4a29c5800 DEOPT UNPACKING pc=0x000001e4887472ce sp=0x000000a7411f88c8 mode 0
Event: 144.158 Thread 0x000001e4a29c7800 DEOPT PACKING pc=0x000001e48addc46a sp=0x000000a740ff9080
Event: 144.158 Thread 0x000001e4a29c7800 DEOPT UNPACKING pc=0x000001e4887472ce sp=0x000000a740ff8580 mode 0
Event: 144.248 Thread 0x000001e4a29c8800 DEOPT PACKING pc=0x000001e4890b8d6f sp=0x000000a7412f88a0
Event: 144.248 Thread 0x000001e4a29c8800 DEOPT UNPACKING pc=0x000001e4887472ce sp=0x000000a7412f7da0 mode 0
Event: 144.251 Thread 0x000001e4a29c8800 DEOPT PACKING pc=0x000001e48b14eec3 sp=0x000000a7412f9330
Event: 144.251 Thread 0x000001e4a29c8800 DEOPT UNPACKING pc=0x000001e4887472ce sp=0x000000a7412f8ab8 mode 0
Event: 144.263 Thread 0x000001e4a29c2000 DEOPT PACKING pc=0x000001e4890b8d90 sp=0x000000a7410f88f0
Event: 144.263 Thread 0x000001e4a29c2000 DEOPT UNPACKING pc=0x000001e4887472ce sp=0x000000a7410f7df0 mode 0

Classes redefined (0 events):
No events

Internal exceptions (20 events):
Event: 138.117 Thread 0x000001e4a29c7800 Exception <a 'java/lang/NoSuchMethodError'{0x000000008a9f93b0}: 'java.lang.Object java.lang.invoke.DirectMethodHandle$Holder.invokeStatic(java.lang.Object, long)'> (0x000000008a9f93b0) thrown at [./src/hotspot/share/interpreter/linkResolver.cpp, line 773]
Event: 138.118 Thread 0x000001e4a29c8800 Exception <a 'java/lang/NoSuchMethodError'{0x000000008a9b3228}: 'java.lang.Object java.lang.invoke.DirectMethodHandle$Holder.invokeSpecial(java.lang.Object, java.lang.Object, long)'> (0x000000008a9b3228) thrown at [./src/hotspot/share/interpreter/linkResolver.cpp, line 773]
Event: 138.119 Thread 0x000001e4a29c8800 Exception <a 'java/lang/NoSuchMethodError'{0x000000008a9b69e0}: 'java.lang.Object java.lang.invoke.Invokers$Holder.linkToTargetMethod(long, java.lang.Object)'> (0x000000008a9b69e0) thrown at [./src/hotspot/share/interpreter/linkResolver.cpp, line 773]
Event: 138.120 Thread 0x000001e4a29c7800 Exception <a 'java/lang/NoSuchMethodError'{0x000000008a9fcca8}: 'java.lang.Object java.lang.invoke.Invokers$Holder.linkToTargetMethod(long, java.lang.Object)'> (0x000000008a9fcca8) thrown at [./src/hotspot/share/interpreter/linkResolver.cpp, line 773]
Event: 138.657 Thread 0x000001e4a29c2000 Exception <a 'java/lang/NoSuchMethodError'{0x000000008b6baf20}: 'void java.lang.invoke.DirectMethodHandle$Holder.invokeStatic(java.lang.Object, java.lang.Object, java.lang.Object, int)'> (0x000000008b6baf20) thrown at [./src/hotspot/share/interpreter/linkResolver.cpp, line 773]
Event: 138.668 Thread 0x000001e4a29c2000 Exception <a 'java/lang/IncompatibleClassChangeError'{0x000000008b599cd8}: Found class java.lang.Object, but interface was expected> (0x000000008b599cd8) thrown at [./src/hotspot/share/interpreter/linkResolver.cpp, line 839]
Event: 139.191 Thread 0x000001e4a29c8800 Exception <a 'java/lang/NoSuchMethodError'{0x000000008bf7d638}: 'java.lang.Object java.lang.invoke.DirectMethodHandle$Holder.invokeStatic(java.lang.Object, int, java.lang.Object, java.lang.Object)'> (0x000000008bf7d638) thrown at [./src/hotspot/share/interpreter/linkResolver.cpp, line 773]
Event: 139.201 Thread 0x000001e4a29c2000 Exception <a 'java/lang/NoSuchMethodError'{0x000000008c7f4508}: 'java.lang.Object java.lang.invoke.DirectMethodHandle$Holder.invokeStatic(java.lang.Object, int, java.lang.Object, java.lang.Object)'> (0x000000008c7f4508) thrown at [./src/hotspot/share/interpreter/linkResolver.cpp, line 773]
Event: 139.222 Thread 0x000001e4a29c7800 Exception <a 'java/lang/NoSuchMethodError'{0x000000008ba067e8}: 'void java.lang.invoke.DirectMethodHandle$Holder.invokeSpecial(java.lang.Object, java.lang.Object, int, java.lang.Object)'> (0x000000008ba067e8) thrown at [./src/hotspot/share/interpreter/linkResolver.cpp, line 773]
Event: 139.251 Thread 0x000001e4a29c8800 Exception <a 'java/lang/NoSuchMethodError'{0x000000008ba8f5f0}: 'int java.lang.invoke.DirectMethodHandle$Holder.invokeSpecial(java.lang.Object, java.lang.Object, java.lang.Object, java.lang.Object, java.lang.Object)'> (0x000000008ba8f5f0) thrown at [./src/hotspot/share/interpreter/linkResolver.cpp, line 773]
Event: 139.252 Thread 0x000001e4a29c7800 Exception <a 'java/lang/NoSuchMethodError'{0x000000008b745d60}: 'int java.lang.invoke.DirectMethodHandle$Holder.invokeSpecial(java.lang.Object, java.lang.Object, java.lang.Object, java.lang.Object, java.lang.Object)'> (0x000000008b745d60) thrown at [./src/hotspot/share/interpreter/linkResolver.cpp, line 773]
Event: 139.251 Thread 0x000001e4a29c2000 Exception <a 'java/lang/NoSuchMethodError'{0x000000008b7f4058}: 'int java.lang.invoke.DirectMethodHandle$Holder.invokeSpecial(java.lang.Object, java.lang.Object, java.lang.Object, java.lang.Object, java.lang.Object)'> (0x000000008b7f4058) thrown at [./src/hotspot/share/interpreter/linkResolver.cpp, line 773]
Event: 139.329 Thread 0x000001e4a29c7800 Exception <a 'java/lang/NoSuchMethodError'{0x000000008af8a460}: 'java.lang.Object java.lang.invoke.DirectMethodHandle$Holder.invokeVirtual(java.lang.Object, java.lang.Object, int, java.lang.Object)'> (0x000000008af8a460) thrown at [./src/hotspot/share/interpreter/linkResolver.cpp, line 773]
Event: 139.329 Thread 0x000001e4a29c2000 Exception <a 'java/lang/NoSuchMethodError'{0x000000008b5abbb8}: 'java.lang.Object java.lang.invoke.DirectMethodHandle$Holder.invokeVirtual(java.lang.Object, java.lang.Object, int, java.lang.Object)'> (0x000000008b5abbb8) thrown at [./src/hotspot/share/interpreter/linkResolver.cpp, line 773]
Event: 139.330 Thread 0x000001e4a29c5800 Exception <a 'java/lang/NoSuchMethodError'{0x000000008aff0818}: 'java.lang.Object java.lang.invoke.DirectMethodHandle$Holder.invokeVirtual(java.lang.Object, java.lang.Object, int, java.lang.Object)'> (0x000000008aff0818) thrown at [./src/hotspot/share/interpreter/linkResolver.cpp, line 773]
Event: 139.331 Thread 0x000001e4a29c8800 Exception <a 'java/lang/NoSuchMethodError'{0x000000008b3b4190}: 'java.lang.Object java.lang.invoke.DirectMethodHandle$Holder.invokeVirtual(java.lang.Object, java.lang.Object, int, java.lang.Object)'> (0x000000008b3b4190) thrown at [./src/hotspot/share/interpreter/linkResolver.cpp, line 773]
Event: 139.396 Thread 0x000001e4a29c7800 Exception <a 'java/lang/NoSuchMethodError'{0x000000008adc6200}: 'void java.lang.invoke.DirectMethodHandle$Holder.invokeVirtual(java.lang.Object, java.lang.Object, int, java.lang.Object)'> (0x000000008adc6200) thrown at [./src/hotspot/share/interpreter/linkResolver.cpp, line 773]
Event: 139.600 Thread 0x000001e4a29c7800 Exception <a 'java/lang/NoSuchMethodError'{0x000000008a8d17c8}: 'java.lang.Object java.lang.invoke.DirectMethodHandle$Holder.newInvokeSpecial(java.lang.Object, int)'> (0x000000008a8d17c8) thrown at [./src/hotspot/share/interpreter/linkResolver.cpp, line 773]
Event: 139.815 Thread 0x000001e4a29c7800 Exception <a 'java/lang/NoSuchMethodError'{0x000000008c67e638}: 'java.lang.Object java.lang.invoke.DirectMethodHandle$Holder.invokeInterface(java.lang.Object, java.lang.Object, int)'> (0x000000008c67e638) thrown at [./src/hotspot/share/interpreter/linkResolver.cpp, line 773]
Event: 140.575 Thread 0x000001e4a29c7800 Exception <a 'java/lang/NoSuchMethodError'{0x000000008a136a48}: 'int java.lang.invoke.DirectMethodHandle$Holder.invokeInterface(java.lang.Object, java.lang.Object, int)'> (0x000000008a136a48) thrown at [./src/hotspot/share/interpreter/linkResolver.cpp, line 773]

Events (20 events):
Event: 143.508 loading class com/android/tools/r8/code/y0 done
Event: 143.578 loading class com/android/tools/r8/v/b/o0
Event: 143.578 loading class com/android/tools/r8/v/b/o0 done
Event: 143.578 loading class com/android/tools/r8/v/b/o0
Event: 143.578 loading class com/android/tools/r8/v/b/o0 done
Event: 143.578 loading class com/android/tools/r8/v/b/o0
Event: 143.578 loading class com/android/tools/r8/v/b/o0 done
Event: 143.591 loading class com/android/tools/r8/v/b/M0
Event: 143.591 loading class com/android/tools/r8/v/b/M0 done
Event: 143.591 loading class com/android/tools/r8/v/b/M0
Event: 143.591 loading class com/android/tools/r8/v/b/M0 done
Event: 143.725 Executing VM operation: G1CollectForAllocation
Event: 143.739 Executing VM operation: G1CollectForAllocation done
Event: 143.999 Executing VM operation: G1CollectForAllocation
Event: 144.020 Executing VM operation: G1CollectForAllocation done
Event: 144.289 loading class com/android/tools/r8/graph/t0$r
Event: 144.289 loading class com/android/tools/r8/graph/t0$r done
Event: 144.325 Executing VM operation: G1CollectForAllocation
Event: 144.350 Executing VM operation: G1CollectForAllocation done
Event: 144.784 Executing VM operation: G1CollectForAllocation


Dynamic libraries:
0x00007ff6e12a0000 - 0x00007ff6e12aa000 	C:\Program Files\Android\Android Studio\jre\bin\java.exe
0x00007ffc40780000 - 0x00007ffc40970000 	C:\WINDOWS\SYSTEM32\ntdll.dll
0x00007ffc3e900000 - 0x00007ffc3e9b2000 	C:\WINDOWS\System32\KERNEL32.DLL
0x00007ffc3dbd0000 - 0x00007ffc3de75000 	C:\WINDOWS\System32\KERNELBASE.dll
0x00007ffc3d930000 - 0x00007ffc3da2a000 	C:\WINDOWS\System32\ucrtbase.dll
0x00007ffc2aab0000 - 0x00007ffc2aac9000 	C:\Program Files\Android\Android Studio\jre\bin\jli.dll
0x00007ffc1c500000 - 0x00007ffc1c517000 	C:\Program Files\Android\Android Studio\jre\bin\VCRUNTIME140.dll
0x00007ffc3fbd0000 - 0x00007ffc3fd64000 	C:\WINDOWS\System32\USER32.dll
0x00007ffc3da90000 - 0x00007ffc3dab1000 	C:\WINDOWS\System32\win32u.dll
0x00007ffc23b70000 - 0x00007ffc23df4000 	C:\WINDOWS\WinSxS\amd64_microsoft.windows.common-controls_6595b64144ccf1df_6.0.18362.1440_none_9e7dbfb9e45e8e67\COMCTL32.dll
0x00007ffc40710000 - 0x00007ffc40736000 	C:\WINDOWS\System32\GDI32.dll
0x00007ffc3e600000 - 0x00007ffc3e798000 	C:\WINDOWS\System32\gdi32full.dll
0x00007ffc3ffd0000 - 0x00007ffc4006e000 	C:\WINDOWS\System32\msvcrt.dll
0x00007ffc3db10000 - 0x00007ffc3dbae000 	C:\WINDOWS\System32\msvcp_win.dll
0x00007ffc40300000 - 0x00007ffc40636000 	C:\WINDOWS\System32\combase.dll
0x00007ffc3ee90000 - 0x00007ffc3efaf000 	C:\WINDOWS\System32\RPCRT4.dll
0x00007ffc3e7a0000 - 0x00007ffc3e821000 	C:\WINDOWS\System32\bcryptPrimitives.dll
0x00007ffc3fe20000 - 0x00007ffc3fe4e000 	C:\WINDOWS\System32\IMM32.DLL
0x00007ffc19ba0000 - 0x00007ffc19c3d000 	C:\Program Files\Android\Android Studio\jre\bin\msvcp140.dll
0x00007ffbff480000 - 0x00007ffbfff3c000 	C:\Program Files\Android\Android Studio\jre\bin\server\jvm.dll
0x00007ffc3fd70000 - 0x00007ffc3fe13000 	C:\WINDOWS\System32\ADVAPI32.dll
0x00007ffc3edf0000 - 0x00007ffc3ee87000 	C:\WINDOWS\System32\sechost.dll
0x00007ffc40080000 - 0x00007ffc40088000 	C:\WINDOWS\System32\PSAPI.DLL
0x00007ffc37df0000 - 0x00007ffc37e14000 	C:\WINDOWS\SYSTEM32\WINMM.dll
0x00007ffc1e0f0000 - 0x00007ffc1e0f9000 	C:\WINDOWS\SYSTEM32\WSOCK32.dll
0x00007ffc31aa0000 - 0x00007ffc31aaa000 	C:\WINDOWS\SYSTEM32\VERSION.dll
0x00007ffc3ed20000 - 0x00007ffc3ed8f000 	C:\WINDOWS\System32\WS2_32.dll
0x00007ffc37dc0000 - 0x00007ffc37ded000 	C:\WINDOWS\SYSTEM32\winmmbase.dll
0x00007ffc3dac0000 - 0x00007ffc3db0a000 	C:\WINDOWS\System32\cfgmgr32.dll
0x00007ffc3d680000 - 0x00007ffc3d691000 	C:\WINDOWS\System32\kernel.appcore.dll
0x00007ffc36d00000 - 0x00007ffc36d11000 	C:\Program Files\Android\Android Studio\jre\bin\verify.dll
0x00007ffc38ee0000 - 0x00007ffc390d4000 	C:\WINDOWS\SYSTEM32\DBGHELP.DLL
0x00007ffc24050000 - 0x00007ffc2407a000 	C:\WINDOWS\SYSTEM32\dbgcore.DLL
0x00007ffc2e6a0000 - 0x00007ffc2e6c9000 	C:\Program Files\Android\Android Studio\jre\bin\java.dll
0x00007ffc38210000 - 0x00007ffc3821b000 	C:\Program Files\Android\Android Studio\jre\bin\jimage.dll
0x00007ffc36ad0000 - 0x00007ffc36ae8000 	C:\Program Files\Android\Android Studio\jre\bin\zip.dll
0x00007ffc3f4e0000 - 0x00007ffc3fbc8000 	C:\WINDOWS\System32\SHELL32.dll
0x00007ffc3ebf0000 - 0x00007ffc3ec97000 	C:\WINDOWS\System32\shcore.dll
0x00007ffc3de80000 - 0x00007ffc3e5fb000 	C:\WINDOWS\System32\windows.storage.dll
0x00007ffc3d660000 - 0x00007ffc3d67e000 	C:\WINDOWS\System32\profapi.dll
0x00007ffc3d6a0000 - 0x00007ffc3d6ea000 	C:\WINDOWS\System32\powrprof.dll
0x00007ffc3d630000 - 0x00007ffc3d640000 	C:\WINDOWS\System32\UMPDC.dll
0x00007ffc3ed90000 - 0x00007ffc3ede2000 	C:\WINDOWS\System32\shlwapi.dll
0x00007ffc3dbb0000 - 0x00007ffc3dbc7000 	C:\WINDOWS\System32\cryptsp.dll
0x00007ffc36a80000 - 0x00007ffc36a9a000 	C:\Program Files\Android\Android Studio\jre\bin\net.dll
0x00007ffc2d370000 - 0x00007ffc2d46a000 	C:\WINDOWS\SYSTEM32\WINHTTP.dll
0x00007ffc3ce10000 - 0x00007ffc3ce77000 	C:\WINDOWS\system32\mswsock.dll
0x00007ffc34a80000 - 0x00007ffc34a94000 	C:\Program Files\Android\Android Studio\jre\bin\nio.dll
0x00007ffc1ed10000 - 0x00007ffc1ed37000 	C:\Users\Joshua\.gradle\native\49d0259a56938c7f99b2704e745ce422c4f750a7a20b539a32ccef96729676b1\windows-amd64\native-platform.dll
0x00007ffc19eb0000 - 0x00007ffc1a046000 	C:\Users\Joshua\.gradle\native\12488b8bf47d2d4c9fbf2f6322a914ad602e24e48041cd04a747c6da556b65c4\windows-amd64\native-platform-file-events.dll
0x00007ffc36cf0000 - 0x00007ffc36cfa000 	C:\Program Files\Android\Android Studio\jre\bin\management.dll
0x00007ffc36a50000 - 0x00007ffc36a5c000 	C:\Program Files\Android\Android Studio\jre\bin\management_ext.dll
0x00007ffc3c990000 - 0x00007ffc3c9c3000 	C:\WINDOWS\system32\rsaenh.dll
0x00007ffc3d6f0000 - 0x00007ffc3d716000 	C:\WINDOWS\System32\bcrypt.dll
0x00007ffc3d510000 - 0x00007ffc3d535000 	C:\WINDOWS\SYSTEM32\USERENV.dll
0x00007ffc3cfe0000 - 0x00007ffc3cfec000 	C:\WINDOWS\SYSTEM32\CRYPTBASE.dll
0x00007ffc3cb20000 - 0x00007ffc3cb5a000 	C:\WINDOWS\SYSTEM32\IPHLPAPI.DLL
0x00007ffc3f060000 - 0x00007ffc3f068000 	C:\WINDOWS\System32\NSI.dll
0x00007ffc2d190000 - 0x00007ffc2d1a6000 	C:\WINDOWS\SYSTEM32\dhcpcsvc6.DLL
0x00007ffc2d290000 - 0x00007ffc2d2ac000 	C:\WINDOWS\SYSTEM32\dhcpcsvc.DLL
0x00007ffc3cb60000 - 0x00007ffc3cc2b000 	C:\WINDOWS\SYSTEM32\DNSAPI.dll
0x00007ffc3c670000 - 0x00007ffc3c6a1000 	C:\WINDOWS\SYSTEM32\ntmarta.dll

dbghelp: loaded successfully - version: 4.0.5 - missing functions: none
symbol engine: initialized successfully - sym options: 0x614 - pdb path: .;C:\Program Files\Android\Android Studio\jre\bin;C:\WINDOWS\SYSTEM32;C:\WINDOWS\WinSxS\amd64_microsoft.windows.common-controls_6595b64144ccf1df_6.0.18362.1440_none_9e7dbfb9e45e8e67;C:\Program Files\Android\Android Studio\jre\bin\server;C:\Users\Joshua\.gradle\native\49d0259a56938c7f99b2704e745ce422c4f750a7a20b539a32ccef96729676b1\windows-amd64;C:\Users\Joshua\.gradle\native\12488b8bf47d2d4c9fbf2f6322a914ad602e24e48041cd04a747c6da556b65c4\windows-amd64

VM Arguments:
jvm_args: --add-opens=java.base/java.util=ALL-UNNAMED --add-opens=java.base/java.lang=ALL-UNNAMED --add-opens=java.base/java.lang.invoke=ALL-UNNAMED --add-opens=java.base/java.util=ALL-UNNAMED --add-opens=java.prefs/java.util.prefs=ALL-UNNAMED --add-opens=java.prefs/java.util.prefs=ALL-UNNAMED --add-opens=java.base/java.nio.charset=ALL-UNNAMED --add-opens=java.base/java.net=ALL-UNNAMED --add-opens=java.base/java.util.concurrent.atomic=ALL-UNNAMED -Xmx2048m -Dfile.encoding=UTF-8 -Duser.country=GB -Duser.language=en -Duser.variant 
java_command: org.gradle.launcher.daemon.bootstrap.GradleDaemon 7.0
java_class_path (initial): C:\Users\Joshua\.gradle\wrapper\dists\gradle-7.0-bin\2p9ebqfz6ilrfozi676ogco7n\gradle-7.0\lib\gradle-launcher-7.0.jar
Launcher Type: SUN_STANDARD

[Global flags]
     intx CICompilerCount                          = 3                                         {product} {ergonomic}
     uint ConcGCThreads                            = 1                                         {product} {ergonomic}
     uint G1ConcRefinementThreads                  = 4                                         {product} {ergonomic}
   size_t G1HeapRegionSize                         = 1048576                                   {product} {ergonomic}
    uintx GCDrainStackTargetSize                   = 64                                        {product} {ergonomic}
   size_t InitialHeapSize                          = 67108864                                  {product} {ergonomic}
   size_t MarkStackSize                            = 4194304                                   {product} {ergonomic}
   size_t MaxHeapSize                              = 2147483648                                {product} {command line}
   size_t MaxNewSize                               = 1287651328                                {product} {ergonomic}
   size_t MinHeapDeltaBytes                        = 1048576                                   {product} {ergonomic}
    uintx NonNMethodCodeHeapSize                   = 5830732                                {pd product} {ergonomic}
    uintx NonProfiledCodeHeapSize                  = 122913754                              {pd product} {ergonomic}
    uintx ProfiledCodeHeapSize                     = 122913754                              {pd product} {ergonomic}
    uintx ReservedCodeCacheSize                    = 251658240                              {pd product} {ergonomic}
     bool SegmentedCodeCache                       = true                                      {product} {ergonomic}
     bool UseCompressedClassPointers               = true                                 {lp64_product} {ergonomic}
     bool UseCompressedOops                        = true                                 {lp64_product} {ergonomic}
     bool UseG1GC                                  = true                                      {product} {ergonomic}
     bool UseLargePagesIndividualAllocation        = false                                  {pd product} {ergonomic}

Logging:
Log output configuration:
 #0: stdout all=warning uptime,level,tags
 #1: stderr all=off uptime,level,tags

Environment Variables:
PATH=C:\Program Files (x86)\Intel\iCLS Client\;C:\Program Files\Intel\iCLS Client\;C:\WINDOWS\system32;C:\WINDOWS;C:\WINDOWS\System32\Wbem;C:\WINDOWS\System32\WindowsPowerShell\v1.0\;c:\Program Files\Intel\WiFi\bin\;c:\Program Files\Common Files\Intel\WirelessCommon\;C:\Program Files (x86)\Intel\Intel(R) Management Engine Components\DAL;C:\Program Files\Intel\Intel(R) Management Engine Components\DAL;C:\Program Files (x86)\Intel\Intel(R) Management Engine Components\IPT;C:\Program Files\Intel\Intel(R) Management Engine Components\IPT;C:\WINDOWS\System32\OpenSSH\;C:\Program Files\Java\jdk-14\bin;C:\Program Files\PuTTY\;C:\Program Files\nodejs\;C:\Program Files\Git\cmd;C:\Program Files\MongoDB\Server\4.4\bin;C:\Program Files\MySQL\MySQL Shell 8.0\bin\;C:\Users\Joshua\AppData\Local\Microsoft\WindowsApps;C:\Users\Joshua\AppData\Local\Programs\Microsoft VS Code\bin;C:\Users\Joshua\AppData\Local\GitHubDesktop\bin;C:\Users\Joshua\AppData\Roaming\npm;C:\Users\Joshua\AppData\Local\nvs\;C:\Program Files\MongoDB\Server\4.4\bin;
USERNAME=Joshua
OS=Windows_NT
PROCESSOR_IDENTIFIER=Intel64 Family 6 Model 78 Stepping 3, GenuineIntel



---------------  S Y S T E M  ---------------

OS: Windows 10 , 64 bit Build 18362 (10.0.18362.1350)
OS uptime: 0 days 18:32 hours

CPU:total 4 (initial active 4) (2 cores per cpu, 2 threads per core) family 6 model 78 stepping 3, cmov, cx8, fxsr, mmx, sse, sse2, sse3, ssse3, sse4.1, sse4.2, popcnt, avx, avx2, aes, clmul, erms, 3dnowpref, lzcnt, ht, tsc, tscinvbit, bmi1, bmi2, adx, fma

Memory: 4k page, system-wide physical 3992M (226M free)
TotalPageFile size 8088M (AvailPageFile size 59M)
current process WorkingSet (physical memory assigned to process): 569M, peak: 577M
current process commit charge ("private bytes"): 678M, peak: 855M

vm_info: OpenJDK 64-Bit Server VM (11.0.8+10-b944.6842174) for windows-amd64 JRE (11.0.8+10-b944.6842174), built on Sep 19 2020 01:11:42 by "builder" with MS VC++ 14.0 (VS2015)

END.
