#
# There is insufficient memory for the Java Runtime Environment to continue.
# Native memory allocation (malloc) failed to allocate 1567216 bytes for Chunk::new
# Possible reasons:
#   The system is out of physical RAM or swap space
#   The process is running with CompressedOops enabled, and the Java Heap may be blocking the growth of the native heap
# Possible solutions:
#   Reduce memory load on the system
#   Increase physical memory or swap space
#   Check if swap backing store is full
#   Decrease Java heap size (-Xmx/-Xms)
#   Decrease number of Java threads
#   Decrease Java thread stack sizes (-Xss)
#   Set larger code cache with -XX:ReservedCodeCacheSize=
#   JVM is running with Unscaled Compressed Oops mode in which the Java heap is
#     placed in the first 4GB address space. The Java Heap base address is the
#     maximum limit for the native heap growth. Please use -XX:HeapBaseMinAddress
#     to set the Java Heap base and to place the Java Heap above 4GB virtual address.
# This output file may be truncated or incomplete.
#
#  Out of Memory Error (./src/hotspot/share/memory/arena.cpp:197), pid=1620, tid=1344
#
# JRE version: OpenJDK Runtime Environment (11.0.8+10) (build 11.0.8+10-b944.6842174)
# Java VM: OpenJDK 64-Bit Server VM (11.0.8+10-b944.6842174, mixed mode, tiered, compressed oops, g1 gc, windows-amd64)
# No core dump will be written. Minidumps are not enabled by default on client versions of Windows
#

---------------  S U M M A R Y ------------

Command Line: --add-opens=java.base/java.util=ALL-UNNAMED --add-opens=java.base/java.lang=ALL-UNNAMED --add-opens=java.base/java.lang.invoke=ALL-UNNAMED --add-opens=java.base/java.util=ALL-UNNAMED --add-opens=java.prefs/java.util.prefs=ALL-UNNAMED --add-opens=java.prefs/java.util.prefs=ALL-UNNAMED --add-opens=java.base/java.nio.charset=ALL-UNNAMED --add-opens=java.base/java.net=ALL-UNNAMED --add-opens=java.base/java.util.concurrent.atomic=ALL-UNNAMED -Xmx2048m -Dfile.encoding=UTF-8 -Duser.country=GB -Duser.language=en -Duser.variant org.gradle.launcher.daemon.bootstrap.GradleDaemon 7.0

Host: Intel(R) Core(TM) i5-6200U CPU @ 2.30GHz, 4 cores, 3G,  Windows 10 , 64 bit Build 18362 (10.0.18362.1350)
Time: Mon Aug 30 00:35:02 2021 W. Central Africa Standard Time elapsed time: 8 seconds (0d 0h 0m 8s)

---------------  T H R E A D  ---------------

Current thread (0x0000022192ee7800):  JavaThread "C2 CompilerThread1" daemon [_thread_in_native, id=1344, stack(0x000000bc1d300000,0x000000bc1d400000)]


Current CompileTask:
C2:   8532 3152       4       java.net.URLClassLoader$1::run (5 bytes)

Stack: [0x000000bc1d300000,0x000000bc1d400000]
Native frames: (J=compiled Java code, j=interpreted, Vv=VM code, C=native code)
V  [jvm.dll+0x5de50a]
V  [jvm.dll+0x7122f5]
V  [jvm.dll+0x71384d]
V  [jvm.dll+0x713f03]
V  [jvm.dll+0x23e728]
V  [jvm.dll+0xb899c]
V  [jvm.dll+0xb8e9c]
V  [jvm.dll+0x35024d]
V  [jvm.dll+0x193ebc]
V  [jvm.dll+0x1f780e]
V  [jvm.dll+0x1f68d4]
V  [jvm.dll+0x17f32c]
V  [jvm.dll+0x205047]
V  [jvm.dll+0x203891]
V  [jvm.dll+0x6dad3f]
V  [jvm.dll+0x6d3895]
V  [jvm.dll+0x5dd4a6]
C  [ucrtbase.dll+0x210b2]
C  [KERNEL32.DLL+0x17c24]
C  [ntdll.dll+0x6d721]


---------------  P R O C E S S  ---------------

Threads class SMR info:
_java_thread_list=0x0000022193561a50, length=35, elements={
0x00000221f5af0000, 0x00000221fe51c000, 0x00000221fe51d000, 0x00000221fee94800,
0x00000221fee95800, 0x00000221fee96800, 0x00000221fee9c800, 0x00000221fee9f800,
0x00000221fefd6800, 0x00000221feff2000, 0x0000022192165800, 0x00000221923b1000,
0x00000221923c2000, 0x00000221922b4800, 0x000002219184e000, 0x00000221920b6000,
0x00000221920b6800, 0x0000022191d85800, 0x0000022191d86800, 0x00000221920fc800,
0x0000022192bdf800, 0x0000022192be2000, 0x0000022192bdc000, 0x0000022192ee7800,
0x0000022192be1000, 0x0000022192bde800, 0x0000022192be0000, 0x0000022192be2800,
0x0000022192bdd000, 0x0000022192bdd800, 0x00000221ff8aa000, 0x00000221ff8ac800,
0x00000221ff8a9000, 0x00000221ff8ab800, 0x00000221ff8a7800
}

Java Threads: ( => current thread )
  0x00000221f5af0000 JavaThread "main" [_thread_blocked, id=12344, stack(0x000000bc1b200000,0x000000bc1b300000)]
  0x00000221fe51c000 JavaThread "Reference Handler" daemon [_thread_blocked, id=13428, stack(0x000000bc1b900000,0x000000bc1ba00000)]
  0x00000221fe51d000 JavaThread "Finalizer" daemon [_thread_blocked, id=6252, stack(0x000000bc1ba00000,0x000000bc1bb00000)]
  0x00000221fee94800 JavaThread "Signal Dispatcher" daemon [_thread_blocked, id=11540, stack(0x000000bc1bb00000,0x000000bc1bc00000)]
  0x00000221fee95800 JavaThread "Attach Listener" daemon [_thread_blocked, id=3560, stack(0x000000bc1bc00000,0x000000bc1bd00000)]
  0x00000221fee96800 JavaThread "C2 CompilerThread0" daemon [_thread_in_native, id=7484, stack(0x000000bc1bd00000,0x000000bc1be00000)]
  0x00000221fee9c800 JavaThread "C1 CompilerThread0" daemon [_thread_blocked, id=9560, stack(0x000000bc1be00000,0x000000bc1bf00000)]
  0x00000221fee9f800 JavaThread "Sweeper thread" daemon [_thread_blocked, id=9492, stack(0x000000bc1bf00000,0x000000bc1c000000)]
  0x00000221fefd6800 JavaThread "Common-Cleaner" daemon [_thread_blocked, id=1996, stack(0x000000bc1c000000,0x000000bc1c100000)]
  0x00000221feff2000 JavaThread "Service Thread" daemon [_thread_blocked, id=14192, stack(0x000000bc1c100000,0x000000bc1c200000)]
  0x0000022192165800 JavaThread "Daemon health stats" [_thread_blocked, id=3228, stack(0x000000bc1c500000,0x000000bc1c600000)]
  0x00000221923b1000 JavaThread "Incoming local TCP Connector on port 53754" [_thread_in_native, id=12596, stack(0x000000bc1c400000,0x000000bc1c500000)]
  0x00000221923c2000 JavaThread "Daemon periodic checks" [_thread_blocked, id=11712, stack(0x000000bc1c800000,0x000000bc1c900000)]
  0x00000221922b4800 JavaThread "Daemon" [_thread_blocked, id=9636, stack(0x000000bc1c900000,0x000000bc1ca00000)]
  0x000002219184e000 JavaThread "Handler for socket connection from /127.0.0.1:53754 to /127.0.0.1:53755" [_thread_in_native, id=11840, stack(0x000000bc1ca00000,0x000000bc1cb00000)]
  0x00000221920b6000 JavaThread "Cancel handler" [_thread_blocked, id=16088, stack(0x000000bc1cb00000,0x000000bc1cc00000)]
  0x00000221920b6800 JavaThread "Daemon worker" [_thread_in_native, id=16276, stack(0x000000bc1cc00000,0x000000bc1cd00000)]
  0x0000022191d85800 JavaThread "Asynchronous log dispatcher for DefaultDaemonConnection: socket connection from /127.0.0.1:53754 to /127.0.0.1:53755" [_thread_blocked, id=12684, stack(0x000000bc1cd00000,0x000000bc1ce00000)]
  0x0000022191d86800 JavaThread "Stdin handler" [_thread_blocked, id=11944, stack(0x000000bc1ce00000,0x000000bc1cf00000)]
  0x00000221920fc800 JavaThread "Daemon client event forwarder" [_thread_blocked, id=15660, stack(0x000000bc1cf00000,0x000000bc1d000000)]
  0x0000022192bdf800 JavaThread "Cache worker for file hash cache (C:\Users\Joshua\.gradle\caches\7.0\fileHashes)" [_thread_blocked, id=10380, stack(0x000000bc1d000000,0x000000bc1d100000)]
  0x0000022192be2000 JavaThread "File lock request listener" [_thread_in_native, id=13356, stack(0x000000bc1d100000,0x000000bc1d200000)]
  0x0000022192bdc000 JavaThread "Cache worker for journal cache (C:\Users\Joshua\.gradle\caches\journal-1)" [_thread_blocked, id=15472, stack(0x000000bc1d200000,0x000000bc1d300000)]
=>0x0000022192ee7800 JavaThread "C2 CompilerThread1" daemon [_thread_in_native, id=1344, stack(0x000000bc1d300000,0x000000bc1d400000)]
  0x0000022192be1000 JavaThread "Cache worker for file hash cache (C:\Users\Joshua\AndroidStudioProjects\SchoolProject\.gradle\7.0\fileHashes)" [_thread_blocked, id=2884, stack(0x000000bc1d400000,0x000000bc1d500000)]
  0x0000022192bde800 JavaThread "File watcher server" daemon [_thread_in_native, id=9136, stack(0x000000bc1d500000,0x000000bc1d600000)]
  0x0000022192be0000 JavaThread "File watcher consumer" daemon [_thread_blocked, id=13456, stack(0x000000bc1d600000,0x000000bc1d700000)]
  0x0000022192be2800 JavaThread "Cache worker for checksums cache (C:\Users\Joshua\AndroidStudioProjects\SchoolProject\.gradle\checksums)" [_thread_blocked, id=9880, stack(0x000000bc1d700000,0x000000bc1d800000)]
  0x0000022192bdd000 JavaThread "Cache worker for cache directory md-supplier (C:\Users\Joshua\.gradle\caches\7.0\md-supplier)" [_thread_blocked, id=476, stack(0x000000bc1d800000,0x000000bc1d900000)]
  0x0000022192bdd800 JavaThread "Cache worker for cache directory md-rule (C:\Users\Joshua\.gradle\caches\7.0\md-rule)" [_thread_blocked, id=6700, stack(0x000000bc1d900000,0x000000bc1da00000)]
  0x00000221ff8aa000 JavaThread "Cache worker for execution history cache (C:\Users\Joshua\.gradle\caches\7.0\executionHistory)" [_thread_blocked, id=6328, stack(0x000000bc1da00000,0x000000bc1db00000)]
  0x00000221ff8ac800 JavaThread "jar transforms" [_thread_blocked, id=14704, stack(0x000000bc1db00000,0x000000bc1dc00000)]
  0x00000221ff8a9000 JavaThread "jar transforms Thread 2" [_thread_blocked, id=13692, stack(0x000000bc1dc00000,0x000000bc1dd00000)]
  0x00000221ff8ab800 JavaThread "Cache worker for file content cache (C:\Users\Joshua\.gradle\caches\7.0\fileContent)" [_thread_blocked, id=12164, stack(0x000000bc1dd00000,0x000000bc1de00000)]
  0x00000221ff8a7800 JavaThread "Cache worker for dependencies-accessors (C:\Users\Joshua\AndroidStudioProjects\SchoolProject\.gradle\7.0\dependencies-accessors)" [_thread_blocked, id=1856, stack(0x000000bc1de00000,0x000000bc1df00000)]

Other Threads:
  0x00000221fe515800 VMThread "VM Thread" [stack: 0x000000bc1b800000,0x000000bc1b900000] [id=7788]
  0x00000221feff3000 WatcherThread [stack: 0x000000bc1c200000,0x000000bc1c300000] [id=13236]
  0x00000221f5b09800 GCTaskThread "GC Thread#0" [stack: 0x000000bc1b300000,0x000000bc1b400000] [id=7964]
  0x00000221ff0fb000 GCTaskThread "GC Thread#1" [stack: 0x000000bc1c300000,0x000000bc1c400000] [id=712]
  0x0000022191fc0000 GCTaskThread "GC Thread#2" [stack: 0x000000bc1c600000,0x000000bc1c700000] [id=6712]
  0x0000022192897800 GCTaskThread "GC Thread#3" [stack: 0x000000bc1c700000,0x000000bc1c800000] [id=5368]
  0x00000221f5b39800 ConcurrentGCThread "G1 Main Marker" [stack: 0x000000bc1b400000,0x000000bc1b500000] [id=4128]
  0x00000221f5b3b000 ConcurrentGCThread "G1 Conc#0" [stack: 0x000000bc1b500000,0x000000bc1b600000] [id=12712]
  0x00000221f5b95000 ConcurrentGCThread "G1 Refine#0" [stack: 0x000000bc1b600000,0x000000bc1b700000] [id=12096]
  0x00000221f5b96000 ConcurrentGCThread "G1 Young RemSet Sampling" [stack: 0x000000bc1b700000,0x000000bc1b800000] [id=13136]

Threads with active compile tasks:
C2 CompilerThread0   8740 3153   !   4       java.net.URLClassLoader$1::run (63 bytes)
C2 CompilerThread1   8740 3152       4       java.net.URLClassLoader$1::run (5 bytes)

VM state:not at safepoint (normal execution)

VM Mutex/Monitor currently owned by a thread: None

Heap address: 0x0000000080000000, size: 2048 MB, Compressed Oops mode: 32-bit
Narrow klass base: 0x0000000000000000, Narrow klass shift: 3
Compressed class space size: 1073741824 Address: 0x0000000100000000

Heap:
 garbage-first heap   total 95232K, used 52376K [0x0000000080000000, 0x0000000100000000)
  region size 1024K, 30 young (30720K), 5 survivors (5120K)
 Metaspace       used 39628K, capacity 40612K, committed 40780K, reserved 1085440K
  class space    used 5108K, capacity 5439K, committed 5452K, reserved 1048576K
Heap Regions: E=young(eden), S=young(survivor), O=old, HS=humongous(starts), HC=humongous(continues), CS=collection set, F=free, A=archive, TAMS=top-at-mark-start (previous, next)
|   0|0x0000000080000000, 0x0000000080100000, 0x0000000080100000|100%| O|  |TAMS 0x0000000080100000, 0x0000000080000000| Untracked 
|   1|0x0000000080100000, 0x0000000080200000, 0x0000000080200000|100%| O|  |TAMS 0x0000000080200000, 0x0000000080100000| Untracked 
|   2|0x0000000080200000, 0x0000000080300000, 0x0000000080300000|100%| O|  |TAMS 0x0000000080300000, 0x0000000080200000| Untracked 
|   3|0x0000000080300000, 0x0000000080400000, 0x0000000080400000|100%|HS|  |TAMS 0x0000000080400000, 0x0000000080300000| Complete 
|   4|0x0000000080400000, 0x0000000080500000, 0x0000000080500000|100%|HC|  |TAMS 0x0000000080500000, 0x0000000080400000| Complete 
|   5|0x0000000080500000, 0x0000000080600000, 0x0000000080600000|100%|HC|  |TAMS 0x0000000080600000, 0x0000000080500000| Complete 
|   6|0x0000000080600000, 0x0000000080700000, 0x0000000080700000|100%| O|  |TAMS 0x0000000080700000, 0x0000000080600000| Untracked 
|   7|0x0000000080700000, 0x0000000080800000, 0x0000000080800000|100%| O|  |TAMS 0x0000000080800000, 0x0000000080700000| Untracked 
|   8|0x0000000080800000, 0x0000000080900000, 0x0000000080900000|100%| O|  |TAMS 0x0000000080900000, 0x0000000080800000| Untracked 
|   9|0x0000000080900000, 0x0000000080a00000, 0x0000000080a00000|100%| O|  |TAMS 0x0000000080a00000, 0x0000000080900000| Untracked 
|  10|0x0000000080a00000, 0x0000000080b00000, 0x0000000080b00000|100%| O|  |TAMS 0x0000000080b00000, 0x0000000080a00000| Untracked 
|  11|0x0000000080b00000, 0x0000000080c00000, 0x0000000080c00000|100%| O|  |TAMS 0x0000000080c00000, 0x0000000080b00000| Untracked 
|  12|0x0000000080c00000, 0x0000000080d00000, 0x0000000080d00000|100%| O|  |TAMS 0x0000000080d00000, 0x0000000080c00000| Untracked 
|  13|0x0000000080d00000, 0x0000000080e00000, 0x0000000080e00000|100%| O|  |TAMS 0x0000000080e00000, 0x0000000080d00000| Untracked 
|  14|0x0000000080e00000, 0x0000000080f00000, 0x0000000080f00000|100%| O|  |TAMS 0x0000000080f00000, 0x0000000080e00000| Untracked 
|  15|0x0000000080f00000, 0x0000000081000000, 0x0000000081000000|100%| O|  |TAMS 0x0000000081000000, 0x0000000080f00000| Untracked 
|  16|0x0000000081000000, 0x0000000081100000, 0x0000000081100000|100%| O|  |TAMS 0x00000000810f9608, 0x0000000081000000| Untracked 
|  17|0x0000000081100000, 0x0000000081200000, 0x0000000081200000|100%| O|  |TAMS 0x0000000081100000, 0x0000000081100000| Untracked 
|  18|0x0000000081200000, 0x0000000081300000, 0x0000000081300000|100%| O|  |TAMS 0x0000000081200000, 0x0000000081200000| Untracked 
|  19|0x0000000081300000, 0x000000008134b400, 0x0000000081400000| 29%| O|  |TAMS 0x0000000081300000, 0x0000000081300000| Untracked 
|  20|0x0000000081400000, 0x0000000081500000, 0x0000000081500000|100%|HS|  |TAMS 0x0000000081400000, 0x0000000081400000| Complete 
|  21|0x0000000081500000, 0x0000000081600000, 0x0000000081600000|100%|HS|  |TAMS 0x0000000081500000, 0x0000000081500000| Complete 
|  22|0x0000000081600000, 0x0000000081700000, 0x0000000081700000|100%|HC|  |TAMS 0x0000000081600000, 0x0000000081600000| Complete 
|  23|0x0000000081700000, 0x0000000081700000, 0x0000000081800000|  0%| F|  |TAMS 0x0000000081700000, 0x0000000081700000| Untracked 
|  24|0x0000000081800000, 0x0000000081800000, 0x0000000081900000|  0%| F|  |TAMS 0x0000000081800000, 0x0000000081800000| Untracked 
|  25|0x0000000081900000, 0x0000000081900000, 0x0000000081a00000|  0%| F|  |TAMS 0x0000000081900000, 0x0000000081900000| Untracked 
|  26|0x0000000081a00000, 0x0000000081a00000, 0x0000000081b00000|  0%| F|  |TAMS 0x0000000081a00000, 0x0000000081a00000| Untracked 
|  27|0x0000000081b00000, 0x0000000081b00000, 0x0000000081c00000|  0%| F|  |TAMS 0x0000000081b00000, 0x0000000081b00000| Untracked 
|  28|0x0000000081c00000, 0x0000000081c00000, 0x0000000081d00000|  0%| F|  |TAMS 0x0000000081c00000, 0x0000000081c00000| Untracked 
|  29|0x0000000081d00000, 0x0000000081d00000, 0x0000000081e00000|  0%| F|  |TAMS 0x0000000081d00000, 0x0000000081d00000| Untracked 
|  30|0x0000000081e00000, 0x0000000081e00000, 0x0000000081f00000|  0%| F|  |TAMS 0x0000000081e00000, 0x0000000081e00000| Untracked 
|  31|0x0000000081f00000, 0x0000000081f00000, 0x0000000082000000|  0%| F|  |TAMS 0x0000000081f00000, 0x0000000081f00000| Untracked 
|  32|0x0000000082000000, 0x0000000082000000, 0x0000000082100000|  0%| F|  |TAMS 0x0000000082000000, 0x0000000082000000| Untracked 
|  33|0x0000000082100000, 0x0000000082100000, 0x0000000082200000|  0%| F|  |TAMS 0x0000000082100000, 0x0000000082100000| Untracked 
|  34|0x0000000082200000, 0x0000000082200000, 0x0000000082300000|  0%| F|  |TAMS 0x0000000082200000, 0x0000000082200000| Untracked 
|  35|0x0000000082300000, 0x0000000082300000, 0x0000000082400000|  0%| F|  |TAMS 0x0000000082300000, 0x0000000082300000| Untracked 
|  36|0x0000000082400000, 0x0000000082400000, 0x0000000082500000|  0%| F|  |TAMS 0x0000000082400000, 0x0000000082400000| Untracked 
|  37|0x0000000082500000, 0x00000000825dad48, 0x0000000082600000| 85%| S|CS|TAMS 0x0000000082500000, 0x0000000082500000| Complete 
|  38|0x0000000082600000, 0x0000000082700000, 0x0000000082700000|100%| S|CS|TAMS 0x0000000082600000, 0x0000000082600000| Complete 
|  39|0x0000000082700000, 0x0000000082800000, 0x0000000082800000|100%| S|CS|TAMS 0x0000000082700000, 0x0000000082700000| Complete 
|  40|0x0000000082800000, 0x0000000082900000, 0x0000000082900000|100%| S|CS|TAMS 0x0000000082800000, 0x0000000082800000| Complete 
|  41|0x0000000082900000, 0x0000000082a00000, 0x0000000082a00000|100%| S|CS|TAMS 0x0000000082900000, 0x0000000082900000| Complete 
|  42|0x0000000082a00000, 0x0000000082a00000, 0x0000000082b00000|  0%| F|  |TAMS 0x0000000082a00000, 0x0000000082a00000| Untracked 
|  43|0x0000000082b00000, 0x0000000082b00000, 0x0000000082c00000|  0%| F|  |TAMS 0x0000000082b00000, 0x0000000082b00000| Untracked 
|  44|0x0000000082c00000, 0x0000000082c00000, 0x0000000082d00000|  0%| F|  |TAMS 0x0000000082c00000, 0x0000000082c00000| Untracked 
|  45|0x0000000082d00000, 0x0000000082d00000, 0x0000000082e00000|  0%| F|  |TAMS 0x0000000082d00000, 0x0000000082d00000| Untracked 
|  46|0x0000000082e00000, 0x0000000082e00000, 0x0000000082f00000|  0%| F|  |TAMS 0x0000000082e00000, 0x0000000082e00000| Untracked 
|  47|0x0000000082f00000, 0x0000000082f00000, 0x0000000083000000|  0%| F|  |TAMS 0x0000000082f00000, 0x0000000082f00000| Untracked 
|  48|0x0000000083000000, 0x0000000083000000, 0x0000000083100000|  0%| F|  |TAMS 0x0000000083000000, 0x0000000083000000| Untracked 
|  49|0x0000000083100000, 0x0000000083100000, 0x0000000083200000|  0%| F|  |TAMS 0x0000000083100000, 0x0000000083100000| Untracked 
|  50|0x0000000083200000, 0x0000000083200000, 0x0000000083300000|  0%| F|  |TAMS 0x0000000083200000, 0x0000000083200000| Untracked 
|  51|0x0000000083300000, 0x0000000083300000, 0x0000000083400000|  0%| F|  |TAMS 0x0000000083300000, 0x0000000083300000| Untracked 
|  52|0x0000000083400000, 0x0000000083400000, 0x0000000083500000|  0%| F|  |TAMS 0x0000000083400000, 0x0000000083400000| Untracked 
|  53|0x0000000083500000, 0x0000000083500000, 0x0000000083600000|  0%| F|  |TAMS 0x0000000083500000, 0x0000000083500000| Untracked 
|  54|0x0000000083600000, 0x0000000083600000, 0x0000000083700000|  0%| F|  |TAMS 0x0000000083600000, 0x0000000083600000| Untracked 
|  55|0x0000000083700000, 0x0000000083700000, 0x0000000083800000|  0%| F|  |TAMS 0x0000000083700000, 0x0000000083700000| Untracked 
|  56|0x0000000083800000, 0x0000000083800000, 0x0000000083900000|  0%| F|  |TAMS 0x0000000083800000, 0x0000000083800000| Untracked 
|  57|0x0000000083900000, 0x0000000083900000, 0x0000000083a00000|  0%| F|  |TAMS 0x0000000083900000, 0x0000000083900000| Untracked 
|  58|0x0000000083a00000, 0x0000000083a00000, 0x0000000083b00000|  0%| F|  |TAMS 0x0000000083a00000, 0x0000000083a00000| Untracked 
|  59|0x0000000083b00000, 0x0000000083b00000, 0x0000000083c00000|  0%| F|  |TAMS 0x0000000083b00000, 0x0000000083b00000| Untracked 
|  60|0x0000000083c00000, 0x0000000083c00000, 0x0000000083d00000|  0%| F|  |TAMS 0x0000000083c00000, 0x0000000083c00000| Untracked 
|  61|0x0000000083d00000, 0x0000000083d00000, 0x0000000083e00000|  0%| F|  |TAMS 0x0000000083d00000, 0x0000000083d00000| Untracked 
|  62|0x0000000083e00000, 0x0000000083e00000, 0x0000000083f00000|  0%| F|  |TAMS 0x0000000083e00000, 0x0000000083e00000| Untracked 
|  63|0x0000000083f00000, 0x0000000083f00000, 0x0000000084000000|  0%| F|  |TAMS 0x0000000083f00000, 0x0000000083f00000| Untracked 
|  64|0x0000000084000000, 0x0000000084000000, 0x0000000084100000|  0%| F|  |TAMS 0x0000000084000000, 0x0000000084000000| Untracked 
|  65|0x0000000084100000, 0x0000000084100000, 0x0000000084200000|  0%| F|  |TAMS 0x0000000084100000, 0x0000000084100000| Untracked 
|  66|0x0000000084200000, 0x0000000084200000, 0x0000000084300000|  0%| F|  |TAMS 0x0000000084200000, 0x0000000084200000| Untracked 
|  67|0x0000000084300000, 0x0000000084300000, 0x0000000084400000|  0%| F|  |TAMS 0x0000000084300000, 0x0000000084300000| Untracked 
|  68|0x0000000084400000, 0x0000000084500000, 0x0000000084500000|100%| E|  |TAMS 0x0000000084400000, 0x0000000084400000| Complete 
|  69|0x0000000084500000, 0x0000000084600000, 0x0000000084600000|100%| E|CS|TAMS 0x0000000084500000, 0x0000000084500000| Complete 
|  70|0x0000000084600000, 0x0000000084700000, 0x0000000084700000|100%| E|CS|TAMS 0x0000000084600000, 0x0000000084600000| Complete 
|  71|0x0000000084700000, 0x0000000084800000, 0x0000000084800000|100%| E|CS|TAMS 0x0000000084700000, 0x0000000084700000| Complete 
|  72|0x0000000084800000, 0x0000000084900000, 0x0000000084900000|100%| E|CS|TAMS 0x0000000084800000, 0x0000000084800000| Complete 
|  73|0x0000000084900000, 0x0000000084a00000, 0x0000000084a00000|100%| E|CS|TAMS 0x0000000084900000, 0x0000000084900000| Complete 
|  74|0x0000000084a00000, 0x0000000084b00000, 0x0000000084b00000|100%| E|CS|TAMS 0x0000000084a00000, 0x0000000084a00000| Complete 
|  75|0x0000000084b00000, 0x0000000084c00000, 0x0000000084c00000|100%| E|CS|TAMS 0x0000000084b00000, 0x0000000084b00000| Complete 
|  76|0x0000000084c00000, 0x0000000084d00000, 0x0000000084d00000|100%| E|CS|TAMS 0x0000000084c00000, 0x0000000084c00000| Complete 
|  77|0x0000000084d00000, 0x0000000084e00000, 0x0000000084e00000|100%| E|CS|TAMS 0x0000000084d00000, 0x0000000084d00000| Complete 
|  78|0x0000000084e00000, 0x0000000084f00000, 0x0000000084f00000|100%| E|CS|TAMS 0x0000000084e00000, 0x0000000084e00000| Complete 
|  79|0x0000000084f00000, 0x0000000085000000, 0x0000000085000000|100%| E|CS|TAMS 0x0000000084f00000, 0x0000000084f00000| Complete 
|  80|0x0000000085000000, 0x0000000085100000, 0x0000000085100000|100%| E|CS|TAMS 0x0000000085000000, 0x0000000085000000| Complete 
|  81|0x0000000085100000, 0x0000000085200000, 0x0000000085200000|100%| E|CS|TAMS 0x0000000085100000, 0x0000000085100000| Complete 
|  82|0x0000000085200000, 0x0000000085300000, 0x0000000085300000|100%| E|CS|TAMS 0x0000000085200000, 0x0000000085200000| Complete 
|  83|0x0000000085300000, 0x0000000085400000, 0x0000000085400000|100%| E|CS|TAMS 0x0000000085300000, 0x0000000085300000| Complete 
|  84|0x0000000085400000, 0x0000000085500000, 0x0000000085500000|100%| E|CS|TAMS 0x0000000085400000, 0x0000000085400000| Complete 
|  85|0x0000000085500000, 0x0000000085600000, 0x0000000085600000|100%| E|CS|TAMS 0x0000000085500000, 0x0000000085500000| Complete 
|  86|0x0000000085600000, 0x0000000085700000, 0x0000000085700000|100%| E|CS|TAMS 0x0000000085600000, 0x0000000085600000| Complete 
|  87|0x0000000085700000, 0x0000000085800000, 0x0000000085800000|100%| E|CS|TAMS 0x0000000085700000, 0x0000000085700000| Complete 
|  88|0x0000000085800000, 0x0000000085900000, 0x0000000085900000|100%| E|CS|TAMS 0x0000000085800000, 0x0000000085800000| Complete 
|  89|0x0000000085900000, 0x0000000085a00000, 0x0000000085a00000|100%| E|CS|TAMS 0x0000000085900000, 0x0000000085900000| Complete 
|  90|0x0000000085a00000, 0x0000000085b00000, 0x0000000085b00000|100%| E|CS|TAMS 0x0000000085a00000, 0x0000000085a00000| Complete 
|  91|0x0000000085b00000, 0x0000000085c00000, 0x0000000085c00000|100%| E|CS|TAMS 0x0000000085b00000, 0x0000000085b00000| Complete 
|  92|0x0000000085c00000, 0x0000000085d00000, 0x0000000085d00000|100%| E|CS|TAMS 0x0000000085c00000, 0x0000000085c00000| Complete 

Card table byte_map: [0x00000221f9860000,0x00000221f9c60000] _byte_map_base: 0x00000221f9460000

Marking Bits (Prev, Next): (CMBitMap*) 0x00000221f5b30ab8, (CMBitMap*) 0x00000221f5b30af0
 Prev Bits: [0x00000221fa060000, 0x00000221fc060000)
 Next Bits: [0x00000221fc060000, 0x00000221fe060000)

Polling page: 0x00000221f3a60000

Metaspace:

Usage:
  Non-class:     34.35 MB capacity,    33.73 MB ( 98%) used,   545.88 KB (  2%) free+waste,    90.38 KB ( <1%) overhead. 
      Class:      5.34 MB capacity,     4.99 MB ( 93%) used,   315.45 KB (  6%) free+waste,    43.31 KB ( <1%) overhead. 
       Both:     39.69 MB capacity,    38.72 MB ( 98%) used,   861.33 KB (  2%) free+waste,   133.69 KB ( <1%) overhead. 

Virtual space:
  Non-class space:       36.00 MB reserved,      34.50 MB ( 96%) committed 
      Class space:        1.00 GB reserved,       5.45 MB ( <1%) committed 
             Both:        1.04 GB reserved,      39.95 MB (  4%) committed 

Chunk freelists:
   Non-Class:  25.00 KB
       Class:  0 bytes
        Both:  25.00 KB

MaxMetaspaceSize: 17179869184.00 GB
CompressedClassSpaceSize: 1.00 GB

CodeHeap 'non-profiled nmethods': size=120064Kb used=1512Kb max_used=1512Kb free=118551Kb
 bounds [0x0000022187ac0000, 0x0000022187d30000, 0x000002218f000000]
CodeHeap 'profiled nmethods': size=120000Kb used=6931Kb max_used=6931Kb free=113069Kb
 bounds [0x0000022180590000, 0x0000022180c60000, 0x0000022187ac0000]
CodeHeap 'non-nmethods': size=5696Kb used=2195Kb max_used=2226Kb free=3500Kb
 bounds [0x0000022180000000, 0x0000022180270000, 0x0000022180590000]
 total_blobs=4048 nmethods=3288 adapters=671
 compilation: enabled
              stopped_count=0, restarted_count=0
 full_count=0

Compilation events (20 events):
Event: 8.436 Thread 0x00000221fee9c800 3311       3       java.lang.reflect.Constructor::setAccessible (21 bytes)
Event: 8.437 Thread 0x00000221fee9c800 nmethod 3311 0x0000022180c2e310 code [0x0000022180c2e540, 0x0000022180c2ebd8]
Event: 8.437 Thread 0x00000221fee9c800 3312       3       java.lang.reflect.Constructor::checkCanSetAccessible (29 bytes)
Event: 8.437 Thread 0x00000221fee9c800 nmethod 3312 0x0000022180c2ee10 code [0x0000022180c2efe0, 0x0000022180c2f298]
Event: 8.444 Thread 0x00000221fee9c800 3313       1       org.gradle.internal.operations.BuildOperationDescriptor::getId (5 bytes)
Event: 8.444 Thread 0x00000221fee9c800 nmethod 3313 0x0000022187c37e10 code [0x0000022187c37fc0, 0x0000022187c38078]
Event: 8.448 Thread 0x00000221fee9c800 3314       3       java.util.concurrent.locks.AbstractQueuedSynchronizer$ConditionObject::checkInterruptWhileWaiting (27 bytes)
Event: 8.450 Thread 0x00000221fee9c800 nmethod 3314 0x0000022180c2f410 code [0x0000022180c2f6c0, 0x0000022180c30148]
Event: 8.450 Thread 0x00000221fee9c800 3315       3       java.util.concurrent.locks.LockSupport::parkNanos (29 bytes)
Event: 8.451 Thread 0x00000221fee9c800 nmethod 3315 0x0000022180c30590 code [0x0000022180c30760, 0x0000022180c30a88]
Event: 8.475 Thread 0x00000221fee9c800 3316       1       org.slf4j.impl.StaticLoggerBinder::getLoggerFactory (5 bytes)
Event: 8.475 Thread 0x00000221fee9c800 nmethod 3316 0x0000022187c38110 code [0x0000022187c382c0, 0x0000022187c38378]
Event: 8.475 Thread 0x00000221fee9c800 3317       2       java.util.AbstractList$Itr::hasNext (20 bytes)
Event: 8.475 Thread 0x00000221fee9c800 nmethod 3317 0x0000022180c30b90 code [0x0000022180c30d40, 0x0000022180c30e88]
Event: 8.478 Thread 0x00000221fee9c800 3318       3       java.io.File::getName (42 bytes)
Event: 8.479 Thread 0x00000221fee9c800 nmethod 3318 0x0000022180c30f10 code [0x0000022180c31140, 0x0000022180c31678]
Event: 8.479 Thread 0x00000221fee9c800 3319       3       java.util.concurrent.locks.AbstractQueuedSynchronizer$Node::predecessor (19 bytes)
Event: 8.480 Thread 0x00000221fee9c800 nmethod 3319 0x0000022180c31890 code [0x0000022180c31a60, 0x0000022180c31c48]
Event: 8.491 Thread 0x00000221fee9c800 3320       3       java.util.ArrayList::addAll (76 bytes)
Event: 8.492 Thread 0x00000221fee9c800 nmethod 3320 0x0000022180c31d10 code [0x0000022180c31f20, 0x0000022180c32518]

GC Heap History (20 events):
Event: 1.583 GC heap before
{Heap before GC invocations=1 (full 0):
 garbage-first heap   total 65536K, used 19629K [0x0000000080000000, 0x0000000100000000)
  region size 1024K, 13 young (13312K), 2 survivors (2048K)
 Metaspace       used 10162K, capacity 10375K, committed 10624K, reserved 1058816K
  class space    used 1066K, capacity 1141K, committed 1152K, reserved 1048576K
}
Event: 1.589 GC heap after
{Heap after GC invocations=2 (full 0):
 garbage-first heap   total 65536K, used 9484K [0x0000000080000000, 0x0000000100000000)
  region size 1024K, 2 young (2048K), 2 survivors (2048K)
 Metaspace       used 10162K, capacity 10375K, committed 10624K, reserved 1058816K
  class space    used 1066K, capacity 1141K, committed 1152K, reserved 1048576K
}
Event: 2.109 GC heap before
{Heap before GC invocations=2 (full 0):
 garbage-first heap   total 65536K, used 32012K [0x0000000080000000, 0x0000000100000000)
  region size 1024K, 24 young (24576K), 2 survivors (2048K)
 Metaspace       used 11094K, capacity 11264K, committed 11520K, reserved 1058816K
  class space    used 1166K, capacity 1245K, committed 1280K, reserved 1048576K
}
Event: 2.113 GC heap after
{Heap after GC invocations=3 (full 0):
 garbage-first heap   total 65536K, used 10042K [0x0000000080000000, 0x0000000100000000)
  region size 1024K, 2 young (2048K), 2 survivors (2048K)
 Metaspace       used 11094K, capacity 11264K, committed 11520K, reserved 1058816K
  class space    used 1166K, capacity 1245K, committed 1280K, reserved 1048576K
}
Event: 2.635 GC heap before
{Heap before GC invocations=3 (full 0):
 garbage-first heap   total 65536K, used 39738K [0x0000000080000000, 0x0000000100000000)
  region size 1024K, 31 young (31744K), 2 survivors (2048K)
 Metaspace       used 13401K, capacity 13699K, committed 13952K, reserved 1060864K
  class space    used 1493K, capacity 1590K, committed 1664K, reserved 1048576K
}
Event: 2.644 GC heap after
{Heap after GC invocations=4 (full 0):
 garbage-first heap   total 65536K, used 15038K [0x0000000080000000, 0x0000000100000000)
  region size 1024K, 4 young (4096K), 4 survivors (4096K)
 Metaspace       used 13401K, capacity 13699K, committed 13952K, reserved 1060864K
  class space    used 1493K, capacity 1590K, committed 1664K, reserved 1048576K
}
Event: 4.246 GC heap before
{Heap before GC invocations=4 (full 0):
 garbage-first heap   total 65536K, used 41662K [0x0000000080000000, 0x0000000100000000)
  region size 1024K, 30 young (30720K), 4 survivors (4096K)
 Metaspace       used 18860K, capacity 19247K, committed 19328K, reserved 1067008K
  class space    used 2271K, capacity 2405K, committed 2432K, reserved 1048576K
}
Event: 4.256 GC heap after
{Heap after GC invocations=5 (full 0):
 garbage-first heap   total 65536K, used 16339K [0x0000000080000000, 0x0000000100000000)
  region size 1024K, 2 young (2048K), 2 survivors (2048K)
 Metaspace       used 18860K, capacity 19247K, committed 19328K, reserved 1067008K
  class space    used 2271K, capacity 2405K, committed 2432K, reserved 1048576K
}
Event: 4.586 GC heap before
{Heap before GC invocations=5 (full 0):
 garbage-first heap   total 65536K, used 30675K [0x0000000080000000, 0x0000000100000000)
  region size 1024K, 17 young (17408K), 2 survivors (2048K)
 Metaspace       used 20657K, capacity 21162K, committed 21248K, reserved 1067008K
  class space    used 2530K, capacity 2730K, committed 2816K, reserved 1048576K
}
Event: 4.592 GC heap after
{Heap after GC invocations=6 (full 0):
 garbage-first heap   total 78848K, used 16729K [0x0000000080000000, 0x0000000100000000)
  region size 1024K, 2 young (2048K), 2 survivors (2048K)
 Metaspace       used 20657K, capacity 21162K, committed 21248K, reserved 1067008K
  class space    used 2530K, capacity 2730K, committed 2816K, reserved 1048576K
}
Event: 5.120 GC heap before
{Heap before GC invocations=7 (full 0):
 garbage-first heap   total 78848K, used 47449K [0x0000000080000000, 0x0000000100000000)
  region size 1024K, 32 young (32768K), 2 survivors (2048K)
 Metaspace       used 23591K, capacity 24170K, committed 24320K, reserved 1071104K
  class space    used 3011K, capacity 3225K, committed 3328K, reserved 1048576K
}
Event: 5.127 GC heap after
{Heap after GC invocations=8 (full 0):
 garbage-first heap   total 78848K, used 17666K [0x0000000080000000, 0x0000000100000000)
  region size 1024K, 3 young (3072K), 3 survivors (3072K)
 Metaspace       used 23591K, capacity 24170K, committed 24320K, reserved 1071104K
  class space    used 3011K, capacity 3225K, committed 3328K, reserved 1048576K
}
Event: 5.981 GC heap before
{Heap before GC invocations=8 (full 0):
 garbage-first heap   total 78848K, used 49410K [0x0000000080000000, 0x0000000100000000)
  region size 1024K, 34 young (34816K), 3 survivors (3072K)
 Metaspace       used 26626K, capacity 27223K, committed 27392K, reserved 1073152K
  class space    used 3513K, capacity 3756K, committed 3840K, reserved 1048576K
}
Event: 5.990 GC heap after
{Heap after GC invocations=9 (full 0):
 garbage-first heap   total 78848K, used 18923K [0x0000000080000000, 0x0000000100000000)
  region size 1024K, 3 young (3072K), 3 survivors (3072K)
 Metaspace       used 26626K, capacity 27223K, committed 27392K, reserved 1073152K
  class space    used 3513K, capacity 3756K, committed 3840K, reserved 1048576K
}
Event: 6.857 GC heap before
{Heap before GC invocations=9 (full 0):
 garbage-first heap   total 78848K, used 50667K [0x0000000080000000, 0x0000000100000000)
  region size 1024K, 34 young (34816K), 3 survivors (3072K)
 Metaspace       used 30241K, capacity 30914K, committed 30976K, reserved 1075200K
  class space    used 4058K, capacity 4304K, committed 4352K, reserved 1048576K
}
Event: 6.872 GC heap after
{Heap after GC invocations=10 (full 0):
 garbage-first heap   total 78848K, used 19947K [0x0000000080000000, 0x0000000100000000)
  region size 1024K, 4 young (4096K), 4 survivors (4096K)
 Metaspace       used 30241K, capacity 30914K, committed 30976K, reserved 1075200K
  class space    used 4058K, capacity 4304K, committed 4352K, reserved 1048576K
}
Event: 7.662 GC heap before
{Heap before GC invocations=10 (full 0):
 garbage-first heap   total 78848K, used 34283K [0x0000000080000000, 0x0000000100000000)
  region size 1024K, 19 young (19456K), 4 survivors (4096K)
 Metaspace       used 34989K, capacity 35779K, committed 35840K, reserved 1081344K
  class space    used 4540K, capacity 4863K, committed 4864K, reserved 1048576K
}
Event: 7.676 GC heap after
{Heap after GC invocations=11 (full 0):
 garbage-first heap   total 78848K, used 22135K [0x0000000080000000, 0x0000000100000000)
  region size 1024K, 5 young (5120K), 5 survivors (5120K)
 Metaspace       used 34989K, capacity 35779K, committed 35840K, reserved 1081344K
  class space    used 4540K, capacity 4863K, committed 4864K, reserved 1048576K
}
Event: 8.218 GC heap before
{Heap before GC invocations=12 (full 0):
 garbage-first heap   total 78848K, used 52855K [0x0000000080000000, 0x0000000100000000)
  region size 1024K, 35 young (35840K), 5 survivors (5120K)
 Metaspace       used 37050K, capacity 37923K, committed 38220K, reserved 1083392K
  class space    used 4800K, capacity 5125K, committed 5196K, reserved 1048576K
}
Event: 8.231 GC heap after
{Heap after GC invocations=13 (full 0):
 garbage-first heap   total 95232K, used 24728K [0x0000000080000000, 0x0000000100000000)
  region size 1024K, 5 young (5120K), 5 survivors (5120K)
 Metaspace       used 37050K, capacity 37923K, committed 38220K, reserved 1083392K
  class space    used 4800K, capacity 5125K, committed 5196K, reserved 1048576K
}

Deoptimization events (20 events):
Event: 8.348 Thread 0x00000221920b6800 Uncommon trap: trap_request=0xffffffde fr.pc=0x0000022187c186ec relative=0x000000000000044c
Event: 8.348 Thread 0x00000221920b6800 Uncommon trap: reason=class_check action=maybe_recompile pc=0x0000022187c186ec method=java.util.regex.Pattern$Start.match(Ljava/util/regex/Matcher;ILjava/lang/CharSequence;)Z @ 44 c2
Event: 8.348 Thread 0x00000221920b6800 DEOPT PACKING pc=0x0000022187c186ec sp=0x000000bc1ccf8350
Event: 8.349 Thread 0x00000221920b6800 DEOPT UNPACKING pc=0x00000221800274af sp=0x000000bc1ccf8280 mode 2
Event: 8.349 Thread 0x00000221920b6800 Uncommon trap: trap_request=0xffffffde fr.pc=0x0000022187c186ec relative=0x000000000000044c
Event: 8.349 Thread 0x00000221920b6800 Uncommon trap: reason=class_check action=maybe_recompile pc=0x0000022187c186ec method=java.util.regex.Pattern$Start.match(Ljava/util/regex/Matcher;ILjava/lang/CharSequence;)Z @ 44 c2
Event: 8.349 Thread 0x00000221920b6800 DEOPT PACKING pc=0x0000022187c186ec sp=0x000000bc1ccf8350
Event: 8.349 Thread 0x00000221920b6800 DEOPT UNPACKING pc=0x00000221800274af sp=0x000000bc1ccf8280 mode 2
Event: 8.408 Thread 0x00000221920b6800 Uncommon trap: trap_request=0xffffff4d fr.pc=0x0000022187bf3334 relative=0x0000000000000114
Event: 8.408 Thread 0x00000221920b6800 Uncommon trap: reason=unstable_if action=reinterpret pc=0x0000022187bf3334 method=java.util.Arrays.hashCode([Ljava/lang/Object;)I @ 34 c2
Event: 8.408 Thread 0x00000221920b6800 DEOPT PACKING pc=0x0000022187bf3334 sp=0x000000bc1ccf9890
Event: 8.408 Thread 0x00000221920b6800 DEOPT UNPACKING pc=0x00000221800274af sp=0x000000bc1ccf9808 mode 2
Event: 8.421 Thread 0x00000221920b6800 Uncommon trap: trap_request=0xffffffde fr.pc=0x0000022187b94f28 relative=0x00000000000002e8
Event: 8.421 Thread 0x00000221920b6800 Uncommon trap: reason=class_check action=maybe_recompile pc=0x0000022187b94f28 method=java.util.Collections$SetFromMap.remove(Ljava/lang/Object;)Z @ 5 c2
Event: 8.421 Thread 0x00000221920b6800 DEOPT PACKING pc=0x0000022187b94f28 sp=0x000000bc1ccfae70
Event: 8.421 Thread 0x00000221920b6800 DEOPT UNPACKING pc=0x00000221800274af sp=0x000000bc1ccfae68 mode 2
Event: 8.421 Thread 0x00000221920b6800 Uncommon trap: trap_request=0xffffffde fr.pc=0x0000022187b94f28 relative=0x00000000000002e8
Event: 8.421 Thread 0x00000221920b6800 Uncommon trap: reason=class_check action=maybe_recompile pc=0x0000022187b94f28 method=java.util.Collections$SetFromMap.remove(Ljava/lang/Object;)Z @ 5 c2
Event: 8.421 Thread 0x00000221920b6800 DEOPT PACKING pc=0x0000022187b94f28 sp=0x000000bc1ccfadf0
Event: 8.421 Thread 0x00000221920b6800 DEOPT UNPACKING pc=0x00000221800274af sp=0x000000bc1ccfade8 mode 2

Classes redefined (0 events):
No events

Internal exceptions (20 events):
Event: 8.238 Thread 0x00000221920b6800 Exception <a 'java/lang/ClassNotFoundException'{0x0000000085cab520}: org/gradle/groovy/scripts/BasicScriptBeanInfo> (0x0000000085cab520) thrown at [./src/hotspot/share/classfile/systemDictionary.cpp, line 231]
Event: 8.239 Thread 0x00000221920b6800 Exception <a 'java/lang/ClassNotFoundException'{0x0000000085cc0838}: org/gradle/groovy/scripts/ScriptBeanInfo> (0x0000000085cc0838) thrown at [./src/hotspot/share/classfile/systemDictionary.cpp, line 231]
Event: 8.240 Thread 0x00000221920b6800 Exception <a 'java/lang/ClassNotFoundException'{0x0000000085ce1ae8}: groovy/lang/ScriptBeanInfo> (0x0000000085ce1ae8) thrown at [./src/hotspot/share/classfile/systemDictionary.cpp, line 231]
Event: 8.241 Thread 0x00000221920b6800 Exception <a 'java/lang/ClassNotFoundException'{0x0000000085b03780}: groovy/lang/ScriptCustomizer> (0x0000000085b03780) thrown at [./src/hotspot/share/classfile/systemDictionary.cpp, line 231]
Event: 8.242 Thread 0x00000221920b6800 Exception <a 'java/lang/ClassNotFoundException'{0x0000000085b20600}: org/gradle/groovy/scripts/ScriptCustomizer> (0x0000000085b20600) thrown at [./src/hotspot/share/classfile/systemDictionary.cpp, line 231]
Event: 8.244 Thread 0x00000221920b6800 Exception <a 'java/lang/ClassNotFoundException'{0x0000000085b3d1a0}: org/gradle/groovy/scripts/BasicScriptCustomizer> (0x0000000085b3d1a0) thrown at [./src/hotspot/share/classfile/systemDictionary.cpp, line 231]
Event: 8.246 Thread 0x00000221920b6800 Exception <a 'java/lang/ClassNotFoundException'{0x0000000085b5f8a0}: org/gradle/groovy/scripts/DefaultScriptCustomizer> (0x0000000085b5f8a0) thrown at [./src/hotspot/share/classfile/systemDictionary.cpp, line 231]
Event: 8.253 Thread 0x00000221920b6800 Exception <a 'java/lang/ClassNotFoundException'{0x0000000085bb0640}: org/gradle/plugin/use/internal/PluginsAwareScriptCustomizer> (0x0000000085bb0640) thrown at [./src/hotspot/share/classfile/systemDictionary.cpp, line 231]
Event: 8.255 Thread 0x00000221920b6800 Exception <a 'java/lang/ClassNotFoundException'{0x0000000085bcf000}: org/gradle/initialization/SettingsScriptCustomizer> (0x0000000085bcf000) thrown at [./src/hotspot/share/classfile/systemDictionary.cpp, line 231]
Event: 8.256 Thread 0x00000221920b6800 Exception <a 'java/lang/ClassNotFoundException'{0x0000000085be2750}: settings_4wn6iri07m425aqbnvfvn8agxCustomizer> (0x0000000085be2750) thrown at [./src/hotspot/share/classfile/systemDictionary.cpp, line 231]
Event: 8.343 Thread 0x00000221920b6800 Exception <a 'java/lang/ClassNotFoundException'{0x0000000085860740}: org/gradle/initialization/DefaultSettings_DecoratedBeanInfo> (0x0000000085860740) thrown at [./src/hotspot/share/classfile/systemDictionary.cpp, line 231]
Event: 8.345 Thread 0x00000221920b6800 Exception <a 'java/lang/ClassNotFoundException'{0x000000008589f9b8}: org/gradle/initialization/DefaultSettingsBeanInfo> (0x000000008589f9b8) thrown at [./src/hotspot/share/classfile/systemDictionary.cpp, line 231]
Event: 8.346 Thread 0x00000221920b6800 Exception <a 'java/lang/ClassNotFoundException'{0x00000000858c8758}: org/gradle/api/internal/project/AbstractPluginAwareBeanInfo> (0x00000000858c8758) thrown at [./src/hotspot/share/classfile/systemDictionary.cpp, line 231]
Event: 8.346 Thread 0x00000221920b6800 Exception <a 'java/lang/ClassNotFoundException'{0x00000000858f16b0}: org/gradle/api/internal/project/AbstractPluginAwareCustomizer> (0x00000000858f16b0) thrown at [./src/hotspot/share/classfile/systemDictionary.cpp, line 231]
Event: 8.348 Thread 0x00000221920b6800 Exception <a 'java/lang/ClassNotFoundException'{0x000000008571e818}: org/gradle/initialization/DefaultSettingsCustomizer> (0x000000008571e818) thrown at [./src/hotspot/share/classfile/systemDictionary.cpp, line 231]
Event: 8.352 Thread 0x00000221920b6800 Exception <a 'java/lang/ClassNotFoundException'{0x0000000085774a58}: org/gradle/initialization/DefaultSettings_DecoratedCustomizer> (0x0000000085774a58) thrown at [./src/hotspot/share/classfile/systemDictionary.cpp, line 231]
Event: 8.386 Thread 0x00000221920b6800 Exception <a 'java/lang/NoSuchMethodError'{0x000000008567e310}: 'int java.lang.invoke.DirectMethodHandle$Holder.invokeVirtual(java.lang.Object, java.lang.Object)'> (0x000000008567e310) thrown at [./src/hotspot/share/interpreter/linkResolver.cpp, line 773]
Event: 8.408 Thread 0x00000221920b6800 Implicit null exception at 0x0000022187bf326f to 0x0000022187bf3318
Event: 8.416 Thread 0x00000221920b6800 Exception <a 'java/lang/ClassNotFoundException'{0x000000008551dba8}: org/gradle/initialization/DefaultProjectDescriptorBeanInfo> (0x000000008551dba8) thrown at [./src/hotspot/share/classfile/systemDictionary.cpp, line 231]
Event: 8.417 Thread 0x00000221920b6800 Exception <a 'java/lang/ClassNotFoundException'{0x0000000085545d98}: org/gradle/initialization/DefaultProjectDescriptorCustomizer> (0x0000000085545d98) thrown at [./src/hotspot/share/classfile/systemDictionary.cpp, line 231]

Events (20 events):
Event: 8.495 loading class org/gradle/model/internal/registry/ModelRegistry
Event: 8.495 loading class org/gradle/model/internal/registry/ModelRegistry done
Event: 8.495 loading class org/gradle/api/AntBuilder
Event: 8.495 loading class org/gradle/api/AntBuilder done
Event: 8.496 loading class groovy/util/AntBuilder
Event: 8.496 loading class groovy/util/AntBuilder done
Event: 8.498 loading class groovy/util/BuilderSupport
Event: 8.498 loading class groovy/util/BuilderSupport done
Event: 8.499 loading class org/gradle/api/component/SoftwareComponentContainer
Event: 8.499 loading class org/gradle/api/component/SoftwareComponentContainer done
Event: 8.499 loading class org/gradle/normalization/InputNormalizationHandler
Event: 8.499 loading class org/gradle/normalization/InputNormalizationHandler done
Event: 8.499 loading class org/gradle/api/internal/file/DefaultProjectLayout
Event: 8.499 loading class org/gradle/api/internal/file/DefaultProjectLayout done
Event: 8.500 loading class org/gradle/api/internal/file/TaskFileVarFactory
Event: 8.500 loading class org/gradle/api/internal/file/TaskFileVarFactory done
Event: 8.500 loading class org/gradle/api/internal/tasks/TaskContainerInternal
Event: 8.500 loading class org/gradle/api/internal/tasks/TaskContainerInternal done
Event: 8.502 loading class org/gradle/internal/model/RuleBasedPluginListener
Event: 8.502 loading class org/gradle/internal/model/RuleBasedPluginListener done


Dynamic libraries:
0x00007ff7c63d0000 - 0x00007ff7c63da000 	C:\Program Files\Android\Android Studio\jre\bin\java.exe
0x00007ff9c21a0000 - 0x00007ff9c2390000 	C:\WINDOWS\SYSTEM32\ntdll.dll
0x00007ff9c0b50000 - 0x00007ff9c0c02000 	C:\WINDOWS\System32\KERNEL32.DLL
0x00007ff9bfc90000 - 0x00007ff9bff35000 	C:\WINDOWS\System32\KERNELBASE.dll
0x00007ff9bf890000 - 0x00007ff9bf98a000 	C:\WINDOWS\System32\ucrtbase.dll
0x00007ff9b6b80000 - 0x00007ff9b6b99000 	C:\Program Files\Android\Android Studio\jre\bin\jli.dll
0x00007ff9c1880000 - 0x00007ff9c1a14000 	C:\WINDOWS\System32\USER32.dll
0x00007ff9bffe0000 - 0x00007ff9c0001000 	C:\WINDOWS\System32\win32u.dll
0x00007ff9c1b90000 - 0x00007ff9c1bb6000 	C:\WINDOWS\System32\GDI32.dll
0x00007ff9bfaf0000 - 0x00007ff9bfc88000 	C:\WINDOWS\System32\gdi32full.dll
0x00007ff9bff40000 - 0x00007ff9bffde000 	C:\WINDOWS\System32\msvcp_win.dll
0x00007ff9b57a0000 - 0x00007ff9b57b7000 	C:\Program Files\Android\Android Studio\jre\bin\VCRUNTIME140.dll
0x00007ff9a41f0000 - 0x00007ff9a4474000 	C:\WINDOWS\WinSxS\amd64_microsoft.windows.common-controls_6595b64144ccf1df_6.0.18362.1440_none_9e7dbfb9e45e8e67\COMCTL32.dll
0x00007ff9c0a10000 - 0x00007ff9c0aae000 	C:\WINDOWS\System32\msvcrt.dll
0x00007ff9c03c0000 - 0x00007ff9c06f6000 	C:\WINDOWS\System32\combase.dll
0x00007ff9c08f0000 - 0x00007ff9c0a0f000 	C:\WINDOWS\System32\RPCRT4.dll
0x00007ff9c0010000 - 0x00007ff9c0091000 	C:\WINDOWS\System32\bcryptPrimitives.dll
0x00007ff9c2130000 - 0x00007ff9c215e000 	C:\WINDOWS\System32\IMM32.DLL
0x00007ff9988e0000 - 0x00007ff99897d000 	C:\Program Files\Android\Android Studio\jre\bin\msvcp140.dll
0x00007ff9813e0000 - 0x00007ff981e9c000 	C:\Program Files\Android\Android Studio\jre\bin\server\jvm.dll
0x00007ff9c1d80000 - 0x00007ff9c1e23000 	C:\WINDOWS\System32\ADVAPI32.dll
0x00007ff9c0320000 - 0x00007ff9c03b7000 	C:\WINDOWS\System32\sechost.dll
0x00007ff9c1bc0000 - 0x00007ff9c1bc8000 	C:\WINDOWS\System32\PSAPI.DLL
0x00007ff9a02d0000 - 0x00007ff9a02d9000 	C:\WINDOWS\SYSTEM32\WSOCK32.dll
0x00007ff9c10a0000 - 0x00007ff9c110f000 	C:\WINDOWS\System32\WS2_32.dll
0x00007ff9b9720000 - 0x00007ff9b9744000 	C:\WINDOWS\SYSTEM32\WINMM.dll
0x00007ff9b02a0000 - 0x00007ff9b02aa000 	C:\WINDOWS\SYSTEM32\VERSION.dll
0x00007ff9b9430000 - 0x00007ff9b945d000 	C:\WINDOWS\SYSTEM32\WINMMBASE.dll
0x00007ff9bfa40000 - 0x00007ff9bfa8a000 	C:\WINDOWS\System32\cfgmgr32.dll
0x00007ff9bf060000 - 0x00007ff9bf071000 	C:\WINDOWS\System32\kernel.appcore.dll
0x00007ff9b0660000 - 0x00007ff9b0671000 	C:\Program Files\Android\Android Studio\jre\bin\verify.dll
0x00007ff9ba7b0000 - 0x00007ff9ba9a4000 	C:\WINDOWS\SYSTEM32\DBGHELP.DLL
0x00007ff9a5ae0000 - 0x00007ff9a5b0a000 	C:\WINDOWS\SYSTEM32\dbgcore.DLL
0x00007ff9ab240000 - 0x00007ff9ab269000 	C:\Program Files\Android\Android Studio\jre\bin\java.dll
0x00007ff9b5780000 - 0x00007ff9b578b000 	C:\Program Files\Android\Android Studio\jre\bin\jimage.dll
0x00007ff9ab220000 - 0x00007ff9ab238000 	C:\Program Files\Android\Android Studio\jre\bin\zip.dll
0x00007ff9c1110000 - 0x00007ff9c17f8000 	C:\WINDOWS\System32\SHELL32.dll
0x00007ff9c0700000 - 0x00007ff9c07a7000 	C:\WINDOWS\System32\shcore.dll
0x00007ff9bf110000 - 0x00007ff9bf88b000 	C:\WINDOWS\System32\windows.storage.dll
0x00007ff9bf0f0000 - 0x00007ff9bf10e000 	C:\WINDOWS\System32\profapi.dll
0x00007ff9bf0a0000 - 0x00007ff9bf0ea000 	C:\WINDOWS\System32\powrprof.dll
0x00007ff9bf050000 - 0x00007ff9bf060000 	C:\WINDOWS\System32\UMPDC.dll
0x00007ff9c1ad0000 - 0x00007ff9c1b22000 	C:\WINDOWS\System32\shlwapi.dll
0x00007ff9c00a0000 - 0x00007ff9c00b7000 	C:\WINDOWS\System32\cryptsp.dll
0x00007ff9ab200000 - 0x00007ff9ab21a000 	C:\Program Files\Android\Android Studio\jre\bin\net.dll
0x00007ff9af350000 - 0x00007ff9af44a000 	C:\WINDOWS\SYSTEM32\WINHTTP.dll
0x00007ff9be830000 - 0x00007ff9be897000 	C:\WINDOWS\system32\mswsock.dll
0x00007ff9aa590000 - 0x00007ff9aa5a4000 	C:\Program Files\Android\Android Studio\jre\bin\nio.dll
0x00007ff9b8720000 - 0x00007ff9b8747000 	C:\Users\Joshua\.gradle\native\49d0259a56938c7f99b2704e745ce422c4f750a7a20b539a32ccef96729676b1\windows-amd64\native-platform.dll
0x00007ff991b80000 - 0x00007ff991d16000 	C:\Users\Joshua\.gradle\native\12488b8bf47d2d4c9fbf2f6322a914ad602e24e48041cd04a747c6da556b65c4\windows-amd64\native-platform-file-events.dll
0x00007ff9b78c0000 - 0x00007ff9b78ca000 	C:\Program Files\Android\Android Studio\jre\bin\management.dll
0x00007ff9b78b0000 - 0x00007ff9b78bc000 	C:\Program Files\Android\Android Studio\jre\bin\management_ext.dll
0x00007ff9be3b0000 - 0x00007ff9be3e3000 	C:\WINDOWS\system32\rsaenh.dll
0x00007ff9c00c0000 - 0x00007ff9c00e6000 	C:\WINDOWS\System32\bcrypt.dll
0x00007ff9bef30000 - 0x00007ff9bef55000 	C:\WINDOWS\SYSTEM32\USERENV.dll
0x00007ff9bea20000 - 0x00007ff9bea2c000 	C:\WINDOWS\SYSTEM32\CRYPTBASE.dll
0x00007ff9be540000 - 0x00007ff9be57a000 	C:\WINDOWS\SYSTEM32\IPHLPAPI.DLL
0x00007ff9c0c10000 - 0x00007ff9c0c18000 	C:\WINDOWS\System32\NSI.dll
0x00007ff9aefc0000 - 0x00007ff9aefd6000 	C:\WINDOWS\SYSTEM32\dhcpcsvc6.DLL
0x00007ff9af550000 - 0x00007ff9af56c000 	C:\WINDOWS\SYSTEM32\dhcpcsvc.DLL
0x00007ff9be580000 - 0x00007ff9be64b000 	C:\WINDOWS\SYSTEM32\DNSAPI.dll

dbghelp: loaded successfully - version: 4.0.5 - missing functions: none
symbol engine: initialized successfully - sym options: 0x614 - pdb path: .;C:\Program Files\Android\Android Studio\jre\bin;C:\WINDOWS\SYSTEM32;C:\WINDOWS\WinSxS\amd64_microsoft.windows.common-controls_6595b64144ccf1df_6.0.18362.1440_none_9e7dbfb9e45e8e67;C:\Program Files\Android\Android Studio\jre\bin\server;C:\Users\Joshua\.gradle\native\49d0259a56938c7f99b2704e745ce422c4f750a7a20b539a32ccef96729676b1\windows-amd64;C:\Users\Joshua\.gradle\native\12488b8bf47d2d4c9fbf2f6322a914ad602e24e48041cd04a747c6da556b65c4\windows-amd64

VM Arguments:
jvm_args: --add-opens=java.base/java.util=ALL-UNNAMED --add-opens=java.base/java.lang=ALL-UNNAMED --add-opens=java.base/java.lang.invoke=ALL-UNNAMED --add-opens=java.base/java.util=ALL-UNNAMED --add-opens=java.prefs/java.util.prefs=ALL-UNNAMED --add-opens=java.prefs/java.util.prefs=ALL-UNNAMED --add-opens=java.base/java.nio.charset=ALL-UNNAMED --add-opens=java.base/java.net=ALL-UNNAMED --add-opens=java.base/java.util.concurrent.atomic=ALL-UNNAMED -Xmx2048m -Dfile.encoding=UTF-8 -Duser.country=GB -Duser.language=en -Duser.variant 
java_command: org.gradle.launcher.daemon.bootstrap.GradleDaemon 7.0
java_class_path (initial): C:\Users\Joshua\.gradle\wrapper\dists\gradle-7.0-bin\2p9ebqfz6ilrfozi676ogco7n\gradle-7.0\lib\gradle-launcher-7.0.jar
Launcher Type: SUN_STANDARD

[Global flags]
     intx CICompilerCount                          = 3                                         {product} {ergonomic}
     uint ConcGCThreads                            = 1                                         {product} {ergonomic}
     uint G1ConcRefinementThreads                  = 4                                         {product} {ergonomic}
   size_t G1HeapRegionSize                         = 1048576                                   {product} {ergonomic}
    uintx GCDrainStackTargetSize                   = 64                                        {product} {ergonomic}
   size_t InitialHeapSize                          = 67108864                                  {product} {ergonomic}
   size_t MarkStackSize                            = 4194304                                   {product} {ergonomic}
   size_t MaxHeapSize                              = 2147483648                                {product} {command line}
   size_t MaxNewSize                               = 1287651328                                {product} {ergonomic}
   size_t MinHeapDeltaBytes                        = 1048576                                   {product} {ergonomic}
    uintx NonNMethodCodeHeapSize                   = 5830732                                {pd product} {ergonomic}
    uintx NonProfiledCodeHeapSize                  = 122913754                              {pd product} {ergonomic}
    uintx ProfiledCodeHeapSize                     = 122913754                              {pd product} {ergonomic}
    uintx ReservedCodeCacheSize                    = 251658240                              {pd product} {ergonomic}
     bool SegmentedCodeCache                       = true                                      {product} {ergonomic}
     bool UseCompressedClassPointers               = true                                 {lp64_product} {ergonomic}
     bool UseCompressedOops                        = true                                 {lp64_product} {ergonomic}
     bool UseG1GC                                  = true                                      {product} {ergonomic}
     bool UseLargePagesIndividualAllocation        = false                                  {pd product} {ergonomic}

Logging:
Log output configuration:
 #0: stdout all=warning uptime,level,tags
 #1: stderr all=off uptime,level,tags

Environment Variables:
PATH=C:\Program Files (x86)\Intel\iCLS Client\;C:\Program Files\Intel\iCLS Client\;C:\WINDOWS\system32;C:\WINDOWS;C:\WINDOWS\System32\Wbem;C:\WINDOWS\System32\WindowsPowerShell\v1.0\;c:\Program Files\Intel\WiFi\bin\;c:\Program Files\Common Files\Intel\WirelessCommon\;C:\Program Files (x86)\Intel\Intel(R) Management Engine Components\DAL;C:\Program Files\Intel\Intel(R) Management Engine Components\DAL;C:\Program Files (x86)\Intel\Intel(R) Management Engine Components\IPT;C:\Program Files\Intel\Intel(R) Management Engine Components\IPT;C:\WINDOWS\System32\OpenSSH\;C:\Program Files\Java\jdk-14\bin;C:\Program Files\PuTTY\;C:\Program Files\nodejs\;C:\Program Files\Git\cmd;C:\Program Files\MongoDB\Server\4.4\bin;C:\Program Files\MySQL\MySQL Shell 8.0\bin\;C:\Users\Joshua\AppData\Local\Microsoft\WindowsApps;C:\Users\Joshua\AppData\Local\Programs\Microsoft VS Code\bin;C:\Users\Joshua\AppData\Local\GitHubDesktop\bin;C:\Users\Joshua\AppData\Roaming\npm;C:\Users\Joshua\AppData\Local\nvs\;C:\Program Files\MongoDB\Server\4.4\bin;
USERNAME=Joshua
OS=Windows_NT
PROCESSOR_IDENTIFIER=Intel64 Family 6 Model 78 Stepping 3, GenuineIntel



---------------  S Y S T E M  ---------------

OS: Windows 10 , 64 bit Build 18362 (10.0.18362.1350)
OS uptime: 1 days 23:57 hours

CPU:total 4 (initial active 4) (2 cores per cpu, 2 threads per core) family 6 model 78 stepping 3, cmov, cx8, fxsr, mmx, sse, sse2, sse3, ssse3, sse4.1, sse4.2, popcnt, avx, avx2, aes, clmul, erms, 3dnowpref, lzcnt, ht, tsc, tscinvbit, bmi1, bmi2, adx, fma

Memory: 4k page, system-wide physical 3992M (486M free)
TotalPageFile size 8088M (AvailPageFile size 4M)
current process WorkingSet (physical memory assigned to process): 240M, peak: 240M
current process commit charge ("private bytes"): 278M, peak: 278M

vm_info: OpenJDK 64-Bit Server VM (11.0.8+10-b944.6842174) for windows-amd64 JRE (11.0.8+10-b944.6842174), built on Sep 19 2020 01:11:42 by "builder" with MS VC++ 14.0 (VS2015)

END.
