#
# There is insufficient memory for the Java Runtime Environment to continue.
# Native memory allocation (malloc) failed to allocate 1605616 bytes for Chunk::new
# Possible reasons:
#   The system is out of physical RAM or swap space
#   The process is running with CompressedOops enabled, and the Java Heap may be blocking the growth of the native heap
# Possible solutions:
#   Reduce memory load on the system
#   Increase physical memory or swap space
#   Check if swap backing store is full
#   Decrease Java heap size (-Xmx/-Xms)
#   Decrease number of Java threads
#   Decrease Java thread stack sizes (-Xss)
#   Set larger code cache with -XX:ReservedCodeCacheSize=
#   JVM is running with Unscaled Compressed Oops mode in which the Java heap is
#     placed in the first 4GB address space. The Java Heap base address is the
#     maximum limit for the native heap growth. Please use -XX:HeapBaseMinAddress
#     to set the Java Heap base and to place the Java Heap above 4GB virtual address.
# This output file may be truncated or incomplete.
#
#  Out of Memory Error (./src/hotspot/share/memory/arena.cpp:197), pid=11268, tid=7284
#
# JRE version: OpenJDK Runtime Environment (11.0.8+10) (build 11.0.8+10-b944.6842174)
# Java VM: OpenJDK 64-Bit Server VM (11.0.8+10-b944.6842174, mixed mode, tiered, compressed oops, g1 gc, windows-amd64)
# No core dump will be written. Minidumps are not enabled by default on client versions of Windows
#

---------------  S U M M A R Y ------------

Command Line: --add-opens=java.base/java.util=ALL-UNNAMED --add-opens=java.base/java.lang=ALL-UNNAMED --add-opens=java.base/java.lang.invoke=ALL-UNNAMED --add-opens=java.base/java.util=ALL-UNNAMED --add-opens=java.prefs/java.util.prefs=ALL-UNNAMED --add-opens=java.prefs/java.util.prefs=ALL-UNNAMED --add-opens=java.base/java.nio.charset=ALL-UNNAMED --add-opens=java.base/java.net=ALL-UNNAMED --add-opens=java.base/java.util.concurrent.atomic=ALL-UNNAMED -Xmx2048m -Dfile.encoding=UTF-8 -Duser.country=GB -Duser.language=en -Duser.variant org.gradle.launcher.daemon.bootstrap.GradleDaemon 7.0

Host: Intel(R) Core(TM) i5-6200U CPU @ 2.30GHz, 4 cores, 3G,  Windows 10 , 64 bit Build 18362 (10.0.18362.1350)
Time: Mon Aug 30 04:30:27 2021 W. Central Africa Standard Time elapsed time: 2584 seconds (0d 0h 43m 4s)

---------------  T H R E A D  ---------------

Current thread (0x00000205d1c5b000):  JavaThread "C2 CompilerThread1" daemon [_thread_in_native, id=7284, stack(0x000000ea56900000,0x000000ea56a00000)]


Current CompileTask:
C2:2584673 21951       4       org.gradle.api.internal.artifacts.transform.TransformingAsyncArtifactListener$TransformedArtifact::startFinalization (15 bytes)

Stack: [0x000000ea56900000,0x000000ea56a00000]
Native frames: (J=compiled Java code, j=interpreted, Vv=VM code, C=native code)
V  [jvm.dll+0x5de50a]
V  [jvm.dll+0x7122f5]
V  [jvm.dll+0x71384d]
V  [jvm.dll+0x713f03]
V  [jvm.dll+0x23e728]
V  [jvm.dll+0xb899c]
V  [jvm.dll+0xb8e9c]
V  [jvm.dll+0x35020b]
V  [jvm.dll+0x31dea3]
V  [jvm.dll+0x31d39a]
V  [jvm.dll+0x1f7702]
V  [jvm.dll+0x1f68d4]
V  [jvm.dll+0x17f32c]
V  [jvm.dll+0x205047]
V  [jvm.dll+0x203891]
V  [jvm.dll+0x6dad3f]
V  [jvm.dll+0x6d3895]
V  [jvm.dll+0x5dd4a6]
C  [ucrtbase.dll+0x210b2]
C  [KERNEL32.DLL+0x17c24]
C  [ntdll.dll+0x6d721]


---------------  P R O C E S S  ---------------

Threads class SMR info:
_java_thread_list=0x00000205d9ea42a0, length=48, elements={
0x00000205b4cd0000, 0x00000205ce6fb000, 0x00000205ce705800, 0x00000205cf072800,
0x00000205cf074800, 0x00000205cf078800, 0x00000205cf07f000, 0x00000205ce75a000,
0x00000205cf1ba800, 0x00000205cf1c9000, 0x00000205d0a3e800, 0x00000205d065b000,
0x00000205d032a000, 0x00000205cf8b5800, 0x00000205cf8b5000, 0x00000205cf8b6800,
0x00000205cf8b3000, 0x00000205cf8b4000, 0x00000205cf8b8000, 0x00000205cf8b2800,
0x00000205cf8b9000, 0x00000205d1f5b800, 0x00000205d1f5f800, 0x00000205d1f5d000,
0x00000205d1f67800, 0x00000205d1f5c800, 0x00000205d1f5e800, 0x00000205d5c50000,
0x00000205d768a000, 0x00000205d768e000, 0x00000205d768f000, 0x00000205d768b000,
0x00000205d768d800, 0x00000205d7691800, 0x00000205d7694000, 0x00000205d7692800,
0x00000205d7694800, 0x00000205d7695800, 0x00000205d7696800, 0x00000205d7690800,
0x00000205d7698000, 0x00000205d7697000, 0x00000205d5c47000, 0x00000205d5c4b800,
0x00000205d5c46000, 0x00000205d5c4a000, 0x00000205d5c48800, 0x00000205d1c5b000
}

Java Threads: ( => current thread )
  0x00000205b4cd0000 JavaThread "main" [_thread_blocked, id=10264, stack(0x000000ea53700000,0x000000ea53800000)]
  0x00000205ce6fb000 JavaThread "Reference Handler" daemon [_thread_blocked, id=2544, stack(0x000000ea53e00000,0x000000ea53f00000)]
  0x00000205ce705800 JavaThread "Finalizer" daemon [_thread_blocked, id=5432, stack(0x000000ea53f00000,0x000000ea54000000)]
  0x00000205cf072800 JavaThread "Signal Dispatcher" daemon [_thread_blocked, id=14236, stack(0x000000ea54000000,0x000000ea54100000)]
  0x00000205cf074800 JavaThread "Attach Listener" daemon [_thread_blocked, id=11556, stack(0x000000ea54100000,0x000000ea54200000)]
  0x00000205cf078800 JavaThread "C2 CompilerThread0" daemon [_thread_in_native, id=1092, stack(0x000000ea54200000,0x000000ea54300000)]
  0x00000205cf07f000 JavaThread "C1 CompilerThread0" daemon [_thread_blocked, id=14580, stack(0x000000ea54300000,0x000000ea54400000)]
  0x00000205ce75a000 JavaThread "Sweeper thread" daemon [_thread_blocked, id=12684, stack(0x000000ea54400000,0x000000ea54500000)]
  0x00000205cf1ba800 JavaThread "Common-Cleaner" daemon [_thread_blocked, id=492, stack(0x000000ea54500000,0x000000ea54600000)]
  0x00000205cf1c9000 JavaThread "Service Thread" daemon [_thread_blocked, id=5644, stack(0x000000ea54600000,0x000000ea54700000)]
  0x00000205d0a3e800 JavaThread "Daemon health stats" [_thread_blocked, id=5028, stack(0x000000ea54800000,0x000000ea54900000)]
  0x00000205d065b000 JavaThread "Incoming local TCP Connector on port 53871" [_thread_in_native, id=12804, stack(0x000000ea54c00000,0x000000ea54d00000)]
  0x00000205d032a000 JavaThread "Daemon periodic checks" [_thread_blocked, id=8740, stack(0x000000ea54d00000,0x000000ea54e00000)]
  0x00000205cf8b5800 JavaThread "Cache worker for file hash cache (C:\Users\Joshua\.gradle\caches\7.0\fileHashes)" [_thread_blocked, id=15084, stack(0x000000ea55500000,0x000000ea55600000)]
  0x00000205cf8b5000 JavaThread "File lock request listener" [_thread_in_native, id=4060, stack(0x000000ea55600000,0x000000ea55700000)]
  0x00000205cf8b6800 JavaThread "Cache worker for journal cache (C:\Users\Joshua\.gradle\caches\journal-1)" [_thread_blocked, id=6400, stack(0x000000ea55700000,0x000000ea55800000)]
  0x00000205cf8b3000 JavaThread "File watcher server" daemon [_thread_in_native, id=9028, stack(0x000000ea55900000,0x000000ea55a00000)]
  0x00000205cf8b4000 JavaThread "File watcher consumer" daemon [_thread_blocked, id=6040, stack(0x000000ea55a00000,0x000000ea55b00000)]
  0x00000205cf8b8000 JavaThread "jar transforms" [_thread_blocked, id=15892, stack(0x000000ea55b00000,0x000000ea55c00000)]
  0x00000205cf8b2800 JavaThread "jar transforms Thread 2" [_thread_blocked, id=12040, stack(0x000000ea55c00000,0x000000ea55d00000)]
  0x00000205cf8b9000 JavaThread "jar transforms Thread 3" [_thread_blocked, id=2128, stack(0x000000ea55d00000,0x000000ea55e00000)]
  0x00000205d1f5b800 JavaThread "jar transforms Thread 4" [_thread_blocked, id=8232, stack(0x000000ea55e00000,0x000000ea55f00000)]
  0x00000205d1f5f800 JavaThread "Cache worker for execution history cache (C:\Users\Joshua\.gradle\caches\7.0\executionHistory)" [_thread_blocked, id=14176, stack(0x000000ea56200000,0x000000ea56300000)]
  0x00000205d1f5d000 JavaThread "Cache worker for file content cache (C:\Users\Joshua\.gradle\caches\7.0\fileContent)" [_thread_blocked, id=11904, stack(0x000000ea56300000,0x000000ea56400000)]
  0x00000205d1f67800 JavaThread "Memory manager" [_thread_blocked, id=9476, stack(0x000000ea56c00000,0x000000ea56d00000)]
  0x00000205d1f5c800 JavaThread "Daemon Thread 3" [_thread_blocked, id=6672, stack(0x000000ea53400000,0x000000ea53500000)]
  0x00000205d1f5e800 JavaThread "Daemon worker Thread 3" [_thread_in_native, id=4628, stack(0x000000ea54e00000,0x000000ea54f00000)]
  0x00000205d5c50000 JavaThread "Cache worker for Java compile cache (C:\Users\Joshua\.gradle\caches\7.0\javaCompile)" [_thread_blocked, id=6652, stack(0x000000ea55000000,0x000000ea55100000)]
  0x00000205d768a000 JavaThread "ForkJoinPool.commonPool-worker-3" daemon [_thread_blocked, id=15060, stack(0x000000ea57700000,0x000000ea57800000)]
  0x00000205d768e000 JavaThread "ForkJoinPool.commonPool-worker-5" daemon [_thread_blocked, id=9748, stack(0x000000ea57800000,0x000000ea57900000)]
  0x00000205d768f000 JavaThread "ForkJoinPool.commonPool-worker-7" daemon [_thread_blocked, id=14064, stack(0x000000ea57900000,0x000000ea57a00000)]
  0x00000205d768b000 JavaThread "Handler for socket connection from /127.0.0.1:53871 to /127.0.0.1:53927" [_thread_in_native, id=11572, stack(0x000000ea53500000,0x000000ea53600000)]
  0x00000205d768d800 JavaThread "Cancel handler" [_thread_blocked, id=3340, stack(0x000000ea53600000,0x000000ea53700000)]
  0x00000205d7691800 JavaThread "Asynchronous log dispatcher for DefaultDaemonConnection: socket connection from /127.0.0.1:53871 to /127.0.0.1:53927" [_thread_blocked, id=4832, stack(0x000000ea54f00000,0x000000ea55000000)]
  0x00000205d7694000 JavaThread "Stdin handler" [_thread_blocked, id=4200, stack(0x000000ea55100000,0x000000ea55200000)]
  0x00000205d7692800 JavaThread "Daemon client event forwarder" [_thread_blocked, id=6664, stack(0x000000ea55200000,0x000000ea55300000)]
  0x00000205d7694800 JavaThread "Cache worker for file hash cache (C:\Users\Joshua\AndroidStudioProjects\SchoolProject\.gradle\7.0\fileHashes)" [_thread_blocked, id=5988, stack(0x000000ea55300000,0x000000ea55400000)]
  0x00000205d7695800 JavaThread "Cache worker for checksums cache (C:\Users\Joshua\AndroidStudioProjects\SchoolProject\.gradle\checksums)" [_thread_blocked, id=10520, stack(0x000000ea55400000,0x000000ea55500000)]
  0x00000205d7696800 JavaThread "Cache worker for cache directory md-supplier (C:\Users\Joshua\.gradle\caches\7.0\md-supplier)" [_thread_blocked, id=10400, stack(0x000000ea55800000,0x000000ea55900000)]
  0x00000205d7690800 JavaThread "Cache worker for cache directory md-rule (C:\Users\Joshua\.gradle\caches\7.0\md-rule)" [_thread_blocked, id=10252, stack(0x000000ea55f00000,0x000000ea56000000)]
  0x00000205d7698000 JavaThread "Cache worker for dependencies-accessors (C:\Users\Joshua\AndroidStudioProjects\SchoolProject\.gradle\7.0\dependencies-accessors)" [_thread_blocked, id=8688, stack(0x000000ea56100000,0x000000ea56200000)]
  0x00000205d7697000 JavaThread "Cache worker for Build Output Cleanup Cache (C:\Users\Joshua\AndroidStudioProjects\SchoolProject\.gradle\buildOutputCleanup)" [_thread_blocked, id=15376, stack(0x000000ea56400000,0x000000ea56500000)]
  0x00000205d5c47000 JavaThread "Build operations" [_thread_blocked, id=13960, stack(0x000000ea56500000,0x000000ea56600000)]
  0x00000205d5c4b800 JavaThread "Build operations Thread 2" [_thread_blocked, id=10912, stack(0x000000ea56600000,0x000000ea56700000)]
  0x00000205d5c46000 JavaThread "Build operations Thread 3" [_thread_blocked, id=7256, stack(0x000000ea56700000,0x000000ea56800000)]
  0x00000205d5c4a000 JavaThread "Build operations Thread 4" [_thread_blocked, id=6588, stack(0x000000ea56800000,0x000000ea56900000)]
  0x00000205d5c48800 JavaThread "Cache worker for execution history cache (C:\Users\Joshua\AndroidStudioProjects\SchoolProject\.gradle\7.0\executionHistory)" [_thread_blocked, id=5536, stack(0x000000ea57000000,0x000000ea57100000)]
=>0x00000205d1c5b000 JavaThread "C2 CompilerThread1" daemon [_thread_in_native, id=7284, stack(0x000000ea56900000,0x000000ea56a00000)]

Other Threads:
  0x00000205ce6f5000 VMThread "VM Thread" [stack: 0x000000ea53d00000,0x000000ea53e00000] [id=4456]
  0x00000205cf1d2800 WatcherThread [stack: 0x000000ea54700000,0x000000ea54800000] [id=2200]
  0x00000205b4ce8000 GCTaskThread "GC Thread#0" [stack: 0x000000ea53800000,0x000000ea53900000] [id=7212]
  0x00000205cf978800 GCTaskThread "GC Thread#1" [stack: 0x000000ea54900000,0x000000ea54a00000] [id=9996]
  0x00000205d0a2c000 GCTaskThread "GC Thread#2" [stack: 0x000000ea54a00000,0x000000ea54b00000] [id=2032]
  0x00000205d0608800 GCTaskThread "GC Thread#3" [stack: 0x000000ea54b00000,0x000000ea54c00000] [id=6036]
  0x00000205b4d1a800 ConcurrentGCThread "G1 Main Marker" [stack: 0x000000ea53900000,0x000000ea53a00000] [id=4836]
  0x00000205b4d1b800 ConcurrentGCThread "G1 Conc#0" [stack: 0x000000ea53a00000,0x000000ea53b00000] [id=5564]
  0x00000205b4d75800 ConcurrentGCThread "G1 Refine#0" [stack: 0x000000ea53b00000,0x000000ea53c00000] [id=7692]
  0x00000205d1d9f000 ConcurrentGCThread "G1 Refine#1" [stack: 0x000000ea56000000,0x000000ea56100000] [id=6828]
  0x00000205b4d76800 ConcurrentGCThread "G1 Young RemSet Sampling" [stack: 0x000000ea53c00000,0x000000ea53d00000] [id=8464]

Threads with active compile tasks:
C2 CompilerThread02585277 21950       4       org.gradle.api.internal.artifacts.transform.AbstractTransformedArtifactSet::visit (97 bytes)
C2 CompilerThread12585277 21951       4       org.gradle.api.internal.artifacts.transform.TransformingAsyncArtifactListener$TransformedArtifact::startFinalization (15 bytes)

VM state:not at safepoint (normal execution)

VM Mutex/Monitor currently owned by a thread: None

Heap address: 0x0000000080000000, size: 2048 MB, Compressed Oops mode: 32-bit
Narrow klass base: 0x0000000000000000, Narrow klass shift: 3
Compressed class space size: 1073741824 Address: 0x0000000100000000

Heap:
 garbage-first heap   total 267264K, used 177245K [0x0000000080000000, 0x0000000100000000)
  region size 1024K, 34 young (34816K), 2 survivors (2048K)
 Metaspace       used 129187K, capacity 133301K, committed 133376K, reserved 1165312K
  class space    used 15963K, capacity 17349K, committed 17408K, reserved 1048576K
Heap Regions: E=young(eden), S=young(survivor), O=old, HS=humongous(starts), HC=humongous(continues), CS=collection set, F=free, A=archive, TAMS=top-at-mark-start (previous, next)
|   0|0x0000000080000000, 0x0000000080100000, 0x0000000080100000|100%| O|  |TAMS 0x0000000080100000, 0x0000000080000000| Untracked 
|   1|0x0000000080100000, 0x0000000080200000, 0x0000000080200000|100%| O|  |TAMS 0x0000000080200000, 0x0000000080100000| Untracked 
|   2|0x0000000080200000, 0x0000000080300000, 0x0000000080300000|100%| O|  |TAMS 0x0000000080300000, 0x0000000080200000| Untracked 
|   3|0x0000000080300000, 0x0000000080400000, 0x0000000080400000|100%|HS|  |TAMS 0x0000000080400000, 0x0000000080300000| Complete 
|   4|0x0000000080400000, 0x0000000080500000, 0x0000000080500000|100%|HC|  |TAMS 0x0000000080500000, 0x0000000080400000| Complete 
|   5|0x0000000080500000, 0x0000000080600000, 0x0000000080600000|100%|HC|  |TAMS 0x0000000080600000, 0x0000000080500000| Complete 
|   6|0x0000000080600000, 0x0000000080700000, 0x0000000080700000|100%| O|  |TAMS 0x0000000080700000, 0x0000000080600000| Untracked 
|   7|0x0000000080700000, 0x0000000080800000, 0x0000000080800000|100%| O|  |TAMS 0x0000000080800000, 0x0000000080700000| Untracked 
|   8|0x0000000080800000, 0x0000000080900000, 0x0000000080900000|100%| O|  |TAMS 0x0000000080900000, 0x0000000080800000| Untracked 
|   9|0x0000000080900000, 0x0000000080a00000, 0x0000000080a00000|100%| O|  |TAMS 0x0000000080a00000, 0x0000000080900000| Untracked 
|  10|0x0000000080a00000, 0x0000000080b00000, 0x0000000080b00000|100%| O|  |TAMS 0x0000000080b00000, 0x0000000080a00000| Untracked 
|  11|0x0000000080b00000, 0x0000000080c00000, 0x0000000080c00000|100%| O|  |TAMS 0x0000000080c00000, 0x0000000080b00000| Untracked 
|  12|0x0000000080c00000, 0x0000000080d00000, 0x0000000080d00000|100%| O|  |TAMS 0x0000000080d00000, 0x0000000080c00000| Untracked 
|  13|0x0000000080d00000, 0x0000000080e00000, 0x0000000080e00000|100%| O|  |TAMS 0x0000000080e00000, 0x0000000080d00000| Untracked 
|  14|0x0000000080e00000, 0x0000000080f00000, 0x0000000080f00000|100%| O|  |TAMS 0x0000000080f00000, 0x0000000080e00000| Untracked 
|  15|0x0000000080f00000, 0x0000000081000000, 0x0000000081000000|100%| O|  |TAMS 0x0000000081000000, 0x0000000080f00000| Untracked 
|  16|0x0000000081000000, 0x0000000081100000, 0x0000000081100000|100%|HS|  |TAMS 0x0000000081100000, 0x0000000081000000| Complete 
|  17|0x0000000081100000, 0x0000000081200000, 0x0000000081200000|100%|HC|  |TAMS 0x0000000081200000, 0x0000000081100000| Complete 
|  18|0x0000000081200000, 0x0000000081300000, 0x0000000081300000|100%|HS|  |TAMS 0x0000000081300000, 0x0000000081200000| Complete 
|  19|0x0000000081300000, 0x0000000081400000, 0x0000000081400000|100%|HC|  |TAMS 0x0000000081400000, 0x0000000081300000| Complete 
|  20|0x0000000081400000, 0x0000000081500000, 0x0000000081500000|100%|HC|  |TAMS 0x0000000081500000, 0x0000000081400000| Complete 
|  21|0x0000000081500000, 0x0000000081600000, 0x0000000081600000|100%|HS|  |TAMS 0x0000000081600000, 0x0000000081500000| Complete 
|  22|0x0000000081600000, 0x0000000081700000, 0x0000000081700000|100%|HC|  |TAMS 0x0000000081700000, 0x0000000081600000| Complete 
|  23|0x0000000081700000, 0x0000000081800000, 0x0000000081800000|100%|HC|  |TAMS 0x0000000081800000, 0x0000000081700000| Complete 
|  24|0x0000000081800000, 0x0000000081900000, 0x0000000081900000|100%|HC|  |TAMS 0x0000000081900000, 0x0000000081800000| Complete 
|  25|0x0000000081900000, 0x0000000081a00000, 0x0000000081a00000|100%| O|  |TAMS 0x0000000081a00000, 0x0000000081900000| Untracked 
|  26|0x0000000081a00000, 0x0000000081b00000, 0x0000000081b00000|100%| O|  |TAMS 0x0000000081b00000, 0x0000000081a00000| Untracked 
|  27|0x0000000081b00000, 0x0000000081c00000, 0x0000000081c00000|100%| O|  |TAMS 0x0000000081c00000, 0x0000000081b00000| Untracked 
|  28|0x0000000081c00000, 0x0000000081d00000, 0x0000000081d00000|100%| O|  |TAMS 0x0000000081d00000, 0x0000000081c00000| Untracked 
|  29|0x0000000081d00000, 0x0000000081e00000, 0x0000000081e00000|100%| O|  |TAMS 0x0000000081e00000, 0x0000000081d00000| Untracked 
|  30|0x0000000081e00000, 0x0000000081f00000, 0x0000000081f00000|100%| O|  |TAMS 0x0000000081f00000, 0x0000000081e00000| Untracked 
|  31|0x0000000081f00000, 0x0000000082000000, 0x0000000082000000|100%| O|  |TAMS 0x0000000082000000, 0x0000000081f00000| Untracked 
|  32|0x0000000082000000, 0x0000000082100000, 0x0000000082100000|100%| O|  |TAMS 0x0000000082100000, 0x0000000082000000| Untracked 
|  33|0x0000000082100000, 0x0000000082200000, 0x0000000082200000|100%| O|  |TAMS 0x0000000082200000, 0x0000000082100000| Untracked 
|  34|0x0000000082200000, 0x0000000082300000, 0x0000000082300000|100%| O|  |TAMS 0x0000000082300000, 0x0000000082200000| Untracked 
|  35|0x0000000082300000, 0x0000000082400000, 0x0000000082400000|100%| O|  |TAMS 0x0000000082400000, 0x0000000082300000| Untracked 
|  36|0x0000000082400000, 0x0000000082500000, 0x0000000082500000|100%| O|  |TAMS 0x0000000082500000, 0x0000000082400000| Untracked 
|  37|0x0000000082500000, 0x0000000082600000, 0x0000000082600000|100%| O|  |TAMS 0x0000000082600000, 0x0000000082500000| Untracked 
|  38|0x0000000082600000, 0x0000000082700000, 0x0000000082700000|100%|HS|  |TAMS 0x0000000082700000, 0x0000000082600000| Complete 
|  39|0x0000000082700000, 0x0000000082800000, 0x0000000082800000|100%|HC|  |TAMS 0x0000000082800000, 0x0000000082700000| Complete 
|  40|0x0000000082800000, 0x0000000082900000, 0x0000000082900000|100%|HC|  |TAMS 0x0000000082900000, 0x0000000082800000| Complete 
|  41|0x0000000082900000, 0x0000000082a00000, 0x0000000082a00000|100%|HC|  |TAMS 0x0000000082a00000, 0x0000000082900000| Complete 
|  42|0x0000000082a00000, 0x0000000082b00000, 0x0000000082b00000|100%| O|  |TAMS 0x0000000082b00000, 0x0000000082a00000| Untracked 
|  43|0x0000000082b00000, 0x0000000082c00000, 0x0000000082c00000|100%|HS|  |TAMS 0x0000000082c00000, 0x0000000082b00000| Complete 
|  44|0x0000000082c00000, 0x0000000082d00000, 0x0000000082d00000|100%|HC|  |TAMS 0x0000000082d00000, 0x0000000082c00000| Complete 
|  45|0x0000000082d00000, 0x0000000082e00000, 0x0000000082e00000|100%|HC|  |TAMS 0x0000000082e00000, 0x0000000082d00000| Complete 
|  46|0x0000000082e00000, 0x0000000082f00000, 0x0000000082f00000|100%| O|  |TAMS 0x0000000082f00000, 0x0000000082e00000| Untracked 
|  47|0x0000000082f00000, 0x0000000083000000, 0x0000000083000000|100%| O|  |TAMS 0x0000000083000000, 0x0000000082f00000| Untracked 
|  48|0x0000000083000000, 0x0000000083100000, 0x0000000083100000|100%| O|  |TAMS 0x0000000083100000, 0x0000000083000000| Untracked 
|  49|0x0000000083100000, 0x0000000083200000, 0x0000000083200000|100%| O|  |TAMS 0x0000000083200000, 0x0000000083100000| Untracked 
|  50|0x0000000083200000, 0x0000000083300000, 0x0000000083300000|100%| O|  |TAMS 0x0000000083300000, 0x0000000083200000| Untracked 
|  51|0x0000000083300000, 0x0000000083400000, 0x0000000083400000|100%| O|  |TAMS 0x0000000083400000, 0x0000000083300000| Untracked 
|  52|0x0000000083400000, 0x0000000083500000, 0x0000000083500000|100%| O|  |TAMS 0x0000000083500000, 0x0000000083400000| Untracked 
|  53|0x0000000083500000, 0x0000000083600000, 0x0000000083600000|100%| O|  |TAMS 0x0000000083600000, 0x0000000083500000| Untracked 
|  54|0x0000000083600000, 0x0000000083700000, 0x0000000083700000|100%|HS|  |TAMS 0x0000000083700000, 0x0000000083600000| Complete 
|  55|0x0000000083700000, 0x0000000083800000, 0x0000000083800000|100%| O|  |TAMS 0x0000000083800000, 0x0000000083700000| Untracked 
|  56|0x0000000083800000, 0x0000000083900000, 0x0000000083900000|100%| O|  |TAMS 0x0000000083900000, 0x0000000083800000| Untracked 
|  57|0x0000000083900000, 0x0000000083a00000, 0x0000000083a00000|100%| O|  |TAMS 0x0000000083a00000, 0x0000000083900000| Untracked 
|  58|0x0000000083a00000, 0x0000000083b00000, 0x0000000083b00000|100%|HS|  |TAMS 0x0000000083b00000, 0x0000000083a00000| Complete 
|  59|0x0000000083b00000, 0x0000000083c00000, 0x0000000083c00000|100%|HC|  |TAMS 0x0000000083c00000, 0x0000000083b00000| Complete 
|  60|0x0000000083c00000, 0x0000000083d00000, 0x0000000083d00000|100%| O|  |TAMS 0x0000000083d00000, 0x0000000083c00000| Untracked 
|  61|0x0000000083d00000, 0x0000000083e00000, 0x0000000083e00000|100%| O|  |TAMS 0x0000000083e00000, 0x0000000083d00000| Untracked 
|  62|0x0000000083e00000, 0x0000000083f00000, 0x0000000083f00000|100%| O|  |TAMS 0x0000000083f00000, 0x0000000083e00000| Untracked 
|  63|0x0000000083f00000, 0x0000000084000000, 0x0000000084000000|100%| O|  |TAMS 0x0000000084000000, 0x0000000083f00000| Untracked 
|  64|0x0000000084000000, 0x0000000084100000, 0x0000000084100000|100%| O|  |TAMS 0x0000000084100000, 0x0000000084000000| Untracked 
|  65|0x0000000084100000, 0x0000000084200000, 0x0000000084200000|100%| O|  |TAMS 0x0000000084200000, 0x0000000084100000| Untracked 
|  66|0x0000000084200000, 0x0000000084300000, 0x0000000084300000|100%| O|  |TAMS 0x0000000084300000, 0x0000000084200000| Untracked 
|  67|0x0000000084300000, 0x0000000084400000, 0x0000000084400000|100%| O|  |TAMS 0x0000000084400000, 0x0000000084300000| Untracked 
|  68|0x0000000084400000, 0x0000000084500000, 0x0000000084500000|100%| O|  |TAMS 0x0000000084500000, 0x0000000084400000| Untracked 
|  69|0x0000000084500000, 0x0000000084600000, 0x0000000084600000|100%| O|  |TAMS 0x0000000084500000, 0x0000000084500000| Untracked 
|  70|0x0000000084600000, 0x0000000084700000, 0x0000000084700000|100%| O|  |TAMS 0x0000000084700000, 0x0000000084600000| Untracked 
|  71|0x0000000084700000, 0x0000000084800000, 0x0000000084800000|100%| O|  |TAMS 0x0000000084800000, 0x0000000084700000| Untracked 
|  72|0x0000000084800000, 0x0000000084900000, 0x0000000084900000|100%| O|  |TAMS 0x0000000084900000, 0x0000000084800000| Untracked 
|  73|0x0000000084900000, 0x0000000084a00000, 0x0000000084a00000|100%| O|  |TAMS 0x0000000084a00000, 0x0000000084900000| Untracked 
|  74|0x0000000084a00000, 0x0000000084b00000, 0x0000000084b00000|100%| O|  |TAMS 0x0000000084b00000, 0x0000000084a00000| Untracked 
|  75|0x0000000084b00000, 0x0000000084c00000, 0x0000000084c00000|100%| O|  |TAMS 0x0000000084c00000, 0x0000000084b00000| Untracked 
|  76|0x0000000084c00000, 0x0000000084d00000, 0x0000000084d00000|100%| O|  |TAMS 0x0000000084d00000, 0x0000000084c00000| Untracked 
|  77|0x0000000084d00000, 0x0000000084e00000, 0x0000000084e00000|100%| O|  |TAMS 0x0000000084e00000, 0x0000000084d00000| Untracked 
|  78|0x0000000084e00000, 0x0000000084f00000, 0x0000000084f00000|100%| O|  |TAMS 0x0000000084f00000, 0x0000000084e00000| Untracked 
|  79|0x0000000084f00000, 0x0000000085000000, 0x0000000085000000|100%| O|  |TAMS 0x0000000085000000, 0x0000000084f00000| Untracked 
|  80|0x0000000085000000, 0x0000000085100000, 0x0000000085100000|100%| O|  |TAMS 0x0000000085100000, 0x0000000085000000| Untracked 
|  81|0x0000000085100000, 0x0000000085200000, 0x0000000085200000|100%| O|  |TAMS 0x0000000085200000, 0x0000000085100000| Untracked 
|  82|0x0000000085200000, 0x0000000085300000, 0x0000000085300000|100%| O|  |TAMS 0x0000000085200000, 0x0000000085200000| Untracked 
|  83|0x0000000085300000, 0x0000000085400000, 0x0000000085400000|100%| O|  |TAMS 0x0000000085400000, 0x0000000085300000| Untracked 
|  84|0x0000000085400000, 0x0000000085500000, 0x0000000085500000|100%| O|  |TAMS 0x0000000085500000, 0x0000000085400000| Untracked 
|  85|0x0000000085500000, 0x0000000085600000, 0x0000000085600000|100%| O|  |TAMS 0x0000000085600000, 0x0000000085500000| Untracked 
|  86|0x0000000085600000, 0x0000000085700000, 0x0000000085700000|100%| O|  |TAMS 0x0000000085700000, 0x0000000085600000| Untracked 
|  87|0x0000000085700000, 0x0000000085800000, 0x0000000085800000|100%| O|  |TAMS 0x0000000085800000, 0x0000000085700000| Untracked 
|  88|0x0000000085800000, 0x0000000085900000, 0x0000000085900000|100%| O|  |TAMS 0x0000000085900000, 0x0000000085800000| Untracked 
|  89|0x0000000085900000, 0x0000000085a00000, 0x0000000085a00000|100%| O|  |TAMS 0x0000000085a00000, 0x0000000085900000| Untracked 
|  90|0x0000000085a00000, 0x0000000085b00000, 0x0000000085b00000|100%| O|  |TAMS 0x0000000085b00000, 0x0000000085a00000| Untracked 
|  91|0x0000000085b00000, 0x0000000085b00000, 0x0000000085c00000|  0%| F|  |TAMS 0x0000000085b00000, 0x0000000085b00000| Untracked 
|  92|0x0000000085c00000, 0x0000000085d00000, 0x0000000085d00000|100%| O|  |TAMS 0x0000000085d00000, 0x0000000085c00000| Untracked 
|  93|0x0000000085d00000, 0x0000000085e00000, 0x0000000085e00000|100%| O|  |TAMS 0x0000000085e00000, 0x0000000085d00000| Untracked 
|  94|0x0000000085e00000, 0x0000000085f00000, 0x0000000085f00000|100%| O|  |TAMS 0x0000000085f00000, 0x0000000085e00000| Untracked 
|  95|0x0000000085f00000, 0x0000000086000000, 0x0000000086000000|100%| O|  |TAMS 0x0000000086000000, 0x0000000085f00000| Untracked 
|  96|0x0000000086000000, 0x0000000086100000, 0x0000000086100000|100%| O|  |TAMS 0x0000000086100000, 0x0000000086000000| Untracked 
|  97|0x0000000086100000, 0x0000000086200000, 0x0000000086200000|100%| O|  |TAMS 0x0000000086200000, 0x0000000086100000| Untracked 
|  98|0x0000000086200000, 0x0000000086300000, 0x0000000086300000|100%| O|  |TAMS 0x0000000086300000, 0x0000000086200000| Untracked 
|  99|0x0000000086300000, 0x0000000086400000, 0x0000000086400000|100%| O|  |TAMS 0x0000000086400000, 0x0000000086300000| Untracked 
| 100|0x0000000086400000, 0x0000000086500000, 0x0000000086500000|100%| O|  |TAMS 0x0000000086500000, 0x0000000086400000| Untracked 
| 101|0x0000000086500000, 0x0000000086600000, 0x0000000086600000|100%| O|  |TAMS 0x0000000086600000, 0x0000000086500000| Untracked 
| 102|0x0000000086600000, 0x0000000086700000, 0x0000000086700000|100%| O|  |TAMS 0x0000000086700000, 0x0000000086600000| Untracked 
| 103|0x0000000086700000, 0x0000000086800000, 0x0000000086800000|100%| O|  |TAMS 0x0000000086800000, 0x0000000086700000| Untracked 
| 104|0x0000000086800000, 0x0000000086900000, 0x0000000086900000|100%| O|  |TAMS 0x0000000086900000, 0x0000000086800000| Untracked 
| 105|0x0000000086900000, 0x0000000086a00000, 0x0000000086a00000|100%| O|  |TAMS 0x0000000086a00000, 0x0000000086900000| Untracked 
| 106|0x0000000086a00000, 0x0000000086b00000, 0x0000000086b00000|100%| O|  |TAMS 0x0000000086b00000, 0x0000000086a00000| Untracked 
| 107|0x0000000086b00000, 0x0000000086c00000, 0x0000000086c00000|100%| O|  |TAMS 0x0000000086c00000, 0x0000000086b00000| Untracked 
| 108|0x0000000086c00000, 0x0000000086d00000, 0x0000000086d00000|100%| O|  |TAMS 0x0000000086d00000, 0x0000000086c00000| Untracked 
| 109|0x0000000086d00000, 0x0000000086e00000, 0x0000000086e00000|100%| O|  |TAMS 0x0000000086e00000, 0x0000000086d00000| Untracked 
| 110|0x0000000086e00000, 0x0000000086f00000, 0x0000000086f00000|100%| O|  |TAMS 0x0000000086f00000, 0x0000000086e00000| Untracked 
| 111|0x0000000086f00000, 0x0000000087000000, 0x0000000087000000|100%| O|  |TAMS 0x0000000087000000, 0x0000000086f00000| Untracked 
| 112|0x0000000087000000, 0x0000000087100000, 0x0000000087100000|100%| O|  |TAMS 0x0000000087100000, 0x0000000087000000| Untracked 
| 113|0x0000000087100000, 0x0000000087200000, 0x0000000087200000|100%| O|  |TAMS 0x0000000087200000, 0x0000000087100000| Untracked 
| 114|0x0000000087200000, 0x0000000087300000, 0x0000000087300000|100%| O|  |TAMS 0x0000000087200000, 0x0000000087200000| Untracked 
| 115|0x0000000087300000, 0x0000000087400000, 0x0000000087400000|100%| O|  |TAMS 0x0000000087400000, 0x0000000087300000| Untracked 
| 116|0x0000000087400000, 0x0000000087500000, 0x0000000087500000|100%| O|  |TAMS 0x0000000087500000, 0x0000000087400000| Untracked 
| 117|0x0000000087500000, 0x0000000087600000, 0x0000000087600000|100%| O|  |TAMS 0x0000000087600000, 0x0000000087500000| Untracked 
| 118|0x0000000087600000, 0x0000000087600000, 0x0000000087700000|  0%| F|  |TAMS 0x0000000087600000, 0x0000000087600000| Untracked 
| 119|0x0000000087700000, 0x0000000087800000, 0x0000000087800000|100%| O|  |TAMS 0x0000000087800000, 0x0000000087700000| Untracked 
| 120|0x0000000087800000, 0x0000000087900000, 0x0000000087900000|100%| O|  |TAMS 0x0000000087900000, 0x0000000087800000| Untracked 
| 121|0x0000000087900000, 0x0000000087920a00, 0x0000000087a00000| 12%| O|  |TAMS 0x0000000087900000, 0x0000000087900000| Untracked 
| 122|0x0000000087a00000, 0x0000000087a00000, 0x0000000087b00000|  0%| F|  |TAMS 0x0000000087a00000, 0x0000000087a00000| Untracked 
| 123|0x0000000087b00000, 0x0000000087c00000, 0x0000000087c00000|100%| O|  |TAMS 0x0000000087c00000, 0x0000000087b00000| Untracked 
| 124|0x0000000087c00000, 0x0000000087d00000, 0x0000000087d00000|100%| O|  |TAMS 0x0000000087d00000, 0x0000000087c00000| Untracked 
| 125|0x0000000087d00000, 0x0000000087e00000, 0x0000000087e00000|100%| O|  |TAMS 0x0000000087e00000, 0x0000000087d00000| Untracked 
| 126|0x0000000087e00000, 0x0000000087f00000, 0x0000000087f00000|100%| O|  |TAMS 0x0000000087f00000, 0x0000000087e00000| Untracked 
| 127|0x0000000087f00000, 0x0000000088000000, 0x0000000088000000|100%| O|  |TAMS 0x0000000088000000, 0x0000000087f00000| Untracked 
| 128|0x0000000088000000, 0x0000000088000000, 0x0000000088100000|  0%| F|  |TAMS 0x0000000088000000, 0x0000000088000000| Untracked 
| 129|0x0000000088100000, 0x0000000088100000, 0x0000000088200000|  0%| F|  |TAMS 0x0000000088100000, 0x0000000088100000| Untracked 
| 130|0x0000000088200000, 0x0000000088300000, 0x0000000088300000|100%| O|  |TAMS 0x0000000088200000, 0x0000000088200000| Untracked 
| 131|0x0000000088300000, 0x0000000088400000, 0x0000000088400000|100%| O|  |TAMS 0x0000000088400000, 0x0000000088300000| Untracked 
| 132|0x0000000088400000, 0x0000000088500000, 0x0000000088500000|100%| O|  |TAMS 0x0000000088400000, 0x0000000088400000| Untracked 
| 133|0x0000000088500000, 0x0000000088600000, 0x0000000088600000|100%| O|  |TAMS 0x0000000088600000, 0x0000000088500000| Untracked 
| 134|0x0000000088600000, 0x0000000088700000, 0x0000000088700000|100%| O|  |TAMS 0x0000000088700000, 0x0000000088600000| Untracked 
| 135|0x0000000088700000, 0x0000000088800000, 0x0000000088800000|100%| O|  |TAMS 0x0000000088800000, 0x0000000088700000| Untracked 
| 136|0x0000000088800000, 0x0000000088800000, 0x0000000088900000|  0%| F|  |TAMS 0x0000000088800000, 0x0000000088800000| Untracked 
| 137|0x0000000088900000, 0x0000000088900000, 0x0000000088a00000|  0%| F|  |TAMS 0x0000000088900000, 0x0000000088900000| Untracked 
| 138|0x0000000088a00000, 0x0000000088a00000, 0x0000000088b00000|  0%| F|  |TAMS 0x0000000088a00000, 0x0000000088a00000| Untracked 
| 139|0x0000000088b00000, 0x0000000088c00000, 0x0000000088c00000|100%| O|  |TAMS 0x0000000088b43400, 0x0000000088b00000| Untracked 
| 140|0x0000000088c00000, 0x0000000088c00000, 0x0000000088d00000|  0%| F|  |TAMS 0x0000000088c00000, 0x0000000088c00000| Untracked 
| 141|0x0000000088d00000, 0x0000000088d00000, 0x0000000088e00000|  0%| F|  |TAMS 0x0000000088d00000, 0x0000000088d00000| Untracked 
| 142|0x0000000088e00000, 0x0000000088e00000, 0x0000000088f00000|  0%| F|  |TAMS 0x0000000088e00000, 0x0000000088e00000| Untracked 
| 143|0x0000000088f00000, 0x0000000088f00000, 0x0000000089000000|  0%| F|  |TAMS 0x0000000088f00000, 0x0000000088f00000| Untracked 
| 144|0x0000000089000000, 0x0000000089000000, 0x0000000089100000|  0%| F|  |TAMS 0x0000000089000000, 0x0000000089000000| Untracked 
| 145|0x0000000089100000, 0x0000000089100000, 0x0000000089200000|  0%| F|  |TAMS 0x0000000089100000, 0x0000000089100000| Untracked 
| 146|0x0000000089200000, 0x0000000089200000, 0x0000000089300000|  0%| F|  |TAMS 0x0000000089200000, 0x0000000089200000| Untracked 
| 147|0x0000000089300000, 0x0000000089400000, 0x0000000089400000|100%| O|  |TAMS 0x0000000089400000, 0x0000000089300000| Untracked 
| 148|0x0000000089400000, 0x0000000089500000, 0x0000000089500000|100%| O|  |TAMS 0x0000000089500000, 0x0000000089400000| Untracked 
| 149|0x0000000089500000, 0x0000000089600000, 0x0000000089600000|100%| O|  |TAMS 0x0000000089600000, 0x0000000089500000| Untracked 
| 150|0x0000000089600000, 0x0000000089600000, 0x0000000089700000|  0%| F|  |TAMS 0x0000000089600000, 0x0000000089600000| Untracked 
| 151|0x0000000089700000, 0x0000000089800000, 0x0000000089800000|100%| O|  |TAMS 0x0000000089800000, 0x0000000089700000| Untracked 
| 152|0x0000000089800000, 0x0000000089900000, 0x0000000089900000|100%| O|  |TAMS 0x0000000089900000, 0x0000000089800000| Untracked 
| 153|0x0000000089900000, 0x0000000089a00000, 0x0000000089a00000|100%| O|  |TAMS 0x0000000089a00000, 0x0000000089900000| Untracked 
| 154|0x0000000089a00000, 0x0000000089b00000, 0x0000000089b00000|100%| O|  |TAMS 0x0000000089b00000, 0x0000000089a00000| Untracked 
| 155|0x0000000089b00000, 0x0000000089c00000, 0x0000000089c00000|100%| O|  |TAMS 0x0000000089c00000, 0x0000000089b00000| Untracked 
| 156|0x0000000089c00000, 0x0000000089c00000, 0x0000000089d00000|  0%| F|  |TAMS 0x0000000089c00000, 0x0000000089c00000| Untracked 
| 157|0x0000000089d00000, 0x0000000089e00000, 0x0000000089e00000|100%| O|  |TAMS 0x0000000089e00000, 0x0000000089d00000| Untracked 
| 158|0x0000000089e00000, 0x0000000089f00000, 0x0000000089f00000|100%| O|  |TAMS 0x0000000089f00000, 0x0000000089e00000| Untracked 
| 159|0x0000000089f00000, 0x0000000089f00000, 0x000000008a000000|  0%| F|  |TAMS 0x0000000089f00000, 0x0000000089f00000| Untracked 
| 160|0x000000008a000000, 0x000000008a000000, 0x000000008a100000|  0%| F|  |TAMS 0x000000008a000000, 0x000000008a000000| Untracked 
| 161|0x000000008a100000, 0x000000008a100000, 0x000000008a200000|  0%| F|  |TAMS 0x000000008a100000, 0x000000008a100000| Untracked 
| 162|0x000000008a200000, 0x000000008a200000, 0x000000008a300000|  0%| F|  |TAMS 0x000000008a200000, 0x000000008a200000| Untracked 
| 163|0x000000008a300000, 0x000000008a300000, 0x000000008a400000|  0%| F|  |TAMS 0x000000008a300000, 0x000000008a300000| Untracked 
| 164|0x000000008a400000, 0x000000008a400000, 0x000000008a500000|  0%| F|  |TAMS 0x000000008a400000, 0x000000008a400000| Untracked 
| 165|0x000000008a500000, 0x000000008a500000, 0x000000008a600000|  0%| F|  |TAMS 0x000000008a500000, 0x000000008a500000| Untracked 
| 166|0x000000008a600000, 0x000000008a600000, 0x000000008a700000|  0%| F|  |TAMS 0x000000008a600000, 0x000000008a600000| Untracked 
| 167|0x000000008a700000, 0x000000008a700000, 0x000000008a800000|  0%| F|  |TAMS 0x000000008a700000, 0x000000008a700000| Untracked 
| 168|0x000000008a800000, 0x000000008a800000, 0x000000008a900000|  0%| F|  |TAMS 0x000000008a800000, 0x000000008a800000| Untracked 
| 169|0x000000008a900000, 0x000000008a900000, 0x000000008aa00000|  0%| F|  |TAMS 0x000000008a900000, 0x000000008a900000| Untracked 
| 170|0x000000008aa00000, 0x000000008aa00000, 0x000000008ab00000|  0%| F|  |TAMS 0x000000008aa00000, 0x000000008aa00000| Untracked 
| 171|0x000000008ab00000, 0x000000008ab00000, 0x000000008ac00000|  0%| F|  |TAMS 0x000000008ab00000, 0x000000008ab00000| Untracked 
| 172|0x000000008ac00000, 0x000000008ac00000, 0x000000008ad00000|  0%| F|  |TAMS 0x000000008ac00000, 0x000000008ac00000| Untracked 
| 173|0x000000008ad00000, 0x000000008ad00000, 0x000000008ae00000|  0%| F|  |TAMS 0x000000008ad00000, 0x000000008ad00000| Untracked 
| 174|0x000000008ae00000, 0x000000008ae00000, 0x000000008af00000|  0%| F|  |TAMS 0x000000008ae00000, 0x000000008ae00000| Untracked 
| 175|0x000000008af00000, 0x000000008af00000, 0x000000008b000000|  0%| F|  |TAMS 0x000000008af00000, 0x000000008af00000| Untracked 
| 176|0x000000008b000000, 0x000000008b000000, 0x000000008b100000|  0%| F|  |TAMS 0x000000008b000000, 0x000000008b000000| Untracked 
| 177|0x000000008b100000, 0x000000008b100000, 0x000000008b200000|  0%| F|  |TAMS 0x000000008b100000, 0x000000008b100000| Untracked 
| 178|0x000000008b200000, 0x000000008b200000, 0x000000008b300000|  0%| F|  |TAMS 0x000000008b200000, 0x000000008b200000| Untracked 
| 179|0x000000008b300000, 0x000000008b300000, 0x000000008b400000|  0%| F|  |TAMS 0x000000008b300000, 0x000000008b300000| Untracked 
| 180|0x000000008b400000, 0x000000008b400000, 0x000000008b500000|  0%| F|  |TAMS 0x000000008b400000, 0x000000008b400000| Untracked 
| 181|0x000000008b500000, 0x000000008b500000, 0x000000008b600000|  0%| F|  |TAMS 0x000000008b500000, 0x000000008b500000| Untracked 
| 182|0x000000008b600000, 0x000000008b600000, 0x000000008b700000|  0%| F|  |TAMS 0x000000008b600000, 0x000000008b600000| Untracked 
| 183|0x000000008b700000, 0x000000008b700000, 0x000000008b800000|  0%| F|  |TAMS 0x000000008b700000, 0x000000008b700000| Untracked 
| 184|0x000000008b800000, 0x000000008b800000, 0x000000008b900000|  0%| F|  |TAMS 0x000000008b800000, 0x000000008b800000| Untracked 
| 185|0x000000008b900000, 0x000000008b900000, 0x000000008ba00000|  0%| F|  |TAMS 0x000000008b900000, 0x000000008b900000| Untracked 
| 186|0x000000008ba00000, 0x000000008ba00000, 0x000000008bb00000|  0%| F|  |TAMS 0x000000008ba00000, 0x000000008ba00000| Untracked 
| 187|0x000000008bb00000, 0x000000008bb00000, 0x000000008bc00000|  0%| F|  |TAMS 0x000000008bb00000, 0x000000008bb00000| Untracked 
| 188|0x000000008bc00000, 0x000000008bc00000, 0x000000008bd00000|  0%| F|  |TAMS 0x000000008bc00000, 0x000000008bc00000| Untracked 
| 189|0x000000008bd00000, 0x000000008bd00000, 0x000000008be00000|  0%| F|  |TAMS 0x000000008bd00000, 0x000000008bd00000| Untracked 
| 190|0x000000008be00000, 0x000000008be00000, 0x000000008bf00000|  0%| F|  |TAMS 0x000000008be00000, 0x000000008be00000| Untracked 
| 191|0x000000008bf00000, 0x000000008bf00000, 0x000000008c000000|  0%| F|  |TAMS 0x000000008bf00000, 0x000000008bf00000| Untracked 
| 192|0x000000008c000000, 0x000000008c000000, 0x000000008c100000|  0%| F|  |TAMS 0x000000008c000000, 0x000000008c000000| Untracked 
| 193|0x000000008c100000, 0x000000008c100000, 0x000000008c200000|  0%| F|  |TAMS 0x000000008c100000, 0x000000008c100000| Untracked 
| 194|0x000000008c200000, 0x000000008c200000, 0x000000008c300000|  0%| F|  |TAMS 0x000000008c200000, 0x000000008c200000| Untracked 
| 195|0x000000008c300000, 0x000000008c300000, 0x000000008c400000|  0%| F|  |TAMS 0x000000008c300000, 0x000000008c300000| Untracked 
| 196|0x000000008c400000, 0x000000008c400000, 0x000000008c500000|  0%| F|  |TAMS 0x000000008c400000, 0x000000008c400000| Untracked 
| 197|0x000000008c500000, 0x000000008c500000, 0x000000008c600000|  0%| F|  |TAMS 0x000000008c500000, 0x000000008c500000| Untracked 
| 198|0x000000008c600000, 0x000000008c600000, 0x000000008c700000|  0%| F|  |TAMS 0x000000008c600000, 0x000000008c600000| Untracked 
| 199|0x000000008c700000, 0x000000008c700000, 0x000000008c800000|  0%| F|  |TAMS 0x000000008c700000, 0x000000008c700000| Untracked 
| 200|0x000000008c800000, 0x000000008c800000, 0x000000008c900000|  0%| F|  |TAMS 0x000000008c800000, 0x000000008c800000| Untracked 
| 201|0x000000008c900000, 0x000000008c900000, 0x000000008ca00000|  0%| F|  |TAMS 0x000000008c900000, 0x000000008c900000| Untracked 
| 202|0x000000008ca00000, 0x000000008ca00000, 0x000000008cb00000|  0%| F|  |TAMS 0x000000008ca00000, 0x000000008ca00000| Untracked 
| 203|0x000000008cb00000, 0x000000008cb00000, 0x000000008cc00000|  0%| F|  |TAMS 0x000000008cb00000, 0x000000008cb00000| Untracked 
| 204|0x000000008cc00000, 0x000000008cc00000, 0x000000008cd00000|  0%| F|  |TAMS 0x000000008cc00000, 0x000000008cc00000| Untracked 
| 205|0x000000008cd00000, 0x000000008cd00000, 0x000000008ce00000|  0%| F|  |TAMS 0x000000008cd00000, 0x000000008cd00000| Untracked 
| 206|0x000000008ce00000, 0x000000008ce00000, 0x000000008cf00000|  0%| F|  |TAMS 0x000000008ce00000, 0x000000008ce00000| Untracked 
| 207|0x000000008cf00000, 0x000000008cf00000, 0x000000008d000000|  0%| F|  |TAMS 0x000000008cf00000, 0x000000008cf00000| Untracked 
| 208|0x000000008d000000, 0x000000008d000000, 0x000000008d100000|  0%| F|  |TAMS 0x000000008d000000, 0x000000008d000000| Untracked 
| 209|0x000000008d100000, 0x000000008d100000, 0x000000008d200000|  0%| F|  |TAMS 0x000000008d100000, 0x000000008d100000| Untracked 
| 210|0x000000008d200000, 0x000000008d200000, 0x000000008d300000|  0%| F|  |TAMS 0x000000008d200000, 0x000000008d200000| Untracked 
| 211|0x000000008d300000, 0x000000008d300000, 0x000000008d400000|  0%| F|  |TAMS 0x000000008d300000, 0x000000008d300000| Untracked 
| 212|0x000000008d400000, 0x000000008d400000, 0x000000008d500000|  0%| F|  |TAMS 0x000000008d400000, 0x000000008d400000| Untracked 
| 213|0x000000008d500000, 0x000000008d500000, 0x000000008d600000|  0%| F|  |TAMS 0x000000008d500000, 0x000000008d500000| Untracked 
| 214|0x000000008d600000, 0x000000008d600000, 0x000000008d700000|  0%| F|  |TAMS 0x000000008d600000, 0x000000008d600000| Untracked 
| 215|0x000000008d700000, 0x000000008d700000, 0x000000008d800000|  0%| F|  |TAMS 0x000000008d700000, 0x000000008d700000| Untracked 
| 216|0x000000008d800000, 0x000000008d800000, 0x000000008d900000|  0%| F|  |TAMS 0x000000008d800000, 0x000000008d800000| Untracked 
| 217|0x000000008d900000, 0x000000008d900000, 0x000000008da00000|  0%| F|  |TAMS 0x000000008d900000, 0x000000008d900000| Untracked 
| 218|0x000000008da00000, 0x000000008da00000, 0x000000008db00000|  0%| F|  |TAMS 0x000000008da00000, 0x000000008da00000| Untracked 
| 219|0x000000008db00000, 0x000000008db00000, 0x000000008dc00000|  0%| F|  |TAMS 0x000000008db00000, 0x000000008db00000| Untracked 
| 220|0x000000008dc00000, 0x000000008dc00000, 0x000000008dd00000|  0%| F|  |TAMS 0x000000008dc00000, 0x000000008dc00000| Untracked 
| 221|0x000000008dd00000, 0x000000008dd00000, 0x000000008de00000|  0%| F|  |TAMS 0x000000008dd00000, 0x000000008dd00000| Untracked 
| 222|0x000000008de00000, 0x000000008de00000, 0x000000008df00000|  0%| F|  |TAMS 0x000000008de00000, 0x000000008de00000| Untracked 
| 223|0x000000008df00000, 0x000000008df00000, 0x000000008e000000|  0%| F|  |TAMS 0x000000008df00000, 0x000000008df00000| Untracked 
| 224|0x000000008e000000, 0x000000008e000000, 0x000000008e100000|  0%| F|  |TAMS 0x000000008e000000, 0x000000008e000000| Untracked 
| 225|0x000000008e100000, 0x000000008e100000, 0x000000008e200000|  0%| F|  |TAMS 0x000000008e100000, 0x000000008e100000| Untracked 
| 226|0x000000008e200000, 0x000000008e200000, 0x000000008e300000|  0%| F|  |TAMS 0x000000008e200000, 0x000000008e200000| Untracked 
| 227|0x000000008e300000, 0x000000008e400000, 0x000000008e400000|100%| E|  |TAMS 0x000000008e300000, 0x000000008e300000| Complete 
| 228|0x000000008e400000, 0x000000008e500000, 0x000000008e500000|100%| E|CS|TAMS 0x000000008e400000, 0x000000008e400000| Complete 
| 229|0x000000008e500000, 0x000000008e600000, 0x000000008e600000|100%| E|CS|TAMS 0x000000008e500000, 0x000000008e500000| Complete 
| 230|0x000000008e600000, 0x000000008e700000, 0x000000008e700000|100%| E|CS|TAMS 0x000000008e600000, 0x000000008e600000| Complete 
| 231|0x000000008e700000, 0x000000008e800000, 0x000000008e800000|100%| E|CS|TAMS 0x000000008e700000, 0x000000008e700000| Complete 
| 232|0x000000008e800000, 0x000000008e900000, 0x000000008e900000|100%| E|CS|TAMS 0x000000008e800000, 0x000000008e800000| Complete 
| 233|0x000000008e900000, 0x000000008ea00000, 0x000000008ea00000|100%| E|CS|TAMS 0x000000008e900000, 0x000000008e900000| Complete 
| 234|0x000000008ea00000, 0x000000008eb00000, 0x000000008eb00000|100%| E|CS|TAMS 0x000000008ea00000, 0x000000008ea00000| Complete 
| 235|0x000000008eb00000, 0x000000008ec00000, 0x000000008ec00000|100%| E|CS|TAMS 0x000000008eb00000, 0x000000008eb00000| Complete 
| 236|0x000000008ec00000, 0x000000008ed00000, 0x000000008ed00000|100%| E|CS|TAMS 0x000000008ec00000, 0x000000008ec00000| Complete 
| 237|0x000000008ed00000, 0x000000008ee00000, 0x000000008ee00000|100%| E|CS|TAMS 0x000000008ed00000, 0x000000008ed00000| Complete 
| 238|0x000000008ee00000, 0x000000008ef00000, 0x000000008ef00000|100%| E|CS|TAMS 0x000000008ee00000, 0x000000008ee00000| Complete 
| 239|0x000000008ef00000, 0x000000008f000000, 0x000000008f000000|100%| E|CS|TAMS 0x000000008ef00000, 0x000000008ef00000| Complete 
| 240|0x000000008f000000, 0x000000008f100000, 0x000000008f100000|100%| E|  |TAMS 0x000000008f000000, 0x000000008f000000| Complete 
| 241|0x000000008f100000, 0x000000008f200000, 0x000000008f200000|100%| E|CS|TAMS 0x000000008f100000, 0x000000008f100000| Complete 
| 242|0x000000008f200000, 0x000000008f300000, 0x000000008f300000|100%| E|CS|TAMS 0x000000008f200000, 0x000000008f200000| Complete 
| 243|0x000000008f300000, 0x000000008f400000, 0x000000008f400000|100%| E|CS|TAMS 0x000000008f300000, 0x000000008f300000| Complete 
| 244|0x000000008f400000, 0x000000008f500000, 0x000000008f500000|100%| E|CS|TAMS 0x000000008f400000, 0x000000008f400000| Complete 
| 245|0x000000008f500000, 0x000000008f600000, 0x000000008f600000|100%| E|CS|TAMS 0x000000008f500000, 0x000000008f500000| Complete 
| 246|0x000000008f600000, 0x000000008f700000, 0x000000008f700000|100%| E|CS|TAMS 0x000000008f600000, 0x000000008f600000| Complete 
| 247|0x000000008f700000, 0x000000008f800000, 0x000000008f800000|100%| E|CS|TAMS 0x000000008f700000, 0x000000008f700000| Complete 
| 248|0x000000008f800000, 0x000000008f900000, 0x000000008f900000|100%| E|CS|TAMS 0x000000008f800000, 0x000000008f800000| Complete 
| 249|0x000000008f900000, 0x000000008fa00000, 0x000000008fa00000|100%| E|CS|TAMS 0x000000008f900000, 0x000000008f900000| Complete 
| 250|0x000000008fa00000, 0x000000008faf6db0, 0x000000008fb00000| 96%| S|CS|TAMS 0x000000008fa00000, 0x000000008fa00000| Complete 
| 251|0x000000008fb00000, 0x000000008fc00000, 0x000000008fc00000|100%| S|CS|TAMS 0x000000008fb00000, 0x000000008fb00000| Complete 
| 252|0x000000008fc00000, 0x000000008fd00000, 0x000000008fd00000|100%| E|CS|TAMS 0x000000008fc00000, 0x000000008fc00000| Complete 
| 253|0x000000008fd00000, 0x000000008fe00000, 0x000000008fe00000|100%| E|CS|TAMS 0x000000008fd00000, 0x000000008fd00000| Complete 
| 254|0x000000008fe00000, 0x000000008ff00000, 0x000000008ff00000|100%| E|CS|TAMS 0x000000008fe00000, 0x000000008fe00000| Complete 
| 255|0x000000008ff00000, 0x0000000090000000, 0x0000000090000000|100%| E|CS|TAMS 0x000000008ff00000, 0x000000008ff00000| Complete 
| 256|0x0000000090000000, 0x0000000090100000, 0x0000000090100000|100%| E|CS|TAMS 0x0000000090000000, 0x0000000090000000| Complete 
| 257|0x0000000090100000, 0x0000000090200000, 0x0000000090200000|100%| E|CS|TAMS 0x0000000090100000, 0x0000000090100000| Complete 
| 258|0x0000000090200000, 0x0000000090300000, 0x0000000090300000|100%| E|CS|TAMS 0x0000000090200000, 0x0000000090200000| Complete 
| 259|0x0000000090300000, 0x0000000090400000, 0x0000000090400000|100%| E|CS|TAMS 0x0000000090300000, 0x0000000090300000| Complete 
| 260|0x0000000090400000, 0x0000000090500000, 0x0000000090500000|100%| E|CS|TAMS 0x0000000090400000, 0x0000000090400000| Complete 

Card table byte_map: [0x00000205c7a40000,0x00000205c7e40000] _byte_map_base: 0x00000205c7640000

Marking Bits (Prev, Next): (CMBitMap*) 0x00000205b4d117f8, (CMBitMap*) 0x00000205b4d11830
 Prev Bits: [0x00000205c8240000, 0x00000205ca240000)
 Next Bits: [0x00000205ca240000, 0x00000205cc240000)

Polling page: 0x00000205b44a0000

Metaspace:

Usage:
  Non-class:    113.24 MB capacity,   110.57 MB ( 98%) used,     2.25 MB (  2%) free+waste,   424.38 KB ( <1%) overhead. 
      Class:     16.94 MB capacity,    15.59 MB ( 92%) used,     1.17 MB (  7%) free+waste,   186.75 KB (  1%) overhead. 
       Both:    130.18 MB capacity,   126.16 MB ( 97%) used,     3.42 MB (  3%) free+waste,   611.13 KB ( <1%) overhead. 

Virtual space:
  Non-class space:      114.00 MB reserved,     113.25 MB (>99%) committed 
      Class space:        1.00 GB reserved,      17.00 MB (  2%) committed 
             Both:        1.11 GB reserved,     130.25 MB ( 11%) committed 

Chunk freelists:
   Non-Class:  11.00 KB
       Class:  0 bytes
        Both:  11.00 KB

MaxMetaspaceSize: 17179869184.00 GB
CompressedClassSpaceSize: 1.00 GB

CodeHeap 'non-profiled nmethods': size=120064Kb used=12270Kb max_used=12270Kb free=107793Kb
 bounds [0x00000205c0100000, 0x00000205c0d00000, 0x00000205c7640000]
CodeHeap 'profiled nmethods': size=120000Kb used=43556Kb max_used=43556Kb free=76443Kb
 bounds [0x00000205b8bd0000, 0x00000205bb680000, 0x00000205c0100000]
CodeHeap 'non-nmethods': size=5696Kb used=2352Kb max_used=2403Kb free=3343Kb
 bounds [0x00000205b8640000, 0x00000205b88b0000, 0x00000205b8bd0000]
 total_blobs=20403 nmethods=19423 adapters=890
 compilation: enabled
              stopped_count=0, restarted_count=0
 full_count=0

Compilation events (20 events):
Event: 2584.475 Thread 0x00000205cf07f000 nmethod 21994 0x00000205bb646210 code [0x00000205bb6463e0, 0x00000205bb646608]
Event: 2584.532 Thread 0x00000205cf07f000 21995       3       org.gradle.api.internal.tasks.PropertyFileCollection::visitChildren (11 bytes)
Event: 2584.533 Thread 0x00000205cf07f000 nmethod 21995 0x00000205bb646710 code [0x00000205bb6468c0, 0x00000205bb646a88]
Event: 2584.535 Thread 0x00000205cf07f000 21996       3       org.gradle.internal.fingerprint.impl.IgnoredPathFingerprintingStrategy$$Lambda$1230/0x0000000100183440::visitEntry (17 bytes)
Event: 2584.536 Thread 0x00000205cf07f000 nmethod 21996 0x00000205bb646b90 code [0x00000205bb646d80, 0x00000205bb647268]
Event: 2584.536 Thread 0x00000205cf07f000 21997       3       org.gradle.internal.fingerprint.impl.IgnoredPathFingerprintingStrategy::lambda$collectFingerprints$0 (21 bytes)
Event: 2584.536 Thread 0x00000205cf07f000 nmethod 21997 0x00000205bb647410 code [0x00000205bb647600, 0x00000205bb647a68]
Event: 2584.536 Thread 0x00000205cf07f000 21998       3       org.gradle.internal.fingerprint.impl.IgnoredPathFingerprintingStrategy$1::visitRegularFile (9 bytes)
Event: 2584.537 Thread 0x00000205cf07f000 nmethod 21998 0x00000205bb647c10 code [0x00000205bb647dc0, 0x00000205bb647ee8]
Event: 2584.537 Thread 0x00000205cf07f000 21999       3       org.gradle.internal.fingerprint.impl.IgnoredPathFingerprintingStrategy$1::<init> (26 bytes)
Event: 2584.537 Thread 0x00000205cf07f000 nmethod 21999 0x00000205bb647f90 code [0x00000205bb648160, 0x00000205bb648438]
Event: 2584.537 Thread 0x00000205cf07f000 22000       3       org.gradle.internal.fingerprint.impl.IgnoredPathFingerprintingStrategy$1::visitNonDirectoryEntry (43 bytes)
Event: 2584.538 Thread 0x00000205cf07f000 nmethod 22000 0x00000205bb648510 code [0x00000205bb648720, 0x00000205bb648de8]
Event: 2584.538 Thread 0x00000205cf07f000 22001       1       org.gradle.launcher.daemon.server.exec.DaemonConnectionBackedEventConsumer::access$100 (5 bytes)
Event: 2584.538 Thread 0x00000205cf07f000 nmethod 22001 0x00000205c0cf4b90 code [0x00000205c0cf4d40, 0x00000205c0cf4dd8]
Event: 2584.538 Thread 0x00000205cf07f000 22002       1       org.gradle.launcher.daemon.protocol.BuildEvent::getPayload (5 bytes)
Event: 2584.539 Thread 0x00000205cf07f000 nmethod 22002 0x00000205c0cf4e90 code [0x00000205c0cf5040, 0x00000205c0cf50f8]
Event: 2584.541 Thread 0x00000205cf07f000 22003       1       org.gradle.api.internal.tasks.properties.OutputFilePropertyType::getValidationAction (5 bytes)
Event: 2584.541 Thread 0x00000205cf07f000 nmethod 22003 0x00000205c0cf5190 code [0x00000205c0cf5340, 0x00000205c0cf53f8]
Event: 2584.543 Thread 0x00000205cf07f000 22004   !   3       org.gradle.internal.resources.AbstractTrackedResourceLock::tryLock (75 bytes)

GC Heap History (20 events):
Event: 2518.093 GC heap before
{Heap before GC invocations=128 (full 0):
 garbage-first heap   total 220160K, used 186693K [0x0000000080000000, 0x0000000100000000)
  region size 1024K, 36 young (36864K), 2 survivors (2048K)
 Metaspace       used 119132K, capacity 122822K, committed 123008K, reserved 1157120K
  class space    used 14727K, capacity 15980K, committed 16000K, reserved 1048576K
}
Event: 2518.120 GC heap after
{Heap after GC invocations=129 (full 0):
 garbage-first heap   total 220160K, used 155619K [0x0000000080000000, 0x0000000100000000)
  region size 1024K, 5 young (5120K), 5 survivors (5120K)
 Metaspace       used 119132K, capacity 122822K, committed 123008K, reserved 1157120K
  class space    used 14727K, capacity 15980K, committed 16000K, reserved 1048576K
}
Event: 2518.178 GC heap before
{Heap before GC invocations=129 (full 0):
 garbage-first heap   total 220160K, used 160739K [0x0000000080000000, 0x0000000100000000)
  region size 1024K, 10 young (10240K), 5 survivors (5120K)
 Metaspace       used 119151K, capacity 122822K, committed 123008K, reserved 1157120K
  class space    used 14728K, capacity 15980K, committed 16000K, reserved 1048576K
}
Event: 2518.233 GC heap after
{Heap after GC invocations=130 (full 0):
 garbage-first heap   total 220160K, used 152523K [0x0000000080000000, 0x0000000100000000)
  region size 1024K, 2 young (2048K), 2 survivors (2048K)
 Metaspace       used 119151K, capacity 122822K, committed 123008K, reserved 1157120K
  class space    used 14728K, capacity 15980K, committed 16000K, reserved 1048576K
}
Event: 2519.072 GC heap before
{Heap before GC invocations=130 (full 0):
 garbage-first heap   total 220160K, used 182219K [0x0000000080000000, 0x0000000100000000)
  region size 1024K, 32 young (32768K), 2 survivors (2048K)
 Metaspace       used 123395K, capacity 127331K, committed 127360K, reserved 1159168K
  class space    used 15391K, capacity 16752K, committed 16768K, reserved 1048576K
}
Event: 2519.111 GC heap after
{Heap after GC invocations=131 (full 0):
 garbage-first heap   total 220160K, used 156537K [0x0000000080000000, 0x0000000100000000)
  region size 1024K, 4 young (4096K), 4 survivors (4096K)
 Metaspace       used 123395K, capacity 127331K, committed 127360K, reserved 1159168K
  class space    used 15391K, capacity 16752K, committed 16768K, reserved 1048576K
}
Event: 2520.097 GC heap before
{Heap before GC invocations=132 (full 0):
 garbage-first heap   total 220160K, used 185209K [0x0000000080000000, 0x0000000100000000)
  region size 1024K, 32 young (32768K), 4 survivors (4096K)
 Metaspace       used 123741K, capacity 127575K, committed 127872K, reserved 1161216K
  class space    used 15370K, capacity 16692K, committed 16768K, reserved 1048576K
}
Event: 2520.117 GC heap after
{Heap after GC invocations=133 (full 0):
 garbage-first heap   total 220160K, used 156627K [0x0000000080000000, 0x0000000100000000)
  region size 1024K, 1 young (1024K), 1 survivors (1024K)
 Metaspace       used 123741K, capacity 127575K, committed 127872K, reserved 1161216K
  class space    used 15370K, capacity 16692K, committed 16768K, reserved 1048576K
}
Event: 2520.238 GC heap before
{Heap before GC invocations=133 (full 0):
 garbage-first heap   total 220160K, used 165843K [0x0000000080000000, 0x0000000100000000)
  region size 1024K, 10 young (10240K), 1 survivors (1024K)
 Metaspace       used 123844K, capacity 127705K, committed 127872K, reserved 1161216K
  class space    used 15373K, capacity 16692K, committed 16768K, reserved 1048576K
}
Event: 2520.261 GC heap after
{Heap after GC invocations=134 (full 0):
 garbage-first heap   total 220160K, used 143433K [0x0000000080000000, 0x0000000100000000)
  region size 1024K, 1 young (1024K), 1 survivors (1024K)
 Metaspace       used 123844K, capacity 127705K, committed 127872K, reserved 1161216K
  class space    used 15373K, capacity 16692K, committed 16768K, reserved 1048576K
}
Event: 2520.716 GC heap before
{Heap before GC invocations=134 (full 0):
 garbage-first heap   total 220160K, used 177225K [0x0000000080000000, 0x0000000100000000)
  region size 1024K, 35 young (35840K), 1 survivors (1024K)
 Metaspace       used 124673K, capacity 128586K, committed 128768K, reserved 1161216K
  class space    used 15479K, capacity 16836K, committed 16896K, reserved 1048576K
}
Event: 2520.733 GC heap after
{Heap after GC invocations=135 (full 0):
 garbage-first heap   total 267264K, used 144825K [0x0000000080000000, 0x0000000100000000)
  region size 1024K, 3 young (3072K), 3 survivors (3072K)
 Metaspace       used 124673K, capacity 128586K, committed 128768K, reserved 1161216K
  class space    used 15479K, capacity 16836K, committed 16896K, reserved 1048576K
}
Event: 2522.205 GC heap before
{Heap before GC invocations=136 (full 0):
 garbage-first heap   total 267264K, used 195001K [0x0000000080000000, 0x0000000100000000)
  region size 1024K, 53 young (54272K), 3 survivors (3072K)
 Metaspace       used 125613K, capacity 129518K, committed 129920K, reserved 1163264K
  class space    used 15509K, capacity 16839K, committed 17024K, reserved 1048576K
}
Event: 2522.226 GC heap after
{Heap after GC invocations=137 (full 0):
 garbage-first heap   total 267264K, used 142176K [0x0000000080000000, 0x0000000100000000)
  region size 1024K, 2 young (2048K), 2 survivors (2048K)
 Metaspace       used 125613K, capacity 129518K, committed 129920K, reserved 1163264K
  class space    used 15509K, capacity 16839K, committed 17024K, reserved 1048576K
}
Event: 2523.590 GC heap before
{Heap before GC invocations=137 (full 0):
 garbage-first heap   total 267264K, used 185184K [0x0000000080000000, 0x0000000100000000)
  region size 1024K, 46 young (47104K), 2 survivors (2048K)
 Metaspace       used 126808K, capacity 130682K, committed 130816K, reserved 1163264K
  class space    used 15694K, capacity 17037K, committed 17152K, reserved 1048576K
}
Event: 2523.631 GC heap after
{Heap after GC invocations=138 (full 0):
 garbage-first heap   total 267264K, used 149773K [0x0000000080000000, 0x0000000100000000)
  region size 1024K, 9 young (9216K), 9 survivors (9216K)
 Metaspace       used 126808K, capacity 130682K, committed 130816K, reserved 1163264K
  class space    used 15694K, capacity 17037K, committed 17152K, reserved 1048576K
}
Event: 2580.725 GC heap before
{Heap before GC invocations=139 (full 0):
 garbage-first heap   total 267264K, used 229644K [0x0000000080000000, 0x0000000100000000)
  region size 1024K, 65 young (66560K), 9 survivors (9216K)
 Metaspace       used 128999K, capacity 133011K, committed 133120K, reserved 1165312K
  class space    used 15960K, capacity 17342K, committed 17408K, reserved 1048576K
}
Event: 2580.772 GC heap after
{Heap after GC invocations=140 (full 0):
 garbage-first heap   total 267264K, used 146497K [0x0000000080000000, 0x0000000100000000)
  region size 1024K, 4 young (4096K), 4 survivors (4096K)
 Metaspace       used 128999K, capacity 133011K, committed 133120K, reserved 1165312K
  class space    used 15960K, capacity 17342K, committed 17408K, reserved 1048576K
}
Event: 2583.494 GC heap before
{Heap before GC invocations=140 (full 0):
 garbage-first heap   total 267264K, used 154689K [0x0000000080000000, 0x0000000100000000)
  region size 1024K, 13 young (13312K), 4 survivors (4096K)
 Metaspace       used 129115K, capacity 133094K, committed 133376K, reserved 1165312K
  class space    used 15962K, capacity 17346K, committed 17408K, reserved 1048576K
}
Event: 2583.540 GC heap after
{Heap after GC invocations=141 (full 0):
 garbage-first heap   total 267264K, used 146525K [0x0000000080000000, 0x0000000100000000)
  region size 1024K, 2 young (2048K), 2 survivors (2048K)
 Metaspace       used 129115K, capacity 133094K, committed 133376K, reserved 1165312K
  class space    used 15962K, capacity 17346K, committed 17408K, reserved 1048576K
}

Deoptimization events (20 events):
Event: 2527.868 Thread 0x00000205d1f5e000 DEOPT PACKING pc=0x00000205b9faf6cc sp=0x000000ea535ff1f0
Event: 2527.868 Thread 0x00000205d1f5e000 DEOPT UNPACKING pc=0x00000205b86672ce sp=0x000000ea535fe7c0 mode 0
Event: 2527.870 Thread 0x00000205d1f5c800 DEOPT PACKING pc=0x00000205b9faf6cc sp=0x000000ea534fedd0
Event: 2527.870 Thread 0x00000205d1f5c800 DEOPT UNPACKING pc=0x00000205b86672ce sp=0x000000ea534fe3a0 mode 0
Event: 2577.953 Thread 0x00000205d1f5e800 DEOPT PACKING pc=0x00000205b91998f9 sp=0x000000ea54efb810
Event: 2577.953 Thread 0x00000205d1f5e800 DEOPT UNPACKING pc=0x00000205b86672ce sp=0x000000ea54efacd8 mode 0
Event: 2581.502 Thread 0x00000205d5c4e000 Uncommon trap: trap_request=0xffffffdc fr.pc=0x00000205c0cb9810 relative=0x0000000000000230
Event: 2581.502 Thread 0x00000205d5c4e000 Uncommon trap: reason=class_check action=make_not_entrant pc=0x00000205c0cb9810 method=com.google.common.collect.Platform.copy([Ljava/lang/Object;II[Ljava/lang/Object;)[Ljava/lang/Object; @ 7 c2
Event: 2581.502 Thread 0x00000205d5c4e000 DEOPT PACKING pc=0x00000205c0cb9810 sp=0x000000ea56ffb240
Event: 2581.502 Thread 0x00000205d5c4e000 DEOPT UNPACKING pc=0x00000205b86674af sp=0x000000ea56ffb160 mode 2
Event: 2582.841 Thread 0x00000205d5c4e000 DEOPT PACKING pc=0x00000205b9ecbc0d sp=0x000000ea56ffb6e0
Event: 2582.841 Thread 0x00000205d5c4e000 DEOPT UNPACKING pc=0x00000205b86672ce sp=0x000000ea56ffab78 mode 0
Event: 2584.276 Thread 0x00000205d5c4e000 Uncommon trap: trap_request=0xffffffc6 fr.pc=0x00000205c0b85e40 relative=0x0000000000001240
Event: 2584.276 Thread 0x00000205d5c4e000 Uncommon trap: reason=bimorphic_or_optimized_type_check action=maybe_recompile pc=0x00000205c0b85e40 method=org.gradle.internal.snapshot.SnapshotUtil$1.handleExactMatchWithChild(Lorg/gradle/internal/snapshot/FileSystemNode;)Ljava/util/Optional; @ 1 c2
Event: 2584.276 Thread 0x00000205d5c4e000 DEOPT PACKING pc=0x00000205c0b85e40 sp=0x000000ea56ffaf80
Event: 2584.276 Thread 0x00000205d5c4e000 DEOPT UNPACKING pc=0x00000205b86674af sp=0x000000ea56ffae90 mode 2
Event: 2584.277 Thread 0x00000205d5c4e000 Uncommon trap: trap_request=0xffffffc6 fr.pc=0x00000205c0b85e40 relative=0x0000000000001240
Event: 2584.277 Thread 0x00000205d5c4e000 Uncommon trap: reason=bimorphic_or_optimized_type_check action=maybe_recompile pc=0x00000205c0b85e40 method=org.gradle.internal.snapshot.SnapshotUtil$1.handleExactMatchWithChild(Lorg/gradle/internal/snapshot/FileSystemNode;)Ljava/util/Optional; @ 1 c2
Event: 2584.277 Thread 0x00000205d5c4e000 DEOPT PACKING pc=0x00000205c0b85e40 sp=0x000000ea56ffb210
Event: 2584.277 Thread 0x00000205d5c4e000 DEOPT UNPACKING pc=0x00000205b86674af sp=0x000000ea56ffb120 mode 2

Classes redefined (0 events):
No events

Internal exceptions (20 events):
Event: 2523.472 Thread 0x00000205d1f64800 Exception <a 'sun/nio/fs/WindowsException'{0x000000008e8fe530}> (0x000000008e8fe530) thrown at [./src/hotspot/share/prims/jni.cpp, line 615]
Event: 2523.478 Thread 0x00000205d768d800 Exception <a 'sun/nio/fs/WindowsException'{0x000000008e5f2d30}> (0x000000008e5f2d30) thrown at [./src/hotspot/share/prims/jni.cpp, line 615]
Event: 2523.488 Thread 0x00000205d1f64800 Exception <a 'sun/nio/fs/WindowsException'{0x000000008df58428}> (0x000000008df58428) thrown at [./src/hotspot/share/prims/jni.cpp, line 615]
Event: 2523.514 Thread 0x00000205d768d800 Exception <a 'sun/nio/fs/WindowsException'{0x000000008def0420}> (0x000000008def0420) thrown at [./src/hotspot/share/prims/jni.cpp, line 615]
Event: 2523.521 Thread 0x00000205d768d800 Exception <a 'sun/nio/fs/WindowsException'{0x000000008dd024c0}> (0x000000008dd024c0) thrown at [./src/hotspot/share/prims/jni.cpp, line 615]
Event: 2523.530 Thread 0x00000205d768d800 Exception <a 'sun/nio/fs/WindowsException'{0x000000008ddee038}> (0x000000008ddee038) thrown at [./src/hotspot/share/prims/jni.cpp, line 615]
Event: 2523.566 Thread 0x00000205d1f64800 Exception <a 'sun/nio/fs/WindowsException'{0x000000008df6cea8}> (0x000000008df6cea8) thrown at [./src/hotspot/share/prims/jni.cpp, line 615]
Event: 2523.589 Thread 0x00000205d1f64800 Exception <a 'sun/nio/fs/WindowsException'{0x000000008d9ae7c8}> (0x000000008d9ae7c8) thrown at [./src/hotspot/share/prims/jni.cpp, line 615]
Event: 2523.706 Thread 0x00000205d768b800 Exception <a 'sun/nio/fs/WindowsException'{0x000000009038e388}> (0x000000009038e388) thrown at [./src/hotspot/share/prims/jni.cpp, line 615]
Event: 2523.741 Thread 0x00000205d5c52000 Exception <a 'sun/nio/fs/WindowsException'{0x00000000903e8850}> (0x00000000903e8850) thrown at [./src/hotspot/share/prims/jni.cpp, line 615]
Event: 2523.812 Thread 0x00000205d5c52000 Exception <a 'sun/nio/fs/WindowsException'{0x000000008fe30c78}> (0x000000008fe30c78) thrown at [./src/hotspot/share/prims/jni.cpp, line 615]
Event: 2524.640 Thread 0x00000205d1f64800 Exception <a 'sun/nio/fs/WindowsException'{0x000000008f9c48f8}> (0x000000008f9c48f8) thrown at [./src/hotspot/share/prims/jni.cpp, line 615]
Event: 2524.908 Thread 0x00000205d1f64800 Exception <a 'java/lang/NoSuchMethodError'{0x000000008f5e8d20}: 'java.lang.Object java.lang.invoke.DirectMethodHandle$Holder.invokeStatic(java.lang.Object, java.lang.Object, java.lang.Object, java.lang.Object, java.lang.Object, int, java.lang.Object)'> (0x000000008f5e8d20) thrown at [./src/hotspot/share/interpreter/linkResolver.cpp, line 773]
Event: 2524.910 Thread 0x00000205d1f64800 Exception <a 'java/lang/NoSuchMethodError'{0x000000008f5eff20}: 'java.lang.Object java.lang.invoke.Invokers$Holder.linkToTargetMethod(java.lang.Object, java.lang.Object, java.lang.Object, java.lang.Object, int, java.lang.Object, java.lang.Object)'> (0x000000008f5eff20) thrown at [./src/hotspot/share/interpreter/linkResolver.cpp, line 773]
Event: 2525.102 Thread 0x00000205d1f64800 Exception <a 'java/lang/NoSuchMethodError'{0x000000008f1d5260}: 'java.lang.Object java.lang.invoke.DirectMethodHandle$Holder.invokeStatic(java.lang.Object, java.lang.Object, java.lang.Object, java.lang.Object, java.lang.Object, java.lang.Object, java.lang.Object, int)'> (0x000000008f1d5260) thrown at [./src/hotspot/share/interpreter/linkResolver.cpp, line 773]
Event: 2525.103 Thread 0x00000205d1f64800 Exception <a 'java/lang/NoSuchMethodError'{0x000000008f1d9698}: 'java.lang.Object java.lang.invoke.DirectMethodHandle$Holder.invokeSpecial(java.lang.Object, java.lang.Object, java.lang.Object, java.lang.Object, java.lang.Object, java.lang.Object, java.lang.Object, java.lang.Object, int)'> (0x000000008f1d9698) thrown at [./src/hotspot/share/interpreter/linkResolver.cpp, line 773]
Event: 2525.104 Thread 0x00000205d1f64800 Exception <a 'java/lang/NoSuchMethodError'{0x000000008f1dd450}: 'java.lang.Object java.lang.invoke.Invokers$Holder.linkToTargetMethod(java.lang.Object, java.lang.Object, java.lang.Object, java.lang.Object, java.lang.Object, java.lang.Object, int, java.lang.Object)'> (0x000000008f1dd450) thrown at [./src/hotspot/share/interpreter/linkResolver.cpp, line 773]
Event: 2526.957 Thread 0x00000205d1f64800 Implicit null exception at 0x00000205c07b8d6d to 0x00000205c07b8d98
Event: 2526.958 Thread 0x00000205d1f64800 Implicit null exception at 0x00000205c027cdeb to 0x00000205c027ce0c
Event: 2580.834 Thread 0x00000205d1f5e800 Exception <a 'sun/nio/fs/WindowsException'{0x00000000903ae448}> (0x00000000903ae448) thrown at [./src/hotspot/share/prims/jni.cpp, line 615]

Events (20 events):
Event: 2584.445 Executing VM operation: RevokeBias
Event: 2584.445 Executing VM operation: RevokeBias done
Event: 2584.445 Executing VM operation: RevokeBias
Event: 2584.445 Executing VM operation: RevokeBias done
Event: 2584.445 Executing VM operation: RevokeBias
Event: 2584.445 Executing VM operation: RevokeBias done
Event: 2584.445 Executing VM operation: RevokeBias
Event: 2584.445 Executing VM operation: RevokeBias done
Event: 2584.446 Executing VM operation: RevokeBias
Event: 2584.446 Executing VM operation: RevokeBias done
Event: 2584.446 Executing VM operation: RevokeBias
Event: 2584.446 Executing VM operation: RevokeBias done
Event: 2584.446 Executing VM operation: RevokeBias
Event: 2584.446 Executing VM operation: RevokeBias done
Event: 2584.447 Executing VM operation: RevokeBias
Event: 2584.447 Executing VM operation: RevokeBias done
Event: 2584.447 Executing VM operation: BulkRevokeBias
Event: 2584.449 Executing VM operation: BulkRevokeBias done
Event: 2584.473 Executing VM operation: RevokeBias
Event: 2584.473 Executing VM operation: RevokeBias done


Dynamic libraries:
0x00007ff723880000 - 0x00007ff72388a000 	C:\Program Files\Android\Android Studio\jre\bin\java.exe
0x00007ff9c21a0000 - 0x00007ff9c2390000 	C:\WINDOWS\SYSTEM32\ntdll.dll
0x00007ff9c0b50000 - 0x00007ff9c0c02000 	C:\WINDOWS\System32\KERNEL32.DLL
0x00007ff9bfc90000 - 0x00007ff9bff35000 	C:\WINDOWS\System32\KERNELBASE.dll
0x00007ff9bf890000 - 0x00007ff9bf98a000 	C:\WINDOWS\System32\ucrtbase.dll
0x00007ff9ab390000 - 0x00007ff9ab3a9000 	C:\Program Files\Android\Android Studio\jre\bin\jli.dll
0x00007ff9ab370000 - 0x00007ff9ab387000 	C:\Program Files\Android\Android Studio\jre\bin\VCRUNTIME140.dll
0x00007ff9c1880000 - 0x00007ff9c1a14000 	C:\WINDOWS\System32\USER32.dll
0x00007ff9bffe0000 - 0x00007ff9c0001000 	C:\WINDOWS\System32\win32u.dll
0x00007ff9a41f0000 - 0x00007ff9a4474000 	C:\WINDOWS\WinSxS\amd64_microsoft.windows.common-controls_6595b64144ccf1df_6.0.18362.1440_none_9e7dbfb9e45e8e67\COMCTL32.dll
0x00007ff9c1b90000 - 0x00007ff9c1bb6000 	C:\WINDOWS\System32\GDI32.dll
0x00007ff9c0a10000 - 0x00007ff9c0aae000 	C:\WINDOWS\System32\msvcrt.dll
0x00007ff9bfaf0000 - 0x00007ff9bfc88000 	C:\WINDOWS\System32\gdi32full.dll
0x00007ff9bff40000 - 0x00007ff9bffde000 	C:\WINDOWS\System32\msvcp_win.dll
0x00007ff9c03c0000 - 0x00007ff9c06f6000 	C:\WINDOWS\System32\combase.dll
0x00007ff9c08f0000 - 0x00007ff9c0a0f000 	C:\WINDOWS\System32\RPCRT4.dll
0x00007ff9c0010000 - 0x00007ff9c0091000 	C:\WINDOWS\System32\bcryptPrimitives.dll
0x00007ff9c2130000 - 0x00007ff9c215e000 	C:\WINDOWS\System32\IMM32.DLL
0x00007ff98d140000 - 0x00007ff98d1dd000 	C:\Program Files\Android\Android Studio\jre\bin\msvcp140.dll
0x00007ff97e910000 - 0x00007ff97f3cc000 	C:\Program Files\Android\Android Studio\jre\bin\server\jvm.dll
0x00007ff9c1d80000 - 0x00007ff9c1e23000 	C:\WINDOWS\System32\ADVAPI32.dll
0x00007ff9c0320000 - 0x00007ff9c03b7000 	C:\WINDOWS\System32\sechost.dll
0x00007ff9c1bc0000 - 0x00007ff9c1bc8000 	C:\WINDOWS\System32\PSAPI.DLL
0x00007ff9a02d0000 - 0x00007ff9a02d9000 	C:\WINDOWS\SYSTEM32\WSOCK32.dll
0x00007ff9b9720000 - 0x00007ff9b9744000 	C:\WINDOWS\SYSTEM32\WINMM.dll
0x00007ff9c10a0000 - 0x00007ff9c110f000 	C:\WINDOWS\System32\WS2_32.dll
0x00007ff9b02a0000 - 0x00007ff9b02aa000 	C:\WINDOWS\SYSTEM32\VERSION.dll
0x00007ff9b9430000 - 0x00007ff9b945d000 	C:\WINDOWS\SYSTEM32\WINMMBASE.dll
0x00007ff9bfa40000 - 0x00007ff9bfa8a000 	C:\WINDOWS\System32\cfgmgr32.dll
0x00007ff9bf060000 - 0x00007ff9bf071000 	C:\WINDOWS\System32\kernel.appcore.dll
0x00007ff9acd40000 - 0x00007ff9acd51000 	C:\Program Files\Android\Android Studio\jre\bin\verify.dll
0x00007ff9ba7b0000 - 0x00007ff9ba9a4000 	C:\WINDOWS\SYSTEM32\DBGHELP.DLL
0x00007ff9a5ae0000 - 0x00007ff9a5b0a000 	C:\WINDOWS\SYSTEM32\dbgcore.DLL
0x00007ff9a8f80000 - 0x00007ff9a8fa9000 	C:\Program Files\Android\Android Studio\jre\bin\java.dll
0x00007ff9b9ae0000 - 0x00007ff9b9aeb000 	C:\Program Files\Android\Android Studio\jre\bin\jimage.dll
0x00007ff9ab970000 - 0x00007ff9ab988000 	C:\Program Files\Android\Android Studio\jre\bin\zip.dll
0x00007ff9c1110000 - 0x00007ff9c17f8000 	C:\WINDOWS\System32\SHELL32.dll
0x00007ff9c0700000 - 0x00007ff9c07a7000 	C:\WINDOWS\System32\shcore.dll
0x00007ff9bf110000 - 0x00007ff9bf88b000 	C:\WINDOWS\System32\windows.storage.dll
0x00007ff9bf0f0000 - 0x00007ff9bf10e000 	C:\WINDOWS\System32\profapi.dll
0x00007ff9bf0a0000 - 0x00007ff9bf0ea000 	C:\WINDOWS\System32\powrprof.dll
0x00007ff9bf050000 - 0x00007ff9bf060000 	C:\WINDOWS\System32\UMPDC.dll
0x00007ff9c1ad0000 - 0x00007ff9c1b22000 	C:\WINDOWS\System32\shlwapi.dll
0x00007ff9c00a0000 - 0x00007ff9c00b7000 	C:\WINDOWS\System32\cryptsp.dll
0x00007ff9a8f60000 - 0x00007ff9a8f7a000 	C:\Program Files\Android\Android Studio\jre\bin\net.dll
0x00007ff9af350000 - 0x00007ff9af44a000 	C:\WINDOWS\SYSTEM32\WINHTTP.dll
0x00007ff9be830000 - 0x00007ff9be897000 	C:\WINDOWS\system32\mswsock.dll
0x00007ff9a8f40000 - 0x00007ff9a8f54000 	C:\Program Files\Android\Android Studio\jre\bin\nio.dll
0x00007ff996640000 - 0x00007ff996667000 	C:\Users\Joshua\.gradle\native\49d0259a56938c7f99b2704e745ce422c4f750a7a20b539a32ccef96729676b1\windows-amd64\native-platform.dll
0x00007ff9768c0000 - 0x00007ff976a56000 	C:\Users\Joshua\.gradle\native\12488b8bf47d2d4c9fbf2f6322a914ad602e24e48041cd04a747c6da556b65c4\windows-amd64\native-platform-file-events.dll
0x00007ff9b9060000 - 0x00007ff9b906a000 	C:\Program Files\Android\Android Studio\jre\bin\management.dll
0x00007ff9b64a0000 - 0x00007ff9b64ac000 	C:\Program Files\Android\Android Studio\jre\bin\management_ext.dll
0x00007ff9be3b0000 - 0x00007ff9be3e3000 	C:\WINDOWS\system32\rsaenh.dll
0x00007ff9c00c0000 - 0x00007ff9c00e6000 	C:\WINDOWS\System32\bcrypt.dll
0x00007ff9bef30000 - 0x00007ff9bef55000 	C:\WINDOWS\SYSTEM32\USERENV.dll
0x00007ff9bea20000 - 0x00007ff9bea2c000 	C:\WINDOWS\SYSTEM32\CRYPTBASE.dll
0x00007ff9be540000 - 0x00007ff9be57a000 	C:\WINDOWS\SYSTEM32\IPHLPAPI.DLL
0x00007ff9c0c10000 - 0x00007ff9c0c18000 	C:\WINDOWS\System32\NSI.dll
0x00007ff9aefc0000 - 0x00007ff9aefd6000 	C:\WINDOWS\SYSTEM32\dhcpcsvc6.DLL
0x00007ff9af550000 - 0x00007ff9af56c000 	C:\WINDOWS\SYSTEM32\dhcpcsvc.DLL
0x00007ff9be580000 - 0x00007ff9be64b000 	C:\WINDOWS\SYSTEM32\DNSAPI.dll
0x00007ff9b0ef0000 - 0x00007ff9b0f17000 	C:\Program Files\Android\Android Studio\jre\bin\sunec.dll

dbghelp: loaded successfully - version: 4.0.5 - missing functions: none
symbol engine: initialized successfully - sym options: 0x614 - pdb path: .;C:\Program Files\Android\Android Studio\jre\bin;C:\WINDOWS\SYSTEM32;C:\WINDOWS\WinSxS\amd64_microsoft.windows.common-controls_6595b64144ccf1df_6.0.18362.1440_none_9e7dbfb9e45e8e67;C:\Program Files\Android\Android Studio\jre\bin\server;C:\Users\Joshua\.gradle\native\49d0259a56938c7f99b2704e745ce422c4f750a7a20b539a32ccef96729676b1\windows-amd64;C:\Users\Joshua\.gradle\native\12488b8bf47d2d4c9fbf2f6322a914ad602e24e48041cd04a747c6da556b65c4\windows-amd64

VM Arguments:
jvm_args: --add-opens=java.base/java.util=ALL-UNNAMED --add-opens=java.base/java.lang=ALL-UNNAMED --add-opens=java.base/java.lang.invoke=ALL-UNNAMED --add-opens=java.base/java.util=ALL-UNNAMED --add-opens=java.prefs/java.util.prefs=ALL-UNNAMED --add-opens=java.prefs/java.util.prefs=ALL-UNNAMED --add-opens=java.base/java.nio.charset=ALL-UNNAMED --add-opens=java.base/java.net=ALL-UNNAMED --add-opens=java.base/java.util.concurrent.atomic=ALL-UNNAMED -Xmx2048m -Dfile.encoding=UTF-8 -Duser.country=GB -Duser.language=en -Duser.variant 
java_command: org.gradle.launcher.daemon.bootstrap.GradleDaemon 7.0
java_class_path (initial): C:\Users\Joshua\.gradle\wrapper\dists\gradle-7.0-bin\2p9ebqfz6ilrfozi676ogco7n\gradle-7.0\lib\gradle-launcher-7.0.jar
Launcher Type: SUN_STANDARD

[Global flags]
     intx CICompilerCount                          = 3                                         {product} {ergonomic}
     uint ConcGCThreads                            = 1                                         {product} {ergonomic}
     uint G1ConcRefinementThreads                  = 4                                         {product} {ergonomic}
   size_t G1HeapRegionSize                         = 1048576                                   {product} {ergonomic}
    uintx GCDrainStackTargetSize                   = 64                                        {product} {ergonomic}
   size_t InitialHeapSize                          = 67108864                                  {product} {ergonomic}
   size_t MarkStackSize                            = 4194304                                   {product} {ergonomic}
   size_t MaxHeapSize                              = 2147483648                                {product} {command line}
   size_t MaxNewSize                               = 1287651328                                {product} {ergonomic}
   size_t MinHeapDeltaBytes                        = 1048576                                   {product} {ergonomic}
    uintx NonNMethodCodeHeapSize                   = 5830732                                {pd product} {ergonomic}
    uintx NonProfiledCodeHeapSize                  = 122913754                              {pd product} {ergonomic}
    uintx ProfiledCodeHeapSize                     = 122913754                              {pd product} {ergonomic}
    uintx ReservedCodeCacheSize                    = 251658240                              {pd product} {ergonomic}
     bool SegmentedCodeCache                       = true                                      {product} {ergonomic}
     bool UseCompressedClassPointers               = true                                 {lp64_product} {ergonomic}
     bool UseCompressedOops                        = true                                 {lp64_product} {ergonomic}
     bool UseG1GC                                  = true                                      {product} {ergonomic}
     bool UseLargePagesIndividualAllocation        = false                                  {pd product} {ergonomic}

Logging:
Log output configuration:
 #0: stdout all=warning uptime,level,tags
 #1: stderr all=off uptime,level,tags

Environment Variables:
PATH=C:\Program Files (x86)\Intel\iCLS Client\;C:\Program Files\Intel\iCLS Client\;C:\WINDOWS\system32;C:\WINDOWS;C:\WINDOWS\System32\Wbem;C:\WINDOWS\System32\WindowsPowerShell\v1.0\;c:\Program Files\Intel\WiFi\bin\;c:\Program Files\Common Files\Intel\WirelessCommon\;C:\Program Files (x86)\Intel\Intel(R) Management Engine Components\DAL;C:\Program Files\Intel\Intel(R) Management Engine Components\DAL;C:\Program Files (x86)\Intel\Intel(R) Management Engine Components\IPT;C:\Program Files\Intel\Intel(R) Management Engine Components\IPT;C:\WINDOWS\System32\OpenSSH\;C:\Program Files\Java\jdk-14\bin;C:\Program Files\PuTTY\;C:\Program Files\nodejs\;C:\Program Files\Git\cmd;C:\Program Files\MongoDB\Server\4.4\bin;C:\Program Files\MySQL\MySQL Shell 8.0\bin\;C:\Users\Joshua\AppData\Local\Microsoft\WindowsApps;C:\Users\Joshua\AppData\Local\Programs\Microsoft VS Code\bin;C:\Users\Joshua\AppData\Local\GitHubDesktop\bin;C:\Users\Joshua\AppData\Roaming\npm;C:\Users\Joshua\AppData\Local\nvs\;C:\Program Files\MongoDB\Server\4.4\bin;
USERNAME=Joshua
OS=Windows_NT
PROCESSOR_IDENTIFIER=Intel64 Family 6 Model 78 Stepping 3, GenuineIntel



---------------  S Y S T E M  ---------------

OS: Windows 10 , 64 bit Build 18362 (10.0.18362.1350)
OS uptime: 2 days 3:52 hours

CPU:total 4 (initial active 4) (2 cores per cpu, 2 threads per core) family 6 model 78 stepping 3, cmov, cx8, fxsr, mmx, sse, sse2, sse3, ssse3, sse4.1, sse4.2, popcnt, avx, avx2, aes, clmul, erms, 3dnowpref, lzcnt, ht, tsc, tscinvbit, bmi1, bmi2, adx, fma

Memory: 4k page, system-wide physical 3992M (904M free)
TotalPageFile size 8088M (AvailPageFile size 5M)
current process WorkingSet (physical memory assigned to process): 436M, peak: 522M
current process commit charge ("private bytes"): 623M, peak: 628M

vm_info: OpenJDK 64-Bit Server VM (11.0.8+10-b944.6842174) for windows-amd64 JRE (11.0.8+10-b944.6842174), built on Sep 19 2020 01:11:42 by "builder" with MS VC++ 14.0 (VS2015)

END.
