#
# There is insufficient memory for the Java Runtime Environment to continue.
# Native memory allocation (malloc) failed to allocate 32744 bytes for ChunkPool::allocate
# Possible reasons:
#   The system is out of physical RAM or swap space
#   The process is running with CompressedOops enabled, and the Java Heap may be blocking the growth of the native heap
# Possible solutions:
#   Reduce memory load on the system
#   Increase physical memory or swap space
#   Check if swap backing store is full
#   Decrease Java heap size (-Xmx/-Xms)
#   Decrease number of Java threads
#   Decrease Java thread stack sizes (-Xss)
#   Set larger code cache with -XX:ReservedCodeCacheSize=
#   JVM is running with Unscaled Compressed Oops mode in which the Java heap is
#     placed in the first 4GB address space. The Java Heap base address is the
#     maximum limit for the native heap growth. Please use -XX:HeapBaseMinAddress
#     to set the Java Heap base and to place the Java Heap above 4GB virtual address.
# This output file may be truncated or incomplete.
#
#  Out of Memory Error (allocation.cpp:272), pid=476, tid=0x00000000000003a0
#
# JRE version: OpenJDK Runtime Environment (8.0_242-b01) (build 1.8.0_242-release-1644-b01)
# Java VM: OpenJDK 64-Bit Server VM (25.242-b01 mixed mode windows-amd64 compressed oops)
# Failed to write core dump. Minidumps are not enabled by default on client versions of Windows
#

---------------  T H R E A D  ---------------

Current thread (0x000000001758a800):  JavaThread "C2 CompilerThread1" daemon [_thread_in_native, id=928, stack(0x0000000018cd0000,0x0000000018dd0000)]

Stack: [0x0000000018cd0000,0x0000000018dd0000]
[error occurred during error reporting (printing stack bounds), id 0xc0000005]

Native frames: (J=compiled Java code, j=interpreted, Vv=VM code, C=native code)


Current CompileTask:
C2:   4669 1497       4       java.net.URLClassLoader$1::run (5 bytes)


---------------  P R O C E S S  ---------------

Java Threads: ( => current thread )
  0x000000001b59e000 JavaThread "Cache worker for journal cache (C:\Users\Joshua\.gradle\caches\journal-1)" [_thread_blocked, id=2572, stack(0x000000001e4c0000,0x000000001e5c0000)]
  0x000000001b59d000 JavaThread "File lock request listener" [_thread_in_native, id=15616, stack(0x000000001d1f0000,0x000000001d2f0000)]
  0x000000001b63f800 JavaThread "Cache worker for file hash cache (C:\Users\Joshua\.gradle\caches\7.0\fileHashes)" [_thread_blocked, id=5116, stack(0x000000001d0f0000,0x000000001d1f0000)]
  0x000000001b0a1000 JavaThread "Daemon client event forwarder" [_thread_blocked, id=16304, stack(0x000000001cdf0000,0x000000001cef0000)]
  0x000000001b0db000 JavaThread "Stdin handler" [_thread_blocked, id=1228, stack(0x000000001ccf0000,0x000000001cdf0000)]
  0x000000001b1ec000 JavaThread "Asynchronous log dispatcher for DefaultDaemonConnection: socket connection from /127.0.0.1:57857 to /127.0.0.1:57858" [_thread_blocked, id=2796, stack(0x000000001cbf0000,0x000000001ccf0000)]
  0x000000001b1eb000 JavaThread "Daemon worker" [_thread_in_vm, id=9200, stack(0x000000001caf0000,0x000000001cbf0000)]
  0x000000001b0a8000 JavaThread "Cancel handler" [_thread_blocked, id=2304, stack(0x000000001c9f0000,0x000000001caf0000)]
  0x000000001b169800 JavaThread "Handler for socket connection from /127.0.0.1:57857 to /127.0.0.1:57858" [_thread_in_native, id=14132, stack(0x000000001c8f0000,0x000000001c9f0000)]
  0x000000001b167000 JavaThread "Daemon" [_thread_blocked, id=14864, stack(0x000000001c7f0000,0x000000001c8f0000)]
  0x000000001b064000 JavaThread "Daemon periodic checks" [_thread_blocked, id=7732, stack(0x000000001c4f0000,0x000000001c5f0000)]
  0x000000001b062000 JavaThread "Incoming local TCP Connector on port 57857" [_thread_in_native, id=12836, stack(0x000000001c2b0000,0x000000001c3b0000)]
  0x000000001ace2000 JavaThread "Daemon health stats" [_thread_blocked, id=6544, stack(0x000000001be70000,0x000000001bf70000)]
  0x00000000175de000 JavaThread "Service Thread" daemon [_thread_blocked, id=11816, stack(0x00000000192d0000,0x00000000193d0000)]
  0x000000001758e000 JavaThread "C1 CompilerThread2" daemon [_thread_blocked, id=12404, stack(0x0000000018dd0000,0x0000000018ed0000)]
=>0x000000001758a800 JavaThread "C2 CompilerThread1" daemon [_thread_in_native, id=928, stack(0x0000000018cd0000,0x0000000018dd0000)]
  0x0000000017587000 JavaThread "C2 CompilerThread0" daemon [_thread_in_native, id=7244, stack(0x0000000018bd0000,0x0000000018cd0000)]
  0x0000000017585000 JavaThread "Attach Listener" daemon [_thread_blocked, id=6632, stack(0x0000000018ad0000,0x0000000018bd0000)]
  0x0000000017581000 JavaThread "Signal Dispatcher" daemon [_thread_blocked, id=2752, stack(0x00000000189d0000,0x0000000018ad0000)]
  0x000000000295b800 JavaThread "Finalizer" daemon [_thread_blocked, id=228, stack(0x00000000187d0000,0x00000000188d0000)]
  0x0000000017569000 JavaThread "Reference Handler" daemon [_thread_blocked, id=15008, stack(0x00000000186d0000,0x00000000187d0000)]
  0x000000000109e800 JavaThread "main" [_thread_blocked, id=8728, stack(0x0000000002760000,0x0000000002860000)]

Other Threads:
  0x0000000017547000 VMThread [stack: 0x00000000185d0000,0x00000000186d0000] [id=9712]
  0x0000000018f06000 WatcherThread [stack: 0x00000000193d0000,0x00000000194d0000] [id=9448]

VM state:not at safepoint (normal execution)

VM Mutex/Monitor currently owned by a thread: None

heap address: 0x0000000080000000, size: 2048 MB, Compressed Oops mode: 32-bit
Narrow klass base: 0x0000000000000000, Narrow klass shift: 3
Compressed class space size: 1073741824 Address: 0x0000000100000000

Heap:
 PSYoungGen      total 71168K, used 17232K [0x00000000d5580000, 0x00000000de580000, 0x0000000100000000)
  eden space 64512K, 16% used [0x00000000d5580000,0x00000000d5fd72c0,0x00000000d9480000)
  from space 6656K, 99% used [0x00000000d9480000,0x00000000d9afcd68,0x00000000d9b00000)
  to   space 9216K, 0% used [0x00000000ddc80000,0x00000000ddc80000,0x00000000de580000)
 ParOldGen       total 44032K, used 8125K [0x0000000080000000, 0x0000000082b00000, 0x00000000d5580000)
  object space 44032K, 18% used [0x0000000080000000,0x00000000807ef738,0x0000000082b00000)
 Metaspace       used 18845K, capacity 19586K, committed 19840K, reserved 1067008K
  class space    used 2679K, capacity 2893K, committed 2944K, reserved 1048576K

Card table byte_map: [0x0000000011d20000,0x0000000012130000] byte_map_base: 0x0000000011920000

Marking Bits: (ParMarkBitMap*) 0x00000000593bf030
 Begin Bits: [0x00000000127e0000, 0x00000000147e0000)
 End Bits:   [0x00000000147e0000, 0x00000000167e0000)

Polling page: 0x0000000001070000

CodeCache: size=245760Kb used=5960Kb max_used=5960Kb free=239799Kb
 bounds [0x0000000002960000, 0x0000000002f40000, 0x0000000011960000]
 total_blobs=2135 nmethods=1709 adapters=339
 compilation: enabled

Compilation events (10 events):
Event: 4.415 Thread 0x000000001758e000 1713       3       java.net.URI::quote (208 bytes)
Event: 4.418 Thread 0x000000001758e000 nmethod 1713 0x0000000002f2cf10 code [0x0000000002f2d2c0, 0x0000000002f2fa88]
Event: 4.418 Thread 0x000000001758e000 1716       3       java.net.URI$Parser::scan (73 bytes)
Event: 4.419 Thread 0x000000001758e000 nmethod 1716 0x0000000002f31310 code [0x0000000002f314e0, 0x0000000002f31be8]
Event: 4.419 Thread 0x000000001758e000 1714       3       java.net.URI::match (56 bytes)
Event: 4.419 Thread 0x000000001758e000 nmethod 1714 0x0000000002f32050 code [0x0000000002f321c0, 0x0000000002f324d0]
Event: 4.419 Thread 0x000000001758e000 1715       3       java.net.URL::toURI (54 bytes)
Event: 4.446 Thread 0x000000001758e000 nmethod 1715 0x0000000002f32550 code [0x0000000002f327a0, 0x0000000002f336f8]
Event: 4.485 Thread 0x000000001758e000 1717       3       java.net.URLConnection::<init> (44 bytes)
Event: 4.485 Thread 0x000000001758e000 nmethod 1717 0x0000000002f33d10 code [0x0000000002f33e80, 0x0000000002f34090]

GC Heap History (10 events):
Event: 1.458 GC heap before
{Heap before GC invocations=3 (full 0):
 PSYoungGen      total 18944K, used 18928K [0x00000000d5580000, 0x00000000d7a80000, 0x0000000100000000)
  eden space 16384K, 100% used [0x00000000d5580000,0x00000000d6580000,0x00000000d6580000)
  from space 2560K, 99% used [0x00000000d6800000,0x00000000d6a7c010,0x00000000d6a80000)
  to   space 2560K, 0% used [0x00000000d6580000,0x00000000d6580000,0x00000000d6800000)
 ParOldGen       total 44032K, used 1174K [0x0000000080000000, 0x0000000082b00000, 0x00000000d5580000)
  object space 44032K, 2% used [0x0000000080000000,0x0000000080125a28,0x0000000082b00000)
 Metaspace       used 7746K, capacity 7996K, committed 8320K, reserved 1056768K
  class space    used 949K, capacity 1052K, committed 1152K, reserved 1048576K
Event: 1.462 GC heap after
Heap after GC invocations=3 (full 0):
 PSYoungGen      total 18944K, used 2551K [0x00000000d5580000, 0x00000000d7a80000, 0x0000000100000000)
  eden space 16384K, 0% used [0x00000000d5580000,0x00000000d5580000,0x00000000d6580000)
  from space 2560K, 99% used [0x00000000d6580000,0x00000000d67fdc50,0x00000000d6800000)
  to   space 2560K, 0% used [0x00000000d7800000,0x00000000d7800000,0x00000000d7a80000)
 ParOldGen       total 44032K, used 1868K [0x0000000080000000, 0x0000000082b00000, 0x00000000d5580000)
  object space 44032K, 4% used [0x0000000080000000,0x00000000801d3000,0x0000000082b00000)
 Metaspace       used 7746K, capacity 7996K, committed 8320K, reserved 1056768K
  class space    used 949K, capacity 1052K, committed 1152K, reserved 1048576K
}
Event: 1.670 GC heap before
{Heap before GC invocations=4 (full 0):
 PSYoungGen      total 18944K, used 18935K [0x00000000d5580000, 0x00000000d7a80000, 0x0000000100000000)
  eden space 16384K, 100% used [0x00000000d5580000,0x00000000d6580000,0x00000000d6580000)
  from space 2560K, 99% used [0x00000000d6580000,0x00000000d67fdc50,0x00000000d6800000)
  to   space 2560K, 0% used [0x00000000d7800000,0x00000000d7800000,0x00000000d7a80000)
 ParOldGen       total 44032K, used 1868K [0x0000000080000000, 0x0000000082b00000, 0x00000000d5580000)
  object space 44032K, 4% used [0x0000000080000000,0x00000000801d3000,0x0000000082b00000)
 Metaspace       used 7825K, capacity 8124K, committed 8320K, reserved 1056768K
  class space    used 957K, capacity 1052K, committed 1152K, reserved 1048576K
Event: 1.674 GC heap after
Heap after GC invocations=4 (full 0):
 PSYoungGen      total 35328K, used 2532K [0x00000000d5580000, 0x00000000d7a80000, 0x0000000100000000)
  eden space 32768K, 0% used [0x00000000d5580000,0x00000000d5580000,0x00000000d7580000)
  from space 2560K, 98% used [0x00000000d7800000,0x00000000d7a792f0,0x00000000d7a80000)
  to   space 2560K, 0% used [0x00000000d7580000,0x00000000d7580000,0x00000000d7800000)
 ParOldGen       total 44032K, used 2476K [0x0000000080000000, 0x0000000082b00000, 0x00000000d5580000)
  object space 44032K, 5% used [0x0000000080000000,0x000000008026b1a0,0x0000000082b00000)
 Metaspace       used 7825K, capacity 8124K, committed 8320K, reserved 1056768K
  class space    used 957K, capacity 1052K, committed 1152K, reserved 1048576K
}
Event: 2.082 GC heap before
{Heap before GC invocations=5 (full 0):
 PSYoungGen      total 35328K, used 35300K [0x00000000d5580000, 0x00000000d7a80000, 0x0000000100000000)
  eden space 32768K, 100% used [0x00000000d5580000,0x00000000d7580000,0x00000000d7580000)
  from space 2560K, 98% used [0x00000000d7800000,0x00000000d7a792f0,0x00000000d7a80000)
  to   space 2560K, 0% used [0x00000000d7580000,0x00000000d7580000,0x00000000d7800000)
 ParOldGen       total 44032K, used 2476K [0x0000000080000000, 0x0000000082b00000, 0x00000000d5580000)
  object space 44032K, 5% used [0x0000000080000000,0x000000008026b1a0,0x0000000082b00000)
 Metaspace       used 9946K, capacity 10260K, committed 10496K, reserved 1058816K
  class space    used 1311K, capacity 1420K, committed 1536K, reserved 1048576K
Event: 2.091 GC heap after
Heap after GC invocations=5 (full 0):
 PSYoungGen      total 35328K, used 2551K [0x00000000d5580000, 0x00000000da080000, 0x0000000100000000)
  eden space 32768K, 0% used [0x00000000d5580000,0x00000000d5580000,0x00000000d7580000)
  from space 2560K, 99% used [0x00000000d7580000,0x00000000d77fdc50,0x00000000d7800000)
  to   space 5632K, 0% used [0x00000000d9b00000,0x00000000d9b00000,0x00000000da080000)
 ParOldGen       total 44032K, used 5115K [0x0000000080000000, 0x0000000082b00000, 0x00000000d5580000)
  object space 44032K, 11% used [0x0000000080000000,0x00000000804fef78,0x0000000082b00000)
 Metaspace       used 9946K, capacity 10260K, committed 10496K, reserved 1058816K
  class space    used 1311K, capacity 1420K, committed 1536K, reserved 1048576K
}
Event: 3.503 GC heap before
{Heap before GC invocations=6 (full 0):
 PSYoungGen      total 35328K, used 35319K [0x00000000d5580000, 0x00000000da080000, 0x0000000100000000)
  eden space 32768K, 100% used [0x00000000d5580000,0x00000000d7580000,0x00000000d7580000)
  from space 2560K, 99% used [0x00000000d7580000,0x00000000d77fdc50,0x00000000d7800000)
  to   space 5632K, 0% used [0x00000000d9b00000,0x00000000d9b00000,0x00000000da080000)
 ParOldGen       total 44032K, used 5115K [0x0000000080000000, 0x0000000082b00000, 0x00000000d5580000)
  object space 44032K, 11% used [0x0000000080000000,0x00000000804fef78,0x0000000082b00000)
 Metaspace       used 14074K, capacity 14628K, committed 14976K, reserved 1062912K
  class space    used 1915K, capacity 2070K, committed 2176K, reserved 1048576K
Event: 3.512 GC heap after
Heap after GC invocations=6 (full 0):
 PSYoungGen      total 70144K, used 5604K [0x00000000d5580000, 0x00000000da280000, 0x0000000100000000)
  eden space 64512K, 0% used [0x00000000d5580000,0x00000000d5580000,0x00000000d9480000)
  from space 5632K, 99% used [0x00000000d9b00000,0x00000000da079108,0x00000000da080000)
  to   space 6656K, 0% used [0x00000000d9480000,0x00000000d9480000,0x00000000d9b00000)
 ParOldGen       total 44032K, used 5734K [0x0000000080000000, 0x0000000082b00000, 0x00000000d5580000)
  object space 44032K, 13% used [0x0000000080000000,0x0000000080599958,0x0000000082b00000)
 Metaspace       used 14074K, capacity 14628K, committed 14976K, reserved 1062912K
  class space    used 1915K, capacity 2070K, committed 2176K, reserved 1048576K
}
Event: 4.420 GC heap before
{Heap before GC invocations=7 (full 0):
 PSYoungGen      total 70144K, used 70116K [0x00000000d5580000, 0x00000000da280000, 0x0000000100000000)
  eden space 64512K, 100% used [0x00000000d5580000,0x00000000d9480000,0x00000000d9480000)
  from space 5632K, 99% used [0x00000000d9b00000,0x00000000da079108,0x00000000da080000)
  to   space 6656K, 0% used [0x00000000d9480000,0x00000000d9480000,0x00000000d9b00000)
 ParOldGen       total 44032K, used 5734K [0x0000000080000000, 0x0000000082b00000, 0x00000000d5580000)
  object space 44032K, 13% used [0x0000000080000000,0x0000000080599958,0x0000000082b00000)
 Metaspace       used 18349K, capacity 19072K, committed 19328K, reserved 1064960K
  class space    used 2595K, capacity 2828K, committed 2944K, reserved 1048576K
Event: 4.445 GC heap after
Heap after GC invocations=7 (full 0):
 PSYoungGen      total 71168K, used 6643K [0x00000000d5580000, 0x00000000de580000, 0x0000000100000000)
  eden space 64512K, 0% used [0x00000000d5580000,0x00000000d5580000,0x00000000d9480000)
  from space 6656K, 99% used [0x00000000d9480000,0x00000000d9afcd68,0x00000000d9b00000)
  to   space 9216K, 0% used [0x00000000ddc80000,0x00000000ddc80000,0x00000000de580000)
 ParOldGen       total 44032K, used 8125K [0x0000000080000000, 0x0000000082b00000, 0x00000000d5580000)
  object space 44032K, 18% used [0x0000000080000000,0x00000000807ef738,0x0000000082b00000)
 Metaspace       used 18349K, capacity 19072K, committed 19328K, reserved 1064960K
  class space    used 2595K, capacity 2828K, committed 2944K, reserved 1048576K
}

Deoptimization events (10 events):
Event: 3.731 Thread 0x000000001b1eb000 Uncommon trap: reason=unstable_if action=reinterpret pc=0x0000000002b298c4 method=java.io.WinNTFileSystem.resolve(Ljava/lang/String;Ljava/lang/String;)Ljava/lang/String; @ 19
Event: 3.732 Thread 0x000000001b1eb000 Uncommon trap: reason=unstable_if action=reinterpret pc=0x0000000002ce695c method=java.io.File.getName()Ljava/lang/String; @ 16
Event: 3.891 Thread 0x000000001b1eb000 Uncommon trap: reason=unstable_if action=reinterpret pc=0x0000000002bfa204 method=java.util.HashMap.getNode(ILjava/lang/Object;)Ljava/util/HashMap$Node; @ 129
Event: 3.891 Thread 0x000000001b1eb000 Uncommon trap: reason=bimorphic action=maybe_recompile pc=0x0000000002e598c0 method=java.util.HashMap.putVal(ILjava/lang/Object;Ljava/lang/Object;ZZ)Ljava/lang/Object; @ 203
Event: 3.891 Thread 0x000000001b1eb000 Uncommon trap: reason=unstable_if action=reinterpret pc=0x0000000002bd8688 method=java.util.HashMap.getNode(ILjava/lang/Object;)Ljava/util/HashMap$Node; @ 129
Event: 4.256 Thread 0x000000001b1eb000 Uncommon trap: reason=bimorphic action=maybe_recompile pc=0x0000000002e598c0 method=java.util.HashMap.putVal(ILjava/lang/Object;Ljava/lang/Object;ZZ)Ljava/lang/Object; @ 203
Event: 4.415 Thread 0x000000001b1eb000 Uncommon trap: reason=unstable_if action=reinterpret pc=0x0000000002d68608 method=java.net.URI.match(CJJ)Z @ 19
Event: 4.415 Thread 0x000000001b1eb000 Uncommon trap: reason=unstable_if action=reinterpret pc=0x0000000002d58a08 method=java.net.URI.quote(Ljava/lang/String;JJ)Ljava/lang/String; @ 102
Event: 4.415 Thread 0x000000001b1eb000 Uncommon trap: reason=unstable_if action=reinterpret pc=0x0000000002b311c8 method=java.net.URI.match(CJJ)Z @ 19
Event: 4.415 Thread 0x000000001b1eb000 Uncommon trap: reason=unstable_if action=reinterpret pc=0x0000000002c44040 method=java.net.URI.match(CJJ)Z @ 19

Classes redefined (0 events):
No events

Internal exceptions (10 events):
Event: 3.143 Thread 0x000000001b169800 Exception <a 'java/lang/NoSuchMethodError': <clinit>> (0x00000000d5bdb9a0) thrown at [C:\src\AOSP-openjdk-git\hotspot\src\share\vm\prims\jni.cpp, line 1615]
Event: 3.161 Thread 0x000000001b169800 Exception <a 'java/lang/NoSuchMethodError': <clinit>> (0x00000000d5c616d8) thrown at [C:\src\AOSP-openjdk-git\hotspot\src\share\vm\prims\jni.cpp, line 1615]
Event: 3.167 Thread 0x000000001b169800 Exception <a 'java/lang/NoSuchMethodError': <clinit>> (0x00000000d5c92ee8) thrown at [C:\src\AOSP-openjdk-git\hotspot\src\share\vm\prims\jni.cpp, line 1615]
Event: 3.173 Thread 0x000000001b169800 Exception <a 'java/lang/NoSuchMethodError': <clinit>> (0x00000000d5cc1908) thrown at [C:\src\AOSP-openjdk-git\hotspot\src\share\vm\prims\jni.cpp, line 1615]
Event: 3.469 Thread 0x000000001b1eb000 Exception <a 'java/lang/NoSuchMethodError': java.lang.Object.lambda$static$0(Lorg/gradle/internal/state/ModelObject;)Ljava/lang/String;> (0x00000000d7212128) thrown at [C:\src\AOSP-openjdk-git\hotspot\src\share\vm\interpreter\linkResolver.cpp, line 620]
Event: 3.582 Thread 0x000000001b1eb000 Exception <a 'java/lang/IncompatibleClassChangeError': Found class java.lang.Object, but interface was expected> (0x00000000d5f7e138) thrown at [C:\src\AOSP-openjdk-git\hotspot\src\share\vm\interpreter\linkResolver.cpp, line 653]
Event: 3.803 Thread 0x000000001b1eb000 Exception <a 'java/lang/NoSuchMethodError': java.lang.Object.lambda$and$0(Ljava/util/function/Predicate;Ljava/lang/Object;)Z> (0x00000000d6ad87a0) thrown at [C:\src\AOSP-openjdk-git\hotspot\src\share\vm\interpreter\linkResolver.cpp, line 620]
Event: 3.809 Thread 0x000000001b1eb000 Exception <a 'java/lang/IncompatibleClassChangeError': Found class java.lang.Object, but interface was expected> (0x00000000d6ae8b30) thrown at [C:\src\AOSP-openjdk-git\hotspot\src\share\vm\interpreter\linkResolver.cpp, line 653]
Event: 3.812 Thread 0x000000001b1eb000 Exception <a 'java/lang/NoSuchMethodError': java.lang.Object.lambda$or$2(Ljava/util/function/Predicate;Ljava/lang/Object;)Z> (0x00000000d6aed840) thrown at [C:\src\AOSP-openjdk-git\hotspot\src\share\vm\interpreter\linkResolver.cpp, line 620]
Event: 3.875 Thread 0x000000001b1eb000 Exception <a 'java/lang/NoSuchMethodError': java.lang.Object.lambda$comparing$77a9974f$1(Ljava/util/function/Function;Ljava/lang/Object;Ljava/lang/Object;)I> (0x00000000d6fb6598) thrown at [C:\src\AOSP-openjdk-git\hotspot\src\share\vm\interpreter\linkReso

Events (10 events):
Event: 4.621 loading class org/gradle/internal/resource/DefaultTextFileResourceLoader
Event: 4.621 loading class org/gradle/internal/resource/DefaultTextFileResourceLoader done
Event: 4.621 loading class org/gradle/internal/resource/TextResource
Event: 4.621 loading class org/gradle/internal/resource/TextResource done
Event: 4.622 loading class org/gradle/api/internal/project/ProjectFactory
Event: 4.622 loading class org/gradle/api/internal/project/ProjectFactory done
Event: 4.623 loading class org/gradle/groovy/scripts/ScriptSource
Event: 4.623 loading class org/gradle/groovy/scripts/ScriptSource done
Event: 4.623 loading class org/gradle/initialization/NotifyingBuildLoader
Event: 4.623 loading class org/gradle/initialization/NotifyingBuildLoader done


Dynamic libraries:
0x00007ff7c5000000 - 0x00007ff7c5031000 	C:\Program Files\Android\Android Studio1\jre\bin\java.exe
0x00007ff9bdae0000 - 0x00007ff9bdcd0000 	C:\WINDOWS\SYSTEM32\ntdll.dll
0x00007ff9bd6f0000 - 0x00007ff9bd7a2000 	C:\WINDOWS\System32\KERNEL32.DLL
0x00007ff9bb1d0000 - 0x00007ff9bb475000 	C:\WINDOWS\System32\KERNELBASE.dll
0x00007ff9bcf80000 - 0x00007ff9bd023000 	C:\WINDOWS\System32\ADVAPI32.dll
0x00007ff9bc4a0000 - 0x00007ff9bc53e000 	C:\WINDOWS\System32\msvcrt.dll
0x00007ff9bda00000 - 0x00007ff9bda97000 	C:\WINDOWS\System32\sechost.dll
0x00007ff9bbda0000 - 0x00007ff9bbebf000 	C:\WINDOWS\System32\RPCRT4.dll
0x00007ff9bd7b0000 - 0x00007ff9bd944000 	C:\WINDOWS\System32\USER32.dll
0x00007ff9bb720000 - 0x00007ff9bb741000 	C:\WINDOWS\System32\win32u.dll
0x00007ff9bbc30000 - 0x00007ff9bbc56000 	C:\WINDOWS\System32\GDI32.dll
0x00007ff9bb9f0000 - 0x00007ff9bbb88000 	C:\WINDOWS\System32\gdi32full.dll
0x00007ff9bb7a0000 - 0x00007ff9bb83e000 	C:\WINDOWS\System32\msvcp_win.dll
0x00007ff9bb840000 - 0x00007ff9bb93a000 	C:\WINDOWS\System32\ucrtbase.dll
0x00007ff99f7c0000 - 0x00007ff99fa44000 	C:\WINDOWS\WinSxS\amd64_microsoft.windows.common-controls_6595b64144ccf1df_6.0.18362.1440_none_9e7dbfb9e45e8e67\COMCTL32.dll
0x00007ff9bd060000 - 0x00007ff9bd396000 	C:\WINDOWS\System32\combase.dll
0x00007ff9bb480000 - 0x00007ff9bb501000 	C:\WINDOWS\System32\bcryptPrimitives.dll
0x00007ff9bd030000 - 0x00007ff9bd05e000 	C:\WINDOWS\System32\IMM32.DLL
0x0000000058180000 - 0x0000000058252000 	C:\Program Files\Android\Android Studio1\jre\jre\bin\msvcr100.dll
0x0000000058bf0000 - 0x000000005943b000 	C:\Program Files\Android\Android Studio1\jre\jre\bin\server\jvm.dll
0x00007ff9bbd90000 - 0x00007ff9bbd98000 	C:\WINDOWS\System32\PSAPI.DLL
0x00007ff9b53d0000 - 0x00007ff9b53f4000 	C:\WINDOWS\SYSTEM32\WINMM.dll
0x00007ff99ba50000 - 0x00007ff99ba59000 	C:\WINDOWS\SYSTEM32\WSOCK32.dll
0x00007ff9b2640000 - 0x00007ff9b264a000 	C:\WINDOWS\SYSTEM32\VERSION.dll
0x00007ff9bc3b0000 - 0x00007ff9bc41f000 	C:\WINDOWS\System32\WS2_32.dll
0x00007ff9b53a0000 - 0x00007ff9b53cd000 	C:\WINDOWS\SYSTEM32\WINMMBASE.dll
0x00007ff9bb750000 - 0x00007ff9bb79a000 	C:\WINDOWS\System32\cfgmgr32.dll
0x00007ff9b4d30000 - 0x00007ff9b4d3f000 	C:\Program Files\Android\Android Studio1\jre\jre\bin\verify.dll
0x00007ff9b1dc0000 - 0x00007ff9b1de9000 	C:\Program Files\Android\Android Studio1\jre\jre\bin\java.dll
0x00007ff99daf0000 - 0x00007ff99db06000 	C:\Program Files\Android\Android Studio1\jre\jre\bin\zip.dll
0x00007ff9bc5a0000 - 0x00007ff9bcc88000 	C:\WINDOWS\System32\SHELL32.dll
0x00007ff9bd4e0000 - 0x00007ff9bd587000 	C:\WINDOWS\System32\shcore.dll
0x00007ff9baa50000 - 0x00007ff9bb1cb000 	C:\WINDOWS\System32\windows.storage.dll
0x00007ff9ba9e0000 - 0x00007ff9ba9fe000 	C:\WINDOWS\System32\profapi.dll
0x00007ff9baa00000 - 0x00007ff9baa4a000 	C:\WINDOWS\System32\powrprof.dll
0x00007ff9ba990000 - 0x00007ff9ba9a0000 	C:\WINDOWS\System32\UMPDC.dll
0x00007ff9bc540000 - 0x00007ff9bc592000 	C:\WINDOWS\System32\shlwapi.dll
0x00007ff9ba9a0000 - 0x00007ff9ba9b1000 	C:\WINDOWS\System32\kernel.appcore.dll
0x00007ff9bb700000 - 0x00007ff9bb717000 	C:\WINDOWS\System32\cryptsp.dll
0x00007ff99dad0000 - 0x00007ff99daea000 	C:\Program Files\Android\Android Studio1\jre\jre\bin\net.dll
0x00007ff9ba170000 - 0x00007ff9ba1d7000 	C:\WINDOWS\system32\mswsock.dll
0x00007ff99a760000 - 0x00007ff99a773000 	C:\Program Files\Android\Android Studio1\jre\jre\bin\nio.dll
0x00007ff997660000 - 0x00007ff997687000 	C:\Users\Joshua\.gradle\native\49d0259a56938c7f99b2704e745ce422c4f750a7a20b539a32ccef96729676b1\windows-amd64\native-platform.dll
0x00007ff983800000 - 0x00007ff983996000 	C:\Users\Joshua\.gradle\native\12488b8bf47d2d4c9fbf2f6322a914ad602e24e48041cd04a747c6da556b65c4\windows-amd64\native-platform-file-events.dll
0x00007ff9b38b0000 - 0x00007ff9b38bd000 	C:\Program Files\Android\Android Studio1\jre\jre\bin\management.dll
0x00007ff9b9cf0000 - 0x00007ff9b9d23000 	C:\WINDOWS\system32\rsaenh.dll
0x00007ff9bb670000 - 0x00007ff9bb696000 	C:\WINDOWS\System32\bcrypt.dll
0x00007ff9ba870000 - 0x00007ff9ba895000 	C:\WINDOWS\SYSTEM32\USERENV.dll
0x00007ff9ba340000 - 0x00007ff9ba34c000 	C:\WINDOWS\SYSTEM32\CRYPTBASE.dll
0x00007ff9b9e80000 - 0x00007ff9b9eba000 	C:\WINDOWS\SYSTEM32\IPHLPAPI.DLL
0x00007ff9bbc20000 - 0x00007ff9bbc28000 	C:\WINDOWS\System32\NSI.dll
0x00007ff9aee00000 - 0x00007ff9aee16000 	C:\WINDOWS\SYSTEM32\dhcpcsvc6.DLL
0x00007ff9aeed0000 - 0x00007ff9aeeec000 	C:\WINDOWS\SYSTEM32\dhcpcsvc.DLL
0x00007ff9b9ec0000 - 0x00007ff9b9f8b000 	C:\WINDOWS\SYSTEM32\DNSAPI.dll

VM Arguments:
jvm_args: -Xmx2048m -Dfile.encoding=UTF-8 -Duser.country=GB -Duser.language=en -Duser.variant 
java_command: org.gradle.launcher.daemon.bootstrap.GradleDaemon 7.0
java_class_path (initial): C:\Users\Joshua\.gradle\wrapper\dists\gradle-7.0-bin\2p9ebqfz6ilrfozi676ogco7n\gradle-7.0\lib\gradle-launcher-7.0.jar
Launcher Type: SUN_STANDARD

Environment Variables:
PATH=C:\Program Files (x86)\Intel\iCLS Client\;C:\Program Files\Intel\iCLS Client\;C:\WINDOWS\system32;C:\WINDOWS;C:\WINDOWS\System32\Wbem;C:\WINDOWS\System32\WindowsPowerShell\v1.0\;c:\Program Files\Intel\WiFi\bin\;c:\Program Files\Common Files\Intel\WirelessCommon\;C:\Program Files (x86)\Intel\Intel(R) Management Engine Components\DAL;C:\Program Files\Intel\Intel(R) Management Engine Components\DAL;C:\Program Files (x86)\Intel\Intel(R) Management Engine Components\IPT;C:\Program Files\Intel\Intel(R) Management Engine Components\IPT;C:\WINDOWS\System32\OpenSSH\;C:\Program Files\Java\jdk-14\bin;C:\Program Files\PuTTY\;C:\Program Files\nodejs\;C:\Program Files\Git\cmd;C:\Program Files\MongoDB\Server\4.4\bin;C:\Program Files\MySQL\MySQL Shell 8.0\bin\;C:\Users\Joshua\AppData\Local\Microsoft\WindowsApps;C:\Users\Joshua\AppData\Local\Programs\Microsoft VS Code\bin;C:\Users\Joshua\AppData\Local\GitHubDesktop\bin;C:\Users\Joshua\AppData\Roaming\npm;C:\Users\Joshua\AppData\Local\nvs\;C:\Program Files\MongoDB\Server\4.4\bin;
USERNAME=Joshua
OS=Windows_NT
PROCESSOR_IDENTIFIER=Intel64 Family 6 Model 78 Stepping 3, GenuineIntel



---------------  S Y S T E M  ---------------

OS: Windows 10.0 , 64 bit Build 18362 (10.0.18362.1350)

CPU:total 4 (initial active 4) (2 cores per cpu, 2 threads per core) family 6 model 78 stepping 3, cmov, cx8, fxsr, mmx, sse, sse2, sse3, ssse3, sse4.1, sse4.2, popcnt, avx, avx2, aes, clmul, erms, 3dnowpref, lzcnt, ht, tsc, tscinvbit, bmi1, bmi2, adx

Memory: 4k page, physical 4088416k(495600k free), swap 8282720k(1904k free)

vm_info: OpenJDK 64-Bit Server VM (25.242-b01) for windows-amd64 JRE (1.8.0_242-release-1644-b01), built by "builder" with MS VC++ 10.0 (VS2010)

time: Sun May 30 15:40:45 2021
timezone: W. Central Africa Standard Time
elapsed time: 4 seconds (0d 0h 0m 4s)

