#
# There is insufficient memory for the Java Runtime Environment to continue.
# Native memory allocation (malloc) failed to allocate 540656 bytes for Chunk::new
# Possible reasons:
#   The system is out of physical RAM or swap space
#   The process is running with CompressedOops enabled, and the Java Heap may be blocking the growth of the native heap
# Possible solutions:
#   Reduce memory load on the system
#   Increase physical memory or swap space
#   Check if swap backing store is full
#   Decrease Java heap size (-Xmx/-Xms)
#   Decrease number of Java threads
#   Decrease Java thread stack sizes (-Xss)
#   Set larger code cache with -XX:ReservedCodeCacheSize=
#   JVM is running with Unscaled Compressed Oops mode in which the Java heap is
#     placed in the first 4GB address space. The Java Heap base address is the
#     maximum limit for the native heap growth. Please use -XX:HeapBaseMinAddress
#     to set the Java Heap base and to place the Java Heap above 4GB virtual address.
# This output file may be truncated or incomplete.
#
#  Out of Memory Error (allocation.cpp:389), pid=7728, tid=0x0000000000001af8
#
# JRE version: OpenJDK Runtime Environment (8.0_242-b01) (build 1.8.0_242-release-1644-b01)
# Java VM: OpenJDK 64-Bit Server VM (25.242-b01 mixed mode windows-amd64 compressed oops)
# Failed to write core dump. Minidumps are not enabled by default on client versions of Windows
#

---------------  T H R E A D  ---------------

Current thread (0x000000001739e800):  JavaThread "C2 CompilerThread1" daemon [_thread_in_native, id=6904, stack(0x0000000018ae0000,0x0000000018be0000)]

Stack: [0x0000000018ae0000,0x0000000018be0000]
[error occurred during error reporting (printing stack bounds), id 0xc0000005]

Native frames: (J=compiled Java code, j=interpreted, Vv=VM code, C=native code)


Current CompileTask:
C2:  12075 3065       4       org.codehaus.groovy.reflection.CachedMethod::compareToCachedMethod (160 bytes)


---------------  P R O C E S S  ---------------

Java Threads: ( => current thread )
  0x0000000019655000 JavaThread "Cache worker for file content cache (C:\Users\Joshua\.gradle\caches\7.0\fileContent)" [_thread_blocked, id=14108, stack(0x0000000021c80000,0x0000000021d80000)]
  0x0000000019652000 JavaThread "Cache worker for execution history cache (C:\Users\Joshua\.gradle\caches\7.0\executionHistory)" [_thread_blocked, id=16220, stack(0x0000000021580000,0x0000000021680000)]
  0x0000000019656800 JavaThread "Cache worker for cache directory md-rule (C:\Users\Joshua\.gradle\caches\7.0\md-rule)" [_thread_blocked, id=3464, stack(0x0000000021480000,0x0000000021580000)]
  0x0000000019654000 JavaThread "Cache worker for cache directory md-supplier (C:\Users\Joshua\.gradle\caches\7.0\md-supplier)" [_thread_blocked, id=3872, stack(0x0000000021180000,0x0000000021280000)]
  0x000000001b1dc000 JavaThread "Cache worker for checksums cache (C:\Users\Joshua\AndroidStudioProjects\SchoolProject\.gradle\checksums)" [_thread_blocked, id=2520, stack(0x0000000020c50000,0x0000000020d50000)]
  0x000000001b1db800 JavaThread "jar transforms Thread 4" [_thread_blocked, id=7584, stack(0x0000000020b50000,0x0000000020c50000)]
  0x000000001b1da800 JavaThread "jar transforms Thread 3" [_thread_blocked, id=14988, stack(0x0000000020a50000,0x0000000020b50000)]
  0x000000001b1da000 JavaThread "jar transforms Thread 2" [_thread_blocked, id=388, stack(0x0000000020950000,0x0000000020a50000)]
  0x000000001b1dd000 JavaThread "jar transforms" [_thread_blocked, id=12524, stack(0x000000001f7a0000,0x000000001f8a0000)]
  0x000000001b1dd800 JavaThread "File watcher consumer" daemon [_thread_blocked, id=10752, stack(0x000000001f6a0000,0x000000001f7a0000)]
  0x000000001b1de800 JavaThread "File watcher server" daemon [_thread_in_native, id=2720, stack(0x000000001f5a0000,0x000000001f6a0000)]
  0x000000001b1e0800 JavaThread "Cache worker for file hash cache (C:\Users\Joshua\AndroidStudioProjects\SchoolProject\.gradle\7.0\fileHashes)" [_thread_blocked, id=14188, stack(0x000000001f4a0000,0x000000001f5a0000)]
  0x000000001b1df000 JavaThread "Cache worker for journal cache (C:\Users\Joshua\.gradle\caches\journal-1)" [_thread_blocked, id=13340, stack(0x000000001e2d0000,0x000000001e3d0000)]
  0x000000001b1e0000 JavaThread "File lock request listener" [_thread_in_native, id=6276, stack(0x000000001d000000,0x000000001d100000)]
  0x000000001b3ba000 JavaThread "Cache worker for file hash cache (C:\Users\Joshua\.gradle\caches\7.0\fileHashes)" [_thread_blocked, id=9864, stack(0x000000001cf00000,0x000000001d000000)]
  0x000000001afb4000 JavaThread "Daemon client event forwarder" [_thread_blocked, id=5684, stack(0x000000001cc00000,0x000000001cd00000)]
  0x000000001af79800 JavaThread "Stdin handler" [_thread_blocked, id=4276, stack(0x000000001cb00000,0x000000001cc00000)]
  0x000000001af76800 JavaThread "Asynchronous log dispatcher for DefaultDaemonConnection: socket connection from /127.0.0.1:57884 to /127.0.0.1:57885" [_thread_blocked, id=13952, stack(0x000000001ca00000,0x000000001cb00000)]
  0x000000001af60800 JavaThread "Daemon worker" [_thread_in_native, id=7188, stack(0x000000001c900000,0x000000001ca00000)]
  0x000000001af7d000 JavaThread "Cancel handler" [_thread_blocked, id=7684, stack(0x000000001c800000,0x000000001c900000)]
  0x000000001af53000 JavaThread "Handler for socket connection from /127.0.0.1:57884 to /127.0.0.1:57885" [_thread_in_native, id=15016, stack(0x000000001c700000,0x000000001c800000)]
  0x000000001af50800 JavaThread "Daemon" [_thread_blocked, id=9220, stack(0x000000001c600000,0x000000001c700000)]
  0x000000001aecd000 JavaThread "Daemon periodic checks" [_thread_blocked, id=14724, stack(0x000000001c300000,0x000000001c400000)]
  0x000000001aec3000 JavaThread "Incoming local TCP Connector on port 57884" [_thread_in_native, id=7084, stack(0x000000001c0c0000,0x000000001c1c0000)]
  0x000000001abab000 JavaThread "Daemon health stats" [_thread_blocked, id=10036, stack(0x000000001bc80000,0x000000001bd80000)]
  0x00000000173ed800 JavaThread "Service Thread" daemon [_thread_blocked, id=8412, stack(0x00000000190e0000,0x00000000191e0000)]
  0x00000000173a5000 JavaThread "C1 CompilerThread2" daemon [_thread_blocked, id=11456, stack(0x0000000018be0000,0x0000000018ce0000)]
=>0x000000001739e800 JavaThread "C2 CompilerThread1" daemon [_thread_in_native, id=6904, stack(0x0000000018ae0000,0x0000000018be0000)]
  0x0000000017394000 JavaThread "C2 CompilerThread0" daemon [_thread_in_native, id=9100, stack(0x00000000189e0000,0x0000000018ae0000)]
  0x0000000017392000 JavaThread "Attach Listener" daemon [_thread_blocked, id=15112, stack(0x00000000188e0000,0x00000000189e0000)]
  0x0000000017396800 JavaThread "Signal Dispatcher" daemon [_thread_blocked, id=10724, stack(0x00000000187e0000,0x00000000188e0000)]
  0x000000000261d000 JavaThread "Finalizer" daemon [_thread_blocked, id=6768, stack(0x00000000185e0000,0x00000000186e0000)]
  0x0000000017379000 JavaThread "Reference Handler" daemon [_thread_blocked, id=6784, stack(0x00000000184e0000,0x00000000185e0000)]
  0x000000000286e800 JavaThread "main" [_thread_blocked, id=14836, stack(0x0000000000c40000,0x0000000000d40000)]

Other Threads:
  0x0000000017356800 VMThread [stack: 0x00000000183e0000,0x00000000184e0000] [id=11216]
  0x00000000173ee000 WatcherThread [stack: 0x00000000191e0000,0x00000000192e0000] [id=12488]

VM state:not at safepoint (normal execution)

VM Mutex/Monitor currently owned by a thread: None

heap address: 0x0000000080000000, size: 2048 MB, Compressed Oops mode: 32-bit
Narrow klass base: 0x0000000000000000, Narrow klass shift: 3
Compressed class space size: 1073741824 Address: 0x0000000100000000

Heap:
 PSYoungGen      total 138240K, used 38479K [0x00000000d5580000, 0x00000000de580000, 0x0000000100000000)
  eden space 129024K, 29% used [0x00000000d5580000,0x00000000d7b13cc0,0x00000000dd380000)
  from space 9216K, 0% used [0x00000000ddc80000,0x00000000ddc80000,0x00000000de580000)
  to   space 9216K, 0% used [0x00000000dd380000,0x00000000dd380000,0x00000000ddc80000)
 ParOldGen       total 34816K, used 14880K [0x0000000080000000, 0x0000000082200000, 0x00000000d5580000)
  object space 34816K, 42% used [0x0000000080000000,0x0000000080e881e8,0x0000000082200000)
 Metaspace       used 36192K, capacity 37990K, committed 38144K, reserved 1081344K
  class space    used 4931K, capacity 5312K, committed 5376K, reserved 1048576K

Card table byte_map: [0x0000000011c30000,0x0000000012040000] byte_map_base: 0x0000000011830000

Marking Bits: (ParMarkBitMap*) 0x00000000593bf030
 Begin Bits: [0x00000000125f0000, 0x00000000145f0000)
 End Bits:   [0x00000000145f0000, 0x00000000165f0000)

Polling page: 0x0000000000750000

CodeCache: size=245760Kb used=10908Kb max_used=10940Kb free=234851Kb
 bounds [0x0000000002870000, 0x0000000003330000, 0x0000000011870000]
 total_blobs=3543 nmethods=2831 adapters=624
 compilation: enabled

Compilation events (10 events):
Event: 12.031 Thread 0x00000000173a5000 3099       1       sun.reflect.generics.factory.CoreReflectionFactory::getScope (5 bytes)
Event: 12.031 Thread 0x00000000173a5000 nmethod 3099 0x00000000032f7490 code [0x00000000032f75e0, 0x00000000032f76f0]
Event: 12.031 Thread 0x00000000173a5000 3100       3       sun.reflect.generics.reflectiveObjects.WildcardTypeImpl::getLowerBounds (72 bytes)
Event: 12.033 Thread 0x00000000173a5000 nmethod 3100 0x00000000032f63d0 code [0x00000000032f65c0, 0x00000000032f7038]
Event: 12.033 Thread 0x00000000173a5000 3101       3       java.lang.reflect.Method::getGenericInfo (27 bytes)
Event: 12.034 Thread 0x00000000173a5000 nmethod 3101 0x00000000032f4850 code [0x00000000032f4a80, 0x00000000032f5798]
Event: 12.034 Thread 0x00000000173a5000 3102       3       groovyjarjarasm.asm.SymbolTable::addConstantUtf8 (98 bytes)
Event: 12.035 Thread 0x00000000173a5000 nmethod 3102 0x00000000032f3a50 code [0x00000000032f3c40, 0x00000000032f4418]
Event: 12.035 Thread 0x00000000173a5000 3103       3       groovyjarjarasm.asm.SymbolTable$Entry::<init> (17 bytes)
Event: 12.035 Thread 0x00000000173a5000 nmethod 3103 0x00000000032f3650 code [0x00000000032f37c0, 0x00000000032f3988]

GC Heap History (10 events):
Event: 5.667 GC heap before
{Heap before GC invocations=8 (full 0):
 PSYoungGen      total 71168K, used 36721K [0x00000000d5580000, 0x00000000de580000, 0x0000000100000000)
  eden space 64512K, 46% used [0x00000000d5580000,0x00000000d72e1540,0x00000000d9480000)
  from space 6656K, 99% used [0x00000000d9480000,0x00000000d9afb1e8,0x00000000d9b00000)
  to   space 9216K, 0% used [0x00000000ddc80000,0x00000000ddc80000,0x00000000de580000)
 ParOldGen       total 44032K, used 8147K [0x0000000080000000, 0x0000000082b00000, 0x00000000d5580000)
  object space 44032K, 18% used [0x0000000080000000,0x00000000807f4e20,0x0000000082b00000)
 Metaspace       used 20387K, capacity 21210K, committed 21296K, reserved 1067008K
  class space    used 2954K, capacity 3183K, committed 3200K, reserved 1048576K
Event: 5.677 GC heap after
Heap after GC invocations=8 (full 0):
 PSYoungGen      total 138240K, used 6227K [0x00000000d5580000, 0x00000000de580000, 0x0000000100000000)
  eden space 129024K, 0% used [0x00000000d5580000,0x00000000d5580000,0x00000000dd380000)
  from space 9216K, 67% used [0x00000000ddc80000,0x00000000de294c58,0x00000000de580000)
  to   space 9216K, 0% used [0x00000000dd380000,0x00000000dd380000,0x00000000ddc80000)
 ParOldGen       total 44032K, used 8831K [0x0000000080000000, 0x0000000082b00000, 0x00000000d5580000)
  object space 44032K, 20% used [0x0000000080000000,0x000000008089fcd0,0x0000000082b00000)
 Metaspace       used 20387K, capacity 21210K, committed 21296K, reserved 1067008K
  class space    used 2954K, capacity 3183K, committed 3200K, reserved 1048576K
}
Event: 5.677 GC heap before
{Heap before GC invocations=9 (full 1):
 PSYoungGen      total 138240K, used 6227K [0x00000000d5580000, 0x00000000de580000, 0x0000000100000000)
  eden space 129024K, 0% used [0x00000000d5580000,0x00000000d5580000,0x00000000dd380000)
  from space 9216K, 67% used [0x00000000ddc80000,0x00000000de294c58,0x00000000de580000)
  to   space 9216K, 0% used [0x00000000dd380000,0x00000000dd380000,0x00000000ddc80000)
 ParOldGen       total 44032K, used 8831K [0x0000000080000000, 0x0000000082b00000, 0x00000000d5580000)
  object space 44032K, 20% used [0x0000000080000000,0x000000008089fcd0,0x0000000082b00000)
 Metaspace       used 20387K, capacity 21210K, committed 21296K, reserved 1067008K
  class space    used 2954K, capacity 3183K, committed 3200K, reserved 1048576K
Event: 5.738 GC heap after
Heap after GC invocations=9 (full 1):
 PSYoungGen      total 138240K, used 0K [0x00000000d5580000, 0x00000000de580000, 0x0000000100000000)
  eden space 129024K, 0% used [0x00000000d5580000,0x00000000d5580000,0x00000000dd380000)
  from space 9216K, 0% used [0x00000000ddc80000,0x00000000ddc80000,0x00000000de580000)
  to   space 9216K, 0% used [0x00000000dd380000,0x00000000dd380000,0x00000000ddc80000)
 ParOldGen       total 34816K, used 9027K [0x0000000080000000, 0x0000000082200000, 0x00000000d5580000)
  object space 34816K, 25% used [0x0000000080000000,0x00000000808d0d88,0x0000000082200000)
 Metaspace       used 20387K, capacity 21210K, committed 21296K, reserved 1067008K
  class space    used 2954K, capacity 3183K, committed 3200K, reserved 1048576K
}
Event: 9.466 GC heap before
{Heap before GC invocations=10 (full 1):
 PSYoungGen      total 138240K, used 129024K [0x00000000d5580000, 0x00000000de580000, 0x0000000100000000)
  eden space 129024K, 100% used [0x00000000d5580000,0x00000000dd380000,0x00000000dd380000)
  from space 9216K, 0% used [0x00000000ddc80000,0x00000000ddc80000,0x00000000de580000)
  to   space 9216K, 0% used [0x00000000dd380000,0x00000000dd380000,0x00000000ddc80000)
 ParOldGen       total 34816K, used 9027K [0x0000000080000000, 0x0000000082200000, 0x00000000d5580000)
  object space 34816K, 25% used [0x0000000080000000,0x00000000808d0d88,0x0000000082200000)
 Metaspace       used 32168K, capacity 33566K, committed 33792K, reserved 1079296K
  class space    used 4503K, capacity 4830K, committed 4864K, reserved 1048576K
Event: 9.501 GC heap after
Heap after GC invocations=10 (full 1):
 PSYoungGen      total 138240K, used 9198K [0x00000000d5580000, 0x00000000de580000, 0x0000000100000000)
  eden space 129024K, 0% used [0x00000000d5580000,0x00000000d5580000,0x00000000dd380000)
  from space 9216K, 99% used [0x00000000dd380000,0x00000000ddc7b9d0,0x00000000ddc80000)
  to   space 9216K, 0% used [0x00000000ddc80000,0x00000000ddc80000,0x00000000de580000)
 ParOldGen       total 34816K, used 12846K [0x0000000080000000, 0x0000000082200000, 0x00000000d5580000)
  object space 34816K, 36% used [0x0000000080000000,0x0000000080c8ba78,0x0000000082200000)
 Metaspace       used 32168K, capacity 33566K, committed 33792K, reserved 1079296K
  class space    used 4503K, capacity 4830K, committed 4864K, reserved 1048576K
}
Event: 9.964 GC heap before
{Heap before GC invocations=11 (full 1):
 PSYoungGen      total 138240K, used 45049K [0x00000000d5580000, 0x00000000de580000, 0x0000000100000000)
  eden space 129024K, 27% used [0x00000000d5580000,0x00000000d7882c18,0x00000000dd380000)
  from space 9216K, 99% used [0x00000000dd380000,0x00000000ddc7b9d0,0x00000000ddc80000)
  to   space 9216K, 0% used [0x00000000ddc80000,0x00000000ddc80000,0x00000000de580000)
 ParOldGen       total 34816K, used 12846K [0x0000000080000000, 0x0000000082200000, 0x00000000d5580000)
  object space 34816K, 36% used [0x0000000080000000,0x0000000080c8ba78,0x0000000082200000)
 Metaspace       used 33949K, capacity 35464K, committed 35496K, reserved 1079296K
  class space    used 4753K, capacity 5109K, committed 5120K, reserved 1048576K
Event: 9.975 GC heap after
Heap after GC invocations=11 (full 1):
 PSYoungGen      total 138240K, used 7915K [0x00000000d5580000, 0x00000000de580000, 0x0000000100000000)
  eden space 129024K, 0% used [0x00000000d5580000,0x00000000d5580000,0x00000000dd380000)
  from space 9216K, 85% used [0x00000000ddc80000,0x00000000de43aca8,0x00000000de580000)
  to   space 9216K, 0% used [0x00000000dd380000,0x00000000dd380000,0x00000000ddc80000)
 ParOldGen       total 34816K, used 12854K [0x0000000080000000, 0x0000000082200000, 0x00000000d5580000)
  object space 34816K, 36% used [0x0000000080000000,0x0000000080c8da78,0x0000000082200000)
 Metaspace       used 33949K, capacity 35464K, committed 35496K, reserved 1079296K
  class space    used 4753K, capacity 5109K, committed 5120K, reserved 1048576K
}
Event: 9.975 GC heap before
{Heap before GC invocations=12 (full 2):
 PSYoungGen      total 138240K, used 7915K [0x00000000d5580000, 0x00000000de580000, 0x0000000100000000)
  eden space 129024K, 0% used [0x00000000d5580000,0x00000000d5580000,0x00000000dd380000)
  from space 9216K, 85% used [0x00000000ddc80000,0x00000000de43aca8,0x00000000de580000)
  to   space 9216K, 0% used [0x00000000dd380000,0x00000000dd380000,0x00000000ddc80000)
 ParOldGen       total 34816K, used 12854K [0x0000000080000000, 0x0000000082200000, 0x00000000d5580000)
  object space 34816K, 36% used [0x0000000080000000,0x0000000080c8da78,0x0000000082200000)
 Metaspace       used 33949K, capacity 35464K, committed 35496K, reserved 1079296K
  class space    used 4753K, capacity 5109K, committed 5120K, reserved 1048576K
Event: 10.049 GC heap after
Heap after GC invocations=12 (full 2):
 PSYoungGen      total 138240K, used 0K [0x00000000d5580000, 0x00000000de580000, 0x0000000100000000)
  eden space 129024K, 0% used [0x00000000d5580000,0x00000000d5580000,0x00000000dd380000)
  from space 9216K, 0% used [0x00000000ddc80000,0x00000000ddc80000,0x00000000de580000)
  to   space 9216K, 0% used [0x00000000dd380000,0x00000000dd380000,0x00000000ddc80000)
 ParOldGen       total 34816K, used 14880K [0x0000000080000000, 0x0000000082200000, 0x00000000d5580000)
  object space 34816K, 42% used [0x0000000080000000,0x0000000080e881e8,0x0000000082200000)
 Metaspace       used 33949K, capacity 35464K, committed 35496K, reserved 1079296K
  class space    used 4753K, capacity 5109K, committed 5120K, reserved 1048576K
}

Deoptimization events (10 events):
Event: 8.058 Thread 0x000000001af60800 Uncommon trap: reason=bimorphic action=maybe_recompile pc=0x0000000002f23250 method=java.io.BufferedInputStream.read([BII)I @ 101
Event: 8.060 Thread 0x000000001af60800 Uncommon trap: reason=bimorphic action=maybe_recompile pc=0x0000000002f23250 method=java.io.BufferedInputStream.read([BII)I @ 101
Event: 8.061 Thread 0x000000001af60800 Uncommon trap: reason=bimorphic action=maybe_recompile pc=0x0000000002f23250 method=java.io.BufferedInputStream.read([BII)I @ 101
Event: 8.148 Thread 0x000000001af60800 Uncommon trap: reason=unstable_if action=reinterpret pc=0x0000000002be80a8 method=sun.misc.MetaIndex.mayContain(Ljava/lang/String;)Z @ 38
Event: 8.801 Thread 0x000000001af60800 Uncommon trap: reason=unstable_if action=reinterpret pc=0x0000000002cab2fc method=sun.misc.URLClassPath$JarLoader.getResource(Ljava/lang/String;ZLjava/util/Set;)Lsun/misc/Resource; @ 17
Event: 9.505 Thread 0x0000000017379000 Uncommon trap: reason=unstable_if action=reinterpret pc=0x0000000002db793c method=java.lang.ref.Reference.tryHandlePending(Z)Z @ 104
Event: 9.950 Thread 0x000000001af60800 Uncommon trap: reason=range_check action=make_not_entrant pc=0x00000000031fa02c method=java.lang.String.charAt(I)C @ 27
Event: 10.143 Thread 0x000000001af60800 Uncommon trap: reason=unstable_if action=reinterpret pc=0x000000000299b9d4 method=java.lang.Class$MethodArray.addIfNotPresent(Ljava/lang/reflect/Method;)V @ 19
Event: 11.032 Thread 0x000000001af60800 Uncommon trap: reason=unstable_if action=reinterpret pc=0x0000000003002fe4 method=java.lang.String.regionMatches(ZILjava/lang/String;II)Z @ 123
Event: 11.595 Thread 0x000000001af60800 Uncommon trap: reason=predicate action=maybe_recompile pc=0x000000000329809c method=java.util.Arrays.binarySearch0([Ljava/lang/Object;IILjava/lang/Object;Ljava/util/Comparator;)I @ 28

Classes redefined (0 events):
No events

Internal exceptions (10 events):
Event: 11.727 Thread 0x000000001af60800 Exception <a 'java/lang/ClassNotFoundException': org/jetbrains/plugins/gradle/tooling/builder/ExternalTestsModelBuilderImplBeanInfo> (0x00000000d6f825a8) thrown at [C:\src\AOSP-openjdk-git\hotspot\src\share\vm\classfile\systemDictionary.cpp, line 210]
Event: 11.730 Thread 0x000000001af60800 Exception <a 'java/lang/ClassNotFoundException': org/jetbrains/plugins/gradle/tooling/builder/ExternalTestsModelBuilderImplCustomizer> (0x00000000d6f8ec30) thrown at [C:\src\AOSP-openjdk-git\hotspot\src\share\vm\classfile\systemDictionary.cpp, line 210]
Event: 11.822 Thread 0x000000001af60800 Exception <a 'java/lang/ClassNotFoundException': org/jetbrains/plugins/gradle/tooling/builder/ProjectExtensionsDataBuilderImplBeanInfo> (0x00000000d72bd520) thrown at [C:\src\AOSP-openjdk-git\hotspot\src\share\vm\classfile\systemDictionary.cpp, line 210]
Event: 11.823 Thread 0x000000001af60800 Exception <a 'java/lang/ClassNotFoundException': org/jetbrains/plugins/gradle/tooling/builder/ProjectExtensionsDataBuilderImplCustomizer> (0x00000000d72ca348) thrown at [C:\src\AOSP-openjdk-git\hotspot\src\share\vm\classfile\systemDictionary.cpp, line 210
Event: 11.828 Thread 0x000000001af60800 Exception <a 'java/lang/ClassNotFoundException': org/jetbrains/plugins/gradle/tooling/builder/IntelliJSettingsBuilderBeanInfo> (0x00000000d7310110) thrown at [C:\src\AOSP-openjdk-git\hotspot\src\share\vm\classfile\systemDictionary.cpp, line 210]
Event: 11.828 Thread 0x000000001af60800 Exception <a 'java/lang/ClassNotFoundException': org/jetbrains/plugins/gradle/tooling/builder/IntelliJSettingsBuilderCustomizer> (0x00000000d731ce70) thrown at [C:\src\AOSP-openjdk-git\hotspot\src\share\vm\classfile\systemDictionary.cpp, line 210]
Event: 11.832 Thread 0x000000001af60800 Exception <a 'java/lang/ClassNotFoundException': org/jetbrains/plugins/gradle/tooling/builder/IntelliJProjectSettingsBuilderBeanInfo> (0x00000000d7364108) thrown at [C:\src\AOSP-openjdk-git\hotspot\src\share\vm\classfile\systemDictionary.cpp, line 210]
Event: 11.836 Thread 0x000000001af60800 Exception <a 'java/lang/ClassNotFoundException': org/jetbrains/plugins/gradle/tooling/builder/IntelliJProjectSettingsBuilderCustomizer> (0x00000000d73708f0) thrown at [C:\src\AOSP-openjdk-git\hotspot\src\share\vm\classfile\systemDictionary.cpp, line 210]
Event: 12.029 Thread 0x000000001af60800 Exception <a 'java/lang/ClassNotFoundException': java/util/concurrent/CopyOnWriteArrayListBeanInfo> (0x00000000d79aab18) thrown at [C:\src\AOSP-openjdk-git\hotspot\src\share\vm\classfile\systemDictionary.cpp, line 210]
Event: 12.030 Thread 0x000000001af60800 Exception <a 'java/lang/ClassNotFoundException': java/util/concurrent/CopyOnWriteArrayListCustomizer> (0x00000000d79b2060) thrown at [C:\src\AOSP-openjdk-git\hotspot\src\share\vm\classfile\systemDictionary.cpp, line 210]

Events (10 events):
Event: 12.029 loading class java/util/concurrent/CopyOnWriteArrayListBeanInfo
Event: 12.029 loading class java/util/concurrent/CopyOnWriteArrayListBeanInfo done
Event: 12.030 loading class java/util/concurrent/CopyOnWriteArrayListCustomizer
Event: 12.030 loading class java/util/concurrent/CopyOnWriteArrayListCustomizer done
Event: 12.030 loading class java/util/concurrent/CopyOnWriteArrayListCustomizer
Event: 12.030 loading class java/util/concurrent/CopyOnWriteArrayListCustomizer done
Event: 12.035 loading class org/apache/commons/lang/ClassUtils
Event: 12.035 loading class org/apache/commons/lang/ClassUtils done
Event: 12.038 loading class org/apache/commons/lang/NullArgumentException
Event: 12.038 loading class org/apache/commons/lang/NullArgumentException done


Dynamic libraries:
0x00007ff7c5000000 - 0x00007ff7c5031000 	C:\Program Files\Android\Android Studio1\jre\bin\java.exe
0x00007ff9bdae0000 - 0x00007ff9bdcd0000 	C:\WINDOWS\SYSTEM32\ntdll.dll
0x00007ff9bd6f0000 - 0x00007ff9bd7a2000 	C:\WINDOWS\System32\KERNEL32.DLL
0x00007ff9bb1d0000 - 0x00007ff9bb475000 	C:\WINDOWS\System32\KERNELBASE.dll
0x00007ff9bcf80000 - 0x00007ff9bd023000 	C:\WINDOWS\System32\ADVAPI32.dll
0x00007ff9bc4a0000 - 0x00007ff9bc53e000 	C:\WINDOWS\System32\msvcrt.dll
0x00007ff9bda00000 - 0x00007ff9bda97000 	C:\WINDOWS\System32\sechost.dll
0x00007ff9bbda0000 - 0x00007ff9bbebf000 	C:\WINDOWS\System32\RPCRT4.dll
0x00007ff9bd7b0000 - 0x00007ff9bd944000 	C:\WINDOWS\System32\USER32.dll
0x00007ff9bb720000 - 0x00007ff9bb741000 	C:\WINDOWS\System32\win32u.dll
0x00007ff9bbc30000 - 0x00007ff9bbc56000 	C:\WINDOWS\System32\GDI32.dll
0x00007ff9bb9f0000 - 0x00007ff9bbb88000 	C:\WINDOWS\System32\gdi32full.dll
0x00007ff9bb7a0000 - 0x00007ff9bb83e000 	C:\WINDOWS\System32\msvcp_win.dll
0x00007ff9bb840000 - 0x00007ff9bb93a000 	C:\WINDOWS\System32\ucrtbase.dll
0x00007ff99f7c0000 - 0x00007ff99fa44000 	C:\WINDOWS\WinSxS\amd64_microsoft.windows.common-controls_6595b64144ccf1df_6.0.18362.1440_none_9e7dbfb9e45e8e67\COMCTL32.dll
0x00007ff9bd060000 - 0x00007ff9bd396000 	C:\WINDOWS\System32\combase.dll
0x00007ff9bb480000 - 0x00007ff9bb501000 	C:\WINDOWS\System32\bcryptPrimitives.dll
0x00007ff9bd030000 - 0x00007ff9bd05e000 	C:\WINDOWS\System32\IMM32.DLL
0x0000000058180000 - 0x0000000058252000 	C:\Program Files\Android\Android Studio1\jre\jre\bin\msvcr100.dll
0x0000000058bf0000 - 0x000000005943b000 	C:\Program Files\Android\Android Studio1\jre\jre\bin\server\jvm.dll
0x00007ff9bbd90000 - 0x00007ff9bbd98000 	C:\WINDOWS\System32\PSAPI.DLL
0x00007ff99ba50000 - 0x00007ff99ba59000 	C:\WINDOWS\SYSTEM32\WSOCK32.dll
0x00007ff9b53d0000 - 0x00007ff9b53f4000 	C:\WINDOWS\SYSTEM32\WINMM.dll
0x00007ff9b2640000 - 0x00007ff9b264a000 	C:\WINDOWS\SYSTEM32\VERSION.dll
0x00007ff9bc3b0000 - 0x00007ff9bc41f000 	C:\WINDOWS\System32\WS2_32.dll
0x00007ff9b53a0000 - 0x00007ff9b53cd000 	C:\WINDOWS\SYSTEM32\WINMMBASE.dll
0x00007ff9bb750000 - 0x00007ff9bb79a000 	C:\WINDOWS\System32\cfgmgr32.dll
0x00007ff9b4d30000 - 0x00007ff9b4d3f000 	C:\Program Files\Android\Android Studio1\jre\jre\bin\verify.dll
0x00007ff9b1dc0000 - 0x00007ff9b1de9000 	C:\Program Files\Android\Android Studio1\jre\jre\bin\java.dll
0x00007ff99daf0000 - 0x00007ff99db06000 	C:\Program Files\Android\Android Studio1\jre\jre\bin\zip.dll
0x00007ff9bc5a0000 - 0x00007ff9bcc88000 	C:\WINDOWS\System32\SHELL32.dll
0x00007ff9bd4e0000 - 0x00007ff9bd587000 	C:\WINDOWS\System32\shcore.dll
0x00007ff9baa50000 - 0x00007ff9bb1cb000 	C:\WINDOWS\System32\windows.storage.dll
0x00007ff9ba9e0000 - 0x00007ff9ba9fe000 	C:\WINDOWS\System32\profapi.dll
0x00007ff9baa00000 - 0x00007ff9baa4a000 	C:\WINDOWS\System32\powrprof.dll
0x00007ff9ba990000 - 0x00007ff9ba9a0000 	C:\WINDOWS\System32\UMPDC.dll
0x00007ff9bc540000 - 0x00007ff9bc592000 	C:\WINDOWS\System32\shlwapi.dll
0x00007ff9ba9a0000 - 0x00007ff9ba9b1000 	C:\WINDOWS\System32\kernel.appcore.dll
0x00007ff9bb700000 - 0x00007ff9bb717000 	C:\WINDOWS\System32\cryptsp.dll
0x00007ff99dad0000 - 0x00007ff99daea000 	C:\Program Files\Android\Android Studio1\jre\jre\bin\net.dll
0x00007ff9ba170000 - 0x00007ff9ba1d7000 	C:\WINDOWS\system32\mswsock.dll
0x00007ff99a760000 - 0x00007ff99a773000 	C:\Program Files\Android\Android Studio1\jre\jre\bin\nio.dll
0x00007ff997660000 - 0x00007ff997687000 	C:\Users\Joshua\.gradle\native\49d0259a56938c7f99b2704e745ce422c4f750a7a20b539a32ccef96729676b1\windows-amd64\native-platform.dll
0x00007ff983800000 - 0x00007ff983996000 	C:\Users\Joshua\.gradle\native\12488b8bf47d2d4c9fbf2f6322a914ad602e24e48041cd04a747c6da556b65c4\windows-amd64\native-platform-file-events.dll
0x00007ff9b38b0000 - 0x00007ff9b38bd000 	C:\Program Files\Android\Android Studio1\jre\jre\bin\management.dll
0x00007ff9b9cf0000 - 0x00007ff9b9d23000 	C:\WINDOWS\system32\rsaenh.dll
0x00007ff9bb670000 - 0x00007ff9bb696000 	C:\WINDOWS\System32\bcrypt.dll
0x00007ff9ba870000 - 0x00007ff9ba895000 	C:\WINDOWS\SYSTEM32\USERENV.dll
0x00007ff9ba340000 - 0x00007ff9ba34c000 	C:\WINDOWS\SYSTEM32\CRYPTBASE.dll
0x00007ff9b9e80000 - 0x00007ff9b9eba000 	C:\WINDOWS\SYSTEM32\IPHLPAPI.DLL
0x00007ff9bbc20000 - 0x00007ff9bbc28000 	C:\WINDOWS\System32\NSI.dll
0x00007ff9aee00000 - 0x00007ff9aee16000 	C:\WINDOWS\SYSTEM32\dhcpcsvc6.DLL
0x00007ff9aeed0000 - 0x00007ff9aeeec000 	C:\WINDOWS\SYSTEM32\dhcpcsvc.DLL
0x00007ff9b9ec0000 - 0x00007ff9b9f8b000 	C:\WINDOWS\SYSTEM32\DNSAPI.dll

VM Arguments:
jvm_args: -Xmx2048m -Dfile.encoding=UTF-8 -Duser.country=GB -Duser.language=en -Duser.variant 
java_command: org.gradle.launcher.daemon.bootstrap.GradleDaemon 7.0
java_class_path (initial): C:\Users\Joshua\.gradle\wrapper\dists\gradle-7.0-bin\2p9ebqfz6ilrfozi676ogco7n\gradle-7.0\lib\gradle-launcher-7.0.jar
Launcher Type: SUN_STANDARD

Environment Variables:
PATH=C:\Program Files (x86)\Intel\iCLS Client\;C:\Program Files\Intel\iCLS Client\;C:\WINDOWS\system32;C:\WINDOWS;C:\WINDOWS\System32\Wbem;C:\WINDOWS\System32\WindowsPowerShell\v1.0\;c:\Program Files\Intel\WiFi\bin\;c:\Program Files\Common Files\Intel\WirelessCommon\;C:\Program Files (x86)\Intel\Intel(R) Management Engine Components\DAL;C:\Program Files\Intel\Intel(R) Management Engine Components\DAL;C:\Program Files (x86)\Intel\Intel(R) Management Engine Components\IPT;C:\Program Files\Intel\Intel(R) Management Engine Components\IPT;C:\WINDOWS\System32\OpenSSH\;C:\Program Files\Java\jdk-14\bin;C:\Program Files\PuTTY\;C:\Program Files\nodejs\;C:\Program Files\Git\cmd;C:\Program Files\MongoDB\Server\4.4\bin;C:\Program Files\MySQL\MySQL Shell 8.0\bin\;C:\Users\Joshua\AppData\Local\Microsoft\WindowsApps;C:\Users\Joshua\AppData\Local\Programs\Microsoft VS Code\bin;C:\Users\Joshua\AppData\Local\GitHubDesktop\bin;C:\Users\Joshua\AppData\Roaming\npm;C:\Users\Joshua\AppData\Local\nvs\;C:\Program Files\MongoDB\Server\4.4\bin;
USERNAME=Joshua
OS=Windows_NT
PROCESSOR_IDENTIFIER=Intel64 Family 6 Model 78 Stepping 3, GenuineIntel



---------------  S Y S T E M  ---------------

OS: Windows 10.0 , 64 bit Build 18362 (10.0.18362.1350)

CPU:total 4 (initial active 4) (2 cores per cpu, 2 threads per core) family 6 model 78 stepping 3, cmov, cx8, fxsr, mmx, sse, sse2, sse3, ssse3, sse4.1, sse4.2, popcnt, avx, avx2, aes, clmul, erms, 3dnowpref, lzcnt, ht, tsc, tscinvbit, bmi1, bmi2, adx

Memory: 4k page, physical 4088416k(383252k free), swap 8282720k(2516k free)

vm_info: OpenJDK 64-Bit Server VM (25.242-b01) for windows-amd64 JRE (1.8.0_242-release-1644-b01), built by "builder" with MS VC++ 10.0 (VS2010)

time: Sun May 30 15:44:57 2021
timezone: W. Central Africa Standard Time
elapsed time: 12 seconds (0d 0h 0m 12s)

