#
# There is insufficient memory for the Java Runtime Environment to continue.
# Native memory allocation (malloc) failed to allocate 1610736 bytes for Chunk::new
# Possible reasons:
#   The system is out of physical RAM or swap space
#   The process is running with CompressedOops enabled, and the Java Heap may be blocking the growth of the native heap
# Possible solutions:
#   Reduce memory load on the system
#   Increase physical memory or swap space
#   Check if swap backing store is full
#   Decrease Java heap size (-Xmx/-Xms)
#   Decrease number of Java threads
#   Decrease Java thread stack sizes (-Xss)
#   Set larger code cache with -XX:ReservedCodeCacheSize=
#   JVM is running with Unscaled Compressed Oops mode in which the Java heap is
#     placed in the first 4GB address space. The Java Heap base address is the
#     maximum limit for the native heap growth. Please use -XX:HeapBaseMinAddress
#     to set the Java Heap base and to place the Java Heap above 4GB virtual address.
# This output file may be truncated or incomplete.
#
#  Out of Memory Error (./src/hotspot/share/memory/arena.cpp:197), pid=16188, tid=3004
#
# JRE version: OpenJDK Runtime Environment (11.0.8+10) (build 11.0.8+10-b944.6842174)
# Java VM: OpenJDK 64-Bit Server VM (11.0.8+10-b944.6842174, mixed mode, tiered, compressed oops, g1 gc, windows-amd64)
# No core dump will be written. Minidumps are not enabled by default on client versions of Windows
#

---------------  S U M M A R Y ------------

Command Line: --add-opens=java.base/java.util=ALL-UNNAMED --add-opens=java.base/java.lang=ALL-UNNAMED --add-opens=java.base/java.lang.invoke=ALL-UNNAMED --add-opens=java.base/java.util=ALL-UNNAMED --add-opens=java.prefs/java.util.prefs=ALL-UNNAMED --add-opens=java.prefs/java.util.prefs=ALL-UNNAMED --add-opens=java.base/java.nio.charset=ALL-UNNAMED --add-opens=java.base/java.net=ALL-UNNAMED --add-opens=java.base/java.util.concurrent.atomic=ALL-UNNAMED -Xmx2048m -Dfile.encoding=UTF-8 -Duser.country=GB -Duser.language=en -Duser.variant org.gradle.launcher.daemon.bootstrap.GradleDaemon 7.0

Host: Intel(R) Core(TM) i5-6200U CPU @ 2.30GHz, 4 cores, 3G,  Windows 10 , 64 bit Build 18362 (10.0.18362.1350)
Time: Mon Aug 30 00:30:18 2021 W. Central Africa Standard Time elapsed time: 33 seconds (0d 0h 0m 33s)

---------------  T H R E A D  ---------------

Current thread (0x0000020c002da800):  JavaThread "C2 CompilerThread0" daemon [_thread_in_native, id=3004, stack(0x00000031a9100000,0x00000031a9200000)]


Current CompileTask:
C2:  33449 5657   !   4       java.util.jar.Attributes::read (388 bytes)

Stack: [0x00000031a9100000,0x00000031a9200000]
Native frames: (J=compiled Java code, j=interpreted, Vv=VM code, C=native code)
V  [jvm.dll+0x5de50a]
V  [jvm.dll+0x7122f5]
V  [jvm.dll+0x71384d]
V  [jvm.dll+0x713f03]
V  [jvm.dll+0x23e728]
V  [jvm.dll+0xb899c]
V  [jvm.dll+0xb8e9c]
V  [jvm.dll+0x35024d]
V  [jvm.dll+0x193ebc]
V  [jvm.dll+0x1f780e]
V  [jvm.dll+0x1f68d4]
V  [jvm.dll+0x17f32c]
V  [jvm.dll+0x205047]
V  [jvm.dll+0x203891]
V  [jvm.dll+0x6dad3f]
V  [jvm.dll+0x6d3895]
V  [jvm.dll+0x5dd4a6]
C  [ucrtbase.dll+0x210b2]
C  [KERNEL32.DLL+0x17c24]
C  [ntdll.dll+0x6d721]


---------------  P R O C E S S  ---------------

Threads class SMR info:
_java_thread_list=0x0000020c06c030d0, length=42, elements={
0x0000020c667f5800, 0x0000020c002bf800, 0x0000020c002cb000, 0x0000020c002d8800,
0x0000020c002d9800, 0x0000020c002da800, 0x0000020c002ea000, 0x0000020c002ed000,
0x0000020c00d99800, 0x0000020c00dc7800, 0x0000020c031db800, 0x0000020c01954000,
0x0000020c03f12800, 0x0000020c01cb6800, 0x0000020c0228c800, 0x0000020c02537800,
0x0000020c02235800, 0x0000020c020dc800, 0x0000020c020dd000, 0x0000020c02a88000,
0x0000020c01ede800, 0x0000020c01edc000, 0x0000020c01edd000, 0x0000020c01eda800,
0x0000020c01edd800, 0x0000020c01edf800, 0x0000020c01ee0000, 0x0000020c01ee1000,
0x0000020c01edb800, 0x0000020c010ea000, 0x0000020c010ed800, 0x0000020c010ec800,
0x0000020c010ef000, 0x0000020c010ee000, 0x0000020c010e9800, 0x0000020c010f0000,
0x0000020c010f0800, 0x0000020c010eb800, 0x0000020c010f6800, 0x0000020c010f4800,
0x0000020c010f7000, 0x0000020c010f5800
}

Java Threads: ( => current thread )
  0x0000020c667f5800 JavaThread "main" [_thread_blocked, id=2620, stack(0x00000031a8600000,0x00000031a8700000)]
  0x0000020c002bf800 JavaThread "Reference Handler" daemon [_thread_blocked, id=9812, stack(0x00000031a8d00000,0x00000031a8e00000)]
  0x0000020c002cb000 JavaThread "Finalizer" daemon [_thread_blocked, id=16168, stack(0x00000031a8e00000,0x00000031a8f00000)]
  0x0000020c002d8800 JavaThread "Signal Dispatcher" daemon [_thread_blocked, id=15996, stack(0x00000031a8f00000,0x00000031a9000000)]
  0x0000020c002d9800 JavaThread "Attach Listener" daemon [_thread_blocked, id=15632, stack(0x00000031a9000000,0x00000031a9100000)]
=>0x0000020c002da800 JavaThread "C2 CompilerThread0" daemon [_thread_in_native, id=3004, stack(0x00000031a9100000,0x00000031a9200000)]
  0x0000020c002ea000 JavaThread "C1 CompilerThread0" daemon [_thread_in_native, id=12752, stack(0x00000031a9200000,0x00000031a9300000)]
  0x0000020c002ed000 JavaThread "Sweeper thread" daemon [_thread_blocked, id=7372, stack(0x00000031a9300000,0x00000031a9400000)]
  0x0000020c00d99800 JavaThread "Common-Cleaner" daemon [_thread_blocked, id=12724, stack(0x00000031a9400000,0x00000031a9500000)]
  0x0000020c00dc7800 JavaThread "Service Thread" daemon [_thread_blocked, id=2288, stack(0x00000031a9500000,0x00000031a9600000)]
  0x0000020c031db800 JavaThread "Daemon health stats" [_thread_blocked, id=7688, stack(0x00000031a9900000,0x00000031a9a00000)]
  0x0000020c01954000 JavaThread "Incoming local TCP Connector on port 53748" [_thread_in_native, id=12276, stack(0x00000031a9800000,0x00000031a9900000)]
  0x0000020c03f12800 JavaThread "Daemon periodic checks" [_thread_blocked, id=1320, stack(0x00000031a9a00000,0x00000031a9b00000)]
  0x0000020c01cb6800 JavaThread "Daemon" [_thread_blocked, id=4088, stack(0x00000031a9b00000,0x00000031a9c00000)]
  0x0000020c0228c800 JavaThread "Handler for socket connection from /127.0.0.1:53748 to /127.0.0.1:53749" [_thread_in_native, id=5500, stack(0x00000031a9c00000,0x00000031a9d00000)]
  0x0000020c02537800 JavaThread "Cancel handler" [_thread_blocked, id=668, stack(0x00000031a9d00000,0x00000031a9e00000)]
  0x0000020c02235800 JavaThread "Daemon worker" [_thread_in_Java, id=3268, stack(0x00000031a9e00000,0x00000031a9f00000)]
  0x0000020c020dc800 JavaThread "Asynchronous log dispatcher for DefaultDaemonConnection: socket connection from /127.0.0.1:53748 to /127.0.0.1:53749" [_thread_blocked, id=14436, stack(0x00000031a9f00000,0x00000031aa000000)]
  0x0000020c020dd000 JavaThread "Stdin handler" [_thread_blocked, id=8468, stack(0x00000031aa000000,0x00000031aa100000)]
  0x0000020c02a88000 JavaThread "Daemon client event forwarder" [_thread_blocked, id=7588, stack(0x00000031aa100000,0x00000031aa200000)]
  0x0000020c01ede800 JavaThread "Cache worker for file hash cache (C:\Users\Joshua\.gradle\caches\7.0\fileHashes)" [_thread_blocked, id=10584, stack(0x00000031aa400000,0x00000031aa500000)]
  0x0000020c01edc000 JavaThread "File lock request listener" [_thread_in_native, id=6428, stack(0x00000031aa500000,0x00000031aa600000)]
  0x0000020c01edd000 JavaThread "Cache worker for journal cache (C:\Users\Joshua\.gradle\caches\journal-1)" [_thread_blocked, id=7852, stack(0x00000031aa600000,0x00000031aa700000)]
  0x0000020c01eda800 JavaThread "Cache worker for file hash cache (C:\Users\Joshua\AndroidStudioProjects\SchoolProject\.gradle\7.0\fileHashes)" [_thread_blocked, id=8900, stack(0x00000031aa700000,0x00000031aa800000)]
  0x0000020c01edd800 JavaThread "File watcher server" daemon [_thread_in_native, id=14548, stack(0x00000031aa800000,0x00000031aa900000)]
  0x0000020c01edf800 JavaThread "File watcher consumer" daemon [_thread_blocked, id=8568, stack(0x00000031aa900000,0x00000031aaa00000)]
  0x0000020c01ee0000 JavaThread "Cache worker for checksums cache (C:\Users\Joshua\AndroidStudioProjects\SchoolProject\.gradle\checksums)" [_thread_blocked, id=232, stack(0x00000031aaa00000,0x00000031aab00000)]
  0x0000020c01ee1000 JavaThread "Cache worker for cache directory md-supplier (C:\Users\Joshua\.gradle\caches\7.0\md-supplier)" [_thread_blocked, id=13824, stack(0x00000031aab00000,0x00000031aac00000)]
  0x0000020c01edb800 JavaThread "Cache worker for cache directory md-rule (C:\Users\Joshua\.gradle\caches\7.0\md-rule)" [_thread_blocked, id=14812, stack(0x00000031aac00000,0x00000031aad00000)]
  0x0000020c010ea000 JavaThread "Cache worker for execution history cache (C:\Users\Joshua\.gradle\caches\7.0\executionHistory)" [_thread_blocked, id=1604, stack(0x00000031aad00000,0x00000031aae00000)]
  0x0000020c010ed800 JavaThread "jar transforms" [_thread_blocked, id=2956, stack(0x00000031aaf00000,0x00000031ab000000)]
  0x0000020c010ec800 JavaThread "jar transforms Thread 2" [_thread_blocked, id=13276, stack(0x00000031ab000000,0x00000031ab100000)]
  0x0000020c010ef000 JavaThread "Cache worker for file content cache (C:\Users\Joshua\.gradle\caches\7.0\fileContent)" [_thread_blocked, id=10148, stack(0x00000031ab100000,0x00000031ab200000)]
  0x0000020c010ee000 JavaThread "Cache worker for dependencies-accessors (C:\Users\Joshua\AndroidStudioProjects\SchoolProject\.gradle\7.0\dependencies-accessors)" [_thread_blocked, id=13192, stack(0x00000031aae00000,0x00000031aaf00000)]
  0x0000020c010e9800 JavaThread "jar transforms Thread 3" [_thread_blocked, id=12748, stack(0x00000031ab200000,0x00000031ab300000)]
  0x0000020c010f0000 JavaThread "Cache worker for Build Output Cleanup Cache (C:\Users\Joshua\AndroidStudioProjects\SchoolProject\.gradle\buildOutputCleanup)" [_thread_blocked, id=6376, stack(0x00000031ab300000,0x00000031ab400000)]
  0x0000020c010f0800 JavaThread "Build operations" [_thread_blocked, id=6500, stack(0x00000031ab400000,0x00000031ab500000)]
  0x0000020c010eb800 JavaThread "Build operations Thread 2" [_thread_blocked, id=3664, stack(0x00000031ab500000,0x00000031ab600000)]
  0x0000020c010f6800 JavaThread "Build operations Thread 3" [_thread_blocked, id=7364, stack(0x00000031ab600000,0x00000031ab700000)]
  0x0000020c010f4800 JavaThread "Build operations Thread 4" [_thread_blocked, id=10412, stack(0x00000031ab700000,0x00000031ab800000)]
  0x0000020c010f7000 JavaThread "jar transforms Thread 4" [_thread_blocked, id=8248, stack(0x00000031ab800000,0x00000031ab900000)]
  0x0000020c010f5800 JavaThread "Memory manager" [_thread_blocked, id=7868, stack(0x00000031ab900000,0x00000031aba00000)]

Other Threads:
  0x0000020c002ba000 VMThread "VM Thread" [stack: 0x00000031a8c00000,0x00000031a8d00000] [id=7916]
  0x0000020c00dc9800 WatcherThread [stack: 0x00000031a9600000,0x00000031a9700000] [id=2104]
  0x0000020c6684a800 GCTaskThread "GC Thread#0" [stack: 0x00000031a8700000,0x00000031a8800000] [id=16108]
  0x0000020c00e58000 GCTaskThread "GC Thread#1" [stack: 0x00000031a9700000,0x00000031a9800000] [id=3300]
  0x0000020c01dbd800 GCTaskThread "GC Thread#2" [stack: 0x00000031aa200000,0x00000031aa300000] [id=4768]
  0x0000020c0259d000 GCTaskThread "GC Thread#3" [stack: 0x00000031aa300000,0x00000031aa400000] [id=15928]
  0x0000020c6686b000 ConcurrentGCThread "G1 Main Marker" [stack: 0x00000031a8800000,0x00000031a8900000] [id=13040]
  0x0000020c6686c800 ConcurrentGCThread "G1 Conc#0" [stack: 0x00000031a8900000,0x00000031a8a00000] [id=2928]
  0x0000020c668b9800 ConcurrentGCThread "G1 Refine#0" [stack: 0x00000031a8a00000,0x00000031a8b00000] [id=9584]
  0x0000020c668ba800 ConcurrentGCThread "G1 Young RemSet Sampling" [stack: 0x00000031a8b00000,0x00000031a8c00000] [id=15480]

Threads with active compile tasks:
C2 CompilerThread0  33711 5657   !   4       java.util.jar.Attributes::read (388 bytes)
C1 CompilerThread0  33711 5814       2       org.gradle.tooling.internal.provider.runner.ClientForwardingProjectConfigurationOperationListener$$Lambda$367/0x000000010055e440::test (12 bytes)

VM state:not at safepoint (normal execution)

VM Mutex/Monitor currently owned by a thread: None

Heap address: 0x0000000080000000, size: 2048 MB, Compressed Oops mode: 32-bit
Narrow klass base: 0x0000000000000000, Narrow klass shift: 3
Compressed class space size: 1073741824 Address: 0x0000000100000000

Heap:
 garbage-first heap   total 95232K, used 64105K [0x0000000080000000, 0x0000000100000000)
  region size 1024K, 22 young (22528K), 4 survivors (4096K)
 Metaspace       used 61213K, capacity 62745K, committed 62848K, reserved 1103872K
  class space    used 7748K, capacity 8307K, committed 8320K, reserved 1048576K
Heap Regions: E=young(eden), S=young(survivor), O=old, HS=humongous(starts), HC=humongous(continues), CS=collection set, F=free, A=archive, TAMS=top-at-mark-start (previous, next)
|   0|0x0000000080000000, 0x0000000080100000, 0x0000000080100000|100%| O|  |TAMS 0x0000000080100000, 0x0000000080000000| Untracked 
|   1|0x0000000080100000, 0x0000000080200000, 0x0000000080200000|100%| O|  |TAMS 0x0000000080200000, 0x0000000080100000| Untracked 
|   2|0x0000000080200000, 0x0000000080300000, 0x0000000080300000|100%| O|  |TAMS 0x0000000080300000, 0x0000000080200000| Untracked 
|   3|0x0000000080300000, 0x0000000080400000, 0x0000000080400000|100%|HS|  |TAMS 0x0000000080400000, 0x0000000080300000| Complete 
|   4|0x0000000080400000, 0x0000000080500000, 0x0000000080500000|100%|HC|  |TAMS 0x0000000080500000, 0x0000000080400000| Complete 
|   5|0x0000000080500000, 0x0000000080600000, 0x0000000080600000|100%|HC|  |TAMS 0x0000000080600000, 0x0000000080500000| Complete 
|   6|0x0000000080600000, 0x0000000080700000, 0x0000000080700000|100%| O|  |TAMS 0x0000000080700000, 0x0000000080600000| Untracked 
|   7|0x0000000080700000, 0x0000000080800000, 0x0000000080800000|100%| O|  |TAMS 0x0000000080800000, 0x0000000080700000| Untracked 
|   8|0x0000000080800000, 0x0000000080900000, 0x0000000080900000|100%| O|  |TAMS 0x0000000080900000, 0x0000000080800000| Untracked 
|   9|0x0000000080900000, 0x0000000080a00000, 0x0000000080a00000|100%| O|  |TAMS 0x0000000080a00000, 0x0000000080900000| Untracked 
|  10|0x0000000080a00000, 0x0000000080b00000, 0x0000000080b00000|100%| O|  |TAMS 0x0000000080b00000, 0x0000000080a00000| Untracked 
|  11|0x0000000080b00000, 0x0000000080c00000, 0x0000000080c00000|100%| O|  |TAMS 0x0000000080c00000, 0x0000000080b00000| Untracked 
|  12|0x0000000080c00000, 0x0000000080d00000, 0x0000000080d00000|100%| O|  |TAMS 0x0000000080d00000, 0x0000000080c00000| Untracked 
|  13|0x0000000080d00000, 0x0000000080e00000, 0x0000000080e00000|100%| O|  |TAMS 0x0000000080e00000, 0x0000000080d00000| Untracked 
|  14|0x0000000080e00000, 0x0000000080f00000, 0x0000000080f00000|100%| O|  |TAMS 0x0000000080f00000, 0x0000000080e00000| Untracked 
|  15|0x0000000080f00000, 0x0000000081000000, 0x0000000081000000|100%| O|  |TAMS 0x0000000081000000, 0x0000000080f00000| Untracked 
|  16|0x0000000081000000, 0x0000000081100000, 0x0000000081100000|100%| O|  |TAMS 0x0000000081100000, 0x0000000081000000| Untracked 
|  17|0x0000000081100000, 0x0000000081200000, 0x0000000081200000|100%| O|  |TAMS 0x0000000081200000, 0x0000000081100000| Untracked 
|  18|0x0000000081200000, 0x0000000081300000, 0x0000000081300000|100%| O|  |TAMS 0x0000000081300000, 0x0000000081200000| Untracked 
|  19|0x0000000081300000, 0x0000000081400000, 0x0000000081400000|100%| O|  |TAMS 0x0000000081400000, 0x0000000081300000| Untracked 
|  20|0x0000000081400000, 0x0000000081500000, 0x0000000081500000|100%| O|  |TAMS 0x0000000081500000, 0x0000000081400000| Untracked 
|  21|0x0000000081500000, 0x0000000081600000, 0x0000000081600000|100%| O|  |TAMS 0x0000000081600000, 0x0000000081500000| Untracked 
|  22|0x0000000081600000, 0x0000000081700000, 0x0000000081700000|100%| O|  |TAMS 0x0000000081700000, 0x0000000081600000| Untracked 
|  23|0x0000000081700000, 0x0000000081800000, 0x0000000081800000|100%| O|  |TAMS 0x0000000081800000, 0x0000000081700000| Untracked 
|  24|0x0000000081800000, 0x0000000081900000, 0x0000000081900000|100%| O|  |TAMS 0x0000000081900000, 0x0000000081800000| Untracked 
|  25|0x0000000081900000, 0x0000000081a00000, 0x0000000081a00000|100%| O|  |TAMS 0x0000000081a00000, 0x0000000081900000| Untracked 
|  26|0x0000000081a00000, 0x0000000081b00000, 0x0000000081b00000|100%|HS|  |TAMS 0x0000000081b00000, 0x0000000081a00000| Complete 
|  27|0x0000000081b00000, 0x0000000081c00000, 0x0000000081c00000|100%|HS|  |TAMS 0x0000000081c00000, 0x0000000081b00000| Complete 
|  28|0x0000000081c00000, 0x0000000081d00000, 0x0000000081d00000|100%|HC|  |TAMS 0x0000000081d00000, 0x0000000081c00000| Complete 
|  29|0x0000000081d00000, 0x0000000081e00000, 0x0000000081e00000|100%| O|  |TAMS 0x0000000081e00000, 0x0000000081d00000| Untracked 
|  30|0x0000000081e00000, 0x0000000081f00000, 0x0000000081f00000|100%| O|  |TAMS 0x0000000081f00000, 0x0000000081e00000| Untracked 
|  31|0x0000000081f00000, 0x0000000082000000, 0x0000000082000000|100%| O|  |TAMS 0x0000000082000000, 0x0000000081f00000| Untracked 
|  32|0x0000000082000000, 0x0000000082100000, 0x0000000082100000|100%| O|  |TAMS 0x0000000082100000, 0x0000000082000000| Untracked 
|  33|0x0000000082100000, 0x0000000082200000, 0x0000000082200000|100%| O|  |TAMS 0x0000000082200000, 0x0000000082100000| Untracked 
|  34|0x0000000082200000, 0x0000000082300000, 0x0000000082300000|100%| O|  |TAMS 0x0000000082300000, 0x0000000082200000| Untracked 
|  35|0x0000000082300000, 0x0000000082400000, 0x0000000082400000|100%| O|  |TAMS 0x0000000082400000, 0x0000000082300000| Untracked 
|  36|0x0000000082400000, 0x0000000082500000, 0x0000000082500000|100%| O|  |TAMS 0x0000000082500000, 0x0000000082400000| Untracked 
|  37|0x0000000082500000, 0x000000008259a400, 0x0000000082600000| 60%| O|  |TAMS 0x000000008259a400, 0x0000000082500000| Untracked 
|  38|0x0000000082600000, 0x0000000082600000, 0x0000000082700000|  0%| F|  |TAMS 0x0000000082600000, 0x0000000082600000| Untracked 
|  39|0x0000000082700000, 0x0000000082700000, 0x0000000082800000|  0%| F|  |TAMS 0x0000000082700000, 0x0000000082700000| Untracked 
|  40|0x0000000082800000, 0x0000000082900000, 0x0000000082900000|100%| O|  |TAMS 0x0000000082900000, 0x0000000082800000| Untracked 
|  41|0x0000000082900000, 0x0000000082a00000, 0x0000000082a00000|100%| O|  |TAMS 0x0000000082a00000, 0x0000000082900000| Untracked 
|  42|0x0000000082a00000, 0x0000000082b00000, 0x0000000082b00000|100%| O|  |TAMS 0x0000000082b00000, 0x0000000082a00000| Untracked 
|  43|0x0000000082b00000, 0x0000000082c00000, 0x0000000082c00000|100%| O|  |TAMS 0x0000000082c00000, 0x0000000082b00000| Untracked 
|  44|0x0000000082c00000, 0x0000000082c00000, 0x0000000082d00000|  0%| F|  |TAMS 0x0000000082c00000, 0x0000000082c00000| Untracked 
|  45|0x0000000082d00000, 0x0000000082d00000, 0x0000000082e00000|  0%| F|  |TAMS 0x0000000082d00000, 0x0000000082d00000| Untracked 
|  46|0x0000000082e00000, 0x0000000082e00000, 0x0000000082f00000|  0%| F|  |TAMS 0x0000000082e00000, 0x0000000082e00000| Untracked 
|  47|0x0000000082f00000, 0x0000000082f00000, 0x0000000083000000|  0%| F|  |TAMS 0x0000000082f00000, 0x0000000082f00000| Untracked 
|  48|0x0000000083000000, 0x0000000083000000, 0x0000000083100000|  0%| F|  |TAMS 0x0000000083000000, 0x0000000083000000| Untracked 
|  49|0x0000000083100000, 0x0000000083100000, 0x0000000083200000|  0%| F|  |TAMS 0x0000000083100000, 0x0000000083100000| Untracked 
|  50|0x0000000083200000, 0x0000000083200000, 0x0000000083300000|  0%| F|  |TAMS 0x0000000083200000, 0x0000000083200000| Untracked 
|  51|0x0000000083300000, 0x0000000083300000, 0x0000000083400000|  0%| F|  |TAMS 0x0000000083300000, 0x0000000083300000| Untracked 
|  52|0x0000000083400000, 0x0000000083400000, 0x0000000083500000|  0%| F|  |TAMS 0x0000000083400000, 0x0000000083400000| Untracked 
|  53|0x0000000083500000, 0x0000000083500000, 0x0000000083600000|  0%| F|  |TAMS 0x0000000083500000, 0x0000000083500000| Untracked 
|  54|0x0000000083600000, 0x0000000083600000, 0x0000000083700000|  0%| F|  |TAMS 0x0000000083600000, 0x0000000083600000| Untracked 
|  55|0x0000000083700000, 0x0000000083700000, 0x0000000083800000|  0%| F|  |TAMS 0x0000000083700000, 0x0000000083700000| Untracked 
|  56|0x0000000083800000, 0x0000000083800000, 0x0000000083900000|  0%| F|  |TAMS 0x0000000083800000, 0x0000000083800000| Untracked 
|  57|0x0000000083900000, 0x0000000083900000, 0x0000000083a00000|  0%| F|  |TAMS 0x0000000083900000, 0x0000000083900000| Untracked 
|  58|0x0000000083a00000, 0x0000000083a00000, 0x0000000083b00000|  0%| F|  |TAMS 0x0000000083a00000, 0x0000000083a00000| Untracked 
|  59|0x0000000083b00000, 0x0000000083b00000, 0x0000000083c00000|  0%| F|  |TAMS 0x0000000083b00000, 0x0000000083b00000| Untracked 
|  60|0x0000000083c00000, 0x0000000083d00000, 0x0000000083d00000|100%| S|CS|TAMS 0x0000000083c00000, 0x0000000083c00000| Complete 
|  61|0x0000000083d00000, 0x0000000083d00000, 0x0000000083e00000|  0%| F|  |TAMS 0x0000000083d00000, 0x0000000083d00000| Untracked 
|  62|0x0000000083e00000, 0x0000000083e00000, 0x0000000083f00000|  0%| F|  |TAMS 0x0000000083e00000, 0x0000000083e00000| Untracked 
|  63|0x0000000083f00000, 0x0000000084000000, 0x0000000084000000|100%| S|CS|TAMS 0x0000000083f00000, 0x0000000083f00000| Complete 
|  64|0x0000000084000000, 0x0000000084100000, 0x0000000084100000|100%| S|CS|TAMS 0x0000000084000000, 0x0000000084000000| Complete 
|  65|0x0000000084100000, 0x0000000084200000, 0x0000000084200000|100%| S|CS|TAMS 0x0000000084100000, 0x0000000084100000| Complete 
|  66|0x0000000084200000, 0x0000000084200000, 0x0000000084300000|  0%| F|  |TAMS 0x0000000084200000, 0x0000000084200000| Untracked 
|  67|0x0000000084300000, 0x0000000084300000, 0x0000000084400000|  0%| F|  |TAMS 0x0000000084300000, 0x0000000084300000| Untracked 
|  68|0x0000000084400000, 0x0000000084400000, 0x0000000084500000|  0%| F|  |TAMS 0x0000000084400000, 0x0000000084400000| Untracked 
|  69|0x0000000084500000, 0x0000000084500000, 0x0000000084600000|  0%| F|  |TAMS 0x0000000084500000, 0x0000000084500000| Untracked 
|  70|0x0000000084600000, 0x0000000084600000, 0x0000000084700000|  0%| F|  |TAMS 0x0000000084600000, 0x0000000084600000| Untracked 
|  71|0x0000000084700000, 0x0000000084700000, 0x0000000084800000|  0%| F|  |TAMS 0x0000000084700000, 0x0000000084700000| Untracked 
|  72|0x0000000084800000, 0x0000000084800000, 0x0000000084900000|  0%| F|  |TAMS 0x0000000084800000, 0x0000000084800000| Untracked 
|  73|0x0000000084900000, 0x0000000084900000, 0x0000000084a00000|  0%| F|  |TAMS 0x0000000084900000, 0x0000000084900000| Untracked 
|  74|0x0000000084a00000, 0x0000000084a00000, 0x0000000084b00000|  0%| F|  |TAMS 0x0000000084a00000, 0x0000000084a00000| Untracked 
|  75|0x0000000084b00000, 0x0000000084c00000, 0x0000000084c00000|100%| E|  |TAMS 0x0000000084b00000, 0x0000000084b00000| Complete 
|  76|0x0000000084c00000, 0x0000000084d00000, 0x0000000084d00000|100%| E|CS|TAMS 0x0000000084c00000, 0x0000000084c00000| Complete 
|  77|0x0000000084d00000, 0x0000000084e00000, 0x0000000084e00000|100%| E|CS|TAMS 0x0000000084d00000, 0x0000000084d00000| Complete 
|  78|0x0000000084e00000, 0x0000000084f00000, 0x0000000084f00000|100%| E|CS|TAMS 0x0000000084e00000, 0x0000000084e00000| Complete 
|  79|0x0000000084f00000, 0x0000000085000000, 0x0000000085000000|100%| E|CS|TAMS 0x0000000084f00000, 0x0000000084f00000| Complete 
|  80|0x0000000085000000, 0x0000000085100000, 0x0000000085100000|100%| E|CS|TAMS 0x0000000085000000, 0x0000000085000000| Complete 
|  81|0x0000000085100000, 0x0000000085200000, 0x0000000085200000|100%| E|CS|TAMS 0x0000000085100000, 0x0000000085100000| Complete 
|  82|0x0000000085200000, 0x0000000085300000, 0x0000000085300000|100%| E|CS|TAMS 0x0000000085200000, 0x0000000085200000| Complete 
|  83|0x0000000085300000, 0x0000000085400000, 0x0000000085400000|100%| E|CS|TAMS 0x0000000085300000, 0x0000000085300000| Complete 
|  84|0x0000000085400000, 0x0000000085500000, 0x0000000085500000|100%| E|CS|TAMS 0x0000000085400000, 0x0000000085400000| Complete 
|  85|0x0000000085500000, 0x0000000085600000, 0x0000000085600000|100%| E|CS|TAMS 0x0000000085500000, 0x0000000085500000| Complete 
|  86|0x0000000085600000, 0x0000000085700000, 0x0000000085700000|100%| E|CS|TAMS 0x0000000085600000, 0x0000000085600000| Complete 
|  87|0x0000000085700000, 0x0000000085800000, 0x0000000085800000|100%| E|CS|TAMS 0x0000000085700000, 0x0000000085700000| Complete 
|  88|0x0000000085800000, 0x0000000085900000, 0x0000000085900000|100%| E|CS|TAMS 0x0000000085800000, 0x0000000085800000| Complete 
|  89|0x0000000085900000, 0x0000000085a00000, 0x0000000085a00000|100%| E|CS|TAMS 0x0000000085900000, 0x0000000085900000| Complete 
|  90|0x0000000085a00000, 0x0000000085b00000, 0x0000000085b00000|100%| E|CS|TAMS 0x0000000085a00000, 0x0000000085a00000| Complete 
|  91|0x0000000085b00000, 0x0000000085c00000, 0x0000000085c00000|100%| E|CS|TAMS 0x0000000085b00000, 0x0000000085b00000| Complete 
|  92|0x0000000085c00000, 0x0000000085d00000, 0x0000000085d00000|100%| E|CS|TAMS 0x0000000085c00000, 0x0000000085c00000| Complete 

Card table byte_map: [0x0000020c79560000,0x0000020c79960000] _byte_map_base: 0x0000020c79160000

Marking Bits (Prev, Next): (CMBitMap*) 0x0000020c6686a3a8, (CMBitMap*) 0x0000020c6686a3e0
 Prev Bits: [0x0000020c79d60000, 0x0000020c7bd60000)
 Next Bits: [0x0000020c7bd60000, 0x0000020c7dd60000)

Polling page: 0x0000020c646a0000

Metaspace:

Usage:
  Non-class:     53.16 MB capacity,    52.22 MB ( 98%) used,   814.78 KB (  1%) free+waste,   154.13 KB ( <1%) overhead. 
      Class:      8.11 MB capacity,     7.57 MB ( 93%) used,   485.98 KB (  6%) free+waste,    72.19 KB ( <1%) overhead. 
       Both:     61.27 MB capacity,    59.78 MB ( 98%) used,     1.27 MB (  2%) free+waste,   226.31 KB ( <1%) overhead. 

Virtual space:
  Non-class space:       54.00 MB reserved,      53.25 MB ( 99%) committed 
      Class space:        1.00 GB reserved,       8.13 MB ( <1%) committed 
             Both:        1.05 GB reserved,      61.38 MB (  6%) committed 

Chunk freelists:
   Non-Class:  26.00 KB
       Class:  13.00 KB
        Both:  39.00 KB

MaxMetaspaceSize: 17179869184.00 GB
CompressedClassSpaceSize: 1.00 GB

CodeHeap 'non-profiled nmethods': size=120064Kb used=2942Kb max_used=2942Kb free=117121Kb
 bounds [0x0000020c71c20000, 0x0000020c71f00000, 0x0000020c79160000]
CodeHeap 'profiled nmethods': size=120000Kb used=11916Kb max_used=11916Kb free=108083Kb
 bounds [0x0000020c6a6f0000, 0x0000020c6b2a0000, 0x0000020c71c20000]
CodeHeap 'non-nmethods': size=5696Kb used=2249Kb max_used=2271Kb free=3446Kb
 bounds [0x0000020c6a160000, 0x0000020c6a3d0000, 0x0000020c6a6f0000]
 total_blobs=6496 nmethods=5659 adapters=748
 compilation: enabled
              stopped_count=0, restarted_count=0
 full_count=0

Compilation events (20 events):
Event: 33.319 Thread 0x0000020c002ea000 5771       2       com.google.common.reflect.Types$JavaVersion::usedInGenericType (48 bytes)
Event: 33.320 Thread 0x0000020c002ea000 nmethod 5771 0x0000020c6b283090 code [0x0000020c6b283280, 0x0000020c6b2835e8]
Event: 33.320 Thread 0x0000020c002ea000 5769       2       com.google.common.reflect.Types::access$200 (6 bytes)
Event: 33.320 Thread 0x0000020c002ea000 nmethod 5769 0x0000020c6b283810 code [0x0000020c6b2839c0, 0x0000020c6b283aa8]
Event: 33.320 Thread 0x0000020c002ea000 5773       2       org.gradle.internal.instantiation.generator.AsmBackedClassGenerator$ClassBuilderImpl::addActionMethod (265 bytes)
Event: 33.322 Thread 0x0000020c002ea000 nmethod 5773 0x0000020c6b283b90 code [0x0000020c6b283ec0, 0x0000020c6b284998]
Event: 33.322 Thread 0x0000020c002ea000 5774       2       org.gradle.util.CollectionUtils::collectArray (17 bytes)
Event: 33.322 Thread 0x0000020c002ea000 nmethod 5774 0x0000020c6b285110 code [0x0000020c6b2852e0, 0x0000020c6b285438]
Event: 33.338 Thread 0x0000020c002ea000 5775       2       org.objectweb.asm.Frame::addInitializedType (77 bytes)
Event: 33.339 Thread 0x0000020c002ea000 nmethod 5775 0x0000020c6b285590 code [0x0000020c6b285760, 0x0000020c6b285b68]
Event: 33.339 Thread 0x0000020c002ea000 5776       1       org.gradle.model.internal.asm.AsmClassGenerator::getVisitor (5 bytes)
Event: 33.340 Thread 0x0000020c002ea000 nmethod 5776 0x0000020c71efd710 code [0x0000020c71efd8c0, 0x0000020c71efd978]
Event: 33.340 Thread 0x0000020c002ea000 5777       1       org.gradle.model.internal.asm.AsmClassGenerator::getGeneratedType (5 bytes)
Event: 33.340 Thread 0x0000020c002ea000 nmethod 5777 0x0000020c71efda10 code [0x0000020c71efdbc0, 0x0000020c71efdc78]
Event: 33.341 Thread 0x0000020c002ea000 5778       2       java.util.Collections$EmptyMap::entrySet (4 bytes)
Event: 33.341 Thread 0x0000020c002ea000 nmethod 5778 0x0000020c6b285d10 code [0x0000020c6b285ec0, 0x0000020c6b285fb8]
Event: 33.347 Thread 0x0000020c002ea000 5780       2       sun.reflect.annotation.AnnotationParser::parseIntArray (84 bytes)
Event: 33.348 Thread 0x0000020c002ea000 nmethod 5780 0x0000020c6b286090 code [0x0000020c6b2862c0, 0x0000020c6b2867c8]
Event: 33.348 Thread 0x0000020c002ea000 5781   !   2       com.sun.proxy.$Proxy10::annotationType (29 bytes)
Event: 33.348 Thread 0x0000020c002ea000 nmethod 5781 0x0000020c6b286b10 code [0x0000020c6b286ce0, 0x0000020c6b286f38]

GC Heap History (20 events):
Event: 12.210 GC heap before
{Heap before GC invocations=11 (full 0):
 garbage-first heap   total 65536K, used 23946K [0x0000000080000000, 0x0000000100000000)
  region size 1024K, 8 young (8192K), 4 survivors (4096K)
 Metaspace       used 34948K, capacity 35747K, committed 35840K, reserved 1081344K
  class space    used 4533K, capacity 4831K, committed 4864K, reserved 1048576K
}
Event: 12.226 GC heap after
{Heap after GC invocations=12 (full 0):
 garbage-first heap   total 65536K, used 23183K [0x0000000080000000, 0x0000000100000000)
  region size 1024K, 2 young (2048K), 2 survivors (2048K)
 Metaspace       used 34948K, capacity 35747K, committed 35840K, reserved 1081344K
  class space    used 4533K, capacity 4831K, committed 4864K, reserved 1048576K
}
Event: 13.273 GC heap before
{Heap before GC invocations=13 (full 0):
 garbage-first heap   total 65536K, used 47759K [0x0000000080000000, 0x0000000100000000)
  region size 1024K, 27 young (27648K), 2 survivors (2048K)
 Metaspace       used 36386K, capacity 37291K, committed 37632K, reserved 1081344K
  class space    used 4699K, capacity 5001K, committed 5120K, reserved 1048576K
}
Event: 13.278 GC heap after
{Heap after GC invocations=14 (full 0):
 garbage-first heap   total 78848K, used 24493K [0x0000000080000000, 0x0000000100000000)
  region size 1024K, 3 young (3072K), 3 survivors (3072K)
 Metaspace       used 36386K, capacity 37291K, committed 37632K, reserved 1081344K
  class space    used 4699K, capacity 5001K, committed 5120K, reserved 1048576K
}
Event: 14.659 GC heap before
{Heap before GC invocations=14 (full 0):
 garbage-first heap   total 78848K, used 60333K [0x0000000080000000, 0x0000000100000000)
  region size 1024K, 35 young (35840K), 3 survivors (3072K)
 Metaspace       used 40004K, capacity 40953K, committed 41216K, reserved 1085440K
  class space    used 5162K, capacity 5510K, committed 5632K, reserved 1048576K
}
Event: 14.671 GC heap after
{Heap after GC invocations=15 (full 0):
 garbage-first heap   total 78848K, used 25899K [0x0000000080000000, 0x0000000100000000)
  region size 1024K, 4 young (4096K), 4 survivors (4096K)
 Metaspace       used 40004K, capacity 40953K, committed 41216K, reserved 1085440K
  class space    used 5162K, capacity 5510K, committed 5632K, reserved 1048576K
}
Event: 15.704 GC heap before
{Heap before GC invocations=15 (full 0):
 garbage-first heap   total 78848K, used 61739K [0x0000000080000000, 0x0000000100000000)
  region size 1024K, 38 young (38912K), 4 survivors (4096K)
 Metaspace       used 42976K, capacity 44011K, committed 44288K, reserved 1087488K
  class space    used 5482K, capacity 5847K, committed 5888K, reserved 1048576K
}
Event: 15.722 GC heap after
{Heap after GC invocations=16 (full 0):
 garbage-first heap   total 78848K, used 27637K [0x0000000080000000, 0x0000000100000000)
  region size 1024K, 4 young (4096K), 4 survivors (4096K)
 Metaspace       used 42976K, capacity 44011K, committed 44288K, reserved 1087488K
  class space    used 5482K, capacity 5847K, committed 5888K, reserved 1048576K
}
Event: 17.206 GC heap before
{Heap before GC invocations=16 (full 0):
 garbage-first heap   total 78848K, used 61429K [0x0000000080000000, 0x0000000100000000)
  region size 1024K, 37 young (37888K), 4 survivors (4096K)
 Metaspace       used 45632K, capacity 46777K, committed 46976K, reserved 1089536K
  class space    used 5862K, capacity 6260K, committed 6272K, reserved 1048576K
}
Event: 17.218 GC heap after
{Heap after GC invocations=17 (full 0):
 garbage-first heap   total 78848K, used 28984K [0x0000000080000000, 0x0000000100000000)
  region size 1024K, 4 young (4096K), 4 survivors (4096K)
 Metaspace       used 45632K, capacity 46777K, committed 46976K, reserved 1089536K
  class space    used 5862K, capacity 6260K, committed 6272K, reserved 1048576K
}
Event: 28.115 GC heap before
{Heap before GC invocations=17 (full 0):
 garbage-first heap   total 78848K, used 63800K [0x0000000080000000, 0x0000000100000000)
  region size 1024K, 36 young (36864K), 4 survivors (4096K)
 Metaspace       used 46797K, capacity 47996K, committed 48256K, reserved 1091584K
  class space    used 5977K, capacity 6403K, committed 6528K, reserved 1048576K
}
Event: 28.153 GC heap after
{Heap after GC invocations=18 (full 0):
 garbage-first heap   total 78848K, used 40445K [0x0000000080000000, 0x0000000100000000)
  region size 1024K, 5 young (5120K), 5 survivors (5120K)
 Metaspace       used 46797K, capacity 47996K, committed 48256K, reserved 1091584K
  class space    used 5977K, capacity 6403K, committed 6528K, reserved 1048576K
}
Event: 29.198 GC heap before
{Heap before GC invocations=18 (full 0):
 garbage-first heap   total 78848K, used 60925K [0x0000000080000000, 0x0000000100000000)
  region size 1024K, 25 young (25600K), 5 survivors (5120K)
 Metaspace       used 48090K, capacity 49456K, committed 49664K, reserved 1091584K
  class space    used 6158K, capacity 6642K, committed 6656K, reserved 1048576K
}
Event: 29.224 GC heap after
{Heap after GC invocations=19 (full 0):
 garbage-first heap   total 95232K, used 42113K [0x0000000080000000, 0x0000000100000000)
  region size 1024K, 2 young (2048K), 2 survivors (2048K)
 Metaspace       used 48090K, capacity 49456K, committed 49664K, reserved 1091584K
  class space    used 6158K, capacity 6642K, committed 6656K, reserved 1048576K
}
Event: 30.785 GC heap before
{Heap before GC invocations=20 (full 0):
 garbage-first heap   total 95232K, used 67713K [0x0000000080000000, 0x0000000100000000)
  region size 1024K, 28 young (28672K), 2 survivors (2048K)
 Metaspace       used 52358K, capacity 53791K, committed 54016K, reserved 1095680K
  class space    used 6620K, capacity 7088K, committed 7168K, reserved 1048576K
}
Event: 30.794 GC heap after
{Heap after GC invocations=21 (full 0):
 garbage-first heap   total 95232K, used 42908K [0x0000000080000000, 0x0000000100000000)
  region size 1024K, 3 young (3072K), 3 survivors (3072K)
 Metaspace       used 52358K, capacity 53791K, committed 54016K, reserved 1095680K
  class space    used 6620K, capacity 7088K, committed 7168K, reserved 1048576K
}
Event: 32.045 GC heap before
{Heap before GC invocations=21 (full 0):
 garbage-first heap   total 95232K, used 70556K [0x0000000080000000, 0x0000000100000000)
  region size 1024K, 30 young (30720K), 3 survivors (3072K)
 Metaspace       used 56027K, capacity 57500K, committed 57600K, reserved 1099776K
  class space    used 7103K, capacity 7635K, committed 7680K, reserved 1048576K
}
Event: 32.056 GC heap after
{Heap after GC invocations=22 (full 0):
 garbage-first heap   total 95232K, used 43964K [0x0000000080000000, 0x0000000100000000)
  region size 1024K, 2 young (2048K), 2 survivors (2048K)
 Metaspace       used 56027K, capacity 57500K, committed 57600K, reserved 1099776K
  class space    used 7103K, capacity 7635K, committed 7680K, reserved 1048576K
}
Event: 33.030 GC heap before
{Heap before GC invocations=22 (full 0):
 garbage-first heap   total 95232K, used 70588K [0x0000000080000000, 0x0000000100000000)
  region size 1024K, 29 young (29696K), 2 survivors (2048K)
 Metaspace       used 59388K, capacity 60946K, committed 61184K, reserved 1101824K
  class space    used 7525K, capacity 8079K, committed 8192K, reserved 1048576K
}
Event: 33.045 GC heap after
{Heap after GC invocations=23 (full 0):
 garbage-first heap   total 95232K, used 46697K [0x0000000080000000, 0x0000000100000000)
  region size 1024K, 4 young (4096K), 4 survivors (4096K)
 Metaspace       used 59388K, capacity 60946K, committed 61184K, reserved 1101824K
  class space    used 7525K, capacity 8079K, committed 8192K, reserved 1048576K
}

Deoptimization events (20 events):
Event: 32.912 Thread 0x0000020c02235800 DEOPT PACKING pc=0x0000020c6aa02849 sp=0x00000031a9ef3a40
Event: 32.912 Thread 0x0000020c02235800 DEOPT UNPACKING pc=0x0000020c6a1872ce sp=0x00000031a9ef2eb8 mode 0
Event: 32.912 Thread 0x0000020c02235800 DEOPT PACKING pc=0x0000020c6aa02849 sp=0x00000031a9ef3a40
Event: 32.912 Thread 0x0000020c02235800 DEOPT UNPACKING pc=0x0000020c6a1872ce sp=0x00000031a9ef2eb8 mode 0
Event: 32.912 Thread 0x0000020c02235800 DEOPT PACKING pc=0x0000020c6aa02849 sp=0x00000031a9ef3a40
Event: 32.912 Thread 0x0000020c02235800 DEOPT UNPACKING pc=0x0000020c6a1872ce sp=0x00000031a9ef2eb8 mode 0
Event: 32.912 Thread 0x0000020c02235800 DEOPT PACKING pc=0x0000020c6aa02849 sp=0x00000031a9ef3a40
Event: 32.912 Thread 0x0000020c02235800 DEOPT UNPACKING pc=0x0000020c6a1872ce sp=0x00000031a9ef2eb8 mode 0
Event: 32.913 Thread 0x0000020c02235800 DEOPT PACKING pc=0x0000020c6aa02849 sp=0x00000031a9ef3a40
Event: 32.913 Thread 0x0000020c02235800 DEOPT UNPACKING pc=0x0000020c6a1872ce sp=0x00000031a9ef2eb8 mode 0
Event: 32.913 Thread 0x0000020c02235800 DEOPT PACKING pc=0x0000020c6aa02849 sp=0x00000031a9ef3a40
Event: 32.913 Thread 0x0000020c02235800 DEOPT UNPACKING pc=0x0000020c6a1872ce sp=0x00000031a9ef2eb8 mode 0
Event: 32.913 Thread 0x0000020c02235800 DEOPT PACKING pc=0x0000020c6aa02849 sp=0x00000031a9ef3a40
Event: 32.913 Thread 0x0000020c02235800 DEOPT UNPACKING pc=0x0000020c6a1872ce sp=0x00000031a9ef2eb8 mode 0
Event: 32.913 Thread 0x0000020c02235800 DEOPT PACKING pc=0x0000020c6aa02849 sp=0x00000031a9ef3a40
Event: 32.913 Thread 0x0000020c02235800 DEOPT UNPACKING pc=0x0000020c6a1872ce sp=0x00000031a9ef2eb8 mode 0
Event: 32.953 Thread 0x0000020c02235800 Uncommon trap: trap_request=0xffffff4d fr.pc=0x0000020c71edce3c relative=0x000000000000009c
Event: 32.953 Thread 0x0000020c02235800 Uncommon trap: reason=unstable_if action=reinterpret pc=0x0000020c71edce3c method=java.security.CodeSource.matchCerts(Ljava/security/CodeSource;Z)Z @ 11 c2
Event: 32.953 Thread 0x0000020c02235800 DEOPT PACKING pc=0x0000020c71edce3c sp=0x00000031a9ef0f70
Event: 32.953 Thread 0x0000020c02235800 DEOPT UNPACKING pc=0x0000020c6a1874af sp=0x00000031a9ef0f08 mode 2

Classes redefined (0 events):
No events

Internal exceptions (20 events):
Event: 28.573 Thread 0x0000020c02a88000 Exception <a 'java/lang/NoSuchMethodError'{0x00000000840f0288}: <clinit>> (0x00000000840f0288) thrown at [./src/hotspot/share/prims/jni.cpp, line 1362]
Event: 28.573 Thread 0x0000020c02a88000 Exception <a 'java/lang/NoSuchMethodError'{0x00000000840f1750}: <clinit>> (0x00000000840f1750) thrown at [./src/hotspot/share/prims/jni.cpp, line 1362]
Event: 28.574 Thread 0x0000020c02a88000 Exception <a 'java/lang/NoSuchMethodError'{0x00000000840fda98}: <clinit>> (0x00000000840fda98) thrown at [./src/hotspot/share/prims/jni.cpp, line 1362]
Event: 28.575 Thread 0x0000020c02a88000 Exception <a 'java/lang/NoSuchMethodError'{0x0000000083f0a6b0}: <clinit>> (0x0000000083f0a6b0) thrown at [./src/hotspot/share/prims/jni.cpp, line 1362]
Event: 28.579 Thread 0x0000020c02a88000 Exception <a 'java/lang/NoSuchMethodError'{0x0000000083f230e8}: <clinit>> (0x0000000083f230e8) thrown at [./src/hotspot/share/prims/jni.cpp, line 1362]
Event: 28.697 Thread 0x0000020c02235800 Exception <a 'java/lang/ClassNotFoundException'{0x0000000083f73730}: build_ebr023w78e3v6ohh7m512c7mvBeanInfo> (0x0000000083f73730) thrown at [./src/hotspot/share/classfile/systemDictionary.cpp, line 231]
Event: 28.697 Thread 0x0000020c02235800 Exception <a 'java/lang/ClassNotFoundException'{0x0000000083f7e658}: build_ebr023w78e3v6ohh7m512c7mvCustomizer> (0x0000000083f7e658) thrown at [./src/hotspot/share/classfile/systemDictionary.cpp, line 231]
Event: 28.718 Thread 0x0000020c02235800 Exception <a 'java/lang/ClassNotFoundException'{0x0000000083ffe918}: org/gradle/plugin/use/internal/PluginRequestCollector$PluginDependenciesSpecImplBeanInfo> (0x0000000083ffe918) thrown at [./src/hotspot/share/classfile/systemDictionary.cpp, line 231]
Event: 28.720 Thread 0x0000020c02235800 Exception <a 'java/lang/ClassNotFoundException'{0x0000000083e2cc70}: org/gradle/plugin/use/internal/PluginRequestCollector$PluginDependenciesSpecImplCustomizer> (0x0000000083e2cc70) thrown at [./src/hotspot/share/classfile/systemDictionary.cpp, line 231]
Event: 28.939 Thread 0x0000020c02235800 Exception <a 'java/lang/ClassNotFoundException'{0x0000000083ceec80}: org/gradle/api/internal/plugins/DefaultObjectConfigurationActionBeanInfo> (0x0000000083ceec80) thrown at [./src/hotspot/share/classfile/systemDictionary.cpp, line 231]
Event: 28.940 Thread 0x0000020c02235800 Exception <a 'java/lang/ClassNotFoundException'{0x0000000083b210a8}: org/gradle/api/internal/plugins/DefaultObjectConfigurationActionCustomizer> (0x0000000083b210a8) thrown at [./src/hotspot/share/classfile/systemDictionary.cpp, line 231]
Event: 29.636 Thread 0x0000020c02235800 Exception <a 'java/lang/NoSuchMethodError'{0x00000000856057d8}: 'java.lang.Object java.lang.invoke.DirectMethodHandle$Holder.invokeStatic(java.lang.Object, java.lang.Object, java.lang.Object, java.lang.Object, int)'> (0x00000000856057d8) thrown at [./src/hotspot/share/interpreter/linkResolver.cpp, line 773]
Event: 29.638 Thread 0x0000020c02235800 Exception <a 'java/lang/NoSuchMethodError'{0x000000008560a1d0}: 'java.lang.Object java.lang.invoke.DirectMethodHandle$Holder.invokeSpecial(java.lang.Object, java.lang.Object, java.lang.Object, java.lang.Object, java.lang.Object, int)'> (0x000000008560a1d0) thrown at [./src/hotspot/share/interpreter/linkResolver.cpp, line 773]
Event: 29.638 Thread 0x0000020c02235800 Exception <a 'java/lang/NoSuchMethodError'{0x000000008560e810}: 'java.lang.Object java.lang.invoke.Invokers$Holder.linkToTargetMethod(java.lang.Object, java.lang.Object, java.lang.Object, int, java.lang.Object)'> (0x000000008560e810) thrown at [./src/hotspot/share/interpreter/linkResolver.cpp, line 773]
Event: 30.800 Thread 0x0000020c02235800 Exception <a 'java/lang/NoSuchMethodError'{0x0000000085c3a730}: 'java.lang.Object java.lang.invoke.DirectMethodHandle$Holder.invokeSpecial(java.lang.Object, java.lang.Object, int, int, java.lang.Object, java.lang.Object, java.lang.Object)'> (0x0000000085c3a730) thrown at [./src/hotspot/share/interpreter/linkResolver.cpp, line 773]
Event: 30.800 Thread 0x0000020c02235800 Exception <a 'java/lang/NoSuchMethodError'{0x0000000085c3ecb0}: 'java.lang.Object java.lang.invoke.DelegatingMethodHandle$Holder.reinvoke_L(java.lang.Object, int, int, java.lang.Object, java.lang.Object, java.lang.Object)'> (0x0000000085c3ecb0) thrown at [./src/hotspot/share/interpreter/linkResolver.cpp, line 773]
Event: 31.307 Thread 0x0000020c02235800 Exception <a 'java/lang/NoSuchMethodError'{0x0000000085067968}: 'int java.lang.invoke.DirectMethodHandle$Holder.invokeInterface(java.lang.Object, java.lang.Object, java.lang.Object, java.lang.Object)'> (0x0000000085067968) thrown at [./src/hotspot/share/interpreter/linkResolver.cpp, line 773]
Event: 31.880 Thread 0x0000020c02235800 Exception <a 'java/lang/NoSuchMethodError'{0x000000008469ffa0}: 'void java.lang.invoke.DirectMethodHandle$Holder.invokeInterface(java.lang.Object, java.lang.Object, java.lang.Object, java.lang.Object)'> (0x000000008469ffa0) thrown at [./src/hotspot/share/interpreter/linkResolver.cpp, line 773]
Event: 32.192 Thread 0x0000020c02235800 Exception <a 'java/lang/IncompatibleClassChangeError'{0x00000000859eadd0}: Found class java.lang.Object, but interface was expected> (0x00000000859eadd0) thrown at [./src/hotspot/share/interpreter/linkResolver.cpp, line 839]
Event: 32.629 Thread 0x0000020c02235800 Implicit null exception at 0x0000020c71e990ad to 0x0000020c71e99378

Events (20 events):
Event: 33.337 loading class com/android/build/api/dsl/BundleDensity
Event: 33.337 loading class com/android/build/api/dsl/BundleDensity done
Event: 33.351 loading class com/android/build/gradle/api/ViewBindingOptions
Event: 33.351 loading class com/android/build/gradle/api/ViewBindingOptions done
Event: 33.351 loading class com/android/build/api/dsl/SdkComponents
Event: 33.351 loading class com/android/build/api/dsl/SdkComponents done
Event: 33.352 loading class com/android/build/gradle/api/BaseVariant
Event: 33.352 loading class com/android/build/gradle/api/BaseVariant done
Event: 33.352 loading class com/android/build/gradle/api/TestVariant
Event: 33.352 loading class com/android/build/gradle/api/TestVariant done
Event: 33.353 loading class com/android/build/gradle/api/ApkVariant
Event: 33.353 loading class com/android/build/gradle/api/ApkVariant done
Event: 33.353 loading class com/android/build/gradle/api/InstallableVariant
Event: 33.353 loading class com/android/build/gradle/api/InstallableVariant done
Event: 33.353 loading class com/android/build/gradle/api/AndroidArtifactVariant
Event: 33.353 loading class com/android/build/gradle/api/AndroidArtifactVariant done
Event: 33.354 loading class com/android/build/gradle/api/VersionedVariant
Event: 33.354 loading class com/android/build/gradle/api/VersionedVariant done
Event: 33.354 loading class com/android/build/gradle/internal/core/InternalBaseVariant
Event: 33.354 loading class com/android/build/gradle/internal/core/InternalBaseVariant done


Dynamic libraries:
0x00007ff6bcf80000 - 0x00007ff6bcf8a000 	C:\Program Files\Android\Android Studio\jre\bin\java.exe
0x00007ff9c21a0000 - 0x00007ff9c2390000 	C:\WINDOWS\SYSTEM32\ntdll.dll
0x00007ff9c0b50000 - 0x00007ff9c0c02000 	C:\WINDOWS\System32\KERNEL32.DLL
0x00007ff9bfc90000 - 0x00007ff9bff35000 	C:\WINDOWS\System32\KERNELBASE.dll
0x00007ff9bf890000 - 0x00007ff9bf98a000 	C:\WINDOWS\System32\ucrtbase.dll
0x00007ff9b6b80000 - 0x00007ff9b6b99000 	C:\Program Files\Android\Android Studio\jre\bin\jli.dll
0x00007ff9b57a0000 - 0x00007ff9b57b7000 	C:\Program Files\Android\Android Studio\jre\bin\VCRUNTIME140.dll
0x00007ff9c1880000 - 0x00007ff9c1a14000 	C:\WINDOWS\System32\USER32.dll
0x00007ff9bffe0000 - 0x00007ff9c0001000 	C:\WINDOWS\System32\win32u.dll
0x00007ff9a41f0000 - 0x00007ff9a4474000 	C:\WINDOWS\WinSxS\amd64_microsoft.windows.common-controls_6595b64144ccf1df_6.0.18362.1440_none_9e7dbfb9e45e8e67\COMCTL32.dll
0x00007ff9c1b90000 - 0x00007ff9c1bb6000 	C:\WINDOWS\System32\GDI32.dll
0x00007ff9c0a10000 - 0x00007ff9c0aae000 	C:\WINDOWS\System32\msvcrt.dll
0x00007ff9bfaf0000 - 0x00007ff9bfc88000 	C:\WINDOWS\System32\gdi32full.dll
0x00007ff9bff40000 - 0x00007ff9bffde000 	C:\WINDOWS\System32\msvcp_win.dll
0x00007ff9c03c0000 - 0x00007ff9c06f6000 	C:\WINDOWS\System32\combase.dll
0x00007ff9c08f0000 - 0x00007ff9c0a0f000 	C:\WINDOWS\System32\RPCRT4.dll
0x00007ff9c0010000 - 0x00007ff9c0091000 	C:\WINDOWS\System32\bcryptPrimitives.dll
0x00007ff9c2130000 - 0x00007ff9c215e000 	C:\WINDOWS\System32\IMM32.DLL
0x00007ff9988e0000 - 0x00007ff99897d000 	C:\Program Files\Android\Android Studio\jre\bin\msvcp140.dll
0x00007ff9813e0000 - 0x00007ff981e9c000 	C:\Program Files\Android\Android Studio\jre\bin\server\jvm.dll
0x00007ff9c1d80000 - 0x00007ff9c1e23000 	C:\WINDOWS\System32\ADVAPI32.dll
0x00007ff9c0320000 - 0x00007ff9c03b7000 	C:\WINDOWS\System32\sechost.dll
0x00007ff9c1bc0000 - 0x00007ff9c1bc8000 	C:\WINDOWS\System32\PSAPI.DLL
0x00007ff9b9720000 - 0x00007ff9b9744000 	C:\WINDOWS\SYSTEM32\WINMM.dll
0x00007ff9b02a0000 - 0x00007ff9b02aa000 	C:\WINDOWS\SYSTEM32\VERSION.dll
0x00007ff9b9430000 - 0x00007ff9b945d000 	C:\WINDOWS\SYSTEM32\WINMMBASE.dll
0x00007ff9bfa40000 - 0x00007ff9bfa8a000 	C:\WINDOWS\System32\cfgmgr32.dll
0x00007ff9a02d0000 - 0x00007ff9a02d9000 	C:\WINDOWS\SYSTEM32\WSOCK32.dll
0x00007ff9c10a0000 - 0x00007ff9c110f000 	C:\WINDOWS\System32\ws2_32.DLL
0x00007ff9bf060000 - 0x00007ff9bf071000 	C:\WINDOWS\System32\kernel.appcore.dll
0x00007ff9b0660000 - 0x00007ff9b0671000 	C:\Program Files\Android\Android Studio\jre\bin\verify.dll
0x00007ff9ba7b0000 - 0x00007ff9ba9a4000 	C:\WINDOWS\SYSTEM32\DBGHELP.DLL
0x00007ff9a5ae0000 - 0x00007ff9a5b0a000 	C:\WINDOWS\SYSTEM32\dbgcore.DLL
0x00007ff9ab240000 - 0x00007ff9ab269000 	C:\Program Files\Android\Android Studio\jre\bin\java.dll
0x00007ff9b5780000 - 0x00007ff9b578b000 	C:\Program Files\Android\Android Studio\jre\bin\jimage.dll
0x00007ff9ab220000 - 0x00007ff9ab238000 	C:\Program Files\Android\Android Studio\jre\bin\zip.dll
0x00007ff9c1110000 - 0x00007ff9c17f8000 	C:\WINDOWS\System32\SHELL32.dll
0x00007ff9c0700000 - 0x00007ff9c07a7000 	C:\WINDOWS\System32\shcore.dll
0x00007ff9bf110000 - 0x00007ff9bf88b000 	C:\WINDOWS\System32\windows.storage.dll
0x00007ff9bf0f0000 - 0x00007ff9bf10e000 	C:\WINDOWS\System32\profapi.dll
0x00007ff9bf0a0000 - 0x00007ff9bf0ea000 	C:\WINDOWS\System32\powrprof.dll
0x00007ff9bf050000 - 0x00007ff9bf060000 	C:\WINDOWS\System32\UMPDC.dll
0x00007ff9c1ad0000 - 0x00007ff9c1b22000 	C:\WINDOWS\System32\shlwapi.dll
0x00007ff9c00a0000 - 0x00007ff9c00b7000 	C:\WINDOWS\System32\cryptsp.dll
0x00007ff9ab200000 - 0x00007ff9ab21a000 	C:\Program Files\Android\Android Studio\jre\bin\net.dll
0x00007ff9af350000 - 0x00007ff9af44a000 	C:\WINDOWS\SYSTEM32\WINHTTP.dll
0x00007ff9be830000 - 0x00007ff9be897000 	C:\WINDOWS\system32\mswsock.dll
0x00007ff9aa590000 - 0x00007ff9aa5a4000 	C:\Program Files\Android\Android Studio\jre\bin\nio.dll
0x00007ff9b8720000 - 0x00007ff9b8747000 	C:\Users\Joshua\.gradle\native\49d0259a56938c7f99b2704e745ce422c4f750a7a20b539a32ccef96729676b1\windows-amd64\native-platform.dll
0x00007ff991b80000 - 0x00007ff991d16000 	C:\Users\Joshua\.gradle\native\12488b8bf47d2d4c9fbf2f6322a914ad602e24e48041cd04a747c6da556b65c4\windows-amd64\native-platform-file-events.dll
0x00007ff9b78c0000 - 0x00007ff9b78ca000 	C:\Program Files\Android\Android Studio\jre\bin\management.dll
0x00007ff9b78b0000 - 0x00007ff9b78bc000 	C:\Program Files\Android\Android Studio\jre\bin\management_ext.dll
0x00007ff9be3b0000 - 0x00007ff9be3e3000 	C:\WINDOWS\system32\rsaenh.dll
0x00007ff9c00c0000 - 0x00007ff9c00e6000 	C:\WINDOWS\System32\bcrypt.dll
0x00007ff9bef30000 - 0x00007ff9bef55000 	C:\WINDOWS\SYSTEM32\USERENV.dll
0x00007ff9bea20000 - 0x00007ff9bea2c000 	C:\WINDOWS\SYSTEM32\CRYPTBASE.dll
0x00007ff9be540000 - 0x00007ff9be57a000 	C:\WINDOWS\SYSTEM32\IPHLPAPI.DLL
0x00007ff9c0c10000 - 0x00007ff9c0c18000 	C:\WINDOWS\System32\NSI.dll
0x00007ff9aefc0000 - 0x00007ff9aefd6000 	C:\WINDOWS\SYSTEM32\dhcpcsvc6.DLL
0x00007ff9af550000 - 0x00007ff9af56c000 	C:\WINDOWS\SYSTEM32\dhcpcsvc.DLL
0x00007ff9be580000 - 0x00007ff9be64b000 	C:\WINDOWS\SYSTEM32\DNSAPI.dll

dbghelp: loaded successfully - version: 4.0.5 - missing functions: none
symbol engine: initialized successfully - sym options: 0x614 - pdb path: .;C:\Program Files\Android\Android Studio\jre\bin;C:\WINDOWS\SYSTEM32;C:\WINDOWS\WinSxS\amd64_microsoft.windows.common-controls_6595b64144ccf1df_6.0.18362.1440_none_9e7dbfb9e45e8e67;C:\Program Files\Android\Android Studio\jre\bin\server;C:\Users\Joshua\.gradle\native\49d0259a56938c7f99b2704e745ce422c4f750a7a20b539a32ccef96729676b1\windows-amd64;C:\Users\Joshua\.gradle\native\12488b8bf47d2d4c9fbf2f6322a914ad602e24e48041cd04a747c6da556b65c4\windows-amd64

VM Arguments:
jvm_args: --add-opens=java.base/java.util=ALL-UNNAMED --add-opens=java.base/java.lang=ALL-UNNAMED --add-opens=java.base/java.lang.invoke=ALL-UNNAMED --add-opens=java.base/java.util=ALL-UNNAMED --add-opens=java.prefs/java.util.prefs=ALL-UNNAMED --add-opens=java.prefs/java.util.prefs=ALL-UNNAMED --add-opens=java.base/java.nio.charset=ALL-UNNAMED --add-opens=java.base/java.net=ALL-UNNAMED --add-opens=java.base/java.util.concurrent.atomic=ALL-UNNAMED -Xmx2048m -Dfile.encoding=UTF-8 -Duser.country=GB -Duser.language=en -Duser.variant 
java_command: org.gradle.launcher.daemon.bootstrap.GradleDaemon 7.0
java_class_path (initial): C:\Users\Joshua\.gradle\wrapper\dists\gradle-7.0-bin\2p9ebqfz6ilrfozi676ogco7n\gradle-7.0\lib\gradle-launcher-7.0.jar
Launcher Type: SUN_STANDARD

[Global flags]
     intx CICompilerCount                          = 3                                         {product} {ergonomic}
     uint ConcGCThreads                            = 1                                         {product} {ergonomic}
     uint G1ConcRefinementThreads                  = 4                                         {product} {ergonomic}
   size_t G1HeapRegionSize                         = 1048576                                   {product} {ergonomic}
    uintx GCDrainStackTargetSize                   = 64                                        {product} {ergonomic}
   size_t InitialHeapSize                          = 67108864                                  {product} {ergonomic}
   size_t MarkStackSize                            = 4194304                                   {product} {ergonomic}
   size_t MaxHeapSize                              = 2147483648                                {product} {command line}
   size_t MaxNewSize                               = 1287651328                                {product} {ergonomic}
   size_t MinHeapDeltaBytes                        = 1048576                                   {product} {ergonomic}
    uintx NonNMethodCodeHeapSize                   = 5830732                                {pd product} {ergonomic}
    uintx NonProfiledCodeHeapSize                  = 122913754                              {pd product} {ergonomic}
    uintx ProfiledCodeHeapSize                     = 122913754                              {pd product} {ergonomic}
    uintx ReservedCodeCacheSize                    = 251658240                              {pd product} {ergonomic}
     bool SegmentedCodeCache                       = true                                      {product} {ergonomic}
     bool UseCompressedClassPointers               = true                                 {lp64_product} {ergonomic}
     bool UseCompressedOops                        = true                                 {lp64_product} {ergonomic}
     bool UseG1GC                                  = true                                      {product} {ergonomic}
     bool UseLargePagesIndividualAllocation        = false                                  {pd product} {ergonomic}

Logging:
Log output configuration:
 #0: stdout all=warning uptime,level,tags
 #1: stderr all=off uptime,level,tags

Environment Variables:
PATH=C:\Program Files (x86)\Intel\iCLS Client\;C:\Program Files\Intel\iCLS Client\;C:\WINDOWS\system32;C:\WINDOWS;C:\WINDOWS\System32\Wbem;C:\WINDOWS\System32\WindowsPowerShell\v1.0\;c:\Program Files\Intel\WiFi\bin\;c:\Program Files\Common Files\Intel\WirelessCommon\;C:\Program Files (x86)\Intel\Intel(R) Management Engine Components\DAL;C:\Program Files\Intel\Intel(R) Management Engine Components\DAL;C:\Program Files (x86)\Intel\Intel(R) Management Engine Components\IPT;C:\Program Files\Intel\Intel(R) Management Engine Components\IPT;C:\WINDOWS\System32\OpenSSH\;C:\Program Files\Java\jdk-14\bin;C:\Program Files\PuTTY\;C:\Program Files\nodejs\;C:\Program Files\Git\cmd;C:\Program Files\MongoDB\Server\4.4\bin;C:\Program Files\MySQL\MySQL Shell 8.0\bin\;C:\Users\Joshua\AppData\Local\Microsoft\WindowsApps;C:\Users\Joshua\AppData\Local\Programs\Microsoft VS Code\bin;C:\Users\Joshua\AppData\Local\GitHubDesktop\bin;C:\Users\Joshua\AppData\Roaming\npm;C:\Users\Joshua\AppData\Local\nvs\;C:\Program Files\MongoDB\Server\4.4\bin;
USERNAME=Joshua
OS=Windows_NT
PROCESSOR_IDENTIFIER=Intel64 Family 6 Model 78 Stepping 3, GenuineIntel



---------------  S Y S T E M  ---------------

OS: Windows 10 , 64 bit Build 18362 (10.0.18362.1350)
OS uptime: 1 days 23:52 hours

CPU:total 4 (initial active 4) (2 cores per cpu, 2 threads per core) family 6 model 78 stepping 3, cmov, cx8, fxsr, mmx, sse, sse2, sse3, ssse3, sse4.1, sse4.2, popcnt, avx, avx2, aes, clmul, erms, 3dnowpref, lzcnt, ht, tsc, tscinvbit, bmi1, bmi2, adx, fma

Memory: 4k page, system-wide physical 3992M (339M free)
TotalPageFile size 8088M (AvailPageFile size 6M)
current process WorkingSet (physical memory assigned to process): 274M, peak: 276M
current process commit charge ("private bytes"): 303M, peak: 304M

vm_info: OpenJDK 64-Bit Server VM (11.0.8+10-b944.6842174) for windows-amd64 JRE (11.0.8+10-b944.6842174), built on Sep 19 2020 01:11:42 by "builder" with MS VC++ 14.0 (VS2015)

END.
