#
# There is insufficient memory for the Java Runtime Environment to continue.
# Native memory allocation (malloc) failed to allocate 1021936 bytes for Chunk::new
# Possible reasons:
#   The system is out of physical RAM or swap space
#   The process is running with CompressedOops enabled, and the Java Heap may be blocking the growth of the native heap
# Possible solutions:
#   Reduce memory load on the system
#   Increase physical memory or swap space
#   Check if swap backing store is full
#   Decrease Java heap size (-Xmx/-Xms)
#   Decrease number of Java threads
#   Decrease Java thread stack sizes (-Xss)
#   Set larger code cache with -XX:ReservedCodeCacheSize=
#   JVM is running with Unscaled Compressed Oops mode in which the Java heap is
#     placed in the first 4GB address space. The Java Heap base address is the
#     maximum limit for the native heap growth. Please use -XX:HeapBaseMinAddress
#     to set the Java Heap base and to place the Java Heap above 4GB virtual address.
# This output file may be truncated or incomplete.
#
#  Out of Memory Error (allocation.cpp:389), pid=9808, tid=0x0000000000001f70
#
# JRE version: OpenJDK Runtime Environment (8.0_242-b01) (build 1.8.0_242-release-1644-b01)
# Java VM: OpenJDK 64-Bit Server VM (25.242-b01 mixed mode windows-amd64 compressed oops)
# Failed to write core dump. Minidumps are not enabled by default on client versions of Windows
#

---------------  T H R E A D  ---------------

Current thread (0x0000000017bfb800):  JavaThread "C2 CompilerThread1" daemon [_thread_in_native, id=8048, stack(0x0000000019350000,0x0000000019450000)]

Stack: [0x0000000019350000,0x0000000019450000]
[error occurred during error reporting (printing stack bounds), id 0xc0000005]

Native frames: (J=compiled Java code, j=interpreted, Vv=VM code, C=native code)


Current CompileTask:
C2:15704687 17955   !   4       java.io.ObjectInputStream::readObject0 (671 bytes)


---------------  P R O C E S S  ---------------

Java Threads: ( => current thread )
  0x0000000023a9c800 JavaThread "stdout" [_thread_in_native, id=1276, stack(0x0000000026910000,0x0000000026a10000)]
  0x0000000023a9a800 JavaThread "stderr" [_thread_in_native, id=9392, stack(0x0000000026810000,0x0000000026910000)]
  0x0000000023a93000 JavaThread "stdout" [_thread_in_native, id=10932, stack(0x0000000026e10000,0x0000000026f10000)]
  0x0000000023a99000 JavaThread "stdout" [_thread_in_native, id=8900, stack(0x0000000026c10000,0x0000000026d10000)]
  0x0000000023a92000 JavaThread "stderr" [_thread_in_native, id=8152, stack(0x0000000026b10000,0x0000000026c10000)]
  0x0000000023a91800 JavaThread "stderr" [_thread_in_native, id=9364, stack(0x0000000026a10000,0x0000000026b10000)]
  0x0000000023a96000 JavaThread "pool-12-thread-1" [_thread_blocked, id=10132, stack(0x0000000026710000,0x0000000026810000)]
  0x0000000023a94800 JavaThread "WorkerExecutor Queue Thread 4" [_thread_blocked, id=5284, stack(0x0000000025560000,0x0000000025660000)]
  0x0000000023a93800 JavaThread "WorkerExecutor Queue Thread 3" [_thread_blocked, id=11592, stack(0x0000000025460000,0x0000000025560000)]
  0x0000000023a96800 JavaThread "WorkerExecutor Queue Thread 2" [_thread_blocked, id=8488, stack(0x000000001d4d0000,0x000000001d5d0000)]
  0x0000000023a90000 JavaThread "WorkerExecutor Queue" [_thread_blocked, id=12720, stack(0x0000000031200000,0x0000000031300000)]
  0x000000001b2c2000 JavaThread "Cache worker for execution history cache (C:\Users\Joshua\AndroidStudioProjects\SchoolProject\.gradle\6.5\executionHistory)" [_thread_blocked, id=12232, stack(0x0000000030f00000,0x0000000031000000)]
  0x000000001b81a000 JavaThread "Execution worker for ':' Thread 3" [_thread_blocked, id=11496, stack(0x0000000030e00000,0x0000000030f00000)]
  0x000000001b81d000 JavaThread "Execution worker for ':' Thread 2" [_thread_blocked, id=9924, stack(0x0000000030d00000,0x0000000030e00000)]
  0x000000001b819800 JavaThread "Execution worker for ':'" [_thread_blocked, id=10996, stack(0x0000000030c00000,0x0000000030d00000)]
  0x000000001b81f800 JavaThread "Cache worker for file content cache (C:\Users\Joshua\AndroidStudioProjects\SchoolProject\.gradle\6.5\fileContent)" [_thread_blocked, id=2308, stack(0x0000000030900000,0x0000000030a00000)]
  0x000000001b81e800 JavaThread "Cache worker for Build Output Cleanup Cache (C:\Users\Joshua\AndroidStudioProjects\SchoolProject\.gradle\buildOutputCleanup)" [_thread_blocked, id=6868, stack(0x000000002fe00000,0x000000002ff00000)]
  0x0000000023795000 JavaThread "Build operations Thread 4" [_thread_blocked, id=7796, stack(0x0000000025360000,0x0000000025460000)]
  0x0000000023792000 JavaThread "Build operations Thread 3" [_thread_blocked, id=3572, stack(0x0000000025260000,0x0000000025360000)]
  0x000000001b2cf800 JavaThread "Build operations Thread 2" [_thread_blocked, id=2680, stack(0x0000000025160000,0x0000000025260000)]
  0x000000001b2ce000 JavaThread "Build operations" [_thread_blocked, id=10576, stack(0x00000000218b0000,0x00000000219b0000)]
  0x000000001b2d0800 JavaThread "Cache worker for cache directory md-rule (C:\Users\Joshua\.gradle\caches\6.5\md-rule)" [_thread_blocked, id=13280, stack(0x00000000213a0000,0x00000000214a0000)]
  0x000000001b2cd800 JavaThread "Cache worker for cache directory md-supplier (C:\Users\Joshua\.gradle\caches\6.5\md-supplier)" [_thread_blocked, id=2804, stack(0x0000000020aa0000,0x0000000020ba0000)]
  0x000000001b2cc800 JavaThread "Cache worker for checksums cache (C:\Users\Joshua\AndroidStudioProjects\SchoolProject\.gradle\checksums)" [_thread_blocked, id=11388, stack(0x00000000203a0000,0x00000000204a0000)]
  0x000000001b2cf000 JavaThread "Cache worker for file hash cache (C:\Users\Joshua\AndroidStudioProjects\SchoolProject\.gradle\6.5\fileHashes)" [_thread_blocked, id=13060, stack(0x00000000202a0000,0x00000000203a0000)]
  0x000000001b2c5000 JavaThread "Thread-576" [_thread_blocked, id=7516, stack(0x000000001fba0000,0x000000001fca0000)]
  0x000000001b2c3800 JavaThread "Asynchronous log dispatcher for DefaultDaemonConnection: socket connection from /127.0.0.1:50320 to /127.0.0.1:51173" [_thread_blocked, id=5172, stack(0x000000001d3d0000,0x000000001d4d0000)]
  0x000000001b2c9000 JavaThread "Daemon worker Thread 6" [_thread_blocked, id=13272, stack(0x000000001d2d0000,0x000000001d3d0000)]
  0x000000001b2ca800 JavaThread "Cancel handler" [_thread_blocked, id=7636, stack(0x000000001d1d0000,0x000000001d2d0000)]
  0x000000001b2c3000 JavaThread "Handler for socket connection from /127.0.0.1:50320 to /127.0.0.1:51173" [_thread_in_native, id=3312, stack(0x000000001d0d0000,0x000000001d1d0000)]
  0x000000001b2c1800 JavaThread "Daemon Thread 6" [_thread_blocked, id=6696, stack(0x0000000001310000,0x0000000001410000)]
  0x000000001b2c6800 JavaThread "Memory manager" [_thread_blocked, id=2960, stack(0x000000002b060000,0x000000002b160000)]
  0x000000001a2ff000 JavaThread "Cache worker for file content cache (C:\Users\Joshua\.gradle\caches\6.5\fileContent)" [_thread_blocked, id=1720, stack(0x00000000212a0000,0x00000000213a0000)]
  0x000000001a300000 JavaThread "Cache worker for execution history cache (C:\Users\Joshua\.gradle\caches\6.5\executionHistory)" [_thread_in_native, id=2900, stack(0x0000000020da0000,0x0000000020ea0000)]
  0x000000001b81e000 JavaThread "Cache worker for file hash cache (C:\Users\Joshua\.gradle\caches\6.5\fileHashes)" [_thread_blocked, id=10912, stack(0x000000001dcd0000,0x000000001ddd0000)]
  0x000000001b81b000 JavaThread "File lock request listener" [_thread_in_native, id=8564, stack(0x000000001dbd0000,0x000000001dcd0000)]
  0x000000001b820000 JavaThread "Cache worker for journal cache (C:\Users\Joshua\.gradle\caches\journal-1)" [_thread_blocked, id=1796, stack(0x000000001d9d0000,0x000000001dad0000)]
  0x000000001b943800 JavaThread "Daemon periodic checks" [_thread_blocked, id=4408, stack(0x000000001cdd0000,0x000000001ced0000)]
  0x000000001b8f4000 JavaThread "Incoming local TCP Connector on port 50320" [_thread_in_native, id=10888, stack(0x000000001cb90000,0x000000001cc90000)]
  0x000000001b865800 JavaThread "Daemon health stats" [_thread_blocked, id=12060, stack(0x000000001c550000,0x000000001c650000)]
  0x0000000019588800 JavaThread "Service Thread" daemon [_thread_blocked, id=8036, stack(0x0000000019950000,0x0000000019a50000)]
  0x0000000017c08800 JavaThread "C1 CompilerThread2" daemon [_thread_blocked, id=4884, stack(0x0000000019450000,0x0000000019550000)]
=>0x0000000017bfb800 JavaThread "C2 CompilerThread1" daemon [_thread_in_native, id=8048, stack(0x0000000019350000,0x0000000019450000)]
  0x0000000017bf7000 JavaThread "C2 CompilerThread0" daemon [_thread_blocked, id=4260, stack(0x0000000019250000,0x0000000019350000)]
  0x0000000017bf4800 JavaThread "Attach Listener" daemon [_thread_blocked, id=11980, stack(0x0000000019150000,0x0000000019250000)]
  0x0000000017bf1000 JavaThread "Signal Dispatcher" daemon [_thread_blocked, id=7104, stack(0x0000000019050000,0x0000000019150000)]
  0x0000000002fcb000 JavaThread "Finalizer" daemon [_thread_blocked, id=11780, stack(0x0000000018e50000,0x0000000018f50000)]
  0x0000000017bd9000 JavaThread "Reference Handler" daemon [_thread_blocked, id=428, stack(0x0000000018d50000,0x0000000018e50000)]
  0x0000000002ece800 JavaThread "main" [_thread_blocked, id=10960, stack(0x0000000002d00000,0x0000000002e00000)]

Other Threads:
  0x0000000017bb6800 VMThread [stack: 0x0000000018c50000,0x0000000018d50000] [id=10780]
  0x0000000017c4c000 WatcherThread [stack: 0x0000000019a50000,0x0000000019b50000] [id=10540]

VM state:not at safepoint (normal execution)

VM Mutex/Monitor currently owned by a thread: None

heap address: 0x0000000080000000, size: 2048 MB, Compressed Oops mode: 32-bit
Narrow klass base: 0x0000000000000000, Narrow klass shift: 3
Compressed class space size: 1073741824 Address: 0x0000000100000000

Heap:
 PSYoungGen      total 301568K, used 135757K [0x00000000d5580000, 0x00000000ecb00000, 0x0000000100000000)
  eden space 252416K, 53% used [0x00000000d5580000,0x00000000dda13578,0x00000000e4c00000)
  from space 49152K, 0% used [0x00000000e4c00000,0x00000000e4c00000,0x00000000e7c00000)
  to   space 48128K, 0% used [0x00000000e9c00000,0x00000000e9c00000,0x00000000ecb00000)
 ParOldGen       total 216576K, used 90002K [0x0000000080000000, 0x000000008d380000, 0x00000000d5580000)
  object space 216576K, 41% used [0x0000000080000000,0x00000000857e4bc0,0x000000008d380000)
 Metaspace       used 152841K, capacity 158724K, committed 160984K, reserved 1187840K
  class space    used 20209K, capacity 21517K, committed 22016K, reserved 1048576K

Card table byte_map: [0x0000000012390000,0x00000000127a0000] byte_map_base: 0x0000000011f90000

Marking Bits: (ParMarkBitMap*) 0x0000000050cef030
 Begin Bits: [0x0000000012e50000, 0x0000000014e50000)
 End Bits:   [0x0000000014e50000, 0x0000000016e50000)

Polling page: 0x0000000000f30000

CodeCache: size=245760Kb used=49698Kb max_used=49967Kb free=196062Kb
 bounds [0x0000000002fd0000, 0x0000000006110000, 0x0000000011fd0000]
 total_blobs=15277 nmethods=14389 adapters=799
 compilation: enabled

Compilation events (10 events):
Event: 15704.273 Thread 0x0000000017bf7000 17961       4       java.io.ObjectInputStream$BlockDataInputStream::readByte (20 bytes)
Event: 15704.273 Thread 0x0000000017bf7000 nmethod 17961 0x0000000003495690 code [0x00000000034957e0, 0x0000000003495888]
Event: 15704.273 Thread 0x0000000017bf7000 17970       4       java.io.ObjectInputStream::readNull (27 bytes)
Event: 15704.274 Thread 0x0000000017bf7000 nmethod 17970 0x00000000060d88d0 code [0x00000000060d8a20, 0x00000000060d8b08]
Event: 15704.274 Thread 0x0000000017bf7000 17959       4       java.io.ObjectStreamClass::hasReadResolveMethod (17 bytes)
Event: 15704.275 Thread 0x0000000017bf7000 nmethod 17959 0x0000000003495450 code [0x0000000003495580, 0x0000000003495618]
Event: 15704.275 Thread 0x0000000017bf7000 17957       4       java.io.ObjectStreamClass::isInstantiable (17 bytes)
Event: 15704.275 Thread 0x0000000017bf7000 nmethod 17957 0x0000000003530050 code [0x0000000003530180, 0x0000000003530218]
Event: 15704.275 Thread 0x0000000017bf7000 17958       4       java.io.ObjectStreamClass::checkDeserialize (20 bytes)
Event: 15704.276 Thread 0x0000000017bf7000 nmethod 17958 0x000000000352fd90 code [0x000000000352fec0, 0x000000000352ff58]

GC Heap History (10 events):
Event: 10420.087 GC heap before
{Heap before GC invocations=28 (full 4):
 PSYoungGen      total 222720K, used 222694K [0x00000000d5580000, 0x00000000e9200000, 0x0000000100000000)
  eden space 181760K, 100% used [0x00000000d5580000,0x00000000e0700000,0x00000000e0700000)
  from space 40960K, 99% used [0x00000000e0700000,0x00000000e2ef9a00,0x00000000e2f00000)
  to   space 50688K, 0% used [0x00000000e6080000,0x00000000e6080000,0x00000000e9200000)
 ParOldGen       total 135680K, used 52704K [0x0000000080000000, 0x0000000088480000, 0x00000000d5580000)
  object space 135680K, 38% used [0x0000000080000000,0x0000000083378320,0x0000000088480000)
 Metaspace       used 129568K, capacity 135420K, committed 135640K, reserved 1167360K
  class space    used 17245K, capacity 18427K, committed 18432K, reserved 1048576K
Event: 10420.232 GC heap after
Heap after GC invocations=28 (full 4):
 PSYoungGen      total 270336K, used 36692K [0x00000000d5580000, 0x00000000e9880000, 0x0000000100000000)
  eden space 219648K, 0% used [0x00000000d5580000,0x00000000d5580000,0x00000000e2c00000)
  from space 50688K, 72% used [0x00000000e6080000,0x00000000e84550a8,0x00000000e9200000)
  to   space 53760K, 0% used [0x00000000e2c00000,0x00000000e2c00000,0x00000000e6080000)
 ParOldGen       total 135680K, used 71179K [0x0000000080000000, 0x0000000088480000, 0x00000000d5580000)
  object space 135680K, 52% used [0x0000000080000000,0x0000000084582e30,0x0000000088480000)
 Metaspace       used 129568K, capacity 135420K, committed 135640K, reserved 1167360K
  class space    used 17245K, capacity 18427K, committed 18432K, reserved 1048576K
}
Event: 10645.607 GC heap before
{Heap before GC invocations=29 (full 4):
 PSYoungGen      total 270336K, used 256340K [0x00000000d5580000, 0x00000000e9880000, 0x0000000100000000)
  eden space 219648K, 100% used [0x00000000d5580000,0x00000000e2c00000,0x00000000e2c00000)
  from space 50688K, 72% used [0x00000000e6080000,0x00000000e84550a8,0x00000000e9200000)
  to   space 53760K, 0% used [0x00000000e2c00000,0x00000000e2c00000,0x00000000e6080000)
 ParOldGen       total 135680K, used 71179K [0x0000000080000000, 0x0000000088480000, 0x00000000d5580000)
  object space 135680K, 52% used [0x0000000080000000,0x0000000084582e30,0x0000000088480000)
 Metaspace       used 135621K, capacity 142016K, committed 142168K, reserved 1171456K
  class space    used 17899K, capacity 19267K, committed 19328K, reserved 1048576K
Event: 10649.087 GC heap after
Heap after GC invocations=29 (full 4):
 PSYoungGen      total 273408K, used 24972K [0x00000000d5580000, 0x00000000eb480000, 0x0000000100000000)
  eden space 219648K, 0% used [0x00000000d5580000,0x00000000d5580000,0x00000000e2c00000)
  from space 53760K, 46% used [0x00000000e2c00000,0x00000000e4463060,0x00000000e6080000)
  to   space 51200K, 0% used [0x00000000e8280000,0x00000000e8280000,0x00000000eb480000)
 ParOldGen       total 135680K, used 90017K [0x0000000080000000, 0x0000000088480000, 0x00000000d5580000)
  object space 135680K, 66% used [0x0000000080000000,0x00000000857e8590,0x0000000088480000)
 Metaspace       used 135621K, capacity 142016K, committed 142168K, reserved 1171456K
  class space    used 17899K, capacity 19267K, committed 19328K, reserved 1048576K
}
Event: 15573.862 GC heap before
{Heap before GC invocations=30 (full 4):
 PSYoungGen      total 273408K, used 244620K [0x00000000d5580000, 0x00000000eb480000, 0x0000000100000000)
  eden space 219648K, 100% used [0x00000000d5580000,0x00000000e2c00000,0x00000000e2c00000)
  from space 53760K, 46% used [0x00000000e2c00000,0x00000000e4463060,0x00000000e6080000)
  to   space 51200K, 0% used [0x00000000e8280000,0x00000000e8280000,0x00000000eb480000)
 ParOldGen       total 135680K, used 90017K [0x0000000080000000, 0x0000000088480000, 0x00000000d5580000)
  object space 135680K, 66% used [0x0000000080000000,0x00000000857e8590,0x0000000088480000)
 Metaspace       used 144379K, capacity 151180K, committed 151256K, reserved 1179648K
  class space    used 19002K, capacity 20430K, committed 20480K, reserved 1048576K
Event: 15574.803 GC heap after
Heap after GC invocations=30 (full 4):
 PSYoungGen      total 294912K, used 19310K [0x00000000d5580000, 0x00000000eac00000, 0x0000000100000000)
  eden space 252416K, 0% used [0x00000000d5580000,0x00000000d5580000,0x00000000e4c00000)
  from space 42496K, 45% used [0x00000000e8280000,0x00000000e955b8b8,0x00000000eac00000)
  to   space 49152K, 0% used [0x00000000e4c00000,0x00000000e4c00000,0x00000000e7c00000)
 ParOldGen       total 135680K, used 105501K [0x0000000080000000, 0x0000000088480000, 0x00000000d5580000)
  object space 135680K, 77% used [0x0000000080000000,0x0000000086707460,0x0000000088480000)
 Metaspace       used 144379K, capacity 151180K, committed 151256K, reserved 1179648K
  class space    used 19002K, capacity 20430K, committed 20480K, reserved 1048576K
}
Event: 15627.072 GC heap before
{Heap before GC invocations=31 (full 4):
 PSYoungGen      total 294912K, used 271726K [0x00000000d5580000, 0x00000000eac00000, 0x0000000100000000)
  eden space 252416K, 100% used [0x00000000d5580000,0x00000000e4c00000,0x00000000e4c00000)
  from space 42496K, 45% used [0x00000000e8280000,0x00000000e955b8b8,0x00000000eac00000)
  to   space 49152K, 0% used [0x00000000e4c00000,0x00000000e4c00000,0x00000000e7c00000)
 ParOldGen       total 135680K, used 105501K [0x0000000080000000, 0x0000000088480000, 0x00000000d5580000)
  object space 135680K, 77% used [0x0000000080000000,0x0000000086707460,0x0000000088480000)
 Metaspace       used 153655K, capacity 160942K, committed 160984K, reserved 1187840K
  class space    used 20428K, capacity 21988K, committed 22016K, reserved 1048576K
Event: 15627.207 GC heap after
Heap after GC invocations=31 (full 4):
 PSYoungGen      total 301568K, used 27219K [0x00000000d5580000, 0x00000000ecb00000, 0x0000000100000000)
  eden space 252416K, 0% used [0x00000000d5580000,0x00000000d5580000,0x00000000e4c00000)
  from space 49152K, 55% used [0x00000000e4c00000,0x00000000e6694dc8,0x00000000e7c00000)
  to   space 48128K, 0% used [0x00000000e9c00000,0x00000000e9c00000,0x00000000ecb00000)
 ParOldGen       total 135680K, used 115615K [0x0000000080000000, 0x0000000088480000, 0x00000000d5580000)
  object space 135680K, 85% used [0x0000000080000000,0x00000000870e7c10,0x0000000088480000)
 Metaspace       used 153655K, capacity 160942K, committed 160984K, reserved 1187840K
  class space    used 20428K, capacity 21988K, committed 22016K, reserved 1048576K
}
Event: 15627.231 GC heap before
{Heap before GC invocations=32 (full 5):
 PSYoungGen      total 301568K, used 27219K [0x00000000d5580000, 0x00000000ecb00000, 0x0000000100000000)
  eden space 252416K, 0% used [0x00000000d5580000,0x00000000d5580000,0x00000000e4c00000)
  from space 49152K, 55% used [0x00000000e4c00000,0x00000000e6694dc8,0x00000000e7c00000)
  to   space 48128K, 0% used [0x00000000e9c00000,0x00000000e9c00000,0x00000000ecb00000)
 ParOldGen       total 135680K, used 115615K [0x0000000080000000, 0x0000000088480000, 0x00000000d5580000)
  object space 135680K, 85% used [0x0000000080000000,0x00000000870e7c10,0x0000000088480000)
 Metaspace       used 153655K, capacity 160942K, committed 160984K, reserved 1187840K
  class space    used 20428K, capacity 21988K, committed 22016K, reserved 1048576K
Event: 15690.155 GC heap after
Heap after GC invocations=32 (full 5):
 PSYoungGen      total 301568K, used 0K [0x00000000d5580000, 0x00000000ecb00000, 0x0000000100000000)
  eden space 252416K, 0% used [0x00000000d5580000,0x00000000d5580000,0x00000000e4c00000)
  from space 49152K, 0% used [0x00000000e4c00000,0x00000000e4c00000,0x00000000e7c00000)
  to   space 48128K, 0% used [0x00000000e9c00000,0x00000000e9c00000,0x00000000ecb00000)
 ParOldGen       total 216576K, used 90002K [0x0000000080000000, 0x000000008d380000, 0x00000000d5580000)
  object space 216576K, 41% used [0x0000000080000000,0x00000000857e4bc0,0x000000008d380000)
 Metaspace       used 152191K, capacity 158046K, committed 160984K, reserved 1187840K
  class space    used 20118K, capacity 21398K, committed 22016K, reserved 1048576K
}

Deoptimization events (10 events):
Event: 15703.851 Thread 0x000000001b819800 Uncommon trap: reason=class_check action=maybe_recompile pc=0x00000000053c0f04 method=java.io.Writer.append(Ljava/lang/CharSequence;)Ljava/io/Writer; @ 20
Event: 15703.856 Thread 0x000000001b2c2000 Uncommon trap: reason=class_check action=maybe_recompile pc=0x0000000005a71be4 method=com.google.common.collect.ImmutableMultimap$1.next()Ljava/util/Map$Entry; @ 4
Event: 15703.915 Thread 0x000000001b819800 Uncommon trap: reason=unstable_if action=reinterpret pc=0x0000000005ed50d8 method=com.google.common.collect.RegularImmutableMap.get(Ljava/lang/Object;[Lcom/google/common/collect/ImmutableMapEntry;I)Ljava/lang/Object; @ 5
Event: 15703.967 Thread 0x0000000023a9a800 Uncommon trap: reason=unstable_if action=reinterpret pc=0x00000000048e73e4 method=java.io.BufferedReader.readLine(Z)Ljava/lang/String; @ 265
Event: 15704.065 Thread 0x0000000023a92000 Uncommon trap: reason=unstable_if action=reinterpret pc=0x00000000048e73e4 method=java.io.BufferedReader.readLine(Z)Ljava/lang/String; @ 265
Event: 15704.127 Thread 0x0000000023a90000 Uncommon trap: reason=class_check action=maybe_recompile pc=0x00000000060f5c74 method=java.lang.reflect.Constructor.newInstance([Ljava/lang/Object;)Ljava/lang/Object; @ 79
Event: 15704.127 Thread 0x0000000023a90000 Uncommon trap: reason=class_check action=maybe_recompile pc=0x00000000060f5c74 method=java.lang.reflect.Constructor.newInstance([Ljava/lang/Object;)Ljava/lang/Object; @ 79
Event: 15704.127 Thread 0x0000000023a90000 Uncommon trap: reason=class_check action=maybe_recompile pc=0x00000000060f5c74 method=java.lang.reflect.Constructor.newInstance([Ljava/lang/Object;)Ljava/lang/Object; @ 79
Event: 15704.127 Thread 0x0000000023a90000 Uncommon trap: reason=class_check action=maybe_recompile pc=0x00000000060f5c74 method=java.lang.reflect.Constructor.newInstance([Ljava/lang/Object;)Ljava/lang/Object; @ 79
Event: 15704.128 Thread 0x0000000023a90000 Uncommon trap: reason=class_check action=maybe_recompile pc=0x00000000060e67bc method=java.lang.reflect.Constructor.newInstance([Ljava/lang/Object;)Ljava/lang/Object; @ 79

Classes redefined (0 events):
No events

Internal exceptions (10 events):
Event: 15696.397 Thread 0x000000001b2c9000 Implicit null exception at 0x0000000005fbd223 to 0x0000000005fbf691
Event: 15696.397 Thread 0x000000001b2c9000 Implicit null exception at 0x0000000005fb30d7 to 0x0000000005fb3435
Event: 15699.018 Thread 0x000000001b2c9000 Implicit null exception at 0x000000000604c805 to 0x000000000604a461
Event: 15699.397 Thread 0x000000001b2c9000 Exception <a 'java/lang/NoSuchMethodError': <clinit>> (0x00000000dbdb6728) thrown at [C:\src\AOSP-openjdk-git\hotspot\src\share\vm\prims\jni.cpp, line 1615]
Event: 15699.398 Thread 0x000000001b2c9000 Exception <a 'java/lang/NoSuchMethodError': <clinit>> (0x00000000dbdca4c8) thrown at [C:\src\AOSP-openjdk-git\hotspot\src\share\vm\prims\jni.cpp, line 1615]
Event: 15699.403 Thread 0x000000001b2c9000 Exception <a 'java/lang/NoSuchMethodError': <clinit>> (0x00000000dbde1658) thrown at [C:\src\AOSP-openjdk-git\hotspot\src\share\vm\prims\jni.cpp, line 1615]
Event: 15702.929 Thread 0x0000000023a90000 Exception <a 'java/io/IOException'> (0x00000000dd322c70) thrown at [C:\src\AOSP-openjdk-git\hotspot\src\share\vm\prims\jni.cpp, line 710]
Event: 15702.929 Thread 0x0000000023a93800 Exception <a 'java/io/IOException'> (0x00000000dd262048) thrown at [C:\src\AOSP-openjdk-git\hotspot\src\share\vm\prims\jni.cpp, line 710]
Event: 15703.204 Thread 0x000000001b819800 Exception <a 'java/lang/NoSuchMethodError': <clinit>> (0x00000000dd220a80) thrown at [C:\src\AOSP-openjdk-git\hotspot\src\share\vm\prims\jni.cpp, line 1615]
Event: 15703.915 Thread 0x000000001b819800 Implicit null exception at 0x0000000005ed4f7f to 0x0000000005ed50c9

Events (10 events):
Event: 15704.127 Thread 0x0000000023a90000 DEOPT UNPACKING pc=0x000000000301557b sp=0x00000000312fe0c0 mode 2
Event: 15704.127 Thread 0x0000000023a90000 Uncommon trap: trap_request=0xffffffde fr.pc=0x00000000060f5c74
Event: 15704.127 Thread 0x0000000023a90000 DEOPT PACKING pc=0x00000000060f5c74 sp=0x00000000312fe000
Event: 15704.127 Thread 0x0000000023a90000 DEOPT UNPACKING pc=0x000000000301557b sp=0x00000000312fde80 mode 2
Event: 15704.127 Thread 0x0000000023a90000 Uncommon trap: trap_request=0xffffffde fr.pc=0x00000000060f5c74
Event: 15704.128 Thread 0x0000000023a90000 DEOPT PACKING pc=0x00000000060f5c74 sp=0x00000000312fddc0
Event: 15704.128 Thread 0x0000000023a90000 DEOPT UNPACKING pc=0x000000000301557b sp=0x00000000312fdc40 mode 2
Event: 15704.128 Thread 0x0000000023a90000 Uncommon trap: trap_request=0xffffffde fr.pc=0x00000000060e67bc
Event: 15704.128 Thread 0x0000000023a90000 DEOPT PACKING pc=0x00000000060e67bc sp=0x00000000312fdf70
Event: 15704.128 Thread 0x0000000023a90000 DEOPT UNPACKING pc=0x000000000301557b sp=0x00000000312fde70 mode 2


Dynamic libraries:
0x00007ff634170000 - 0x00007ff6341a1000 	C:\Program Files\Android\Android Studio1\jre\bin\java.exe
0x00007ffa5b600000 - 0x00007ffa5b7f0000 	C:\WINDOWS\SYSTEM32\ntdll.dll
0x00007ffa5a5d0000 - 0x00007ffa5a682000 	C:\WINDOWS\System32\KERNEL32.DLL
0x00007ffa585a0000 - 0x00007ffa58845000 	C:\WINDOWS\System32\KERNELBASE.dll
0x00007ffa5a690000 - 0x00007ffa5a733000 	C:\WINDOWS\System32\ADVAPI32.dll
0x00007ffa5a740000 - 0x00007ffa5a7de000 	C:\WINDOWS\System32\msvcrt.dll
0x00007ffa5a7e0000 - 0x00007ffa5a877000 	C:\WINDOWS\System32\sechost.dll
0x00007ffa5a880000 - 0x00007ffa5a99f000 	C:\WINDOWS\System32\RPCRT4.dll
0x00007ffa5abb0000 - 0x00007ffa5ad44000 	C:\WINDOWS\System32\USER32.dll
0x00007ffa588a0000 - 0x00007ffa588c1000 	C:\WINDOWS\System32\win32u.dll
0x00007ffa59e30000 - 0x00007ffa59e56000 	C:\WINDOWS\System32\GDI32.dll
0x00007ffa58930000 - 0x00007ffa58ac8000 	C:\WINDOWS\System32\gdi32full.dll
0x00007ffa58de0000 - 0x00007ffa58e7e000 	C:\WINDOWS\System32\msvcp_win.dll
0x00007ffa58ad0000 - 0x00007ffa58bca000 	C:\WINDOWS\System32\ucrtbase.dll
0x00007ffa3d890000 - 0x00007ffa3db14000 	C:\WINDOWS\WinSxS\amd64_microsoft.windows.common-controls_6595b64144ccf1df_6.0.18362.1440_none_9e7dbfb9e45e8e67\COMCTL32.dll
0x00007ffa5a290000 - 0x00007ffa5a5c6000 	C:\WINDOWS\System32\combase.dll
0x00007ffa59620000 - 0x00007ffa596a1000 	C:\WINDOWS\System32\bcryptPrimitives.dll
0x00007ffa5af70000 - 0x00007ffa5af9e000 	C:\WINDOWS\System32\IMM32.DLL
0x0000000050230000 - 0x0000000050302000 	C:\Program Files\Android\Android Studio1\jre\jre\bin\msvcr100.dll
0x0000000050520000 - 0x0000000050d6b000 	C:\Program Files\Android\Android Studio1\jre\jre\bin\server\jvm.dll
0x00007ffa59e20000 - 0x00007ffa59e28000 	C:\WINDOWS\System32\PSAPI.DLL
0x00007ffa49050000 - 0x00007ffa4905a000 	C:\WINDOWS\SYSTEM32\VERSION.dll
0x00007ffa52eb0000 - 0x00007ffa52ed4000 	C:\WINDOWS\SYSTEM32\WINMM.dll
0x00007ffa39be0000 - 0x00007ffa39be9000 	C:\WINDOWS\SYSTEM32\WSOCK32.dll
0x00007ffa5a9a0000 - 0x00007ffa5aa0f000 	C:\WINDOWS\System32\WS2_32.dll
0x00007ffa52b10000 - 0x00007ffa52b3d000 	C:\WINDOWS\SYSTEM32\winmmbase.dll
0x00007ffa58850000 - 0x00007ffa5889a000 	C:\WINDOWS\System32\cfgmgr32.dll
0x00007ffa4fac0000 - 0x00007ffa4facf000 	C:\Program Files\Android\Android Studio1\jre\jre\bin\verify.dll
0x00007ffa49680000 - 0x00007ffa496a9000 	C:\Program Files\Android\Android Studio1\jre\jre\bin\java.dll
0x00007ffa52fa0000 - 0x00007ffa52fb6000 	C:\Program Files\Android\Android Studio1\jre\jre\bin\zip.dll
0x00007ffa596b0000 - 0x00007ffa59d98000 	C:\WINDOWS\System32\SHELL32.dll
0x00007ffa5ae90000 - 0x00007ffa5af37000 	C:\WINDOWS\System32\shcore.dll
0x00007ffa58e80000 - 0x00007ffa595fb000 	C:\WINDOWS\System32\windows.storage.dll
0x00007ffa584c0000 - 0x00007ffa584de000 	C:\WINDOWS\System32\profapi.dll
0x00007ffa58500000 - 0x00007ffa5854a000 	C:\WINDOWS\System32\powrprof.dll
0x00007ffa584b0000 - 0x00007ffa584c0000 	C:\WINDOWS\System32\UMPDC.dll
0x00007ffa5ae30000 - 0x00007ffa5ae82000 	C:\WINDOWS\System32\shlwapi.dll
0x00007ffa584e0000 - 0x00007ffa584f1000 	C:\WINDOWS\System32\kernel.appcore.dll
0x00007ffa59600000 - 0x00007ffa59617000 	C:\WINDOWS\System32\cryptsp.dll
0x00007ffa465a0000 - 0x00007ffa465ba000 	C:\Program Files\Android\Android Studio1\jre\jre\bin\net.dll
0x00007ffa57c90000 - 0x00007ffa57cf7000 	C:\WINDOWS\system32\mswsock.dll
0x00007ffa463a0000 - 0x00007ffa463b3000 	C:\Program Files\Android\Android Studio1\jre\jre\bin\nio.dll
0x00007ffa385f0000 - 0x00007ffa38617000 	C:\Users\Joshua\.gradle\native\f6784746aeab05261644944871eae4fe03e0ef1612fff0a4a95f87b438bc6780\windows-amd64\native-platform.dll
0x00007ffa52f90000 - 0x00007ffa52f9d000 	C:\Program Files\Android\Android Studio1\jre\jre\bin\management.dll
0x00007ffa57810000 - 0x00007ffa57843000 	C:\WINDOWS\system32\rsaenh.dll
0x00007ffa58570000 - 0x00007ffa58596000 	C:\WINDOWS\System32\bcrypt.dll
0x00007ffa58390000 - 0x00007ffa583b5000 	C:\WINDOWS\SYSTEM32\USERENV.dll
0x00007ffa57e60000 - 0x00007ffa57e6c000 	C:\WINDOWS\SYSTEM32\CRYPTBASE.dll
0x00007ffa579a0000 - 0x00007ffa579da000 	C:\WINDOWS\SYSTEM32\IPHLPAPI.DLL
0x00007ffa5af60000 - 0x00007ffa5af68000 	C:\WINDOWS\System32\NSI.dll
0x00007ffa487b0000 - 0x00007ffa487c6000 	C:\WINDOWS\SYSTEM32\dhcpcsvc6.DLL
0x00007ffa48dc0000 - 0x00007ffa48ddc000 	C:\WINDOWS\SYSTEM32\dhcpcsvc.DLL
0x00007ffa579e0000 - 0x00007ffa57aab000 	C:\WINDOWS\SYSTEM32\DNSAPI.dll
0x00007ffa48ff0000 - 0x00007ffa48ffb000 	C:\WINDOWS\SYSTEM32\WINNSI.DLL
0x00007ffa47d10000 - 0x00007ffa47d34000 	C:\Program Files\Android\Android Studio1\jre\jre\bin\sunec.dll
0x00007ffa470f0000 - 0x00007ffa470fa000 	C:\Windows\System32\rasadhlp.dll
0x00007ffa48590000 - 0x00007ffa48607000 	C:\WINDOWS\System32\fwpuclnt.dll
0x00007ffa52fe0000 - 0x00007ffa52feb000 	C:\Program Files\Android\Android Studio1\jre\jre\bin\sunmscapi.dll
0x00007ffa58c80000 - 0x00007ffa58dd1000 	C:\WINDOWS\System32\CRYPT32.dll
0x00007ffa58550000 - 0x00007ffa58562000 	C:\WINDOWS\System32\MSASN1.dll
0x00007ffa574f0000 - 0x00007ffa57521000 	C:\WINDOWS\SYSTEM32\ntmarta.dll
0x00007ffa530e0000 - 0x00007ffa5316f000 	C:\WINDOWS\system32\apphelp.dll

VM Arguments:
jvm_args: -Xmx2048m -Dfile.encoding=UTF-8 -Duser.country=GB -Duser.language=en -Duser.variant 
java_command: org.gradle.launcher.daemon.bootstrap.GradleDaemon 6.5
java_class_path (initial): C:\Users\Joshua\.gradle\wrapper\dists\gradle-6.5-bin\6nifqtx7604sqp1q6g8wikw7p\gradle-6.5\lib\gradle-launcher-6.5.jar
Launcher Type: SUN_STANDARD

Environment Variables:
PATH=C:\Program Files (x86)\Intel\iCLS Client\;C:\Program Files\Intel\iCLS Client\;C:\WINDOWS\system32;C:\WINDOWS;C:\WINDOWS\System32\Wbem;C:\WINDOWS\System32\WindowsPowerShell\v1.0\;c:\Program Files\Intel\WiFi\bin\;c:\Program Files\Common Files\Intel\WirelessCommon\;C:\Program Files (x86)\Intel\Intel(R) Management Engine Components\DAL;C:\Program Files\Intel\Intel(R) Management Engine Components\DAL;C:\Program Files (x86)\Intel\Intel(R) Management Engine Components\IPT;C:\Program Files\Intel\Intel(R) Management Engine Components\IPT;C:\WINDOWS\System32\OpenSSH\;C:\Program Files\Java\jdk-14\bin;C:\Program Files\PuTTY\;C:\Program Files\nodejs\;C:\Program Files\Git\cmd;C:\Program Files\MongoDB\Server\4.4\bin;C:\Program Files\MySQL\MySQL Shell 8.0\bin\;C:\Users\Joshua\AppData\Local\Microsoft\WindowsApps;C:\Users\Joshua\AppData\Local\Programs\Microsoft VS Code\bin;C:\Users\Joshua\AppData\Local\GitHubDesktop\bin;C:\Users\Joshua\AppData\Roaming\npm;C:\Users\Joshua\AppData\Local\nvs\
USERNAME=Joshua
OS=Windows_NT
PROCESSOR_IDENTIFIER=Intel64 Family 6 Model 78 Stepping 3, GenuineIntel



---------------  S Y S T E M  ---------------

OS: Windows 10.0 , 64 bit Build 18362 (10.0.18362.1350)

CPU:total 4 (initial active 4) (2 cores per cpu, 2 threads per core) family 6 model 78 stepping 3, cmov, cx8, fxsr, mmx, sse, sse2, sse3, ssse3, sse4.1, sse4.2, popcnt, avx, avx2, aes, clmul, erms, 3dnowpref, lzcnt, ht, tsc, tscinvbit, bmi1, bmi2, adx

Memory: 4k page, physical 4088416k(288132k free), swap 8282720k(0k free)

vm_info: OpenJDK 64-Bit Server VM (25.242-b01) for windows-amd64 JRE (1.8.0_242-release-1644-b01), built by "builder" with MS VC++ 10.0 (VS2010)

time: Mon May 03 00:16:47 2021
timezone: W. Central Africa Standard Time
elapsed time: 15705 seconds (0d 4h 21m 45s)

