#
# There is insufficient memory for the Java Runtime Environment to continue.
# Native memory allocation (mmap) failed to map 111149056 bytes for Failed to commit area from 0x0000000097300000 to 0x000000009dd00000 of length 111149056.
# Possible reasons:
#   The system is out of physical RAM or swap space
#   The process is running with CompressedOops enabled, and the Java Heap may be blocking the growth of the native heap
# Possible solutions:
#   Reduce memory load on the system
#   Increase physical memory or swap space
#   Check if swap backing store is full
#   Decrease Java heap size (-Xmx/-Xms)
#   Decrease number of Java threads
#   Decrease Java thread stack sizes (-Xss)
#   Set larger code cache with -XX:ReservedCodeCacheSize=
#   JVM is running with Unscaled Compressed Oops mode in which the Java heap is
#     placed in the first 4GB address space. The Java Heap base address is the
#     maximum limit for the native heap growth. Please use -XX:HeapBaseMinAddress
#     to set the Java Heap base and to place the Java Heap above 4GB virtual address.
# This output file may be truncated or incomplete.
#
#  Out of Memory Error (./src/hotspot/os/windows/os_windows.cpp:3303), pid=7580, tid=4104
#
# JRE version: OpenJDK Runtime Environment (11.0.8+10) (build 11.0.8+10-b944.6842174)
# Java VM: OpenJDK 64-Bit Server VM (11.0.8+10-b944.6842174, mixed mode, tiered, compressed oops, g1 gc, windows-amd64)
# No core dump will be written. Minidumps are not enabled by default on client versions of Windows
#

---------------  S U M M A R Y ------------

Command Line: --add-opens=java.base/java.util=ALL-UNNAMED --add-opens=java.base/java.lang=ALL-UNNAMED --add-opens=java.base/java.lang.invoke=ALL-UNNAMED --add-opens=java.prefs/java.util.prefs=ALL-UNNAMED -Xmx2048m -Dfile.encoding=UTF-8 -Duser.country=GB -Duser.language=en -Duser.variant org.gradle.launcher.daemon.bootstrap.GradleDaemon 6.7.1

Host: Intel(R) Core(TM) i5-6200U CPU @ 2.30GHz, 4 cores, 3G,  Windows 10 , 64 bit Build 18362 (10.0.18362.1350)
Time: Thu Jul 29 03:38:38 2021 W. Central Africa Standard Time elapsed time: 393 seconds (0d 0h 6m 33s)

---------------  T H R E A D  ---------------

Current thread (0x00000114b2745800):  VMThread "VM Thread" [stack: 0x00000012afc00000,0x00000012afd00000] [id=4104]

Stack: [0x00000012afc00000,0x00000012afd00000]
[error occurred during error reporting (printing stack bounds), id 0xc0000005, EXCEPTION_ACCESS_VIOLATION (0xc0000005) at pc=0x000001149c680dad]

Native frames: (J=compiled Java code, j=interpreted, Vv=VM code, C=native code)
V  [jvm.dll+0x5de50a]
V  [jvm.dll+0x7122f5]
V  [jvm.dll+0x71384d]
V  [jvm.dll+0x713e65]
V  [jvm.dll+0x713e1b]
V  [jvm.dll+0x5dd958]
V  [jvm.dll+0x5de0f8]
C  [ntdll.dll+0xa1eef]
C  [ntdll.dll+0x6aad9]
C  [ntdll.dll+0xa0b5e]
C  0x000001149c680dad

VM_Operation (0x00000012b8dfd060): G1CollectForAllocation, mode: safepoint, requested by thread 0x00000114b998b800


---------------  P R O C E S S  ---------------

Threads class SMR info:
_java_thread_list=0x00000114c0a79a60, length=44, elements={
0x0000011498d10000, 0x00000114b274c000, 0x00000114b2751000, 0x00000114b30c4000,
0x00000114b30c4800, 0x00000114b30c7000, 0x00000114b30c9800, 0x00000114b30d0000,
0x00000114b3216800, 0x00000114b3232000, 0x00000114b4980800, 0x00000114b4b7a000,
0x00000114b3be5000, 0x00000114b4e16000, 0x00000114b4e19800, 0x00000114b4e1c800,
0x00000114b6f8e000, 0x00000114b6f8a000, 0x00000114b5978800, 0x00000114b596e800,
0x00000114b596e000, 0x00000114b5970000, 0x00000114b596d000, 0x00000114b5973800,
0x00000114b596f800, 0x00000114b5974800, 0x00000114b5972000, 0x00000114b5971000,
0x00000114b597b000, 0x00000114b5979000, 0x00000114b5977800, 0x00000114b597a000,
0x00000114b5975000, 0x00000114b597b800, 0x00000114b998f800, 0x00000114b998a800,
0x00000114b9991000, 0x00000114b998e800, 0x00000114b9990000, 0x00000114b998d000,
0x00000114b998b800, 0x00000114b9992000, 0x00000114b998c000, 0x00000114b9992800
}

Java Threads: ( => current thread )
  0x0000011498d10000 JavaThread "main" [_thread_blocked, id=7332, stack(0x00000012af600000,0x00000012af700000)]
  0x00000114b274c000 JavaThread "Reference Handler" daemon [_thread_blocked, id=9908, stack(0x00000012afd00000,0x00000012afe00000)]
  0x00000114b2751000 JavaThread "Finalizer" daemon [_thread_blocked, id=5412, stack(0x00000012afe00000,0x00000012aff00000)]
  0x00000114b30c4000 JavaThread "Signal Dispatcher" daemon [_thread_blocked, id=7692, stack(0x00000012aff00000,0x00000012b0000000)]
  0x00000114b30c4800 JavaThread "Attach Listener" daemon [_thread_blocked, id=1756, stack(0x00000012b0000000,0x00000012b0100000)]
  0x00000114b30c7000 JavaThread "C2 CompilerThread0" daemon [_thread_blocked, id=8884, stack(0x00000012b0100000,0x00000012b0200000)]
  0x00000114b30c9800 JavaThread "C1 CompilerThread0" daemon [_thread_blocked, id=10384, stack(0x00000012b0200000,0x00000012b0300000)]
  0x00000114b30d0000 JavaThread "Sweeper thread" daemon [_thread_blocked, id=12060, stack(0x00000012b0300000,0x00000012b0400000)]
  0x00000114b3216800 JavaThread "Common-Cleaner" daemon [_thread_blocked, id=6836, stack(0x00000012b0400000,0x00000012b0500000)]
  0x00000114b3232000 JavaThread "Service Thread" daemon [_thread_blocked, id=11524, stack(0x00000012b0500000,0x00000012b0600000)]
  0x00000114b4980800 JavaThread "Daemon health stats" [_thread_blocked, id=12984, stack(0x00000012b0800000,0x00000012b0900000)]
  0x00000114b4b7a000 JavaThread "Incoming local TCP Connector on port 56403" [_thread_in_native, id=12076, stack(0x00000012b0d00000,0x00000012b0e00000)]
  0x00000114b3be5000 JavaThread "Daemon periodic checks" [_thread_blocked, id=10352, stack(0x00000012b0e00000,0x00000012b0f00000)]
  0x00000114b4e16000 JavaThread "Cache worker for file hash cache (C:\Users\Joshua\.gradle\caches\6.7.1\fileHashes)" [_thread_blocked, id=1112, stack(0x00000012b1600000,0x00000012b1700000)]
  0x00000114b4e19800 JavaThread "File lock request listener" [_thread_in_native, id=6968, stack(0x00000012b1700000,0x00000012b1800000)]
  0x00000114b4e1c800 JavaThread "Cache worker for journal cache (C:\Users\Joshua\.gradle\caches\journal-1)" [_thread_blocked, id=7804, stack(0x00000012b1800000,0x00000012b1900000)]
  0x00000114b6f8e000 JavaThread "Cache worker for execution history cache (C:\Users\Joshua\.gradle\caches\6.7.1\executionHistory)" [_thread_blocked, id=8836, stack(0x00000012b3200000,0x00000012b3300000)]
  0x00000114b6f8a000 JavaThread "Cache worker for file content cache (C:\Users\Joshua\.gradle\caches\6.7.1\fileContent)" [_thread_blocked, id=6008, stack(0x00000012b3300000,0x00000012b3400000)]
  0x00000114b5978800 JavaThread "Memory manager" [_thread_blocked, id=7128, stack(0x00000012b8500000,0x00000012b8600000)]
  0x00000114b596e800 JavaThread "Daemon Thread 2" [_thread_blocked, id=3992, stack(0x00000012af300000,0x00000012af400000)]
  0x00000114b596e000 JavaThread "Handler for socket connection from /127.0.0.1:56403 to /127.0.0.1:51922" [_thread_in_native, id=8336, stack(0x00000012af400000,0x00000012af500000)]
  0x00000114b5970000 JavaThread "Cancel handler" [_thread_blocked, id=11460, stack(0x00000012b0f00000,0x00000012b1000000)]
  0x00000114b596d000 JavaThread "Daemon worker Thread 2" [_thread_blocked, id=2824, stack(0x00000012b1000000,0x00000012b1100000)]
  0x00000114b5973800 JavaThread "Asynchronous log dispatcher for DefaultDaemonConnection: socket connection from /127.0.0.1:56403 to /127.0.0.1:51922" [_thread_blocked, id=9932, stack(0x00000012b1100000,0x00000012b1200000)]
  0x00000114b596f800 JavaThread "Thread-131" [_thread_blocked, id=12804, stack(0x00000012b1300000,0x00000012b1400000)]
  0x00000114b5974800 JavaThread "Cache worker for file hash cache (C:\Users\Joshua\AndroidStudioProjects\SchoolProject\.gradle\6.7.1\fileHashes)" [_thread_blocked, id=12628, stack(0x00000012b1400000,0x00000012b1500000)]
  0x00000114b5972000 JavaThread "Cache worker for checksums cache (C:\Users\Joshua\AndroidStudioProjects\SchoolProject\.gradle\checksums)" [_thread_blocked, id=4580, stack(0x00000012b1500000,0x00000012b1600000)]
  0x00000114b5971000 JavaThread "Cache worker for cache directory md-supplier (C:\Users\Joshua\.gradle\caches\6.7.1\md-supplier)" [_thread_blocked, id=7900, stack(0x00000012b1900000,0x00000012b1a00000)]
  0x00000114b597b000 JavaThread "Cache worker for cache directory md-rule (C:\Users\Joshua\.gradle\caches\6.7.1\md-rule)" [_thread_blocked, id=2560, stack(0x00000012b1a00000,0x00000012b1b00000)]
  0x00000114b5979000 JavaThread "Cache worker for Build Output Cleanup Cache (C:\Users\Joshua\AndroidStudioProjects\SchoolProject\.gradle\buildOutputCleanup)" [_thread_blocked, id=544, stack(0x00000012b1b00000,0x00000012b1c00000)]
  0x00000114b5977800 JavaThread "Build operations" [_thread_blocked, id=7468, stack(0x00000012b1c00000,0x00000012b1d00000)]
  0x00000114b597a000 JavaThread "Build operations Thread 2" [_thread_blocked, id=12256, stack(0x00000012b1d00000,0x00000012b1e00000)]
  0x00000114b5975000 JavaThread "Build operations Thread 3" [_thread_blocked, id=12768, stack(0x00000012b1e00000,0x00000012b1f00000)]
  0x00000114b597b800 JavaThread "Build operations Thread 4" [_thread_blocked, id=9824, stack(0x00000012b1f00000,0x00000012b2000000)]
  0x00000114b998f800 JavaThread "build event listener" [_thread_blocked, id=5556, stack(0x00000012b8600000,0x00000012b8700000)]
  0x00000114b998a800 JavaThread "build event listener" [_thread_blocked, id=7884, stack(0x00000012b8700000,0x00000012b8800000)]
  0x00000114b9991000 JavaThread "Execution worker for ':'" [_thread_blocked, id=3356, stack(0x00000012b8800000,0x00000012b8900000)]
  0x00000114b998e800 JavaThread "Execution worker for ':' Thread 2" [_thread_blocked, id=12132, stack(0x00000012b8900000,0x00000012b8a00000)]
  0x00000114b9990000 JavaThread "Execution worker for ':' Thread 3" [_thread_blocked, id=12836, stack(0x00000012b8a00000,0x00000012b8b00000)]
  0x00000114b998d000 JavaThread "Cache worker for execution history cache (C:\Users\Joshua\AndroidStudioProjects\SchoolProject\.gradle\6.7.1\executionHistory)" [_thread_blocked, id=10632, stack(0x00000012b8b00000,0x00000012b8c00000)]
  0x00000114b998b800 JavaThread "WorkerExecutor Queue" [_thread_blocked, id=8124, stack(0x00000012b8d00000,0x00000012b8e00000)]
  0x00000114b9992000 JavaThread "WorkerExecutor Queue Thread 2" [_thread_blocked, id=3676, stack(0x00000012b8c00000,0x00000012b8d00000)]
  0x00000114b998c000 JavaThread "WorkerExecutor Queue Thread 3" [_thread_blocked, id=6680, stack(0x00000012b8e00000,0x00000012b8f00000)]
  0x00000114b9992800 JavaThread "WorkerExecutor Queue Thread 4" [_thread_blocked, id=1476, stack(0x00000012b8f00000,0x00000012b9000000)]

Other Threads:
=>0x00000114b2745800 VMThread "VM Thread" [stack: 0x00000012afc00000,0x00000012afd00000] [id=4104]
  0x00000114b3233800 WatcherThread [stack: 0x00000012b0600000,0x00000012b0700000] [id=9520]
  0x0000011498d28000 GCTaskThread "GC Thread#0" [stack: 0x00000012af700000,0x00000012af800000] [id=7488]
  0x00000114b340d800 GCTaskThread "GC Thread#1" [stack: 0x00000012b0700000,0x00000012b0800000] [id=9624]
  0x00000114b3f58800 GCTaskThread "GC Thread#2" [stack: 0x00000012b0900000,0x00000012b0a00000] [id=392]
  0x00000114b3f3e800 GCTaskThread "GC Thread#3" [stack: 0x00000012b0a00000,0x00000012b0b00000] [id=4192]
  0x0000011498d59000 ConcurrentGCThread "G1 Main Marker" [stack: 0x00000012af800000,0x00000012af900000] [id=12296]
  0x0000011498d5b000 ConcurrentGCThread "G1 Conc#0" [stack: 0x00000012af900000,0x00000012afa00000] [id=12688]
  0x0000011498db3800 ConcurrentGCThread "G1 Refine#0" [stack: 0x00000012afa00000,0x00000012afb00000] [id=12032]
  0x0000011498db4800 ConcurrentGCThread "G1 Young RemSet Sampling" [stack: 0x00000012afb00000,0x00000012afc00000] [id=8080]

Threads with active compile tasks:
C2 CompilerThread0 395351 23219 %     4       com.android.tools.r8.ir.regalloc.a::a @ 2162 (4001 bytes)

VM state:at safepoint (normal execution)

VM Mutex/Monitor currently owned by a thread:  ([mutex/lock_event])
[0x0000011496cea1d0] Threads_lock - owner thread: 0x00000114b2745800
[0x0000011496cebc40] Heap_lock - owner thread: 0x00000114b998b800

Heap address: 0x0000000080000000, size: 2048 MB, Compressed Oops mode: 32-bit
Narrow klass base: 0x0000000000000000, Narrow klass shift: 3
Compressed class space size: 1073741824 Address: 0x0000000100000000

Heap:
 garbage-first heap   total 488448K, used 164541K [0x0000000080000000, 0x0000000100000000)
  region size 1024K, 11 young (11264K), 11 survivors (11264K)
 Metaspace       used 131442K, capacity 134599K, committed 135296K, reserved 1167360K
  class space    used 15874K, capacity 16971K, committed 17280K, reserved 1048576K
Heap Regions: E=young(eden), S=young(survivor), O=old, HS=humongous(starts), HC=humongous(continues), CS=collection set, F=free, A=archive, TAMS=top-at-mark-start (previous, next)
|   0|0x0000000080000000, 0x0000000080100000, 0x0000000080100000|100%| O|  |TAMS 0x0000000080100000, 0x0000000080000000| Untracked 
|   1|0x0000000080100000, 0x0000000080200000, 0x0000000080200000|100%| O|  |TAMS 0x0000000080200000, 0x0000000080100000| Untracked 
|   2|0x0000000080200000, 0x0000000080300000, 0x0000000080300000|100%| O|  |TAMS 0x0000000080300000, 0x0000000080200000| Untracked 
|   3|0x0000000080300000, 0x0000000080400000, 0x0000000080400000|100%|HS|  |TAMS 0x0000000080400000, 0x0000000080300000| Complete 
|   4|0x0000000080400000, 0x0000000080500000, 0x0000000080500000|100%|HC|  |TAMS 0x0000000080500000, 0x0000000080400000| Complete 
|   5|0x0000000080500000, 0x0000000080600000, 0x0000000080600000|100%|HC|  |TAMS 0x0000000080600000, 0x0000000080500000| Complete 
|   6|0x0000000080600000, 0x0000000080700000, 0x0000000080700000|100%| O|  |TAMS 0x0000000080700000, 0x0000000080600000| Untracked 
|   7|0x0000000080700000, 0x0000000080800000, 0x0000000080800000|100%| O|  |TAMS 0x0000000080800000, 0x0000000080700000| Untracked 
|   8|0x0000000080800000, 0x0000000080900000, 0x0000000080900000|100%| O|  |TAMS 0x0000000080900000, 0x0000000080800000| Untracked 
|   9|0x0000000080900000, 0x0000000080a00000, 0x0000000080a00000|100%| O|  |TAMS 0x0000000080a00000, 0x0000000080900000| Untracked 
|  10|0x0000000080a00000, 0x0000000080b00000, 0x0000000080b00000|100%| O|  |TAMS 0x0000000080b00000, 0x0000000080a00000| Untracked 
|  11|0x0000000080b00000, 0x0000000080c00000, 0x0000000080c00000|100%| O|  |TAMS 0x0000000080c00000, 0x0000000080b00000| Untracked 
|  12|0x0000000080c00000, 0x0000000080d00000, 0x0000000080d00000|100%| O|  |TAMS 0x0000000080d00000, 0x0000000080c00000| Untracked 
|  13|0x0000000080d00000, 0x0000000080e00000, 0x0000000080e00000|100%| O|  |TAMS 0x0000000080e00000, 0x0000000080d00000| Untracked 
|  14|0x0000000080e00000, 0x0000000080f00000, 0x0000000080f00000|100%| O|  |TAMS 0x0000000080f00000, 0x0000000080e00000| Untracked 
|  15|0x0000000080f00000, 0x0000000081000000, 0x0000000081000000|100%|HS|  |TAMS 0x0000000081000000, 0x0000000080f00000| Complete 
|  16|0x0000000081000000, 0x0000000081100000, 0x0000000081100000|100%|HC|  |TAMS 0x0000000081100000, 0x0000000081000000| Complete 
|  17|0x0000000081100000, 0x0000000081200000, 0x0000000081200000|100%|HS|  |TAMS 0x0000000081200000, 0x0000000081100000| Complete 
|  18|0x0000000081200000, 0x0000000081300000, 0x0000000081300000|100%|HC|  |TAMS 0x0000000081300000, 0x0000000081200000| Complete 
|  19|0x0000000081300000, 0x0000000081400000, 0x0000000081400000|100%|HC|  |TAMS 0x0000000081400000, 0x0000000081300000| Complete 
|  20|0x0000000081400000, 0x0000000081500000, 0x0000000081500000|100%| O|  |TAMS 0x0000000081500000, 0x0000000081400000| Untracked 
|  21|0x0000000081500000, 0x0000000081600000, 0x0000000081600000|100%|HS|  |TAMS 0x0000000081600000, 0x0000000081500000| Complete 
|  22|0x0000000081600000, 0x0000000081700000, 0x0000000081700000|100%|HC|  |TAMS 0x0000000081700000, 0x0000000081600000| Complete 
|  23|0x0000000081700000, 0x0000000081800000, 0x0000000081800000|100%|HC|  |TAMS 0x0000000081800000, 0x0000000081700000| Complete 
|  24|0x0000000081800000, 0x0000000081900000, 0x0000000081900000|100%|HC|  |TAMS 0x0000000081900000, 0x0000000081800000| Complete 
|  25|0x0000000081900000, 0x0000000081a00000, 0x0000000081a00000|100%| O|  |TAMS 0x0000000081a00000, 0x0000000081900000| Untracked 
|  26|0x0000000081a00000, 0x0000000081b00000, 0x0000000081b00000|100%| O|  |TAMS 0x0000000081b00000, 0x0000000081a00000| Untracked 
|  27|0x0000000081b00000, 0x0000000081c00000, 0x0000000081c00000|100%| O|  |TAMS 0x0000000081c00000, 0x0000000081b00000| Untracked 
|  28|0x0000000081c00000, 0x0000000081d00000, 0x0000000081d00000|100%| O|  |TAMS 0x0000000081d00000, 0x0000000081c00000| Untracked 
|  29|0x0000000081d00000, 0x0000000081e00000, 0x0000000081e00000|100%| O|  |TAMS 0x0000000081e00000, 0x0000000081d00000| Untracked 
|  30|0x0000000081e00000, 0x0000000081f00000, 0x0000000081f00000|100%| O|  |TAMS 0x0000000081f00000, 0x0000000081e00000| Untracked 
|  31|0x0000000081f00000, 0x0000000082000000, 0x0000000082000000|100%| O|  |TAMS 0x0000000082000000, 0x0000000081f00000| Untracked 
|  32|0x0000000082000000, 0x0000000082100000, 0x0000000082100000|100%| O|  |TAMS 0x0000000082100000, 0x0000000082000000| Untracked 
|  33|0x0000000082100000, 0x0000000082200000, 0x0000000082200000|100%| O|  |TAMS 0x0000000082200000, 0x0000000082100000| Untracked 
|  34|0x0000000082200000, 0x0000000082300000, 0x0000000082300000|100%| O|  |TAMS 0x0000000082300000, 0x0000000082200000| Untracked 
|  35|0x0000000082300000, 0x0000000082400000, 0x0000000082400000|100%|HS|  |TAMS 0x0000000082400000, 0x0000000082300000| Complete 
|  36|0x0000000082400000, 0x0000000082500000, 0x0000000082500000|100%|HC|  |TAMS 0x0000000082500000, 0x0000000082400000| Complete 
|  37|0x0000000082500000, 0x0000000082600000, 0x0000000082600000|100%|HC|  |TAMS 0x0000000082600000, 0x0000000082500000| Complete 
|  38|0x0000000082600000, 0x0000000082700000, 0x0000000082700000|100%|HC|  |TAMS 0x0000000082700000, 0x0000000082600000| Complete 
|  39|0x0000000082700000, 0x0000000082800000, 0x0000000082800000|100%| O|  |TAMS 0x0000000082800000, 0x0000000082700000| Untracked 
|  40|0x0000000082800000, 0x0000000082900000, 0x0000000082900000|100%|HS|  |TAMS 0x0000000082900000, 0x0000000082800000| Complete 
|  41|0x0000000082900000, 0x0000000082a00000, 0x0000000082a00000|100%|HC|  |TAMS 0x0000000082a00000, 0x0000000082900000| Complete 
|  42|0x0000000082a00000, 0x0000000082b00000, 0x0000000082b00000|100%|HC|  |TAMS 0x0000000082b00000, 0x0000000082a00000| Complete 
|  43|0x0000000082b00000, 0x0000000082c00000, 0x0000000082c00000|100%| O|  |TAMS 0x0000000082c00000, 0x0000000082b00000| Untracked 
|  44|0x0000000082c00000, 0x0000000082d00000, 0x0000000082d00000|100%| O|  |TAMS 0x0000000082d00000, 0x0000000082c00000| Untracked 
|  45|0x0000000082d00000, 0x0000000082e00000, 0x0000000082e00000|100%| O|  |TAMS 0x0000000082e00000, 0x0000000082d00000| Untracked 
|  46|0x0000000082e00000, 0x0000000082f00000, 0x0000000082f00000|100%| O|  |TAMS 0x0000000082f00000, 0x0000000082e00000| Untracked 
|  47|0x0000000082f00000, 0x0000000083000000, 0x0000000083000000|100%| O|  |TAMS 0x0000000083000000, 0x0000000082f00000| Untracked 
|  48|0x0000000083000000, 0x0000000083100000, 0x0000000083100000|100%| O|  |TAMS 0x0000000083100000, 0x0000000083000000| Untracked 
|  49|0x0000000083100000, 0x0000000083200000, 0x0000000083200000|100%| O|  |TAMS 0x0000000083200000, 0x0000000083100000| Untracked 
|  50|0x0000000083200000, 0x0000000083300000, 0x0000000083300000|100%| O|  |TAMS 0x0000000083300000, 0x0000000083200000| Untracked 
|  51|0x0000000083300000, 0x0000000083400000, 0x0000000083400000|100%| O|  |TAMS 0x0000000083400000, 0x0000000083300000| Untracked 
|  52|0x0000000083400000, 0x0000000083500000, 0x0000000083500000|100%| O|  |TAMS 0x0000000083500000, 0x0000000083400000| Untracked 
|  53|0x0000000083500000, 0x0000000083600000, 0x0000000083600000|100%| O|  |TAMS 0x0000000083600000, 0x0000000083500000| Untracked 
|  54|0x0000000083600000, 0x0000000083700000, 0x0000000083700000|100%| O|  |TAMS 0x0000000083700000, 0x0000000083600000| Untracked 
|  55|0x0000000083700000, 0x0000000083800000, 0x0000000083800000|100%| O|  |TAMS 0x0000000083800000, 0x0000000083700000| Untracked 
|  56|0x0000000083800000, 0x0000000083900000, 0x0000000083900000|100%| O|  |TAMS 0x0000000083900000, 0x0000000083800000| Untracked 
|  57|0x0000000083900000, 0x0000000083a00000, 0x0000000083a00000|100%| O|  |TAMS 0x0000000083a00000, 0x0000000083900000| Untracked 
|  58|0x0000000083a00000, 0x0000000083b00000, 0x0000000083b00000|100%| O|  |TAMS 0x0000000083b00000, 0x0000000083a00000| Untracked 
|  59|0x0000000083b00000, 0x0000000083c00000, 0x0000000083c00000|100%| O|  |TAMS 0x0000000083c00000, 0x0000000083b00000| Untracked 
|  60|0x0000000083c00000, 0x0000000083d00000, 0x0000000083d00000|100%| O|  |TAMS 0x0000000083d00000, 0x0000000083c00000| Untracked 
|  61|0x0000000083d00000, 0x0000000083e00000, 0x0000000083e00000|100%| O|  |TAMS 0x0000000083e00000, 0x0000000083d00000| Untracked 
|  62|0x0000000083e00000, 0x0000000083f00000, 0x0000000083f00000|100%| O|  |TAMS 0x0000000083f00000, 0x0000000083e00000| Untracked 
|  63|0x0000000083f00000, 0x0000000084000000, 0x0000000084000000|100%| O|  |TAMS 0x0000000084000000, 0x0000000083f00000| Untracked 
|  64|0x0000000084000000, 0x0000000084100000, 0x0000000084100000|100%| O|  |TAMS 0x0000000084100000, 0x0000000084000000| Untracked 
|  65|0x0000000084100000, 0x0000000084200000, 0x0000000084200000|100%| O|  |TAMS 0x0000000084200000, 0x0000000084100000| Untracked 
|  66|0x0000000084200000, 0x0000000084300000, 0x0000000084300000|100%| O|  |TAMS 0x0000000084300000, 0x0000000084200000| Untracked 
|  67|0x0000000084300000, 0x0000000084400000, 0x0000000084400000|100%| O|  |TAMS 0x0000000084400000, 0x0000000084300000| Untracked 
|  68|0x0000000084400000, 0x0000000084500000, 0x0000000084500000|100%|HS|  |TAMS 0x0000000084500000, 0x0000000084400000| Complete 
|  69|0x0000000084500000, 0x0000000084600000, 0x0000000084600000|100%|HS|  |TAMS 0x0000000084600000, 0x0000000084500000| Complete 
|  70|0x0000000084600000, 0x0000000084700000, 0x0000000084700000|100%|HC|  |TAMS 0x0000000084700000, 0x0000000084600000| Complete 
|  71|0x0000000084700000, 0x0000000084800000, 0x0000000084800000|100%| O|  |TAMS 0x0000000084800000, 0x0000000084700000| Untracked 
|  72|0x0000000084800000, 0x0000000084900000, 0x0000000084900000|100%| O|  |TAMS 0x0000000084900000, 0x0000000084800000| Untracked 
|  73|0x0000000084900000, 0x0000000084a00000, 0x0000000084a00000|100%| O|  |TAMS 0x0000000084a00000, 0x0000000084900000| Untracked 
|  74|0x0000000084a00000, 0x0000000084b00000, 0x0000000084b00000|100%| O|  |TAMS 0x0000000084b00000, 0x0000000084a00000| Untracked 
|  75|0x0000000084b00000, 0x0000000084c00000, 0x0000000084c00000|100%| O|  |TAMS 0x0000000084c00000, 0x0000000084b00000| Untracked 
|  76|0x0000000084c00000, 0x0000000084d00000, 0x0000000084d00000|100%| O|  |TAMS 0x0000000084d00000, 0x0000000084c00000| Untracked 
|  77|0x0000000084d00000, 0x0000000084e00000, 0x0000000084e00000|100%| O|  |TAMS 0x0000000084e00000, 0x0000000084d00000| Untracked 
|  78|0x0000000084e00000, 0x0000000084f00000, 0x0000000084f00000|100%| O|  |TAMS 0x0000000084f00000, 0x0000000084e00000| Untracked 
|  79|0x0000000084f00000, 0x0000000085000000, 0x0000000085000000|100%| O|  |TAMS 0x0000000085000000, 0x0000000084f00000| Untracked 
|  80|0x0000000085000000, 0x0000000085100000, 0x0000000085100000|100%| O|  |TAMS 0x0000000085100000, 0x0000000085000000| Untracked 
|  81|0x0000000085100000, 0x0000000085200000, 0x0000000085200000|100%| O|  |TAMS 0x0000000085200000, 0x0000000085100000| Untracked 
|  82|0x0000000085200000, 0x0000000085300000, 0x0000000085300000|100%| O|  |TAMS 0x0000000085300000, 0x0000000085200000| Untracked 
|  83|0x0000000085300000, 0x0000000085400000, 0x0000000085400000|100%| O|  |TAMS 0x0000000085400000, 0x0000000085300000| Untracked 
|  84|0x0000000085400000, 0x0000000085500000, 0x0000000085500000|100%| O|  |TAMS 0x0000000085500000, 0x0000000085400000| Untracked 
|  85|0x0000000085500000, 0x0000000085600000, 0x0000000085600000|100%| O|  |TAMS 0x0000000085600000, 0x0000000085500000| Untracked 
|  86|0x0000000085600000, 0x0000000085700000, 0x0000000085700000|100%| O|  |TAMS 0x0000000085700000, 0x0000000085600000| Untracked 
|  87|0x0000000085700000, 0x0000000085800000, 0x0000000085800000|100%| O|  |TAMS 0x0000000085800000, 0x0000000085700000| Untracked 
|  88|0x0000000085800000, 0x0000000085900000, 0x0000000085900000|100%| O|  |TAMS 0x0000000085900000, 0x0000000085800000| Untracked 
|  89|0x0000000085900000, 0x0000000085a00000, 0x0000000085a00000|100%| O|  |TAMS 0x0000000085a00000, 0x0000000085900000| Untracked 
|  90|0x0000000085a00000, 0x0000000085b00000, 0x0000000085b00000|100%| O|  |TAMS 0x0000000085b00000, 0x0000000085a00000| Untracked 
|  91|0x0000000085b00000, 0x0000000085c00000, 0x0000000085c00000|100%| O|  |TAMS 0x0000000085c00000, 0x0000000085b00000| Untracked 
|  92|0x0000000085c00000, 0x0000000085d00000, 0x0000000085d00000|100%| O|  |TAMS 0x0000000085d00000, 0x0000000085c00000| Untracked 
|  93|0x0000000085d00000, 0x0000000085e00000, 0x0000000085e00000|100%| O|  |TAMS 0x0000000085e00000, 0x0000000085d00000| Untracked 
|  94|0x0000000085e00000, 0x0000000085f00000, 0x0000000085f00000|100%| O|  |TAMS 0x0000000085f00000, 0x0000000085e00000| Untracked 
|  95|0x0000000085f00000, 0x0000000086000000, 0x0000000086000000|100%| O|  |TAMS 0x0000000086000000, 0x0000000085f00000| Untracked 
|  96|0x0000000086000000, 0x0000000086100000, 0x0000000086100000|100%| O|  |TAMS 0x0000000086100000, 0x0000000086000000| Untracked 
|  97|0x0000000086100000, 0x0000000086200000, 0x0000000086200000|100%| O|  |TAMS 0x0000000086200000, 0x0000000086100000| Untracked 
|  98|0x0000000086200000, 0x0000000086300000, 0x0000000086300000|100%| O|  |TAMS 0x0000000086300000, 0x0000000086200000| Untracked 
|  99|0x0000000086300000, 0x0000000086400000, 0x0000000086400000|100%| O|  |TAMS 0x0000000086400000, 0x0000000086300000| Untracked 
| 100|0x0000000086400000, 0x0000000086500000, 0x0000000086500000|100%| O|  |TAMS 0x0000000086500000, 0x0000000086400000| Untracked 
| 101|0x0000000086500000, 0x0000000086600000, 0x0000000086600000|100%| O|  |TAMS 0x0000000086600000, 0x0000000086500000| Untracked 
| 102|0x0000000086600000, 0x0000000086700000, 0x0000000086700000|100%| O|  |TAMS 0x0000000086700000, 0x0000000086600000| Untracked 
| 103|0x0000000086700000, 0x0000000086800000, 0x0000000086800000|100%| O|  |TAMS 0x0000000086800000, 0x0000000086700000| Untracked 
| 104|0x0000000086800000, 0x0000000086900000, 0x0000000086900000|100%| O|  |TAMS 0x0000000086900000, 0x0000000086800000| Untracked 
| 105|0x0000000086900000, 0x0000000086a00000, 0x0000000086a00000|100%| O|  |TAMS 0x0000000086a00000, 0x0000000086900000| Untracked 
| 106|0x0000000086a00000, 0x0000000086b00000, 0x0000000086b00000|100%| O|  |TAMS 0x0000000086b00000, 0x0000000086a00000| Untracked 
| 107|0x0000000086b00000, 0x0000000086c00000, 0x0000000086c00000|100%| O|  |TAMS 0x0000000086c00000, 0x0000000086b00000| Untracked 
| 108|0x0000000086c00000, 0x0000000086d00000, 0x0000000086d00000|100%| O|  |TAMS 0x0000000086d00000, 0x0000000086c00000| Untracked 
| 109|0x0000000086d00000, 0x0000000086e00000, 0x0000000086e00000|100%| O|  |TAMS 0x0000000086e00000, 0x0000000086d00000| Untracked 
| 110|0x0000000086e00000, 0x0000000086f00000, 0x0000000086f00000|100%| O|  |TAMS 0x0000000086f00000, 0x0000000086e00000| Untracked 
| 111|0x0000000086f00000, 0x0000000087000000, 0x0000000087000000|100%| O|  |TAMS 0x0000000087000000, 0x0000000086f00000| Untracked 
| 112|0x0000000087000000, 0x0000000087100000, 0x0000000087100000|100%| O|  |TAMS 0x0000000087100000, 0x0000000087000000| Untracked 
| 113|0x0000000087100000, 0x0000000087200000, 0x0000000087200000|100%| O|  |TAMS 0x0000000087200000, 0x0000000087100000| Untracked 
| 114|0x0000000087200000, 0x0000000087300000, 0x0000000087300000|100%| O|  |TAMS 0x0000000087300000, 0x0000000087200000| Untracked 
| 115|0x0000000087300000, 0x0000000087400000, 0x0000000087400000|100%| O|  |TAMS 0x0000000087400000, 0x0000000087300000| Untracked 
| 116|0x0000000087400000, 0x0000000087500000, 0x0000000087500000|100%| O|  |TAMS 0x0000000087500000, 0x0000000087400000| Untracked 
| 117|0x0000000087500000, 0x0000000087600000, 0x0000000087600000|100%| O|  |TAMS 0x0000000087600000, 0x0000000087500000| Untracked 
| 118|0x0000000087600000, 0x0000000087700000, 0x0000000087700000|100%| O|  |TAMS 0x0000000087700000, 0x0000000087600000| Untracked 
| 119|0x0000000087700000, 0x0000000087800000, 0x0000000087800000|100%| O|  |TAMS 0x0000000087800000, 0x0000000087700000| Untracked 
| 120|0x0000000087800000, 0x0000000087900000, 0x0000000087900000|100%| O|  |TAMS 0x0000000087900000, 0x0000000087800000| Untracked 
| 121|0x0000000087900000, 0x0000000087a00000, 0x0000000087a00000|100%| O|  |TAMS 0x0000000087a00000, 0x0000000087900000| Untracked 
| 122|0x0000000087a00000, 0x0000000087b00000, 0x0000000087b00000|100%| O|  |TAMS 0x0000000087b00000, 0x0000000087a00000| Untracked 
| 123|0x0000000087b00000, 0x0000000087c00000, 0x0000000087c00000|100%| O|  |TAMS 0x0000000087c00000, 0x0000000087b00000| Untracked 
| 124|0x0000000087c00000, 0x0000000087d00000, 0x0000000087d00000|100%| O|  |TAMS 0x0000000087d00000, 0x0000000087c00000| Untracked 
| 125|0x0000000087d00000, 0x0000000087e00000, 0x0000000087e00000|100%| O|  |TAMS 0x0000000087e00000, 0x0000000087d00000| Untracked 
| 126|0x0000000087e00000, 0x0000000087f00000, 0x0000000087f00000|100%| O|  |TAMS 0x0000000087f00000, 0x0000000087e00000| Untracked 
| 127|0x0000000087f00000, 0x0000000088000000, 0x0000000088000000|100%| O|  |TAMS 0x0000000088000000, 0x0000000087f00000| Untracked 
| 128|0x0000000088000000, 0x0000000088100000, 0x0000000088100000|100%| O|  |TAMS 0x0000000088100000, 0x0000000088000000| Untracked 
| 129|0x0000000088100000, 0x0000000088200000, 0x0000000088200000|100%| O|  |TAMS 0x0000000088200000, 0x0000000088100000| Untracked 
| 130|0x0000000088200000, 0x0000000088300000, 0x0000000088300000|100%| O|  |TAMS 0x0000000088300000, 0x0000000088200000| Untracked 
| 131|0x0000000088300000, 0x0000000088400000, 0x0000000088400000|100%| O|  |TAMS 0x0000000088400000, 0x0000000088300000| Untracked 
| 132|0x0000000088400000, 0x0000000088500000, 0x0000000088500000|100%| O|  |TAMS 0x0000000088500000, 0x0000000088400000| Untracked 
| 133|0x0000000088500000, 0x0000000088600000, 0x0000000088600000|100%| O|  |TAMS 0x0000000088600000, 0x0000000088500000| Untracked 
| 134|0x0000000088600000, 0x0000000088700000, 0x0000000088700000|100%| O|  |TAMS 0x0000000088700000, 0x0000000088600000| Untracked 
| 135|0x0000000088700000, 0x0000000088800000, 0x0000000088800000|100%| O|  |TAMS 0x0000000088800000, 0x0000000088700000| Untracked 
| 136|0x0000000088800000, 0x0000000088900000, 0x0000000088900000|100%| O|  |TAMS 0x0000000088900000, 0x0000000088800000| Untracked 
| 137|0x0000000088900000, 0x0000000088a00000, 0x0000000088a00000|100%| O|  |TAMS 0x0000000088a00000, 0x0000000088900000| Untracked 
| 138|0x0000000088a00000, 0x0000000088b00000, 0x0000000088b00000|100%| O|  |TAMS 0x0000000088b00000, 0x0000000088a00000| Untracked 
| 139|0x0000000088b00000, 0x0000000088c00000, 0x0000000088c00000|100%| O|  |TAMS 0x0000000088c00000, 0x0000000088b00000| Untracked 
| 140|0x0000000088c00000, 0x0000000088d00000, 0x0000000088d00000|100%| O|  |TAMS 0x0000000088d00000, 0x0000000088c00000| Untracked 
| 141|0x0000000088d00000, 0x0000000088e00000, 0x0000000088e00000|100%| O|  |TAMS 0x0000000088e00000, 0x0000000088d00000| Untracked 
| 142|0x0000000088e00000, 0x0000000088f00000, 0x0000000088f00000|100%| O|  |TAMS 0x0000000088f00000, 0x0000000088e00000| Untracked 
| 143|0x0000000088f00000, 0x0000000089000000, 0x0000000089000000|100%| O|  |TAMS 0x0000000089000000, 0x0000000088f00000| Untracked 
| 144|0x0000000089000000, 0x00000000890f9800, 0x0000000089100000| 97%| O|  |TAMS 0x00000000890f9800, 0x0000000089000000| Untracked 
| 145|0x0000000089100000, 0x0000000089200000, 0x0000000089200000|100%| O|  |TAMS 0x0000000089200000, 0x0000000089100000| Untracked 
| 146|0x0000000089200000, 0x0000000089300000, 0x0000000089300000|100%| O|  |TAMS 0x0000000089300000, 0x0000000089200000| Untracked 
| 147|0x0000000089300000, 0x0000000089400000, 0x0000000089400000|100%| O|  |TAMS 0x0000000089400000, 0x0000000089300000| Untracked 
| 148|0x0000000089400000, 0x0000000089500000, 0x0000000089500000|100%| O|  |TAMS 0x0000000089500000, 0x0000000089400000| Untracked 
| 149|0x0000000089500000, 0x0000000089600000, 0x0000000089600000|100%| O|  |TAMS 0x0000000089600000, 0x0000000089500000| Untracked 
| 150|0x0000000089600000, 0x0000000089600000, 0x0000000089700000|  0%| F|  |TAMS 0x0000000089600000, 0x0000000089600000| Untracked 
| 151|0x0000000089700000, 0x0000000089700000, 0x0000000089800000|  0%| F|  |TAMS 0x0000000089700000, 0x0000000089700000| Untracked 
| 152|0x0000000089800000, 0x0000000089800000, 0x0000000089900000|  0%| F|  |TAMS 0x0000000089800000, 0x0000000089800000| Untracked 
| 153|0x0000000089900000, 0x0000000089900000, 0x0000000089a00000|  0%| F|  |TAMS 0x0000000089900000, 0x0000000089900000| Untracked 
| 154|0x0000000089a00000, 0x0000000089a00000, 0x0000000089b00000|  0%| F|  |TAMS 0x0000000089a00000, 0x0000000089a00000| Untracked 
| 155|0x0000000089b00000, 0x0000000089b00000, 0x0000000089c00000|  0%| F|  |TAMS 0x0000000089b00000, 0x0000000089b00000| Untracked 
| 156|0x0000000089c00000, 0x0000000089c00000, 0x0000000089d00000|  0%| F|  |TAMS 0x0000000089c00000, 0x0000000089c00000| Untracked 
| 157|0x0000000089d00000, 0x0000000089d00000, 0x0000000089e00000|  0%| F|  |TAMS 0x0000000089d00000, 0x0000000089d00000| Untracked 
| 158|0x0000000089e00000, 0x0000000089e00000, 0x0000000089f00000|  0%| F|  |TAMS 0x0000000089e00000, 0x0000000089e00000| Untracked 
| 159|0x0000000089f00000, 0x0000000089f00000, 0x000000008a000000|  0%| F|  |TAMS 0x0000000089f00000, 0x0000000089f00000| Untracked 
| 160|0x000000008a000000, 0x000000008a000000, 0x000000008a100000|  0%| F|  |TAMS 0x000000008a000000, 0x000000008a000000| Untracked 
| 161|0x000000008a100000, 0x000000008a100000, 0x000000008a200000|  0%| F|  |TAMS 0x000000008a100000, 0x000000008a100000| Untracked 
| 162|0x000000008a200000, 0x000000008a200000, 0x000000008a300000|  0%| F|  |TAMS 0x000000008a200000, 0x000000008a200000| Untracked 
| 163|0x000000008a300000, 0x000000008a300000, 0x000000008a400000|  0%| F|  |TAMS 0x000000008a300000, 0x000000008a300000| Untracked 
| 164|0x000000008a400000, 0x000000008a400000, 0x000000008a500000|  0%| F|  |TAMS 0x000000008a400000, 0x000000008a400000| Untracked 
| 165|0x000000008a500000, 0x000000008a500000, 0x000000008a600000|  0%| F|  |TAMS 0x000000008a500000, 0x000000008a500000| Untracked 
| 166|0x000000008a600000, 0x000000008a600000, 0x000000008a700000|  0%| F|  |TAMS 0x000000008a600000, 0x000000008a600000| Untracked 
| 167|0x000000008a700000, 0x000000008a700000, 0x000000008a800000|  0%| F|  |TAMS 0x000000008a700000, 0x000000008a700000| Untracked 
| 168|0x000000008a800000, 0x000000008a800000, 0x000000008a900000|  0%| F|  |TAMS 0x000000008a800000, 0x000000008a800000| Untracked 
| 169|0x000000008a900000, 0x000000008a900000, 0x000000008aa00000|  0%| F|  |TAMS 0x000000008a900000, 0x000000008a900000| Untracked 
| 170|0x000000008aa00000, 0x000000008aa00000, 0x000000008ab00000|  0%| F|  |TAMS 0x000000008aa00000, 0x000000008aa00000| Untracked 
| 171|0x000000008ab00000, 0x000000008ab00000, 0x000000008ac00000|  0%| F|  |TAMS 0x000000008ab00000, 0x000000008ab00000| Untracked 
| 172|0x000000008ac00000, 0x000000008ac00000, 0x000000008ad00000|  0%| F|  |TAMS 0x000000008ac00000, 0x000000008ac00000| Untracked 
| 173|0x000000008ad00000, 0x000000008ad00000, 0x000000008ae00000|  0%| F|  |TAMS 0x000000008ad00000, 0x000000008ad00000| Untracked 
| 174|0x000000008ae00000, 0x000000008ae00000, 0x000000008af00000|  0%| F|  |TAMS 0x000000008ae00000, 0x000000008ae00000| Untracked 
| 175|0x000000008af00000, 0x000000008af00000, 0x000000008b000000|  0%| F|  |TAMS 0x000000008af00000, 0x000000008af00000| Untracked 
| 176|0x000000008b000000, 0x000000008b000000, 0x000000008b100000|  0%| F|  |TAMS 0x000000008b000000, 0x000000008b000000| Untracked 
| 177|0x000000008b100000, 0x000000008b100000, 0x000000008b200000|  0%| F|  |TAMS 0x000000008b100000, 0x000000008b100000| Untracked 
| 178|0x000000008b200000, 0x000000008b200000, 0x000000008b300000|  0%| F|  |TAMS 0x000000008b200000, 0x000000008b200000| Untracked 
| 179|0x000000008b300000, 0x000000008b300000, 0x000000008b400000|  0%| F|  |TAMS 0x000000008b300000, 0x000000008b300000| Untracked 
| 180|0x000000008b400000, 0x000000008b400000, 0x000000008b500000|  0%| F|  |TAMS 0x000000008b400000, 0x000000008b400000| Untracked 
| 181|0x000000008b500000, 0x000000008b500000, 0x000000008b600000|  0%| F|  |TAMS 0x000000008b500000, 0x000000008b500000| Untracked 
| 182|0x000000008b600000, 0x000000008b600000, 0x000000008b700000|  0%| F|  |TAMS 0x000000008b600000, 0x000000008b600000| Untracked 
| 183|0x000000008b700000, 0x000000008b700000, 0x000000008b800000|  0%| F|  |TAMS 0x000000008b700000, 0x000000008b700000| Untracked 
| 184|0x000000008b800000, 0x000000008b800000, 0x000000008b900000|  0%| F|  |TAMS 0x000000008b800000, 0x000000008b800000| Untracked 
| 185|0x000000008b900000, 0x000000008b900000, 0x000000008ba00000|  0%| F|  |TAMS 0x000000008b900000, 0x000000008b900000| Untracked 
| 186|0x000000008ba00000, 0x000000008ba00000, 0x000000008bb00000|  0%| F|  |TAMS 0x000000008ba00000, 0x000000008ba00000| Untracked 
| 187|0x000000008bb00000, 0x000000008bb00000, 0x000000008bc00000|  0%| F|  |TAMS 0x000000008bb00000, 0x000000008bb00000| Untracked 
| 188|0x000000008bc00000, 0x000000008bc00000, 0x000000008bd00000|  0%| F|  |TAMS 0x000000008bc00000, 0x000000008bc00000| Untracked 
| 189|0x000000008bd00000, 0x000000008bd00000, 0x000000008be00000|  0%| F|  |TAMS 0x000000008bd00000, 0x000000008bd00000| Untracked 
| 190|0x000000008be00000, 0x000000008beb5ed0, 0x000000008bf00000| 71%| S|CS|TAMS 0x000000008be00000, 0x000000008be00000| Complete 
| 191|0x000000008bf00000, 0x000000008c000000, 0x000000008c000000|100%| S|CS|TAMS 0x000000008bf00000, 0x000000008bf00000| Complete 
| 192|0x000000008c000000, 0x000000008c100000, 0x000000008c100000|100%| S|CS|TAMS 0x000000008c000000, 0x000000008c000000| Complete 
| 193|0x000000008c100000, 0x000000008c200000, 0x000000008c200000|100%| S|CS|TAMS 0x000000008c100000, 0x000000008c100000| Complete 
| 194|0x000000008c200000, 0x000000008c300000, 0x000000008c300000|100%| S|CS|TAMS 0x000000008c200000, 0x000000008c200000| Complete 
| 195|0x000000008c300000, 0x000000008c300000, 0x000000008c400000|  0%| F|  |TAMS 0x000000008c300000, 0x000000008c300000| Untracked 
| 196|0x000000008c400000, 0x000000008c400000, 0x000000008c500000|  0%| F|  |TAMS 0x000000008c400000, 0x000000008c400000| Untracked 
| 197|0x000000008c500000, 0x000000008c500000, 0x000000008c600000|  0%| F|  |TAMS 0x000000008c500000, 0x000000008c500000| Untracked 
| 198|0x000000008c600000, 0x000000008c700000, 0x000000008c700000|100%| S|CS|TAMS 0x000000008c600000, 0x000000008c600000| Complete 
| 199|0x000000008c700000, 0x000000008c800000, 0x000000008c800000|100%| S|CS|TAMS 0x000000008c700000, 0x000000008c700000| Complete 
| 200|0x000000008c800000, 0x000000008c900000, 0x000000008c900000|100%| S|CS|TAMS 0x000000008c800000, 0x000000008c800000| Complete 
| 201|0x000000008c900000, 0x000000008ca00000, 0x000000008ca00000|100%| S|CS|TAMS 0x000000008c900000, 0x000000008c900000| Complete 
| 202|0x000000008ca00000, 0x000000008cb00000, 0x000000008cb00000|100%| S|CS|TAMS 0x000000008ca00000, 0x000000008ca00000| Complete 
| 203|0x000000008cb00000, 0x000000008cc00000, 0x000000008cc00000|100%| S|CS|TAMS 0x000000008cb00000, 0x000000008cb00000| Complete 
| 204|0x000000008cc00000, 0x000000008cc00000, 0x000000008cd00000|  0%| F|  |TAMS 0x000000008cc00000, 0x000000008cc00000| Untracked 
| 205|0x000000008cd00000, 0x000000008cd00000, 0x000000008ce00000|  0%| F|  |TAMS 0x000000008cd00000, 0x000000008cd00000| Untracked 
| 206|0x000000008ce00000, 0x000000008ce00000, 0x000000008cf00000|  0%| F|  |TAMS 0x000000008ce00000, 0x000000008ce00000| Untracked 
| 207|0x000000008cf00000, 0x000000008cf00000, 0x000000008d000000|  0%| F|  |TAMS 0x000000008cf00000, 0x000000008cf00000| Untracked 
| 208|0x000000008d000000, 0x000000008d000000, 0x000000008d100000|  0%| F|  |TAMS 0x000000008d000000, 0x000000008d000000| Untracked 
| 209|0x000000008d100000, 0x000000008d100000, 0x000000008d200000|  0%| F|  |TAMS 0x000000008d100000, 0x000000008d100000| Untracked 
| 210|0x000000008d200000, 0x000000008d200000, 0x000000008d300000|  0%| F|  |TAMS 0x000000008d200000, 0x000000008d200000| Untracked 
| 211|0x000000008d300000, 0x000000008d300000, 0x000000008d400000|  0%| F|  |TAMS 0x000000008d300000, 0x000000008d300000| Untracked 
| 212|0x000000008d400000, 0x000000008d400000, 0x000000008d500000|  0%| F|  |TAMS 0x000000008d400000, 0x000000008d400000| Untracked 
| 213|0x000000008d500000, 0x000000008d500000, 0x000000008d600000|  0%| F|  |TAMS 0x000000008d500000, 0x000000008d500000| Untracked 
| 214|0x000000008d600000, 0x000000008d600000, 0x000000008d700000|  0%| F|  |TAMS 0x000000008d600000, 0x000000008d600000| Untracked 
| 215|0x000000008d700000, 0x000000008d700000, 0x000000008d800000|  0%| F|  |TAMS 0x000000008d700000, 0x000000008d700000| Untracked 
| 216|0x000000008d800000, 0x000000008d800000, 0x000000008d900000|  0%| F|  |TAMS 0x000000008d800000, 0x000000008d800000| Untracked 
| 217|0x000000008d900000, 0x000000008d900000, 0x000000008da00000|  0%| F|  |TAMS 0x000000008d900000, 0x000000008d900000| Untracked 
| 218|0x000000008da00000, 0x000000008da00000, 0x000000008db00000|  0%| F|  |TAMS 0x000000008da00000, 0x000000008da00000| Untracked 
| 219|0x000000008db00000, 0x000000008db00000, 0x000000008dc00000|  0%| F|  |TAMS 0x000000008db00000, 0x000000008db00000| Untracked 
| 220|0x000000008dc00000, 0x000000008dc00000, 0x000000008dd00000|  0%| F|  |TAMS 0x000000008dc00000, 0x000000008dc00000| Untracked 
| 221|0x000000008dd00000, 0x000000008dd00000, 0x000000008de00000|  0%| F|  |TAMS 0x000000008dd00000, 0x000000008dd00000| Untracked 
| 222|0x000000008de00000, 0x000000008de00000, 0x000000008df00000|  0%| F|  |TAMS 0x000000008de00000, 0x000000008de00000| Untracked 
| 223|0x000000008df00000, 0x000000008df00000, 0x000000008e000000|  0%| F|  |TAMS 0x000000008df00000, 0x000000008df00000| Untracked 
| 224|0x000000008e000000, 0x000000008e000000, 0x000000008e100000|  0%| F|  |TAMS 0x000000008e000000, 0x000000008e000000| Untracked 
| 225|0x000000008e100000, 0x000000008e100000, 0x000000008e200000|  0%| F|  |TAMS 0x000000008e100000, 0x000000008e100000| Untracked 
| 226|0x000000008e200000, 0x000000008e200000, 0x000000008e300000|  0%| F|  |TAMS 0x000000008e200000, 0x000000008e200000| Untracked 
| 227|0x000000008e300000, 0x000000008e300000, 0x000000008e400000|  0%| F|  |TAMS 0x000000008e300000, 0x000000008e300000| Untracked 
| 228|0x000000008e400000, 0x000000008e400000, 0x000000008e500000|  0%| F|  |TAMS 0x000000008e400000, 0x000000008e400000| Untracked 
| 229|0x000000008e500000, 0x000000008e500000, 0x000000008e600000|  0%| F|  |TAMS 0x000000008e500000, 0x000000008e500000| Untracked 
| 230|0x000000008e600000, 0x000000008e600000, 0x000000008e700000|  0%| F|  |TAMS 0x000000008e600000, 0x000000008e600000| Untracked 
| 231|0x000000008e700000, 0x000000008e700000, 0x000000008e800000|  0%| F|  |TAMS 0x000000008e700000, 0x000000008e700000| Untracked 
| 232|0x000000008e800000, 0x000000008e800000, 0x000000008e900000|  0%| F|  |TAMS 0x000000008e800000, 0x000000008e800000| Untracked 
| 233|0x000000008e900000, 0x000000008e900000, 0x000000008ea00000|  0%| F|  |TAMS 0x000000008e900000, 0x000000008e900000| Untracked 
| 234|0x000000008ea00000, 0x000000008ea00000, 0x000000008eb00000|  0%| F|  |TAMS 0x000000008ea00000, 0x000000008ea00000| Untracked 
| 235|0x000000008eb00000, 0x000000008eb00000, 0x000000008ec00000|  0%| F|  |TAMS 0x000000008eb00000, 0x000000008eb00000| Untracked 
| 236|0x000000008ec00000, 0x000000008ec00000, 0x000000008ed00000|  0%| F|  |TAMS 0x000000008ec00000, 0x000000008ec00000| Untracked 
| 237|0x000000008ed00000, 0x000000008ed00000, 0x000000008ee00000|  0%| F|  |TAMS 0x000000008ed00000, 0x000000008ed00000| Untracked 
| 238|0x000000008ee00000, 0x000000008ee00000, 0x000000008ef00000|  0%| F|  |TAMS 0x000000008ee00000, 0x000000008ee00000| Untracked 
| 239|0x000000008ef00000, 0x000000008ef00000, 0x000000008f000000|  0%| F|  |TAMS 0x000000008ef00000, 0x000000008ef00000| Untracked 
| 240|0x000000008f000000, 0x000000008f000000, 0x000000008f100000|  0%| F|  |TAMS 0x000000008f000000, 0x000000008f000000| Untracked 
| 241|0x000000008f100000, 0x000000008f100000, 0x000000008f200000|  0%| F|  |TAMS 0x000000008f100000, 0x000000008f100000| Untracked 
| 242|0x000000008f200000, 0x000000008f200000, 0x000000008f300000|  0%| F|  |TAMS 0x000000008f200000, 0x000000008f200000| Untracked 
| 243|0x000000008f300000, 0x000000008f300000, 0x000000008f400000|  0%| F|  |TAMS 0x000000008f300000, 0x000000008f300000| Untracked 
| 244|0x000000008f400000, 0x000000008f400000, 0x000000008f500000|  0%| F|  |TAMS 0x000000008f400000, 0x000000008f400000| Untracked 
| 245|0x000000008f500000, 0x000000008f500000, 0x000000008f600000|  0%| F|  |TAMS 0x000000008f500000, 0x000000008f500000| Untracked 
| 246|0x000000008f600000, 0x000000008f600000, 0x000000008f700000|  0%| F|  |TAMS 0x000000008f600000, 0x000000008f600000| Untracked 
| 247|0x000000008f700000, 0x000000008f700000, 0x000000008f800000|  0%| F|  |TAMS 0x000000008f700000, 0x000000008f700000| Untracked 
| 248|0x000000008f800000, 0x000000008f800000, 0x000000008f900000|  0%| F|  |TAMS 0x000000008f800000, 0x000000008f800000| Untracked 
| 249|0x000000008f900000, 0x000000008f900000, 0x000000008fa00000|  0%| F|  |TAMS 0x000000008f900000, 0x000000008f900000| Untracked 
| 250|0x000000008fa00000, 0x000000008fa00000, 0x000000008fb00000|  0%| F|  |TAMS 0x000000008fa00000, 0x000000008fa00000| Untracked 
| 251|0x000000008fb00000, 0x000000008fb00000, 0x000000008fc00000|  0%| F|  |TAMS 0x000000008fb00000, 0x000000008fb00000| Untracked 
| 252|0x000000008fc00000, 0x000000008fc00000, 0x000000008fd00000|  0%| F|  |TAMS 0x000000008fc00000, 0x000000008fc00000| Untracked 
| 253|0x000000008fd00000, 0x000000008fd00000, 0x000000008fe00000|  0%| F|  |TAMS 0x000000008fd00000, 0x000000008fd00000| Untracked 
| 254|0x000000008fe00000, 0x000000008fe00000, 0x000000008ff00000|  0%| F|  |TAMS 0x000000008fe00000, 0x000000008fe00000| Untracked 
| 255|0x000000008ff00000, 0x000000008ff00000, 0x0000000090000000|  0%| F|  |TAMS 0x000000008ff00000, 0x000000008ff00000| Untracked 
| 256|0x0000000090000000, 0x0000000090000000, 0x0000000090100000|  0%| F|  |TAMS 0x0000000090000000, 0x0000000090000000| Untracked 
| 257|0x0000000090100000, 0x0000000090100000, 0x0000000090200000|  0%| F|  |TAMS 0x0000000090100000, 0x0000000090100000| Untracked 
| 258|0x0000000090200000, 0x0000000090200000, 0x0000000090300000|  0%| F|  |TAMS 0x0000000090200000, 0x0000000090200000| Untracked 
| 259|0x0000000090300000, 0x0000000090300000, 0x0000000090400000|  0%| F|  |TAMS 0x0000000090300000, 0x0000000090300000| Untracked 
| 260|0x0000000090400000, 0x0000000090400000, 0x0000000090500000|  0%| F|  |TAMS 0x0000000090400000, 0x0000000090400000| Untracked 
| 261|0x0000000090500000, 0x0000000090500000, 0x0000000090600000|  0%| F|  |TAMS 0x0000000090500000, 0x0000000090500000| Untracked 
| 262|0x0000000090600000, 0x0000000090600000, 0x0000000090700000|  0%| F|  |TAMS 0x0000000090600000, 0x0000000090600000| Untracked 
| 263|0x0000000090700000, 0x0000000090700000, 0x0000000090800000|  0%| F|  |TAMS 0x0000000090700000, 0x0000000090700000| Untracked 
| 264|0x0000000090800000, 0x0000000090800000, 0x0000000090900000|  0%| F|  |TAMS 0x0000000090800000, 0x0000000090800000| Untracked 
| 265|0x0000000090900000, 0x0000000090900000, 0x0000000090a00000|  0%| F|  |TAMS 0x0000000090900000, 0x0000000090900000| Untracked 
| 266|0x0000000090a00000, 0x0000000090a00000, 0x0000000090b00000|  0%| F|  |TAMS 0x0000000090a00000, 0x0000000090a00000| Untracked 
| 267|0x0000000090b00000, 0x0000000090b00000, 0x0000000090c00000|  0%| F|  |TAMS 0x0000000090b00000, 0x0000000090b00000| Untracked 
| 268|0x0000000090c00000, 0x0000000090c00000, 0x0000000090d00000|  0%| F|  |TAMS 0x0000000090c00000, 0x0000000090c00000| Untracked 
| 269|0x0000000090d00000, 0x0000000090d00000, 0x0000000090e00000|  0%| F|  |TAMS 0x0000000090d00000, 0x0000000090d00000| Untracked 
| 270|0x0000000090e00000, 0x0000000090e00000, 0x0000000090f00000|  0%| F|  |TAMS 0x0000000090e00000, 0x0000000090e00000| Untracked 
| 271|0x0000000090f00000, 0x0000000090f00000, 0x0000000091000000|  0%| F|  |TAMS 0x0000000090f00000, 0x0000000090f00000| Untracked 
| 272|0x0000000091000000, 0x0000000091000000, 0x0000000091100000|  0%| F|  |TAMS 0x0000000091000000, 0x0000000091000000| Untracked 
| 273|0x0000000091100000, 0x0000000091100000, 0x0000000091200000|  0%| F|  |TAMS 0x0000000091100000, 0x0000000091100000| Untracked 
| 274|0x0000000091200000, 0x0000000091200000, 0x0000000091300000|  0%| F|  |TAMS 0x0000000091200000, 0x0000000091200000| Untracked 
| 275|0x0000000091300000, 0x0000000091300000, 0x0000000091400000|  0%| F|  |TAMS 0x0000000091300000, 0x0000000091300000| Untracked 
| 276|0x0000000091400000, 0x0000000091400000, 0x0000000091500000|  0%| F|  |TAMS 0x0000000091400000, 0x0000000091400000| Untracked 
| 277|0x0000000091500000, 0x0000000091500000, 0x0000000091600000|  0%| F|  |TAMS 0x0000000091500000, 0x0000000091500000| Untracked 
| 278|0x0000000091600000, 0x0000000091600000, 0x0000000091700000|  0%| F|  |TAMS 0x0000000091600000, 0x0000000091600000| Untracked 
| 279|0x0000000091700000, 0x0000000091700000, 0x0000000091800000|  0%| F|  |TAMS 0x0000000091700000, 0x0000000091700000| Untracked 
| 280|0x0000000091800000, 0x0000000091800000, 0x0000000091900000|  0%| F|  |TAMS 0x0000000091800000, 0x0000000091800000| Untracked 
| 281|0x0000000091900000, 0x0000000091900000, 0x0000000091a00000|  0%| F|  |TAMS 0x0000000091900000, 0x0000000091900000| Untracked 
| 282|0x0000000091a00000, 0x0000000091a00000, 0x0000000091b00000|  0%| F|  |TAMS 0x0000000091a00000, 0x0000000091a00000| Untracked 
| 283|0x0000000091b00000, 0x0000000091b00000, 0x0000000091c00000|  0%| F|  |TAMS 0x0000000091b00000, 0x0000000091b00000| Untracked 
| 284|0x0000000091c00000, 0x0000000091c00000, 0x0000000091d00000|  0%| F|  |TAMS 0x0000000091c00000, 0x0000000091c00000| Untracked 
| 285|0x0000000091d00000, 0x0000000091d00000, 0x0000000091e00000|  0%| F|  |TAMS 0x0000000091d00000, 0x0000000091d00000| Untracked 
| 286|0x0000000091e00000, 0x0000000091e00000, 0x0000000091f00000|  0%| F|  |TAMS 0x0000000091e00000, 0x0000000091e00000| Untracked 
| 287|0x0000000091f00000, 0x0000000091f00000, 0x0000000092000000|  0%| F|  |TAMS 0x0000000091f00000, 0x0000000091f00000| Untracked 
| 288|0x0000000092000000, 0x0000000092000000, 0x0000000092100000|  0%| F|  |TAMS 0x0000000092000000, 0x0000000092000000| Untracked 
| 289|0x0000000092100000, 0x0000000092100000, 0x0000000092200000|  0%| F|  |TAMS 0x0000000092100000, 0x0000000092100000| Untracked 
| 290|0x0000000092200000, 0x0000000092200000, 0x0000000092300000|  0%| F|  |TAMS 0x0000000092200000, 0x0000000092200000| Untracked 
| 291|0x0000000092300000, 0x0000000092300000, 0x0000000092400000|  0%| F|  |TAMS 0x0000000092300000, 0x0000000092300000| Untracked 
| 292|0x0000000092400000, 0x0000000092400000, 0x0000000092500000|  0%| F|  |TAMS 0x0000000092400000, 0x0000000092400000| Untracked 
| 293|0x0000000092500000, 0x0000000092500000, 0x0000000092600000|  0%| F|  |TAMS 0x0000000092500000, 0x0000000092500000| Untracked 
| 294|0x0000000092600000, 0x0000000092600000, 0x0000000092700000|  0%| F|  |TAMS 0x0000000092600000, 0x0000000092600000| Untracked 
| 295|0x0000000092700000, 0x0000000092700000, 0x0000000092800000|  0%| F|  |TAMS 0x0000000092700000, 0x0000000092700000| Untracked 
| 296|0x0000000092800000, 0x0000000092800000, 0x0000000092900000|  0%| F|  |TAMS 0x0000000092800000, 0x0000000092800000| Untracked 
| 297|0x0000000092900000, 0x0000000092900000, 0x0000000092a00000|  0%| F|  |TAMS 0x0000000092900000, 0x0000000092900000| Untracked 
| 298|0x0000000092a00000, 0x0000000092a00000, 0x0000000092b00000|  0%| F|  |TAMS 0x0000000092a00000, 0x0000000092a00000| Untracked 
| 299|0x0000000092b00000, 0x0000000092b00000, 0x0000000092c00000|  0%| F|  |TAMS 0x0000000092b00000, 0x0000000092b00000| Untracked 
| 300|0x0000000092c00000, 0x0000000092c00000, 0x0000000092d00000|  0%| F|  |TAMS 0x0000000092c00000, 0x0000000092c00000| Untracked 
| 301|0x0000000092d00000, 0x0000000092d00000, 0x0000000092e00000|  0%| F|  |TAMS 0x0000000092d00000, 0x0000000092d00000| Untracked 
| 302|0x0000000092e00000, 0x0000000092e00000, 0x0000000092f00000|  0%| F|  |TAMS 0x0000000092e00000, 0x0000000092e00000| Untracked 
| 303|0x0000000092f00000, 0x0000000092f00000, 0x0000000093000000|  0%| F|  |TAMS 0x0000000092f00000, 0x0000000092f00000| Untracked 
| 304|0x0000000093000000, 0x0000000093000000, 0x0000000093100000|  0%| F|  |TAMS 0x0000000093000000, 0x0000000093000000| Untracked 
| 305|0x0000000093100000, 0x0000000093100000, 0x0000000093200000|  0%| F|  |TAMS 0x0000000093100000, 0x0000000093100000| Untracked 
| 306|0x0000000093200000, 0x0000000093200000, 0x0000000093300000|  0%| F|  |TAMS 0x0000000093200000, 0x0000000093200000| Untracked 
| 307|0x0000000093300000, 0x0000000093300000, 0x0000000093400000|  0%| F|  |TAMS 0x0000000093300000, 0x0000000093300000| Untracked 
| 308|0x0000000093400000, 0x0000000093400000, 0x0000000093500000|  0%| F|  |TAMS 0x0000000093400000, 0x0000000093400000| Untracked 
| 309|0x0000000093500000, 0x0000000093500000, 0x0000000093600000|  0%| F|  |TAMS 0x0000000093500000, 0x0000000093500000| Untracked 
| 310|0x0000000093600000, 0x0000000093600000, 0x0000000093700000|  0%| F|  |TAMS 0x0000000093600000, 0x0000000093600000| Untracked 
| 311|0x0000000093700000, 0x0000000093700000, 0x0000000093800000|  0%| F|  |TAMS 0x0000000093700000, 0x0000000093700000| Untracked 
| 312|0x0000000093800000, 0x0000000093800000, 0x0000000093900000|  0%| F|  |TAMS 0x0000000093800000, 0x0000000093800000| Untracked 
| 313|0x0000000093900000, 0x0000000093900000, 0x0000000093a00000|  0%| F|  |TAMS 0x0000000093900000, 0x0000000093900000| Untracked 
| 314|0x0000000093a00000, 0x0000000093a00000, 0x0000000093b00000|  0%| F|  |TAMS 0x0000000093a00000, 0x0000000093a00000| Untracked 
| 315|0x0000000093b00000, 0x0000000093b00000, 0x0000000093c00000|  0%| F|  |TAMS 0x0000000093b00000, 0x0000000093b00000| Untracked 
| 316|0x0000000093c00000, 0x0000000093c00000, 0x0000000093d00000|  0%| F|  |TAMS 0x0000000093c00000, 0x0000000093c00000| Untracked 
| 317|0x0000000093d00000, 0x0000000093d00000, 0x0000000093e00000|  0%| F|  |TAMS 0x0000000093d00000, 0x0000000093d00000| Untracked 
| 318|0x0000000093e00000, 0x0000000093e00000, 0x0000000093f00000|  0%| F|  |TAMS 0x0000000093e00000, 0x0000000093e00000| Untracked 
| 319|0x0000000093f00000, 0x0000000093f00000, 0x0000000094000000|  0%| F|  |TAMS 0x0000000093f00000, 0x0000000093f00000| Untracked 
| 320|0x0000000094000000, 0x0000000094000000, 0x0000000094100000|  0%| F|  |TAMS 0x0000000094000000, 0x0000000094000000| Untracked 
| 321|0x0000000094100000, 0x0000000094100000, 0x0000000094200000|  0%| F|  |TAMS 0x0000000094100000, 0x0000000094100000| Untracked 
| 322|0x0000000094200000, 0x0000000094200000, 0x0000000094300000|  0%| F|  |TAMS 0x0000000094200000, 0x0000000094200000| Untracked 
| 323|0x0000000094300000, 0x0000000094300000, 0x0000000094400000|  0%| F|  |TAMS 0x0000000094300000, 0x0000000094300000| Untracked 
| 324|0x0000000094400000, 0x0000000094400000, 0x0000000094500000|  0%| F|  |TAMS 0x0000000094400000, 0x0000000094400000| Untracked 
| 325|0x0000000094500000, 0x0000000094500000, 0x0000000094600000|  0%| F|  |TAMS 0x0000000094500000, 0x0000000094500000| Untracked 
| 326|0x0000000094600000, 0x0000000094600000, 0x0000000094700000|  0%| F|  |TAMS 0x0000000094600000, 0x0000000094600000| Untracked 
| 327|0x0000000094700000, 0x0000000094700000, 0x0000000094800000|  0%| F|  |TAMS 0x0000000094700000, 0x0000000094700000| Untracked 
| 328|0x0000000094800000, 0x0000000094800000, 0x0000000094900000|  0%| F|  |TAMS 0x0000000094800000, 0x0000000094800000| Untracked 
| 329|0x0000000094900000, 0x0000000094900000, 0x0000000094a00000|  0%| F|  |TAMS 0x0000000094900000, 0x0000000094900000| Untracked 
| 330|0x0000000094a00000, 0x0000000094a00000, 0x0000000094b00000|  0%| F|  |TAMS 0x0000000094a00000, 0x0000000094a00000| Untracked 
| 331|0x0000000094b00000, 0x0000000094b00000, 0x0000000094c00000|  0%| F|  |TAMS 0x0000000094b00000, 0x0000000094b00000| Untracked 
| 332|0x0000000094c00000, 0x0000000094c00000, 0x0000000094d00000|  0%| F|  |TAMS 0x0000000094c00000, 0x0000000094c00000| Untracked 
| 333|0x0000000094d00000, 0x0000000094d00000, 0x0000000094e00000|  0%| F|  |TAMS 0x0000000094d00000, 0x0000000094d00000| Untracked 
| 334|0x0000000094e00000, 0x0000000094e00000, 0x0000000094f00000|  0%| F|  |TAMS 0x0000000094e00000, 0x0000000094e00000| Untracked 
| 335|0x0000000094f00000, 0x0000000094f00000, 0x0000000095000000|  0%| F|  |TAMS 0x0000000094f00000, 0x0000000094f00000| Untracked 
| 336|0x0000000095000000, 0x0000000095000000, 0x0000000095100000|  0%| F|  |TAMS 0x0000000095000000, 0x0000000095000000| Untracked 
| 337|0x0000000095100000, 0x0000000095100000, 0x0000000095200000|  0%| F|  |TAMS 0x0000000095100000, 0x0000000095100000| Untracked 
| 338|0x0000000095200000, 0x0000000095200000, 0x0000000095300000|  0%| F|  |TAMS 0x0000000095200000, 0x0000000095200000| Untracked 
| 339|0x0000000095300000, 0x0000000095300000, 0x0000000095400000|  0%| F|  |TAMS 0x0000000095300000, 0x0000000095300000| Untracked 
| 340|0x0000000095400000, 0x0000000095400000, 0x0000000095500000|  0%| F|  |TAMS 0x0000000095400000, 0x0000000095400000| Untracked 
| 341|0x0000000095500000, 0x0000000095500000, 0x0000000095600000|  0%| F|  |TAMS 0x0000000095500000, 0x0000000095500000| Untracked 
| 342|0x0000000095600000, 0x0000000095600000, 0x0000000095700000|  0%| F|  |TAMS 0x0000000095600000, 0x0000000095600000| Untracked 
| 343|0x0000000095700000, 0x0000000095700000, 0x0000000095800000|  0%| F|  |TAMS 0x0000000095700000, 0x0000000095700000| Untracked 
| 344|0x0000000095800000, 0x0000000095800000, 0x0000000095900000|  0%| F|  |TAMS 0x0000000095800000, 0x0000000095800000| Untracked 
| 345|0x0000000095900000, 0x0000000095900000, 0x0000000095a00000|  0%| F|  |TAMS 0x0000000095900000, 0x0000000095900000| Untracked 
| 346|0x0000000095a00000, 0x0000000095a00000, 0x0000000095b00000|  0%| F|  |TAMS 0x0000000095a00000, 0x0000000095a00000| Untracked 
| 347|0x0000000095b00000, 0x0000000095b00000, 0x0000000095c00000|  0%| F|  |TAMS 0x0000000095b00000, 0x0000000095b00000| Untracked 
| 348|0x0000000095c00000, 0x0000000095c00000, 0x0000000095d00000|  0%| F|  |TAMS 0x0000000095c00000, 0x0000000095c00000| Untracked 
| 349|0x0000000095d00000, 0x0000000095d00000, 0x0000000095e00000|  0%| F|  |TAMS 0x0000000095d00000, 0x0000000095d00000| Untracked 
| 350|0x0000000095e00000, 0x0000000095e00000, 0x0000000095f00000|  0%| F|  |TAMS 0x0000000095e00000, 0x0000000095e00000| Untracked 
| 351|0x0000000095f00000, 0x0000000095f00000, 0x0000000096000000|  0%| F|  |TAMS 0x0000000095f00000, 0x0000000095f00000| Untracked 
| 352|0x0000000096000000, 0x0000000096000000, 0x0000000096100000|  0%| F|  |TAMS 0x0000000096000000, 0x0000000096000000| Untracked 
| 353|0x0000000096100000, 0x0000000096100000, 0x0000000096200000|  0%| F|  |TAMS 0x0000000096100000, 0x0000000096100000| Untracked 
| 354|0x0000000096200000, 0x0000000096200000, 0x0000000096300000|  0%| F|  |TAMS 0x0000000096200000, 0x0000000096200000| Untracked 
| 355|0x0000000096300000, 0x0000000096300000, 0x0000000096400000|  0%| F|  |TAMS 0x0000000096300000, 0x0000000096300000| Untracked 
| 356|0x0000000096400000, 0x0000000096400000, 0x0000000096500000|  0%| F|  |TAMS 0x0000000096400000, 0x0000000096400000| Untracked 
| 357|0x0000000096500000, 0x0000000096500000, 0x0000000096600000|  0%| F|  |TAMS 0x0000000096500000, 0x0000000096500000| Untracked 
| 358|0x0000000096600000, 0x0000000096600000, 0x0000000096700000|  0%| F|  |TAMS 0x0000000096600000, 0x0000000096600000| Untracked 
| 359|0x0000000096700000, 0x0000000096700000, 0x0000000096800000|  0%| F|  |TAMS 0x0000000096700000, 0x0000000096700000| Untracked 
| 360|0x0000000096800000, 0x0000000096800000, 0x0000000096900000|  0%| F|  |TAMS 0x0000000096800000, 0x0000000096800000| Untracked 
| 361|0x0000000096900000, 0x0000000096900000, 0x0000000096a00000|  0%| F|  |TAMS 0x0000000096900000, 0x0000000096900000| Untracked 
| 362|0x0000000096a00000, 0x0000000096a00000, 0x0000000096b00000|  0%| F|  |TAMS 0x0000000096a00000, 0x0000000096a00000| Untracked 
| 363|0x0000000096b00000, 0x0000000096b00000, 0x0000000096c00000|  0%| F|  |TAMS 0x0000000096b00000, 0x0000000096b00000| Untracked 
| 364|0x0000000096c00000, 0x0000000096c00000, 0x0000000096d00000|  0%| F|  |TAMS 0x0000000096c00000, 0x0000000096c00000| Untracked 
| 365|0x0000000096d00000, 0x0000000096d00000, 0x0000000096e00000|  0%| F|  |TAMS 0x0000000096d00000, 0x0000000096d00000| Untracked 
| 366|0x0000000096e00000, 0x0000000096e00000, 0x0000000096f00000|  0%| F|  |TAMS 0x0000000096e00000, 0x0000000096e00000| Untracked 
| 367|0x0000000096f00000, 0x0000000096f00000, 0x0000000097000000|  0%| F|  |TAMS 0x0000000096f00000, 0x0000000096f00000| Untracked 
| 368|0x0000000097000000, 0x0000000097000000, 0x0000000097100000|  0%| F|  |TAMS 0x0000000097000000, 0x0000000097000000| Untracked 
| 369|0x0000000097100000, 0x0000000097100000, 0x0000000097200000|  0%| F|  |TAMS 0x0000000097100000, 0x0000000097100000| Untracked 
| 370|0x0000000097200000, 0x0000000097200000, 0x0000000097300000|  0%| F|  |TAMS 0x0000000097200000, 0x0000000097200000| Untracked 

Card table byte_map: [0x00000114aba80000,0x00000114abe80000] _byte_map_base: 0x00000114ab680000

Marking Bits (Prev, Next): (CMBitMap*) 0x0000011498d50048, (CMBitMap*) 0x0000011498d50080
 Prev Bits: [0x00000114ac280000, 0x00000114ae280000)
 Next Bits: [0x00000114ae280000, 0x00000114b0280000)

Polling page: 0x0000011496ea0000

Metaspace:

Usage:
  Non-class:    114.87 MB capacity,   112.86 MB ( 98%) used,     1.67 MB (  1%) free+waste,   348.63 KB ( <1%) overhead. 
      Class:     16.57 MB capacity,    15.50 MB ( 94%) used,   943.88 KB (  6%) free+waste,   152.50 KB ( <1%) overhead. 
       Both:    131.44 MB capacity,   128.36 MB ( 98%) used,     2.59 MB (  2%) free+waste,   501.13 KB ( <1%) overhead. 

Virtual space:
  Non-class space:      116.00 MB reserved,     115.25 MB (>99%) committed 
      Class space:        1.00 GB reserved,      16.88 MB (  2%) committed 
             Both:        1.11 GB reserved,     132.13 MB ( 12%) committed 

Chunk freelists:
   Non-Class:  260.00 KB
       Class:  213.00 KB
        Both:  473.00 KB

MaxMetaspaceSize: 17179869184.00 GB
CompressedClassSpaceSize: 1.00 GB

CodeHeap 'non-profiled nmethods': size=120064Kb used=14780Kb max_used=14780Kb free=105283Kb
 bounds [0x00000114a4140000, 0x00000114a4fc0000, 0x00000114ab680000]
CodeHeap 'profiled nmethods': size=120000Kb used=49300Kb max_used=49300Kb free=70699Kb
 bounds [0x000001149cc10000, 0x000001149fc60000, 0x00000114a4140000]
CodeHeap 'non-nmethods': size=5696Kb used=2360Kb max_used=2410Kb free=3335Kb
 bounds [0x000001149c680000, 0x000001149c8f0000, 0x000001149cc10000]
 total_blobs=21220 nmethods=20231 adapters=898
 compilation: enabled
              stopped_count=0, restarted_count=0
 full_count=0

Compilation events (20 events):
Event: 391.614 Thread 0x00000114b30c9800 23537       2       com.android.tools.r8.s.a.a.b.H1::f (26 bytes)
Event: 391.615 Thread 0x00000114b30c9800 nmethod 23537 0x000001149fc4c390 code [0x000001149fc4c540, 0x000001149fc4c778]
Event: 391.615 Thread 0x00000114b30c9800 23538       2       com.android.tools.r8.s.a.a.b.H1$a::size (9 bytes)
Event: 391.615 Thread 0x00000114b30c9800 nmethod 23538 0x000001149fc4c810 code [0x000001149fc4c9c0, 0x000001149fc4cad8]
Event: 391.800 Thread 0x00000114b30c9800 23540       2       com.google.common.collect.Maps::newHashMap (8 bytes)
Event: 391.800 Thread 0x00000114b30c9800 nmethod 23540 0x000001149fc4cb90 code [0x000001149fc4cd40, 0x000001149fc4ce78]
Event: 391.844 Thread 0x00000114b30c9800 23542       3       com.android.tools.r8.v.b.o$d::a (49 bytes)
Event: 391.844 Thread 0x00000114b30c9800 nmethod 23542 0x000001149fc4cf10 code [0x000001149fc4d120, 0x000001149fc4d828]
Event: 391.845 Thread 0x00000114b30c9800 23543       2       com.android.tools.r8.r.o.Y::a (20 bytes)
Event: 391.845 Thread 0x00000114b30c9800 nmethod 23543 0x000001149fc4da10 code [0x000001149fc4dbe0, 0x000001149fc4dd98]
Event: 391.846 Thread 0x00000114b30c9800 23544       2       com.android.tools.r8.r.o.Y::a (12 bytes)
Event: 391.847 Thread 0x00000114b30c9800 nmethod 23544 0x000001149fc4df10 code [0x000001149fc4e120, 0x000001149fc4e688]
Event: 391.859 Thread 0x00000114b30c9800 23545 %     3       com.android.tools.r8.ir.regalloc.a::b @ 11 (40 bytes)
Event: 391.860 Thread 0x00000114b30c9800 nmethod 23545% 0x000001149fc4e910 code [0x000001149fc4eb20, 0x000001149fc4f1c8]
Event: 391.889 Thread 0x00000114b30c9800 23547       2       com.android.tools.r8.ir.regalloc.a::a (199 bytes)
Event: 391.891 Thread 0x00000114b30c9800 nmethod 23547 0x000001149fc4f490 code [0x000001149fc4f860, 0x000001149fc50648]
Event: 391.903 Thread 0x00000114b30c9800 23548       2       com.google.common.collect.ImmutableCollection$Builder::addAll (34 bytes)
Event: 391.903 Thread 0x00000114b30c9800 nmethod 23548 0x000001149fc50e90 code [0x000001149fc51080, 0x000001149fc51278]
Event: 391.999 Thread 0x00000114b30c9800 23550       1       com.android.tools.r8.v.b.q1::S1 (2 bytes)
Event: 392.000 Thread 0x00000114b30c9800 nmethod 23550 0x00000114a4bb3f10 code [0x00000114a4bb40c0, 0x00000114a4bb4178]

GC Heap History (20 events):
Event: 386.949 GC heap after
{Heap after GC invocations=198 (full 0):
 garbage-first heap   total 235520K, used 153404K [0x0000000080000000, 0x0000000100000000)
  region size 1024K, 4 young (4096K), 4 survivors (4096K)
 Metaspace       used 131249K, capacity 134359K, committed 134912K, reserved 1167360K
  class space    used 15863K, capacity 16937K, committed 17152K, reserved 1048576K
}
Event: 387.135 GC heap before
{Heap before GC invocations=198 (full 0):
 garbage-first heap   total 235520K, used 204604K [0x0000000080000000, 0x0000000100000000)
  region size 1024K, 55 young (56320K), 4 survivors (4096K)
 Metaspace       used 131288K, capacity 134367K, committed 134912K, reserved 1167360K
  class space    used 15867K, capacity 16937K, committed 17152K, reserved 1048576K
}
Event: 387.144 GC heap after
{Heap after GC invocations=199 (full 0):
 garbage-first heap   total 235520K, used 153845K [0x0000000080000000, 0x0000000100000000)
  region size 1024K, 4 young (4096K), 4 survivors (4096K)
 Metaspace       used 131288K, capacity 134367K, committed 134912K, reserved 1167360K
  class space    used 15867K, capacity 16937K, committed 17152K, reserved 1048576K
}
Event: 387.342 GC heap before
{Heap before GC invocations=200 (full 0):
 garbage-first heap   total 235520K, used 205045K [0x0000000080000000, 0x0000000100000000)
  region size 1024K, 55 young (56320K), 4 survivors (4096K)
 Metaspace       used 131306K, capacity 134431K, committed 134912K, reserved 1167360K
  class space    used 15869K, capacity 16937K, committed 17152K, reserved 1048576K
}
Event: 387.354 GC heap after
{Heap after GC invocations=201 (full 0):
 garbage-first heap   total 294912K, used 154900K [0x0000000080000000, 0x0000000100000000)
  region size 1024K, 4 young (4096K), 4 survivors (4096K)
 Metaspace       used 131306K, capacity 134431K, committed 134912K, reserved 1167360K
  class space    used 15869K, capacity 16937K, committed 17152K, reserved 1048576K
}
Event: 387.392 GC heap before
{Heap before GC invocations=201 (full 0):
 garbage-first heap   total 294912K, used 165140K [0x0000000080000000, 0x0000000100000000)
  region size 1024K, 14 young (14336K), 4 survivors (4096K)
 Metaspace       used 131309K, capacity 134431K, committed 134912K, reserved 1167360K
  class space    used 15869K, capacity 16937K, committed 17152K, reserved 1048576K
}
Event: 387.401 GC heap after
{Heap after GC invocations=202 (full 0):
 garbage-first heap   total 294912K, used 154775K [0x0000000080000000, 0x0000000100000000)
  region size 1024K, 2 young (2048K), 2 survivors (2048K)
 Metaspace       used 131309K, capacity 134431K, committed 134912K, reserved 1167360K
  class space    used 15869K, capacity 16937K, committed 17152K, reserved 1048576K
}
Event: 387.633 GC heap before
{Heap before GC invocations=202 (full 0):
 garbage-first heap   total 294912K, used 235671K [0x0000000080000000, 0x0000000100000000)
  region size 1024K, 81 young (82944K), 2 survivors (2048K)
 Metaspace       used 131322K, capacity 134433K, committed 134912K, reserved 1167360K
  class space    used 15869K, capacity 16937K, committed 17152K, reserved 1048576K
}
Event: 387.640 GC heap after
{Heap after GC invocations=203 (full 0):
 garbage-first heap   total 294912K, used 155872K [0x0000000080000000, 0x0000000100000000)
  region size 1024K, 3 young (3072K), 3 survivors (3072K)
 Metaspace       used 131322K, capacity 134433K, committed 134912K, reserved 1167360K
  class space    used 15869K, capacity 16937K, committed 17152K, reserved 1048576K
}
Event: 387.848 GC heap before
{Heap before GC invocations=203 (full 0):
 garbage-first heap   total 294912K, used 241888K [0x0000000080000000, 0x0000000100000000)
  region size 1024K, 87 young (89088K), 3 survivors (3072K)
 Metaspace       used 131341K, capacity 134433K, committed 134912K, reserved 1167360K
  class space    used 15870K, capacity 16937K, committed 17152K, reserved 1048576K
}
Event: 387.855 GC heap after
{Heap after GC invocations=204 (full 0):
 garbage-first heap   total 294912K, used 156744K [0x0000000080000000, 0x0000000100000000)
  region size 1024K, 4 young (4096K), 4 survivors (4096K)
 Metaspace       used 131341K, capacity 134433K, committed 134912K, reserved 1167360K
  class space    used 15870K, capacity 16937K, committed 17152K, reserved 1048576K
}
Event: 388.259 GC heap before
{Heap before GC invocations=204 (full 0):
 garbage-first heap   total 294912K, used 245832K [0x0000000080000000, 0x0000000100000000)
  region size 1024K, 91 young (93184K), 4 survivors (4096K)
 Metaspace       used 131345K, capacity 134433K, committed 134912K, reserved 1167360K
  class space    used 15870K, capacity 16937K, committed 17152K, reserved 1048576K
}
Event: 388.272 GC heap after
{Heap after GC invocations=205 (full 0):
 garbage-first heap   total 379904K, used 158079K [0x0000000080000000, 0x0000000100000000)
  region size 1024K, 5 young (5120K), 5 survivors (5120K)
 Metaspace       used 131345K, capacity 134433K, committed 134912K, reserved 1167360K
  class space    used 15870K, capacity 16937K, committed 17152K, reserved 1048576K
}
Event: 389.964 GC heap before
{Heap before GC invocations=206 (full 0):
 garbage-first heap   total 379904K, used 318847K [0x0000000080000000, 0x0000000100000000)
  region size 1024K, 162 young (165888K), 5 survivors (5120K)
 Metaspace       used 131395K, capacity 134561K, committed 135168K, reserved 1167360K
  class space    used 15870K, capacity 16937K, committed 17152K, reserved 1048576K
}
Event: 389.987 GC heap after
{Heap after GC invocations=207 (full 0):
 garbage-first heap   total 379904K, used 159262K [0x0000000080000000, 0x0000000100000000)
  region size 1024K, 6 young (6144K), 6 survivors (6144K)
 Metaspace       used 131395K, capacity 134561K, committed 135168K, reserved 1167360K
  class space    used 15870K, capacity 16937K, committed 17152K, reserved 1048576K
}
Event: 390.802 GC heap before
{Heap before GC invocations=207 (full 0):
 garbage-first heap   total 379904K, used 322078K [0x0000000080000000, 0x0000000100000000)
  region size 1024K, 165 young (168960K), 6 survivors (6144K)
 Metaspace       used 131410K, capacity 134593K, committed 135296K, reserved 1167360K
  class space    used 15872K, capacity 16969K, committed 17280K, reserved 1048576K
}
Event: 390.822 GC heap after
{Heap after GC invocations=208 (full 0):
 garbage-first heap   total 379904K, used 160983K [0x0000000080000000, 0x0000000100000000)
  region size 1024K, 8 young (8192K), 8 survivors (8192K)
 Metaspace       used 131410K, capacity 134593K, committed 135296K, reserved 1167360K
  class space    used 15872K, capacity 16969K, committed 17280K, reserved 1048576K
}
Event: 391.482 GC heap before
{Heap before GC invocations=208 (full 0):
 garbage-first heap   total 379904K, used 324823K [0x0000000080000000, 0x0000000100000000)
  region size 1024K, 168 young (172032K), 8 survivors (8192K)
 Metaspace       used 131422K, capacity 134593K, committed 135296K, reserved 1167360K
  class space    used 15872K, capacity 16969K, committed 17280K, reserved 1048576K
}
Event: 391.501 GC heap after
{Heap after GC invocations=209 (full 0):
 garbage-first heap   total 379904K, used 161717K [0x0000000080000000, 0x0000000100000000)
  region size 1024K, 8 young (8192K), 8 survivors (8192K)
 Metaspace       used 131422K, capacity 134593K, committed 135296K, reserved 1167360K
  class space    used 15872K, capacity 16969K, committed 17280K, reserved 1048576K
}
Event: 392.055 GC heap before
{Heap before GC invocations=210 (full 0):
 garbage-first heap   total 379904K, used 326581K [0x0000000080000000, 0x0000000100000000)
  region size 1024K, 170 young (174080K), 8 survivors (8192K)
 Metaspace       used 131442K, capacity 134599K, committed 135296K, reserved 1167360K
  class space    used 15874K, capacity 16971K, committed 17280K, reserved 1048576K
}

Deoptimization events (20 events):
Event: 389.489 Thread 0x00000114b5975000 Uncommon trap: trap_request=0xffffffd6 fr.pc=0x00000114a4b55408 relative=0x0000000000001808
Event: 389.490 Thread 0x00000114b5975000 Uncommon trap: reason=array_check action=maybe_recompile pc=0x00000114a4b55408 method=java.util.TimSort.reverseRange([Ljava/lang/Object;II)V @ 27 c2
Event: 389.490 Thread 0x00000114b5975000 DEOPT PACKING pc=0x00000114a4b55408 sp=0x00000012b1ef8fe0
Event: 389.490 Thread 0x00000114b5975000 DEOPT UNPACKING pc=0x000001149c6a74af sp=0x00000012b1ef8ea8 mode 2
Event: 389.530 Thread 0x00000114b5975000 Uncommon trap: trap_request=0xffffffd6 fr.pc=0x00000114a4b55408 relative=0x0000000000001808
Event: 389.530 Thread 0x00000114b5975000 Uncommon trap: reason=array_check action=maybe_recompile pc=0x00000114a4b55408 method=java.util.TimSort.reverseRange([Ljava/lang/Object;II)V @ 27 c2
Event: 389.530 Thread 0x00000114b5975000 DEOPT PACKING pc=0x00000114a4b55408 sp=0x00000012b1ef8fe0
Event: 389.530 Thread 0x00000114b5975000 DEOPT UNPACKING pc=0x000001149c6a74af sp=0x00000012b1ef8ea8 mode 2
Event: 389.777 Thread 0x00000114b998b800 Uncommon trap: trap_request=0xffffffc6 fr.pc=0x00000114a4381d1c relative=0x000000000000243c
Event: 389.777 Thread 0x00000114b998b800 Uncommon trap: reason=bimorphic_or_optimized_type_check action=maybe_recompile pc=0x00000114a4381d1c method=java.util.zip.InflaterInputStream.read([BII)I @ 100 c2
Event: 389.777 Thread 0x00000114b998b800 DEOPT PACKING pc=0x00000114a4381d1c sp=0x00000012b8dfcfd0
Event: 389.777 Thread 0x00000114b998b800 DEOPT UNPACKING pc=0x000001149c6a74af sp=0x00000012b8dfd030 mode 2
Event: 389.850 Thread 0x00000114b597b800 DEOPT PACKING pc=0x000001149f441010 sp=0x00000012b1ff9c40
Event: 389.850 Thread 0x00000114b597b800 DEOPT UNPACKING pc=0x000001149c6a72ce sp=0x00000012b1ff9130 mode 0
Event: 389.893 Thread 0x00000114b597b800 DEOPT PACKING pc=0x000001149f46e76e sp=0x00000012b1ff90c0
Event: 389.893 Thread 0x00000114b597b800 DEOPT UNPACKING pc=0x000001149c6a72ce sp=0x00000012b1ff85a8 mode 0
Event: 390.086 Thread 0x00000114b5975000 DEOPT PACKING pc=0x000001149f6f82f1 sp=0x00000012b1ef9950
Event: 390.086 Thread 0x00000114b5975000 DEOPT UNPACKING pc=0x000001149c6a72ce sp=0x00000012b1ef8eb8 mode 0
Event: 391.479 Thread 0x00000114b5975000 DEOPT PACKING pc=0x000001149f481a8c sp=0x00000012b1ef9b70
Event: 391.479 Thread 0x00000114b5975000 DEOPT UNPACKING pc=0x000001149c6a72ce sp=0x00000012b1ef9010 mode 0

Classes redefined (0 events):
No events

Internal exceptions (20 events):
Event: 375.685 Thread 0x00000114b5975000 Exception <a 'java/lang/NoSuchMethodError'{0x000000008e5a06f0}: 'void java.lang.invoke.DirectMethodHandle$Holder.invokeStatic(java.lang.Object, java.lang.Object, java.lang.Object, int)'> (0x000000008e5a06f0) thrown at [./src/hotspot/share/interpreter/linkResolver.cpp, line 773]
Event: 375.685 Thread 0x00000114b597b800 Exception <a 'java/lang/NoSuchMethodError'{0x000000008dc7f6e8}: 'void java.lang.invoke.DirectMethodHandle$Holder.invokeStatic(java.lang.Object, java.lang.Object, java.lang.Object, int)'> (0x000000008dc7f6e8) thrown at [./src/hotspot/share/interpreter/linkResolver.cpp, line 773]
Event: 375.686 Thread 0x00000114b5975000 Exception <a 'java/lang/IncompatibleClassChangeError'{0x000000008db07990}: Found class java.lang.Object, but interface was expected> (0x000000008db07990) thrown at [./src/hotspot/share/interpreter/linkResolver.cpp, line 839]
Event: 375.686 Thread 0x00000114b597b800 Exception <a 'java/lang/IncompatibleClassChangeError'{0x000000008dc857a0}: Found class java.lang.Object, but interface was expected> (0x000000008dc857a0) thrown at [./src/hotspot/share/interpreter/linkResolver.cpp, line 839]
Event: 377.288 Thread 0x00000114b597b800 Exception <a 'java/lang/NoSuchMethodError'{0x000000008d28dd28}: 'void java.lang.invoke.DirectMethodHandle$Holder.invokeSpecial(java.lang.Object, java.lang.Object, int, java.lang.Object)'> (0x000000008d28dd28) thrown at [./src/hotspot/share/interpreter/linkResolver.cpp, line 773]
Event: 377.288 Thread 0x00000114b5977800 Exception <a 'java/lang/NoSuchMethodError'{0x000000008d2b0950}: 'void java.lang.invoke.DirectMethodHandle$Holder.invokeSpecial(java.lang.Object, java.lang.Object, int, java.lang.Object)'> (0x000000008d2b0950) thrown at [./src/hotspot/share/interpreter/linkResolver.cpp, line 773]
Event: 377.288 Thread 0x00000114b5975000 Exception <a 'java/lang/NoSuchMethodError'{0x000000008d111fa8}: 'void java.lang.invoke.DirectMethodHandle$Holder.invokeSpecial(java.lang.Object, java.lang.Object, int, java.lang.Object)'> (0x000000008d111fa8) thrown at [./src/hotspot/share/interpreter/linkResolver.cpp, line 773]
Event: 377.786 Thread 0x00000114b5975000 Exception <a 'java/lang/NoSuchMethodError'{0x000000008caf3688}: 'java.lang.Object java.lang.invoke.DirectMethodHandle$Holder.invokeVirtual(java.lang.Object, java.lang.Object, int, java.lang.Object)'> (0x000000008caf3688) thrown at [./src/hotspot/share/interpreter/linkResolver.cpp, line 773]
Event: 377.786 Thread 0x00000114b597b800 Exception <a 'java/lang/NoSuchMethodError'{0x000000008ce25f08}: 'java.lang.Object java.lang.invoke.DirectMethodHandle$Holder.invokeVirtual(java.lang.Object, java.lang.Object, int, java.lang.Object)'> (0x000000008ce25f08) thrown at [./src/hotspot/share/interpreter/linkResolver.cpp, line 773]
Event: 377.786 Thread 0x00000114b5977800 Exception <a 'java/lang/NoSuchMethodError'{0x000000008cd16240}: 'java.lang.Object java.lang.invoke.DirectMethodHandle$Holder.invokeVirtual(java.lang.Object, java.lang.Object, int, java.lang.Object)'> (0x000000008cd16240) thrown at [./src/hotspot/share/interpreter/linkResolver.cpp, line 773]
Event: 377.993 Thread 0x00000114b5975000 Exception <a 'java/lang/NoSuchMethodError'{0x000000008c84c740}: 'void java.lang.invoke.DirectMethodHandle$Holder.invokeVirtual(java.lang.Object, java.lang.Object, int, java.lang.Object)'> (0x000000008c84c740) thrown at [./src/hotspot/share/interpreter/linkResolver.cpp, line 773]
Event: 377.993 Thread 0x00000114b5977800 Exception <a 'java/lang/NoSuchMethodError'{0x000000008c9ab830}: 'void java.lang.invoke.DirectMethodHandle$Holder.invokeVirtual(java.lang.Object, java.lang.Object, int, java.lang.Object)'> (0x000000008c9ab830) thrown at [./src/hotspot/share/interpreter/linkResolver.cpp, line 773]
Event: 378.688 Thread 0x00000114b5977800 Exception <a 'java/lang/NoSuchMethodError'{0x000000008c65a120}: 'java.lang.Object java.lang.invoke.DirectMethodHandle$Holder.newInvokeSpecial(java.lang.Object, int)'> (0x000000008c65a120) thrown at [./src/hotspot/share/interpreter/linkResolver.cpp, line 773]
Event: 378.688 Thread 0x00000114b597b800 Exception <a 'java/lang/NoSuchMethodError'{0x000000008c366fa0}: 'java.lang.Object java.lang.invoke.DirectMethodHandle$Holder.newInvokeSpecial(java.lang.Object, int)'> (0x000000008c366fa0) thrown at [./src/hotspot/share/interpreter/linkResolver.cpp, line 773]
Event: 378.688 Thread 0x00000114b5975000 Exception <a 'java/lang/NoSuchMethodError'{0x000000008c30da60}: 'java.lang.Object java.lang.invoke.DirectMethodHandle$Holder.newInvokeSpecial(java.lang.Object, int)'> (0x000000008c30da60) thrown at [./src/hotspot/share/interpreter/linkResolver.cpp, line 773]
Event: 379.219 Thread 0x00000114b5975000 Exception <a 'java/lang/NoSuchMethodError'{0x000000008b88c020}: 'java.lang.Object java.lang.invoke.DirectMethodHandle$Holder.invokeInterface(java.lang.Object, java.lang.Object, int)'> (0x000000008b88c020) thrown at [./src/hotspot/share/interpreter/linkResolver.cpp, line 773]
Event: 379.836 Thread 0x00000114b5975000 Exception <a 'java/lang/NoSuchMethodError'{0x000000008e0cfa80}: 'int java.lang.invoke.DirectMethodHandle$Holder.invokeInterface(java.lang.Object, java.lang.Object, int)'> (0x000000008e0cfa80) thrown at [./src/hotspot/share/interpreter/linkResolver.cpp, line 773]
Event: 387.841 Thread 0x00000114b597b800 Implicit null exception at 0x00000114a4f78710 to 0x00000114a4f7e6fc
Event: 388.431 Thread 0x00000114b5975000 Implicit null exception at 0x00000114a4f84f38 to 0x00000114a4f8a540
Event: 389.459 Thread 0x00000114b597b800 Implicit null exception at 0x00000114a4f98723 to 0x00000114a4f9bea8

Events (20 events):
Event: 391.729 Executing VM operation: CGC_Operation done
Event: 391.885 loading class com/android/tools/r8/graph/M1
Event: 391.885 loading class com/android/tools/r8/graph/M1 done
Event: 391.885 loading class com/android/tools/r8/graph/M1
Event: 391.885 loading class com/android/tools/r8/graph/M1 done
Event: 391.885 loading class com/android/tools/r8/utils/B1/j
Event: 391.885 loading class com/android/tools/r8/utils/B1/j done
Event: 391.886 loading class com/android/tools/r8/v/c/G
Event: 391.886 loading class com/android/tools/r8/v/c/G done
Event: 391.886 loading class com/android/tools/r8/v/c/G
Event: 391.886 loading class com/android/tools/r8/v/c/G done
Event: 391.887 loading class java/util/IdentityHashMap$ValueSpliterator
Event: 391.887 loading class java/util/IdentityHashMap$IdentityHashMapSpliterator
Event: 391.912 loading class java/util/IdentityHashMap$IdentityHashMapSpliterator done
Event: 391.912 loading class java/util/IdentityHashMap$ValueSpliterator done
Event: 391.913 loading class com/android/tools/r8/v/c/K
Event: 391.913 loading class com/android/tools/r8/v/c/K done
Event: 391.992 loading class com/android/tools/r8/v/c/S
Event: 391.992 loading class com/android/tools/r8/v/c/S done
Event: 392.054 Executing VM operation: G1CollectForAllocation


Dynamic libraries:
0x00007ff65dae0000 - 0x00007ff65daea000 	C:\Program Files\Android\Android Studio\jre\bin\java.exe
0x00007ffc18940000 - 0x00007ffc18b30000 	C:\WINDOWS\SYSTEM32\ntdll.dll
0x00007ffc16e80000 - 0x00007ffc16f32000 	C:\WINDOWS\System32\KERNEL32.DLL
0x00007ffc159a0000 - 0x00007ffc15c45000 	C:\WINDOWS\System32\KERNELBASE.dll
0x00007ffc15f00000 - 0x00007ffc15ffa000 	C:\WINDOWS\System32\ucrtbase.dll
0x00007ffbea560000 - 0x00007ffbea579000 	C:\Program Files\Android\Android Studio\jre\bin\jli.dll
0x00007ffbea4f0000 - 0x00007ffbea507000 	C:\Program Files\Android\Android Studio\jre\bin\VCRUNTIME140.dll
0x00007ffc17930000 - 0x00007ffc17ac4000 	C:\WINDOWS\System32\USER32.dll
0x00007ffc16070000 - 0x00007ffc16091000 	C:\WINDOWS\System32\win32u.dll
0x00007ffc14c70000 - 0x00007ffc14ef4000 	C:\WINDOWS\WinSxS\amd64_microsoft.windows.common-controls_6595b64144ccf1df_6.0.18362.1440_none_9e7dbfb9e45e8e67\COMCTL32.dll
0x00007ffc16a00000 - 0x00007ffc16a9e000 	C:\WINDOWS\System32\msvcrt.dll
0x00007ffc177c0000 - 0x00007ffc177e6000 	C:\WINDOWS\System32\GDI32.dll
0x00007ffc160d0000 - 0x00007ffc16268000 	C:\WINDOWS\System32\gdi32full.dll
0x00007ffc16aa0000 - 0x00007ffc16dd6000 	C:\WINDOWS\System32\combase.dll
0x00007ffc18580000 - 0x00007ffc1869f000 	C:\WINDOWS\System32\RPCRT4.dll
0x00007ffc15db0000 - 0x00007ffc15e4e000 	C:\WINDOWS\System32\msvcp_win.dll
0x00007ffc158b0000 - 0x00007ffc15931000 	C:\WINDOWS\System32\bcryptPrimitives.dll
0x00007ffc16f50000 - 0x00007ffc16f7e000 	C:\WINDOWS\System32\IMM32.DLL
0x00007ffbd7580000 - 0x00007ffbd761d000 	C:\Program Files\Android\Android Studio\jre\bin\msvcp140.dll
0x00007ffbc5700000 - 0x00007ffbc61bc000 	C:\Program Files\Android\Android Studio\jre\bin\server\jvm.dll
0x00007ffc182f0000 - 0x00007ffc18393000 	C:\WINDOWS\System32\ADVAPI32.dll
0x00007ffc16de0000 - 0x00007ffc16e77000 	C:\WINDOWS\System32\sechost.dll
0x00007ffc186a0000 - 0x00007ffc186a8000 	C:\WINDOWS\System32\PSAPI.DLL
0x00007ffc0e290000 - 0x00007ffc0e299000 	C:\WINDOWS\SYSTEM32\WSOCK32.dll
0x00007ffc0d9d0000 - 0x00007ffc0d9f4000 	C:\WINDOWS\SYSTEM32\WINMM.dll
0x00007ffc17b30000 - 0x00007ffc17b9f000 	C:\WINDOWS\System32\WS2_32.dll
0x00007ffc0d730000 - 0x00007ffc0d73a000 	C:\WINDOWS\SYSTEM32\VERSION.dll
0x00007ffc0d700000 - 0x00007ffc0d72d000 	C:\WINDOWS\SYSTEM32\winmmbase.dll
0x00007ffc16000000 - 0x00007ffc1604a000 	C:\WINDOWS\System32\cfgmgr32.dll
0x00007ffc15870000 - 0x00007ffc15881000 	C:\WINDOWS\System32\kernel.appcore.dll
0x00007ffbf2890000 - 0x00007ffbf28a1000 	C:\Program Files\Android\Android Studio\jre\bin\verify.dll
0x00007ffc15370000 - 0x00007ffc15564000 	C:\WINDOWS\SYSTEM32\DBGHELP.DLL
0x00007ffc14ff0000 - 0x00007ffc1501a000 	C:\WINDOWS\SYSTEM32\dbgcore.DLL
0x00007ffbf2630000 - 0x00007ffbf2659000 	C:\Program Files\Android\Android Studio\jre\bin\java.dll
0x00007ffbfd740000 - 0x00007ffbfd74b000 	C:\Program Files\Android\Android Studio\jre\bin\jimage.dll
0x00007ffbf2600000 - 0x00007ffbf2618000 	C:\Program Files\Android\Android Studio\jre\bin\zip.dll
0x00007ffc17050000 - 0x00007ffc17738000 	C:\WINDOWS\System32\SHELL32.dll
0x00007ffc18010000 - 0x00007ffc180b7000 	C:\WINDOWS\System32\shcore.dll
0x00007ffc16270000 - 0x00007ffc169eb000 	C:\WINDOWS\System32\windows.storage.dll
0x00007ffc15890000 - 0x00007ffc158ae000 	C:\WINDOWS\System32\profapi.dll
0x00007ffc15820000 - 0x00007ffc1586a000 	C:\WINDOWS\System32\powrprof.dll
0x00007ffc157f0000 - 0x00007ffc15800000 	C:\WINDOWS\System32\UMPDC.dll
0x00007ffc18500000 - 0x00007ffc18552000 	C:\WINDOWS\System32\shlwapi.dll
0x00007ffc16050000 - 0x00007ffc16067000 	C:\WINDOWS\System32\cryptsp.dll
0x00007ffbf1430000 - 0x00007ffbf144a000 	C:\Program Files\Android\Android Studio\jre\bin\net.dll
0x00007ffc0aec0000 - 0x00007ffc0afba000 	C:\WINDOWS\SYSTEM32\WINHTTP.dll
0x00007ffc14a90000 - 0x00007ffc14af7000 	C:\WINDOWS\system32\mswsock.dll
0x00007ffbf1410000 - 0x00007ffbf1424000 	C:\Program Files\Android\Android Studio\jre\bin\nio.dll
0x00007ffbeb5a0000 - 0x00007ffbeb5c7000 	C:\Users\Joshua\.gradle\native\fdc75f09e3144964f2cf3f50f0aa648679c211496f362492102eb8c894070792\windows-amd64\native-platform.dll
0x00007ffbcc960000 - 0x00007ffbccaf6000 	C:\Users\Joshua\.gradle\native\12488b8bf47d2d4c9fbf2f6322a914ad602e24e48041cd04a747c6da556b65c4\windows-amd64\native-platform-file-events.dll
0x00007ffbf2ad0000 - 0x00007ffbf2ada000 	C:\Program Files\Android\Android Studio\jre\bin\management.dll
0x00007ffbf2880000 - 0x00007ffbf288c000 	C:\Program Files\Android\Android Studio\jre\bin\management_ext.dll
0x00007ffc144d0000 - 0x00007ffc14503000 	C:\WINDOWS\system32\rsaenh.dll
0x00007ffc160a0000 - 0x00007ffc160c6000 	C:\WINDOWS\System32\bcrypt.dll
0x00007ffc156d0000 - 0x00007ffc156f5000 	C:\WINDOWS\SYSTEM32\USERENV.dll
0x00007ffc14b50000 - 0x00007ffc14b5c000 	C:\WINDOWS\SYSTEM32\CRYPTBASE.dll
0x00007ffc14660000 - 0x00007ffc1469a000 	C:\WINDOWS\SYSTEM32\IPHLPAPI.DLL
0x00007ffc169f0000 - 0x00007ffc169f8000 	C:\WINDOWS\System32\NSI.dll
0x00007ffc0ae80000 - 0x00007ffc0ae96000 	C:\WINDOWS\SYSTEM32\dhcpcsvc6.DLL
0x00007ffc0c760000 - 0x00007ffc0c77c000 	C:\WINDOWS\SYSTEM32\dhcpcsvc.DLL
0x00007ffc146a0000 - 0x00007ffc1476b000 	C:\WINDOWS\SYSTEM32\DNSAPI.dll
0x00007ffc0c880000 - 0x00007ffc0c88b000 	C:\WINDOWS\SYSTEM32\WINNSI.DLL
0x00007ffbf13e0000 - 0x00007ffbf1407000 	C:\Program Files\Android\Android Studio\jre\bin\sunec.dll
0x00007ffc09c40000 - 0x00007ffc09c4a000 	C:\Windows\System32\rasadhlp.dll
0x00007ffc0ac60000 - 0x00007ffc0acd7000 	C:\WINDOWS\System32\fwpuclnt.dll
0x00007ffc15250000 - 0x00007ffc15281000 	C:\WINDOWS\SYSTEM32\ntmarta.dll

dbghelp: loaded successfully - version: 4.0.5 - missing functions: none
symbol engine: initialized successfully - sym options: 0x614 - pdb path: .;C:\Program Files\Android\Android Studio\jre\bin;C:\WINDOWS\SYSTEM32;C:\WINDOWS\WinSxS\amd64_microsoft.windows.common-controls_6595b64144ccf1df_6.0.18362.1440_none_9e7dbfb9e45e8e67;C:\Program Files\Android\Android Studio\jre\bin\server;C:\Users\Joshua\.gradle\native\fdc75f09e3144964f2cf3f50f0aa648679c211496f362492102eb8c894070792\windows-amd64;C:\Users\Joshua\.gradle\native\12488b8bf47d2d4c9fbf2f6322a914ad602e24e48041cd04a747c6da556b65c4\windows-amd64

VM Arguments:
jvm_args: --add-opens=java.base/java.util=ALL-UNNAMED --add-opens=java.base/java.lang=ALL-UNNAMED --add-opens=java.base/java.lang.invoke=ALL-UNNAMED --add-opens=java.prefs/java.util.prefs=ALL-UNNAMED -Xmx2048m -Dfile.encoding=UTF-8 -Duser.country=GB -Duser.language=en -Duser.variant 
java_command: org.gradle.launcher.daemon.bootstrap.GradleDaemon 6.7.1
java_class_path (initial): C:\Users\Joshua\.gradle\wrapper\dists\gradle-6.7.1-bin\bwlcbys1h7rz3272sye1xwiv6\gradle-6.7.1\lib\gradle-launcher-6.7.1.jar
Launcher Type: SUN_STANDARD

[Global flags]
     intx CICompilerCount                          = 3                                         {product} {ergonomic}
     uint ConcGCThreads                            = 1                                         {product} {ergonomic}
     uint G1ConcRefinementThreads                  = 4                                         {product} {ergonomic}
   size_t G1HeapRegionSize                         = 1048576                                   {product} {ergonomic}
    uintx GCDrainStackTargetSize                   = 64                                        {product} {ergonomic}
   size_t InitialHeapSize                          = 67108864                                  {product} {ergonomic}
   size_t MarkStackSize                            = 4194304                                   {product} {ergonomic}
   size_t MaxHeapSize                              = 2147483648                                {product} {command line}
   size_t MaxNewSize                               = 1287651328                                {product} {ergonomic}
   size_t MinHeapDeltaBytes                        = 1048576                                   {product} {ergonomic}
    uintx NonNMethodCodeHeapSize                   = 5830732                                {pd product} {ergonomic}
    uintx NonProfiledCodeHeapSize                  = 122913754                              {pd product} {ergonomic}
    uintx ProfiledCodeHeapSize                     = 122913754                              {pd product} {ergonomic}
    uintx ReservedCodeCacheSize                    = 251658240                              {pd product} {ergonomic}
     bool SegmentedCodeCache                       = true                                      {product} {ergonomic}
     bool UseCompressedClassPointers               = true                                 {lp64_product} {ergonomic}
     bool UseCompressedOops                        = true                                 {lp64_product} {ergonomic}
     bool UseG1GC                                  = true                                      {product} {ergonomic}
     bool UseLargePagesIndividualAllocation        = false                                  {pd product} {ergonomic}

Logging:
Log output configuration:
 #0: stdout all=warning uptime,level,tags
 #1: stderr all=off uptime,level,tags

Environment Variables:
PATH=C:\Program Files (x86)\Intel\iCLS Client\;C:\Program Files\Intel\iCLS Client\;C:\WINDOWS\system32;C:\WINDOWS;C:\WINDOWS\System32\Wbem;C:\WINDOWS\System32\WindowsPowerShell\v1.0\;c:\Program Files\Intel\WiFi\bin\;c:\Program Files\Common Files\Intel\WirelessCommon\;C:\Program Files (x86)\Intel\Intel(R) Management Engine Components\DAL;C:\Program Files\Intel\Intel(R) Management Engine Components\DAL;C:\Program Files (x86)\Intel\Intel(R) Management Engine Components\IPT;C:\Program Files\Intel\Intel(R) Management Engine Components\IPT;C:\WINDOWS\System32\OpenSSH\;C:\Program Files\Java\jdk-14\bin;C:\Program Files\PuTTY\;C:\Program Files\nodejs\;C:\Program Files\Git\cmd;C:\Program Files\MongoDB\Server\4.4\bin;C:\Program Files\MySQL\MySQL Shell 8.0\bin\;C:\Users\Joshua\AppData\Local\Microsoft\WindowsApps;C:\Users\Joshua\AppData\Local\Programs\Microsoft VS Code\bin;C:\Users\Joshua\AppData\Local\GitHubDesktop\bin;C:\Users\Joshua\AppData\Roaming\npm;C:\Users\Joshua\AppData\Local\nvs\;C:\Program Files\MongoDB\Server\4.4\bin;
USERNAME=Joshua
OS=Windows_NT
PROCESSOR_IDENTIFIER=Intel64 Family 6 Model 78 Stepping 3, GenuineIntel



---------------  S Y S T E M  ---------------

OS: Windows 10 , 64 bit Build 18362 (10.0.18362.1350)
OS uptime: 0 days 11:30 hours

CPU:total 4 (initial active 4) (2 cores per cpu, 2 threads per core) family 6 model 78 stepping 3, cmov, cx8, fxsr, mmx, sse, sse2, sse3, ssse3, sse4.1, sse4.2, popcnt, avx, avx2, aes, clmul, erms, 3dnowpref, lzcnt, ht, tsc, tscinvbit, bmi1, bmi2, adx, fma

Memory: 4k page, system-wide physical 3992M (253M free)
TotalPageFile size 8088M (AvailPageFile size 81M)
current process WorkingSet (physical memory assigned to process): 585M, peak: 645M
current process commit charge ("private bytes"): 804M, peak: 909M

vm_info: OpenJDK 64-Bit Server VM (11.0.8+10-b944.6842174) for windows-amd64 JRE (11.0.8+10-b944.6842174), built on Sep 19 2020 01:11:42 by "builder" with MS VC++ 14.0 (VS2015)

END.
