#
# There is insufficient memory for the Java Runtime Environment to continue.
# Native memory allocation (malloc) failed to allocate 874336 bytes for Chunk::new
# Possible reasons:
#   The system is out of physical RAM or swap space
#   The process is running with CompressedOops enabled, and the Java Heap may be blocking the growth of the native heap
# Possible solutions:
#   Reduce memory load on the system
#   Increase physical memory or swap space
#   Check if swap backing store is full
#   Decrease Java heap size (-Xmx/-Xms)
#   Decrease number of Java threads
#   Decrease Java thread stack sizes (-Xss)
#   Set larger code cache with -XX:ReservedCodeCacheSize=
#   JVM is running with Unscaled Compressed Oops mode in which the Java heap is
#     placed in the first 4GB address space. The Java Heap base address is the
#     maximum limit for the native heap growth. Please use -XX:HeapBaseMinAddress
#     to set the Java Heap base and to place the Java Heap above 4GB virtual address.
# This output file may be truncated or incomplete.
#
#  Out of Memory Error (allocation.cpp:389), pid=7284, tid=0x0000000000003458
#
# JRE version: OpenJDK Runtime Environment (8.0_242-b01) (build 1.8.0_242-release-1644-b01)
# Java VM: OpenJDK 64-Bit Server VM (25.242-b01 mixed mode windows-amd64 compressed oops)
# Failed to write core dump. Minidumps are not enabled by default on client versions of Windows
#

---------------  T H R E A D  ---------------

Current thread (0x0000000017e97000):  JavaThread "C2 CompilerThread0" daemon [_thread_in_native, id=13400, stack(0x00000000194f0000,0x00000000195f0000)]

Stack: [0x00000000194f0000,0x00000000195f0000]
[error occurred during error reporting (printing stack bounds), id 0xc0000005]

Native frames: (J=compiled Java code, j=interpreted, Vv=VM code, C=native code)


Current CompileTask:
C2:   4016 1480   !   4       java.net.URLClassLoader$1::run (63 bytes)


---------------  P R O C E S S  ---------------

Java Threads: ( => current thread )
  0x000000001bde6800 JavaThread "Cache worker for file hash cache (C:\Users\Joshua\.gradle\caches\7.0\fileHashes)" [_thread_blocked, id=7792, stack(0x000000001da10000,0x000000001db10000)]
  0x000000001b9a8800 JavaThread "Daemon client event forwarder" [_thread_blocked, id=6900, stack(0x000000001d710000,0x000000001d810000)]
  0x000000001b9a6000 JavaThread "Stdin handler" [_thread_blocked, id=15324, stack(0x000000001d610000,0x000000001d710000)]
  0x000000001b935000 JavaThread "Asynchronous log dispatcher for DefaultDaemonConnection: socket connection from /127.0.0.1:56473 to /127.0.0.1:56474" [_thread_blocked, id=8468, stack(0x000000001d510000,0x000000001d610000)]
  0x000000001b933000 JavaThread "Daemon worker" [_thread_in_vm, id=6728, stack(0x000000001d410000,0x000000001d510000)]
  0x000000001b932000 JavaThread "Cancel handler" [_thread_blocked, id=11108, stack(0x000000001d310000,0x000000001d410000)]
  0x000000001b98c800 JavaThread "Handler for socket connection from /127.0.0.1:56473 to /127.0.0.1:56474" [_thread_in_native, id=12240, stack(0x000000001d210000,0x000000001d310000)]
  0x000000001b8e2000 JavaThread "Daemon" [_thread_blocked, id=8784, stack(0x000000001d110000,0x000000001d210000)]
  0x000000001b8dd000 JavaThread "Daemon periodic checks" [_thread_blocked, id=1948, stack(0x000000001ce10000,0x000000001cf10000)]
  0x000000001b8bc800 JavaThread "Incoming local TCP Connector on port 56473" [_thread_in_native, id=14648, stack(0x000000001cbd0000,0x000000001ccd0000)]
  0x000000001b5a8000 JavaThread "Daemon health stats" [_thread_blocked, id=8100, stack(0x000000001c790000,0x000000001c890000)]
  0x0000000019820800 JavaThread "Service Thread" daemon [_thread_blocked, id=16196, stack(0x0000000019bf0000,0x0000000019cf0000)]
  0x0000000017ea4800 JavaThread "C1 CompilerThread2" daemon [_thread_blocked, id=13764, stack(0x00000000196f0000,0x00000000197f0000)]
  0x0000000017e9d000 JavaThread "C2 CompilerThread1" daemon [_thread_blocked, id=692, stack(0x00000000195f0000,0x00000000196f0000)]
=>0x0000000017e97000 JavaThread "C2 CompilerThread0" daemon [_thread_in_native, id=13400, stack(0x00000000194f0000,0x00000000195f0000)]
  0x0000000017e94800 JavaThread "Attach Listener" daemon [_thread_blocked, id=1980, stack(0x00000000193f0000,0x00000000194f0000)]
  0x0000000017e91800 JavaThread "Signal Dispatcher" daemon [_thread_blocked, id=15784, stack(0x00000000192f0000,0x00000000193f0000)]
  0x000000000326b800 JavaThread "Finalizer" daemon [_thread_blocked, id=14244, stack(0x00000000190f0000,0x00000000191f0000)]
  0x0000000017e79000 JavaThread "Reference Handler" daemon [_thread_blocked, id=11200, stack(0x0000000018ff0000,0x00000000190f0000)]
  0x0000000002f6e800 JavaThread "main" [_thread_blocked, id=15056, stack(0x0000000003070000,0x0000000003170000)]

Other Threads:
  0x0000000017e57000 VMThread [stack: 0x0000000018ef0000,0x0000000018ff0000] [id=7504]
  0x0000000017eee000 WatcherThread [stack: 0x0000000019cf0000,0x0000000019df0000] [id=12256]

VM state:not at safepoint (normal execution)

VM Mutex/Monitor currently owned by a thread: None

heap address: 0x0000000080000000, size: 2048 MB, Compressed Oops mode: 32-bit
Narrow klass base: 0x0000000000000000, Narrow klass shift: 3
Compressed class space size: 1073741824 Address: 0x0000000100000000

Heap:
 PSYoungGen      total 35328K, used 18208K [0x00000000d5580000, 0x00000000d7a80000, 0x0000000100000000)
  eden space 32768K, 47% used [0x00000000d5580000,0x00000000d64cc1d0,0x00000000d7580000)
  from space 2560K, 99% used [0x00000000d7580000,0x00000000d77fc050,0x00000000d7800000)
  to   space 2560K, 0% used [0x00000000d7800000,0x00000000d7800000,0x00000000d7a80000)
 ParOldGen       total 44032K, used 8702K [0x0000000080000000, 0x0000000082b00000, 0x00000000d5580000)
  object space 44032K, 19% used [0x0000000080000000,0x000000008087f9b8,0x0000000082b00000)
 Metaspace       used 14913K, capacity 15454K, committed 15616K, reserved 1062912K
  class space    used 2046K, capacity 2203K, committed 2304K, reserved 1048576K

Card table byte_map: [0x0000000012630000,0x0000000012a40000] byte_map_base: 0x0000000012230000

Marking Bits: (ParMarkBitMap*) 0x00000000593bf030
 Begin Bits: [0x00000000130f0000, 0x00000000150f0000)
 End Bits:   [0x00000000150f0000, 0x00000000170f0000)

Polling page: 0x00000000011f0000

CodeCache: size=245760Kb used=5579Kb max_used=5593Kb free=240180Kb
 bounds [0x0000000003270000, 0x00000000037f0000, 0x0000000012270000]
 total_blobs=1938 nmethods=1538 adapters=313
 compilation: enabled

Compilation events (10 events):
Event: 3.972 Thread 0x0000000017ea4800 nmethod 1531 0x00000000037dbc90 code [0x00000000037dbe20, 0x00000000037dc098]
Event: 3.972 Thread 0x0000000017e9d000 1532   !   4       java.util.zip.InflaterInputStream::read (138 bytes)
Event: 3.999 Thread 0x0000000017ea4800 1533       3       java.lang.invoke.MethodType$ConcurrentWeakInternSet$WeakEntry::<init> (15 bytes)
Event: 3.999 Thread 0x0000000017ea4800 nmethod 1533 0x00000000037e0e90 code [0x00000000037e1020, 0x00000000037e1408]
Event: 3.999 Thread 0x0000000017ea4800 1537       3       java.util.Collections$UnmodifiableCollection::<init> (22 bytes)
Event: 4.000 Thread 0x0000000017ea4800 nmethod 1537 0x00000000037e1590 code [0x00000000037e1700, 0x00000000037e19c8]
Event: 4.000 Thread 0x0000000017ea4800 1535       3       sun.invoke.util.BytecodeDescriptor::unparse (18 bytes)
Event: 4.000 Thread 0x0000000017ea4800 nmethod 1535 0x00000000037e1ad0 code [0x00000000037e1c60, 0x00000000037e2158]
Event: 4.006 Thread 0x0000000017e9d000 nmethod 1532 0x00000000037e65d0 code [0x00000000037e67a0, 0x00000000037e7d88]
Event: 4.007 Thread 0x0000000017e9d000 1534       4       jdk.internal.org.objectweb.asm.Type::getArgumentsAndReturnSizes (151 bytes)

GC Heap History (10 events):
Event: 0.860 GC heap before
{Heap before GC invocations=1 (full 0):
 PSYoungGen      total 18944K, used 16384K [0x00000000d5580000, 0x00000000d6a80000, 0x0000000100000000)
  eden space 16384K, 100% used [0x00000000d5580000,0x00000000d6580000,0x00000000d6580000)
  from space 2560K, 0% used [0x00000000d6800000,0x00000000d6800000,0x00000000d6a80000)
  to   space 2560K, 0% used [0x00000000d6580000,0x00000000d6580000,0x00000000d6800000)
 ParOldGen       total 44032K, used 0K [0x0000000080000000, 0x0000000082b00000, 0x00000000d5580000)
  object space 44032K, 0% used [0x0000000080000000,0x0000000080000000,0x0000000082b00000)
 Metaspace       used 4811K, capacity 5206K, committed 5248K, reserved 1056768K
  class space    used 533K, capacity 613K, committed 640K, reserved 1048576K
Event: 0.869 GC heap after
Heap after GC invocations=1 (full 0):
 PSYoungGen      total 18944K, used 1974K [0x00000000d5580000, 0x00000000d7a80000, 0x0000000100000000)
  eden space 16384K, 0% used [0x00000000d5580000,0x00000000d5580000,0x00000000d6580000)
  from space 2560K, 77% used [0x00000000d6580000,0x00000000d676d900,0x00000000d6800000)
  to   space 2560K, 0% used [0x00000000d7800000,0x00000000d7800000,0x00000000d7a80000)
 ParOldGen       total 44032K, used 8K [0x0000000080000000, 0x0000000082b00000, 0x00000000d5580000)
  object space 44032K, 0% used [0x0000000080000000,0x0000000080002000,0x0000000082b00000)
 Metaspace       used 4811K, capacity 5206K, committed 5248K, reserved 1056768K
  class space    used 533K, capacity 613K, committed 640K, reserved 1048576K
}
Event: 1.300 GC heap before
{Heap before GC invocations=2 (full 0):
 PSYoungGen      total 18944K, used 18358K [0x00000000d5580000, 0x00000000d7a80000, 0x0000000100000000)
  eden space 16384K, 100% used [0x00000000d5580000,0x00000000d6580000,0x00000000d6580000)
  from space 2560K, 77% used [0x00000000d6580000,0x00000000d676d900,0x00000000d6800000)
  to   space 2560K, 0% used [0x00000000d7800000,0x00000000d7800000,0x00000000d7a80000)
 ParOldGen       total 44032K, used 8K [0x0000000080000000, 0x0000000082b00000, 0x00000000d5580000)
  object space 44032K, 0% used [0x0000000080000000,0x0000000080002000,0x0000000082b00000)
 Metaspace       used 7070K, capacity 7318K, committed 7424K, reserved 1056768K
  class space    used 869K, capacity 955K, committed 1024K, reserved 1048576K
Event: 1.308 GC heap after
Heap after GC invocations=2 (full 0):
 PSYoungGen      total 35328K, used 2528K [0x00000000d5580000, 0x00000000d7a80000, 0x0000000100000000)
  eden space 32768K, 0% used [0x00000000d5580000,0x00000000d5580000,0x00000000d7580000)
  from space 2560K, 98% used [0x00000000d7800000,0x00000000d7a78020,0x00000000d7a80000)
  to   space 2560K, 0% used [0x00000000d7580000,0x00000000d7580000,0x00000000d7800000)
 ParOldGen       total 44032K, used 1175K [0x0000000080000000, 0x0000000082b00000, 0x00000000d5580000)
  object space 44032K, 2% used [0x0000000080000000,0x0000000080125e10,0x0000000082b00000)
 Metaspace       used 7070K, capacity 7318K, committed 7424K, reserved 1056768K
  class space    used 869K, capacity 955K, committed 1024K, reserved 1048576K
}
Event: 1.939 GC heap before
{Heap before GC invocations=3 (full 0):
 PSYoungGen      total 35328K, used 35296K [0x00000000d5580000, 0x00000000d7a80000, 0x0000000100000000)
  eden space 32768K, 100% used [0x00000000d5580000,0x00000000d7580000,0x00000000d7580000)
  from space 2560K, 98% used [0x00000000d7800000,0x00000000d7a78020,0x00000000d7a80000)
  to   space 2560K, 0% used [0x00000000d7580000,0x00000000d7580000,0x00000000d7800000)
 ParOldGen       total 44032K, used 1175K [0x0000000080000000, 0x0000000082b00000, 0x00000000d5580000)
  object space 44032K, 2% used [0x0000000080000000,0x0000000080125e10,0x0000000082b00000)
 Metaspace       used 7821K, capacity 8124K, committed 8320K, reserved 1056768K
  class space    used 957K, capacity 1052K, committed 1152K, reserved 1048576K
Event: 1.945 GC heap after
Heap after GC invocations=3 (full 0):
 PSYoungGen      total 35328K, used 2532K [0x00000000d5580000, 0x00000000d7a80000, 0x0000000100000000)
  eden space 32768K, 0% used [0x00000000d5580000,0x00000000d5580000,0x00000000d7580000)
  from space 2560K, 98% used [0x00000000d7580000,0x00000000d77f9310,0x00000000d7800000)
  to   space 2560K, 0% used [0x00000000d7800000,0x00000000d7800000,0x00000000d7a80000)
 ParOldGen       total 44032K, used 2481K [0x0000000080000000, 0x0000000082b00000, 0x00000000d5580000)
  object space 44032K, 5% used [0x0000000080000000,0x000000008026c7e0,0x0000000082b00000)
 Metaspace       used 7821K, capacity 8124K, committed 8320K, reserved 1056768K
  class space    used 957K, capacity 1052K, committed 1152K, reserved 1048576K
}
Event: 2.343 GC heap before
{Heap before GC invocations=4 (full 0):
 PSYoungGen      total 35328K, used 35300K [0x00000000d5580000, 0x00000000d7a80000, 0x0000000100000000)
  eden space 32768K, 100% used [0x00000000d5580000,0x00000000d7580000,0x00000000d7580000)
  from space 2560K, 98% used [0x00000000d7580000,0x00000000d77f9310,0x00000000d7800000)
  to   space 2560K, 0% used [0x00000000d7800000,0x00000000d7800000,0x00000000d7a80000)
 ParOldGen       total 44032K, used 2481K [0x0000000080000000, 0x0000000082b00000, 0x00000000d5580000)
  object space 44032K, 5% used [0x0000000080000000,0x000000008026c7e0,0x0000000082b00000)
 Metaspace       used 9915K, capacity 10250K, committed 10496K, reserved 1058816K
  class space    used 1308K, capacity 1419K, committed 1536K, reserved 1048576K
Event: 2.352 GC heap after
Heap after GC invocations=4 (full 0):
 PSYoungGen      total 35328K, used 2544K [0x00000000d5580000, 0x00000000d7a80000, 0x0000000100000000)
  eden space 32768K, 0% used [0x00000000d5580000,0x00000000d5580000,0x00000000d7580000)
  from space 2560K, 99% used [0x00000000d7800000,0x00000000d7a7c030,0x00000000d7a80000)
  to   space 2560K, 0% used [0x00000000d7580000,0x00000000d7580000,0x00000000d7800000)
 ParOldGen       total 44032K, used 5139K [0x0000000080000000, 0x0000000082b00000, 0x00000000d5580000)
  object space 44032K, 11% used [0x0000000080000000,0x0000000080504da8,0x0000000082b00000)
 Metaspace       used 9915K, capacity 10250K, committed 10496K, reserved 1058816K
  class space    used 1308K, capacity 1419K, committed 1536K, reserved 1048576K
}
Event: 3.792 GC heap before
{Heap before GC invocations=5 (full 0):
 PSYoungGen      total 35328K, used 35312K [0x00000000d5580000, 0x00000000d7a80000, 0x0000000100000000)
  eden space 32768K, 100% used [0x00000000d5580000,0x00000000d7580000,0x00000000d7580000)
  from space 2560K, 99% used [0x00000000d7800000,0x00000000d7a7c030,0x00000000d7a80000)
  to   space 2560K, 0% used [0x00000000d7580000,0x00000000d7580000,0x00000000d7800000)
 ParOldGen       total 44032K, used 5139K [0x0000000080000000, 0x0000000082b00000, 0x00000000d5580000)
  object space 44032K, 11% used [0x0000000080000000,0x0000000080504da8,0x0000000082b00000)
 Metaspace       used 14010K, capacity 14492K, committed 14720K, reserved 1062912K
  class space    used 1909K, capacity 2058K, committed 2176K, reserved 1048576K
Event: 3.803 GC heap after
Heap after GC invocations=5 (full 0):
 PSYoungGen      total 35328K, used 2544K [0x00000000d5580000, 0x00000000d7a80000, 0x0000000100000000)
  eden space 32768K, 0% used [0x00000000d5580000,0x00000000d5580000,0x00000000d7580000)
  from space 2560K, 99% used [0x00000000d7580000,0x00000000d77fc050,0x00000000d7800000)
  to   space 2560K, 0% used [0x00000000d7800000,0x00000000d7800000,0x00000000d7a80000)
 ParOldGen       total 44032K, used 8702K [0x0000000080000000, 0x0000000082b00000, 0x00000000d5580000)
  object space 44032K, 19% used [0x0000000080000000,0x000000008087f9b8,0x0000000082b00000)
 Metaspace       used 14010K, capacity 14492K, committed 14720K, reserved 1062912K
  class space    used 1909K, capacity 2058K, committed 2176K, reserved 1048576K
}

Deoptimization events (10 events):
Event: 2.186 Thread 0x0000000002f6e800 Uncommon trap: reason=unstable_if action=reinterpret pc=0x000000000362a5d4 method=java.util.Properties$LineReader.readLine()I @ 323
Event: 2.186 Thread 0x0000000002f6e800 Uncommon trap: reason=unstable_if action=reinterpret pc=0x0000000003621034 method=java.util.Properties.loadConvert([CII[C)Ljava/lang/String; @ 57
Event: 2.186 Thread 0x0000000002f6e800 Uncommon trap: reason=class_check action=maybe_recompile pc=0x000000000361cd84 method=java.util.regex.Matcher.match(II)Z @ 86
Event: 2.253 Thread 0x0000000002f6e800 Uncommon trap: reason=bimorphic action=maybe_recompile pc=0x0000000003497a08 method=java.util.HashMap.putVal(ILjava/lang/Object;Ljava/lang/Object;ZZ)Ljava/lang/Object; @ 91
Event: 2.704 Thread 0x0000000002f6e800 Uncommon trap: reason=unstable_if action=reinterpret pc=0x000000000360d4ac method=java.io.WinNTFileSystem.normalize(Ljava/lang/String;)Ljava/lang/String; @ 128
Event: 3.373 Thread 0x000000001b98c800 Uncommon trap: reason=unstable_if action=reinterpret pc=0x00000000036e3ba8 method=java.util.concurrent.ConcurrentHashMap.putVal(Ljava/lang/Object;Ljava/lang/Object;Z)Ljava/lang/Object; @ 206
Event: 3.896 Thread 0x000000001b933000 Uncommon trap: reason=class_check action=maybe_recompile pc=0x000000000361cd84 method=java.util.regex.Matcher.match(II)Z @ 86
Event: 3.925 Thread 0x000000001b933000 Uncommon trap: reason=class_check action=maybe_recompile pc=0x000000000361cd84 method=java.util.regex.Matcher.match(II)Z @ 86
Event: 3.925 Thread 0x000000001b933000 Uncommon trap: reason=class_check action=maybe_recompile pc=0x000000000361cd84 method=java.util.regex.Matcher.match(II)Z @ 86
Event: 3.926 Thread 0x000000001b933000 Uncommon trap: reason=class_check action=maybe_recompile pc=0x000000000342d9a0 method=java.util.regex.Matcher.match(II)Z @ 86

Classes redefined (0 events):
No events

Internal exceptions (10 events):
Event: 2.359 Thread 0x0000000002f6e800 Exception <a 'java/lang/NoSuchMethodError': java.lang.Object.lambda$get$0(Ljava/util/function/Supplier;Ljava/lang/Object;)Ljava/lang/Object;> (0x00000000d55bb968) thrown at [C:\src\AOSP-openjdk-git\hotspot\src\share\vm\interpreter\linkResolver.cpp, line 6
Event: 3.320 Thread 0x0000000002f6e800 Exception <a 'java/io/IOException'> (0x00000000d5912078) thrown at [C:\src\AOSP-openjdk-git\hotspot\src\share\vm\prims\jni.cpp, line 710]
Event: 3.374 Thread 0x000000001b98c800 Exception <a 'java/lang/NoSuchMethodError': <clinit>> (0x00000000d5b4ae00) thrown at [C:\src\AOSP-openjdk-git\hotspot\src\share\vm\prims\jni.cpp, line 1615]
Event: 3.376 Thread 0x000000001b98c800 Exception <a 'java/lang/NoSuchMethodError': <clinit>> (0x00000000d5b54508) thrown at [C:\src\AOSP-openjdk-git\hotspot\src\share\vm\prims\jni.cpp, line 1615]
Event: 3.378 Thread 0x000000001b98c800 Exception <a 'java/lang/NoSuchMethodError': <clinit>> (0x00000000d5b70700) thrown at [C:\src\AOSP-openjdk-git\hotspot\src\share\vm\prims\jni.cpp, line 1615]
Event: 3.393 Thread 0x000000001b98c800 Exception <a 'java/lang/NoSuchMethodError': <clinit>> (0x00000000d5be9258) thrown at [C:\src\AOSP-openjdk-git\hotspot\src\share\vm\prims\jni.cpp, line 1615]
Event: 3.402 Thread 0x000000001b98c800 Exception <a 'java/lang/NoSuchMethodError': <clinit>> (0x00000000d5c25498) thrown at [C:\src\AOSP-openjdk-git\hotspot\src\share\vm\prims\jni.cpp, line 1615]
Event: 3.412 Thread 0x000000001b98c800 Exception <a 'java/lang/NoSuchMethodError': <clinit>> (0x00000000d5c5b188) thrown at [C:\src\AOSP-openjdk-git\hotspot\src\share\vm\prims\jni.cpp, line 1615]
Event: 3.756 Thread 0x000000001b933000 Exception <a 'java/lang/NoSuchMethodError': java.lang.Object.lambda$static$0(Lorg/gradle/internal/state/ModelObject;)Ljava/lang/String;> (0x00000000d7177e10) thrown at [C:\src\AOSP-openjdk-git\hotspot\src\share\vm\interpreter\linkResolver.cpp, line 620]
Event: 3.875 Thread 0x000000001b933000 Exception <a 'java/lang/IncompatibleClassChangeError': Found class java.lang.Object, but interface was expected> (0x00000000d5edfad0) thrown at [C:\src\AOSP-openjdk-git\hotspot\src\share\vm\interpreter\linkResolver.cpp, line 653]

Events (10 events):
Event: 4.008 loading class com/google/common/cache/Striped64$Cell
Event: 4.008 loading class com/google/common/cache/Striped64$Cell done
Event: 4.008 loading class com/google/common/cache/LongAddables$1
Event: 4.008 loading class com/google/common/cache/LongAddables$1 done
Event: 4.009 loading class org/gradle/cache/internal/InMemoryDecoratedCache
Event: 4.009 loading class org/gradle/cache/internal/InMemoryDecoratedCache done
Event: 4.010 loading class org/gradle/cache/internal/InMemoryCacheController
Event: 4.010 loading class org/gradle/cache/internal/InMemoryCacheController done
Event: 4.012 loading class org/gradle/cache/internal/CrossProcessSynchronizingCache
Event: 4.012 loading class org/gradle/cache/internal/CrossProcessSynchronizingCache done


Dynamic libraries:
0x00007ff636290000 - 0x00007ff6362c1000 	C:\Program Files\Android\Android Studio1\jre\bin\java.exe
0x00007ff9bdae0000 - 0x00007ff9bdcd0000 	C:\WINDOWS\SYSTEM32\ntdll.dll
0x00007ff9bd6f0000 - 0x00007ff9bd7a2000 	C:\WINDOWS\System32\KERNEL32.DLL
0x00007ff9bb1d0000 - 0x00007ff9bb475000 	C:\WINDOWS\System32\KERNELBASE.dll
0x00007ff9bcf80000 - 0x00007ff9bd023000 	C:\WINDOWS\System32\ADVAPI32.dll
0x00007ff9bc4a0000 - 0x00007ff9bc53e000 	C:\WINDOWS\System32\msvcrt.dll
0x00007ff9bda00000 - 0x00007ff9bda97000 	C:\WINDOWS\System32\sechost.dll
0x00007ff9bbda0000 - 0x00007ff9bbebf000 	C:\WINDOWS\System32\RPCRT4.dll
0x00007ff9bd7b0000 - 0x00007ff9bd944000 	C:\WINDOWS\System32\USER32.dll
0x00007ff9bb720000 - 0x00007ff9bb741000 	C:\WINDOWS\System32\win32u.dll
0x00007ff9bbc30000 - 0x00007ff9bbc56000 	C:\WINDOWS\System32\GDI32.dll
0x00007ff9bb9f0000 - 0x00007ff9bbb88000 	C:\WINDOWS\System32\gdi32full.dll
0x00007ff9bb7a0000 - 0x00007ff9bb83e000 	C:\WINDOWS\System32\msvcp_win.dll
0x00007ff9bb840000 - 0x00007ff9bb93a000 	C:\WINDOWS\System32\ucrtbase.dll
0x00007ff99f7c0000 - 0x00007ff99fa44000 	C:\WINDOWS\WinSxS\amd64_microsoft.windows.common-controls_6595b64144ccf1df_6.0.18362.1440_none_9e7dbfb9e45e8e67\COMCTL32.dll
0x00007ff9bd060000 - 0x00007ff9bd396000 	C:\WINDOWS\System32\combase.dll
0x00007ff9bb480000 - 0x00007ff9bb501000 	C:\WINDOWS\System32\bcryptPrimitives.dll
0x00007ff9bd030000 - 0x00007ff9bd05e000 	C:\WINDOWS\System32\IMM32.DLL
0x0000000058180000 - 0x0000000058252000 	C:\Program Files\Android\Android Studio1\jre\jre\bin\msvcr100.dll
0x0000000058bf0000 - 0x000000005943b000 	C:\Program Files\Android\Android Studio1\jre\jre\bin\server\jvm.dll
0x00007ff9bbd90000 - 0x00007ff9bbd98000 	C:\WINDOWS\System32\PSAPI.DLL
0x00007ff99ba50000 - 0x00007ff99ba59000 	C:\WINDOWS\SYSTEM32\WSOCK32.dll
0x00007ff9b53d0000 - 0x00007ff9b53f4000 	C:\WINDOWS\SYSTEM32\WINMM.dll
0x00007ff9bc3b0000 - 0x00007ff9bc41f000 	C:\WINDOWS\System32\WS2_32.dll
0x00007ff9b53a0000 - 0x00007ff9b53cd000 	C:\WINDOWS\SYSTEM32\winmmbase.dll
0x00007ff9bb750000 - 0x00007ff9bb79a000 	C:\WINDOWS\System32\cfgmgr32.dll
0x00007ff9b2640000 - 0x00007ff9b264a000 	C:\WINDOWS\SYSTEM32\VERSION.dll
0x00007ff9b17f0000 - 0x00007ff9b17ff000 	C:\Program Files\Android\Android Studio1\jre\jre\bin\verify.dll
0x00007ff9a7e10000 - 0x00007ff9a7e39000 	C:\Program Files\Android\Android Studio1\jre\jre\bin\java.dll
0x00007ff9a8030000 - 0x00007ff9a8046000 	C:\Program Files\Android\Android Studio1\jre\jre\bin\zip.dll
0x00007ff9bc5a0000 - 0x00007ff9bcc88000 	C:\WINDOWS\System32\SHELL32.dll
0x00007ff9bd4e0000 - 0x00007ff9bd587000 	C:\WINDOWS\System32\shcore.dll
0x00007ff9baa50000 - 0x00007ff9bb1cb000 	C:\WINDOWS\System32\windows.storage.dll
0x00007ff9ba9e0000 - 0x00007ff9ba9fe000 	C:\WINDOWS\System32\profapi.dll
0x00007ff9baa00000 - 0x00007ff9baa4a000 	C:\WINDOWS\System32\powrprof.dll
0x00007ff9ba990000 - 0x00007ff9ba9a0000 	C:\WINDOWS\System32\UMPDC.dll
0x00007ff9bc540000 - 0x00007ff9bc592000 	C:\WINDOWS\System32\shlwapi.dll
0x00007ff9ba9a0000 - 0x00007ff9ba9b1000 	C:\WINDOWS\System32\kernel.appcore.dll
0x00007ff9bb700000 - 0x00007ff9bb717000 	C:\WINDOWS\System32\cryptsp.dll
0x00007ff9a7fb0000 - 0x00007ff9a7fca000 	C:\Program Files\Android\Android Studio1\jre\jre\bin\net.dll
0x00007ff9ba170000 - 0x00007ff9ba1d7000 	C:\WINDOWS\system32\mswsock.dll
0x00007ff9a7bf0000 - 0x00007ff9a7c03000 	C:\Program Files\Android\Android Studio1\jre\jre\bin\nio.dll
0x00007ff994e40000 - 0x00007ff994e67000 	C:\Users\Joshua\.gradle\native\49d0259a56938c7f99b2704e745ce422c4f750a7a20b539a32ccef96729676b1\windows-amd64\native-platform.dll
0x00007ff986870000 - 0x00007ff986a06000 	C:\Users\Joshua\.gradle\native\12488b8bf47d2d4c9fbf2f6322a914ad602e24e48041cd04a747c6da556b65c4\windows-amd64\native-platform-file-events.dll
0x00007ff9a8090000 - 0x00007ff9a809d000 	C:\Program Files\Android\Android Studio1\jre\jre\bin\management.dll
0x00007ff9b9cf0000 - 0x00007ff9b9d23000 	C:\WINDOWS\system32\rsaenh.dll
0x00007ff9bb670000 - 0x00007ff9bb696000 	C:\WINDOWS\System32\bcrypt.dll
0x00007ff9ba870000 - 0x00007ff9ba895000 	C:\WINDOWS\SYSTEM32\USERENV.dll
0x00007ff9ba340000 - 0x00007ff9ba34c000 	C:\WINDOWS\SYSTEM32\CRYPTBASE.dll
0x00007ff9b9e80000 - 0x00007ff9b9eba000 	C:\WINDOWS\SYSTEM32\IPHLPAPI.DLL
0x00007ff9bbc20000 - 0x00007ff9bbc28000 	C:\WINDOWS\System32\NSI.dll
0x00007ff9aee00000 - 0x00007ff9aee16000 	C:\WINDOWS\SYSTEM32\dhcpcsvc6.DLL
0x00007ff9aeed0000 - 0x00007ff9aeeec000 	C:\WINDOWS\SYSTEM32\dhcpcsvc.DLL
0x00007ff9b9ec0000 - 0x00007ff9b9f8b000 	C:\WINDOWS\SYSTEM32\DNSAPI.dll

VM Arguments:
jvm_args: -Xmx2048m -Dfile.encoding=UTF-8 -Duser.country=GB -Duser.language=en -Duser.variant 
java_command: org.gradle.launcher.daemon.bootstrap.GradleDaemon 7.0
java_class_path (initial): C:\Users\Joshua\.gradle\wrapper\dists\gradle-7.0-bin\2p9ebqfz6ilrfozi676ogco7n\gradle-7.0\lib\gradle-launcher-7.0.jar
Launcher Type: SUN_STANDARD

Environment Variables:
PATH=C:\Program Files (x86)\Intel\iCLS Client\;C:\Program Files\Intel\iCLS Client\;C:\WINDOWS\system32;C:\WINDOWS;C:\WINDOWS\System32\Wbem;C:\WINDOWS\System32\WindowsPowerShell\v1.0\;c:\Program Files\Intel\WiFi\bin\;c:\Program Files\Common Files\Intel\WirelessCommon\;C:\Program Files (x86)\Intel\Intel(R) Management Engine Components\DAL;C:\Program Files\Intel\Intel(R) Management Engine Components\DAL;C:\Program Files (x86)\Intel\Intel(R) Management Engine Components\IPT;C:\Program Files\Intel\Intel(R) Management Engine Components\IPT;C:\WINDOWS\System32\OpenSSH\;C:\Program Files\Java\jdk-14\bin;C:\Program Files\PuTTY\;C:\Program Files\nodejs\;C:\Program Files\Git\cmd;C:\Program Files\MongoDB\Server\4.4\bin;C:\Program Files\MySQL\MySQL Shell 8.0\bin\;C:\Users\Joshua\AppData\Local\Microsoft\WindowsApps;C:\Users\Joshua\AppData\Local\Programs\Microsoft VS Code\bin;C:\Users\Joshua\AppData\Local\GitHubDesktop\bin;C:\Users\Joshua\AppData\Roaming\npm;C:\Users\Joshua\AppData\Local\nvs\;C:\Program Files\MongoDB\Server\4.4\bin;
USERNAME=Joshua
OS=Windows_NT
PROCESSOR_IDENTIFIER=Intel64 Family 6 Model 78 Stepping 3, GenuineIntel



---------------  S Y S T E M  ---------------

OS: Windows 10.0 , 64 bit Build 18362 (10.0.18362.1350)

CPU:total 4 (initial active 4) (2 cores per cpu, 2 threads per core) family 6 model 78 stepping 3, cmov, cx8, fxsr, mmx, sse, sse2, sse3, ssse3, sse4.1, sse4.2, popcnt, avx, avx2, aes, clmul, erms, 3dnowpref, lzcnt, ht, tsc, tscinvbit, bmi1, bmi2, adx

Memory: 4k page, physical 4088416k(808596k free), swap 8282720k(4096k free)

vm_info: OpenJDK 64-Bit Server VM (25.242-b01) for windows-amd64 JRE (1.8.0_242-release-1644-b01), built by "builder" with MS VC++ 10.0 (VS2010)

time: Sat May 29 13:56:38 2021
timezone: W. Central Africa Standard Time
elapsed time: 4 seconds (0d 0h 0m 4s)

